32091|146 : IDLE_STATE

32102|148 : SLEEP_STATE

32115|262 : IDLE_STATE

32123|263 : SLEEP_STATE

32137|377 : IDLE_STATE

32153|378 : SLEEP_STATE

32171|492 : IDLE_STATE

32193|494 : SLEEP_STATE

32216|607 : IDLE_STATE

32233|609 : SLEEP_STATE

32254|723 : IDLE_STATE

32278|724 : SLEEP_STATE

32307|838 : IDLE_STATE

32416|839 : SLEEP_STATE

32445|953 : IDLE_STATE

32478|954 : SLEEP_STATE

32509|1068 : IDLE_STATE

32546|1070 : SLEEP_STATE

32577|1183 : IDLE_STATE

32610|1185 : SLEEP_STATE

32644|1299 : IDLE_STATE

32676|1300 : SLEEP_STATE

32716|1414 : IDLE_STATE

32744|1416 : SLEEP_STATE

32784|1529 : IDLE_STATE

32823|1531 : SLEEP_STATE

33861|1644 : IDLE_STATE

33880|1646 : SLEEP_STATE

33918|1760 : IDLE_STATE

33950|1761 : SLEEP_STATE

33982|1875 : IDLE_STATE

34014|1876 : SLEEP_STATE

34043|1990 : IDLE_STATE

34075|1992 : SLEEP_STATE

34103|2105 : IDLE_STATE

34132|2107 : SLEEP_STATE

34164|2221 : IDLE_STATE

34191|2222 : SLEEP_STATE

34213|2336 : IDLE_STATE

34244|2337 : SLEEP_STATE

34266|2451 : IDLE_STATE

34286|2453 : SLEEP_STATE

34308|2566 : IDLE_STATE

34326|2568 : SLEEP_STATE

34349|2681 : IDLE_STATE

34367|2683 : SLEEP_STATE

34382|msg sent 

34395|2741 : TX_STATE

34463|2761 : IDLE_STATE

34477|2762 : IDLE_STATE
2763 : IDL
34491|E_STATE
2764 : IDLE_STATE
27
34506|66 : IDLE_STATE
2767 : IDLE_
34519|STATE
2768 : IDLE_STATE
2769
34533| : IDLE_STATE
2770 : IDLE_ST
34545|ATE
2771 : IDLE_STATE
2772 :
34557| IDLE_STATE
2773 : IDLE_STAT
34572|E
2774 : IDLE_STATE
2775 : I
34584|DLE_STATE
2777 : IDLE_STAT
34601|2912 : IDLE_STATE

34613|2914 : SLEEP_STATE

34627|3027 : IDLE_STATE

34640|3029 : SLEEP_STATE

34651|3142 : IDLE_STATE

34665|3144 : SLEEP_STATE

34679|3258 : IDLE_STATE

34693|3259 : SLEEP_STATE

35711|3373 : IDLE_STATE

35720|3374 : SLEEP_STATE

35737|3488 : IDLE_STATE

35751|3490 : SLEEP_STATE

35771|3603 : IDLE_STATE

35789|3605 : SLEEP_STATE

35805|3719 : IDLE_STATE

35823|3720 : SLEEP_STATE

37851|msg sent 

37863|5434 : TX_STATE

37882|5454 : IDLE_STATE

37901|5455 : IDLE_STATE
5456 : IDL
37913|E_STATE
5457 : IDLE_STATE
54
37929|58 : IDLE_STATE
5459 : IDLE_
37948|STATE
5460 : IDLE_STATE
5462
37965| : IDLE_STATE
5463 : IDLE_ST
37983|ATE
5464 : IDLE_STATE
5465 :
38002| IDLE_STATE
5466 : IDLE_STAT
38019|E
5467 : IDLE_STATE
5468 : I
38041|DLE_STATE
5469 : IDLE_STAT
38061|6023 : IDLE_STATE

38082|6025 : SLEEP_STATE

40121|msg sent 

40129|8142 : TX_STATE

40141|8161 : IDLE_STATE

40150|8163 : IDLE_STATE
8164 : IDL
40159|E_STATE
8165 : IDLE_STATE
81
40167|66 : IDLE_STATE
8167 : IDLE_
40175|STATE
8168 : IDLE_STATE
8169
40190| : IDLE_STATE
8170 : IDLE_ST
40202|ATE
8171 : IDLE_STATE
8172 :
40215| IDLE_STATE
8173 : IDLE_STAT
40228|E
8175 : IDLE_STATE
8176 : I
40240|DLE_STATE
8177 : IDLE_STAT
40250|8328 : IDLE_STATE

40259|8329 : SLEEP_STATE

43303|10632 : IDLE_STATE

43324|10634 : SLEEP_STATE

43345|msg sent 

43366|10845 : TX_STATE

43387|10865 : IDLE_STATE

43401|10867 : IDLE_STATE
10868 : I
43414|DLE_STATE
10869 : IDLE_STATE
43426|
10870 : IDLE_STATE
10872 : 
43440|IDLE_STATE
10873 : IDLE_STAT
43453|E
10874 : IDLE_STATE
10875 :
43467| IDLE_STATE
10877 : IDLE_STA
43478|TE
10878 : IDLE_STATE
10879 
43494|: IDLE_STATE
10880 : IDLE_ST
43509|ATE
10882 : IDLE_STATE
108
45542|12937 : IDLE_STATE

45553|12939 : SLEEP_STATE

46572|msg sent 

46586|13539 : TX_STATE

46603|13559 : IDLE_STATE

46621|13560 : IDLE_STATE
13562 : I
46638|DLE_STATE
13563 : IDLE_STATE
46653|
13564 : IDLE_STATE
13565 : 
46669|IDLE_STATE
13567 : IDLE_STAT
46684|E
13568 : IDLE_STATE
13569 :
46699| IDLE_STATE
13570 : IDLE_STA
46713|TE
13572 : IDLE_STATE
13573 
46730|: IDLE_STATE
13574 : IDLE_ST
46746|ATE
13575 : IDLE_STATE
135
47772|15242 : IDLE_STATE

47784|15244 : SLEEP_STATE

48802|msg sent 

48814|16246 : TX_STATE

48832|16266 : IDLE_STATE

48844|16267 : IDLE_STATE
16268 : I
48859|DLE_STATE
16270 : IDLE_STATE
48874|
16271 : IDLE_STATE
16272 : 
48890|IDLE_STATE
16273 : IDLE_STAT
48906|E
16275 : IDLE_STATE
16276 :
48920| IDLE_STATE
16277 : IDLE_STA
48936|TE
16278 : IDLE_STATE
16280 
48948|: IDLE_STATE
16281 : IDLE_ST
48962|ATE
16282 : IDLE_STATE
162
50992|17546 : IDLE_STATE

51001|17548 : SLEEP_STATE

52022|msg sent 

52031|18941 : TX_STATE

52043|18960 : IDLE_STATE

52056|18962 : IDLE_STATE
18963 : I
52068|DLE_STATE
18964 : IDLE_STATE
52076|
18965 : IDLE_STATE
18967 : 
52084|IDLE_STATE
18968 : IDLE_STAT
52093|E
18969 : IDLE_STATE
18971 :
52101| IDLE_STATE
18972 : IDLE_STA
52110|TE
18973 : IDLE_STATE
18974 
52119|: IDLE_STATE
18976 : IDLE_ST
52131|ATE
18977 : IDLE_STATE
189
53146|19851 : IDLE_STATE

53584|19853 : SLEEP_STATE

54622|msg sent 

54649|21649 : TX_STATE

54679|21669 : IDLE_STATE

54707|21670 : IDLE_STATE
21671 : I
54738|DLE_STATE
21673 : IDLE_STATE
54771|
21674 : IDLE_STATE
21675 : 
54808|IDLE_STATE
21676 : IDLE_STAT
54843|E
21678 : IDLE_STATE
21679 :
54872| IDLE_STATE
21680 : IDLE_STA
54908|TE
21682 : IDLE_STATE
21683 
54937|: IDLE_STATE
21684 : IDLE_ST
54975|ATE
21685 : IDLE_STATE
216
56012|22156 : IDLE_STATE

56033|22157 : SLEEP_STATE

58113|msg sent 

58129|24343 : TX_STATE

58160|24363 : IDLE_STATE

58191|24364 : IDLE_STATE
24366 : I
58220|DLE_STATE
24367 : IDLE_STATE
58248|
24368 : IDLE_STATE
24369 : 
58294|IDLE_STATE
24371 : IDLE_STAT
58329|E
24372 : IDLE_STATE
24373 :
58372| IDLE_STATE
24374 : IDLE_STA
58409|TE
24376 : IDLE_STATE
24377 
58443|: IDLE_STATE
24378 : IDLE_ST
58478|ATE
24379 : IDLE_STATE
24324
58514|460 : IDLE_STATE
24463 : SLE
58549|EP_STATE

60603|26765 : IDLE_STATE

60614|26767 : SLEEP_STATE

60622|msg sent 

60629|27046 : TX_STATE

60637|27066 : IDLE_STATE

60646|27067 : IDLE_STATE
27068 : I
60655|DLE_STATE
27070 : IDLE_STATE
60666|
27071 : IDLE_STATE
27072 : 
60675|IDLE_STATE
27073 : IDLE_STAT
60686|E
27075 : IDLE_STATE
27076 :
60699| IDLE_STATE
27077 : IDLE_STA
60710|TE
27078 : IDLE_STATE
27080 
60720|: IDLE_STATE
27081 : IDLE_ST
60731|ATE
27082 : IDLE_STATE
270
62753|29070 : IDLE_STATE

62765|29071 : SLEEP_STATE

63783|msg sent 

63791|29750 : TX_STATE

63799|29770 : IDLE_STATE

63807|29771 : IDLE_STATE
29773 : I
63817|DLE_STATE
29774 : IDLE_STATE
63825|
29775 : IDLE_STATE
29776 : 
63833|IDLE_STATE
29778 : IDLE_STAT
63841|E
29779 : IDLE_STATE
29780 :
63847| IDLE_STATE
29781 : IDLE_STA
63857|TE
29783 : IDLE_STATE
29784 
63867|: IDLE_STATE
29785 : IDLE_ST
63877|ATE
29786 : IDLE_STATE
297
65904|31374 : IDLE_STATE

65913|31376 : SLEEP_STATE

66923|msg sent 

66934|32441 : TX_STATE

66945|32461 : IDLE_STATE

66955|32462 : IDLE_STATE
32464 : I
66967|DLE_STATE
32465 : IDLE_STATE
66979|
32466 : IDLE_STATE
32467 : 
66992|IDLE_STATE
32469 : IDLE_STAT
67008|E
32470 : IDLE_STATE
32471 :
67018| IDLE_STATE
32472 : IDLE_STA
67028|TE
32474 : IDLE_STATE
32475 
67042|: IDLE_STATE
32476 : IDLE_ST
67056|ATE
32477 : IDLE_STATE
324
68074|33453 : RX_STATE

68089|33460 : IDLE_STATE

68101|33679 : IDLE_STATE

68112|33681 : SLEEP_STATE

69134|35047 : RX_STATE

69140|35053 : IDLE_STATE

70154|msg sent 

70173|35142 : TX_STATE

70195|35162 : IDLE_STATE

70215|35163 : IDLE_STATE
35164 : I
70234|DLE_STATE
35166 : IDLE_STATE
70256|
35167 : IDLE_STATE
35168 : 
70277|IDLE_STATE
35170 : IDLE_STAT
70300|E
35171 : IDLE_STATE
35172 :
70327| IDLE_STATE
35173 : IDLE_STA
70350|TE
35175 : IDLE_STATE
35176 
70372|: IDLE_STATE
35177 : IDLE_ST
70395|ATE
35178 : IDLE_STATE
351
70421|35983 : IDLE_STATE

70445|35985 : SLEEP_STATE

70466|36161 : RX_STATE

70489|36167 : IDLE_STATE

72524|37746 : RX_STATE

72542|37752 : IDLE_STATE

72563|msg sent 

72581|37849 : TX_STATE

72597|37869 : IDLE_STATE

72613|37870 : IDLE_STATE
37871 : I
72628|DLE_STATE
37872 : IDLE_STATE
72645|
37874 : IDLE_STATE
37875 : 
72659|IDLE_STATE
37876 : IDLE_STAT
72678|E
37878 : IDLE_STATE
37879 :
72692| IDLE_STATE
37880 : IDLE_STA
72708|TE
37881 : IDLE_STATE
37883 
72728|: IDLE_STATE
37884 : IDLE_ST
72746|ATE
37885 : IDLE_STATE
378
72758|38288 : IDLE_STATE

72778|38290 : SLEEP_STATE

73804|38864 : RX_STATE

73816|38870 : IDLE_STATE

75844|40437 : RX_STATE

75860|40444 : IDLE_STATE

75877|msg sent 

75895|40543 : TX_STATE

75915|40563 : IDLE_STATE

75936|40564 : IDLE_STATE
40565 : I
75958|DLE_STATE
40567 : IDLE_STATE
75975|
40568 : IDLE_STATE
40569 : 
75990|IDLE_STATE
40570 : IDLE_STAT
76008|E
40572 : IDLE_STATE
40573 :
76027| IDLE_STATE
40574 : IDLE_STA
76042|TE
40575 : IDLE_STATE
40577 
76059|: IDLE_STATE
40578 : IDLE_ST
76072|ATE
40579 : IDLE_STATE
405
77085|41486 : RX_STATE

77096|41492 : IDLE_STATE

78104|42881 : IDLE_STATE

78113|42883 : SLEEP_STATE

78120|43084 : RX_STATE

78128|43091 : IDLE_STATE

78137|msg sent 

78143|43195 : TX_STATE

78150|43215 : IDLE_STATE

78160|43216 : IDLE_STATE
43217 : I
78171|DLE_STATE
43219 : IDLE_STATE
78182|
43220 : IDLE_STATE
43221 : 
78195|IDLE_STATE
43222 : IDLE_STAT
78206|E
43224 : IDLE_STATE
43225 :
78217| IDLE_STATE
43226 : IDLE_STA
78227|TE
43228 : IDLE_STATE
43229 
78239|: IDLE_STATE
43230 : IDLE_ST
78251|ATE
43231 : IDLE_STATE
432
79264|44191 : RX_STATE

79271|44198 : IDLE_STATE

80285|45186 : IDLE_STATE

80297|45188 : SLEEP_STATE

81314|45779 : RX_STATE

81328|45785 : IDLE_STATE

81338|msg sent 

81351|45881 : TX_STATE

81364|45901 : IDLE_STATE

81376|45902 : IDLE_STATE
45904 : I
81389|DLE_STATE
45905 : IDLE_STATE
81401|
45906 : IDLE_STATE
45907 : 
81413|IDLE_STATE
45909 : IDLE_STAT
81428|E
45910 : IDLE_STATE
45911 :
81437| IDLE_STATE
45912 : IDLE_STA
81446|TE
45914 : IDLE_STATE
45915 
81457|: IDLE_STATE
45916 : IDLE_ST
81465|ATE
45918 : IDLE_STATE
459
82475|46897 : RX_STATE

82485|46904 : IDLE_STATE

83505|47491 : IDLE_STATE

83516|47492 : SLEEP_STATE

84525|48479 : RX_STATE

84540|48486 : IDLE_STATE

84551|msg sent 

84561|48581 : TX_STATE

84573|48601 : IDLE_STATE

84586|48602 : IDLE_STATE
48604 : I
84600|DLE_STATE
48605 : IDLE_STATE
84610|
48606 : IDLE_STATE
48608 : 
84621|IDLE_STATE
48609 : IDLE_STAT
84633|E
48610 : IDLE_STATE
48611 :
84643| IDLE_STATE
48613 : IDLE_STA
84650|TE
48614 : IDLE_STATE
48615 
84662|: IDLE_STATE
48616 : IDLE_ST
84675|ATE
48618 : IDLE_STATE
486
85695|49589 : RX_STATE

85702|49596 : IDLE_STATE

85711|49795 : IDLE_STATE

85720|49797 : SLEEP_STATE

86735|51177 : RX_STATE

86744|51184 : IDLE_STATE

87756|msg sent 

87772|51283 : TX_STATE

87788|51303 : IDLE_STATE

87802|51304 : IDLE_STATE
51305 : I
87820|DLE_STATE
51307 : IDLE_STATE
87835|
51308 : IDLE_STATE
51309 : 
87852|IDLE_STATE
51310 : IDLE_STAT
87867|E
51312 : IDLE_STATE
51313 :
87887| IDLE_STATE
51314 : IDLE_STA
87904|TE
51316 : IDLE_STATE
51317 
87922|: IDLE_STATE
51318 : IDLE_ST
87940|ATE
51319 : IDLE_STATE
513
87957|52100 : IDLE_STATE

87973|52102 : SLEEP_STATE

87989|52296 : RX_STATE

88006|52303 : IDLE_STATE

90035|53884 : RX_STATE

90060|53891 : IDLE_STATE

90085|msg sent 

90110|53986 : TX_STATE

90133|54006 : IDLE_STATE

90155|54007 : IDLE_STATE
54009 : I
90177|DLE_STATE
54010 : IDLE_STATE
90197|
54011 : IDLE_STATE
54012 : 
90221|IDLE_STATE
54014 : IDLE_STAT
90244|E
54015 : IDLE_STATE
54016 :
90267| IDLE_STATE
54017 : IDLE_STA
90289|TE
54019 : IDLE_STATE
54020 
90310|: IDLE_STATE
54021 : IDLE_ST
90339|ATE
54022 : IDLE_STATE
540
90366|54405 : IDLE_STATE

90390|54406 : SLEEP_STATE

91426|54997 : RX_STATE

91433|55004 : IDLE_STATE

93455|56585 : RX_STATE

93466|56591 : IDLE_STATE

93475|msg sent 

93491|56692 : TX_STATE

93504|56709 : SLEEP_STATE

93521|56712 : IDLE_STATE
56713 : I
93532|DLE_STATE
56715 : IDLE_STATE
93548|
56716 : IDLE_STATE
56717 : 
93561|IDLE_STATE
56719 : IDLE_STAT
93575|E
56720 : IDLE_STATE
56721 :
93587| IDLE_STATE
56722 : IDLE_STA
93602|TE
56724 : IDLE_STATE
56725 
93620|: IDLE_STATE
56726 : IDLE_ST
93636|ATE
56727 : IDLE_STATE
567
94656|57691 : RX_STATE

94664|57697 : IDLE_STATE

95686|59056 : IDLE_STATE

95702|59058 : SLEEP_STATE

95715|59278 : RX_STATE

95733|59285 : IDLE_STATE

95751|msg sent 

95770|59388 : TX_STATE

95792|59408 : IDLE_STATE

95812|59409 : IDLE_STATE
59411 : I
95836|DLE_STATE
59412 : IDLE_STATE
95858|
59413 : IDLE_STATE
59414 : 
95879|IDLE_STATE
59416 : IDLE_STAT
95895|E
59417 : IDLE_STATE
59418 :
95920| IDLE_STATE
59419 : IDLE_STA
95942|TE
59421 : IDLE_STATE
59422 
95966|: IDLE_STATE
59423 : IDLE_ST
95986|ATE
59425 : IDLE_STATE
594
97016|60398 : RX_STATE

97025|60405 : IDLE_STATE

98036|61361 : IDLE_STATE

98052|61363 : SLEEP_STATE

99076|61996 : RX_STATE

99092|62002 : IDLE_STATE

99190|msg sent 

99212|62084 : TX_STATE

99247|62104 : IDLE_STATE

99271|62105 : IDLE_STATE
62107 : I
99286|DLE_STATE
62108 : IDLE_STATE
99307|
62109 : IDLE_STATE
62111 : 
99330|IDLE_STATE
62112 : IDLE_STAT
99355|E
62113 : IDLE_STATE
62114 :
99374| IDLE_STATE
62116 : IDLE_STA
99396|TE
62117 : IDLE_STATE
62118 
99427|: IDLE_STATE
62119 : IDLE_ST
99448|ATE
62121 : IDLE_STATE
621
100476|63665 : IDLE_STATE

100529|63667 : SLEEP_STATE

101606|msg sent 

101645|64806 : TX_STATE

101660|64827 : IDLE_STATE

101713|64828 : IDLE_STATE
64829 : I
101761|DLE_STATE
64830 : IDLE_STATE
101812|
64832 : IDLE_STATE
64833 : 
101861|IDLE_STATE
64834 : IDLE_STAT
101878|E
64835 : IDLE_STATE
64837 :
101942| IDLE_STATE
64838 : IDLE_STA
101984|TE
64839 : IDLE_STATE
64840 
102026|: IDLE_STATE
64842 : IDLE_ST
102079|ATE
64843 : IDLE_STATE
648
103126|65800 : RX_STATE

103155|65807 : IDLE_STATE

103210|65970 : IDLE_STATE

103245|65972 : SLEEP_STATE

104286|67380 : RX_STATE

104341|67387 : IDLE_STATE

105386|msg sent 

105395|67488 : TX_STATE

105423|67508 : IDLE_STATE

105451|67510 : IDLE_STATE
67511 : I
105481|DLE_STATE
67512 : IDLE_STATE
105514|
67513 : IDLE_STATE
67515 : 
105546|IDLE_STATE
67516 : IDLE_STAT
105577|E
67517 : IDLE_STATE
67518 :
105612| IDLE_STATE
67520 : IDLE_STA
105644|TE
67521 : IDLE_STATE
67522 
105675|: IDLE_STATE
67523 : IDLE_ST
105706|ATE
67525 : IDLE_STATE
675
105741|68275 : IDLE_STATE

105773|68277 : SLEEP_STATE

105805|68495 : RX_STATE

105841|68501 : IDLE_STATE

107887|70089 : RX_STATE

107898|70095 : IDLE_STATE

107910|msg sent 

107924|70187 : TX_STATE

107938|70206 : IDLE_STATE

107954|70208 : IDLE_STATE
70209 : I
107970|DLE_STATE
70210 : IDLE_STATE
107981|
70211 : IDLE_STATE
70213 : 
107991|IDLE_STATE
70214 : IDLE_STAT
108006|E
70215 : IDLE_STATE
70216 :
108020| IDLE_STATE
70218 : IDLE_STA
108040|TE
70219 : IDLE_STATE
70220 
108056|: IDLE_STATE
70222 : IDLE_ST
108074|ATE
70223 : IDLE_STATE
702
108090|70579 : IDLE_STATE

108110|70581 : SLEEP_STATE

109137|71197 : RX_STATE

109143|71203 : IDLE_STATE

110157|72793 : RX_STATE

110170|72800 : IDLE_STATE

111187|72884 : IDLE_STATE

111197|72886 : SLEEP_STATE
msg sent
111211| 
72898 : TX_STATE

111230|72918 : IDLE_STATE

111246|72919 : IDLE_STATE
72921 : I
111264|DLE_STATE
72922 : IDLE_STATE
111280|
72923 : IDLE_STATE
72924 : 
111295|IDLE_STATE
72926 : IDLE_STAT
111314|E
72927 : IDLE_STATE
72928 :
111326| IDLE_STATE
72929 : IDLE_STA
111345|TE
72931 : IDLE_STATE
72932 
111360|: IDLE_STATE
72933 : IDLE_ST
111375|ATE
72934 : IDLE_STATE
729
111394|73894 : RX_STATE

111406|73900 : IDLE_STATE

113437|75189 : IDLE_STATE

113457|75190 : SLEEP_STATE

113477|75496 : RX_STATE

113498|75503 : IDLE_STATE

113518|msg sent 

113539|75588 : TX_STATE

113561|75607 : IDLE_STATE

113577|75609 : IDLE_STATE
75610 : I
113598|DLE_STATE
75611 : IDLE_STATE
113614|
75612 : IDLE_STATE
75614 : 
113629|IDLE_STATE
75615 : IDLE_STAT
113649|E
75616 : IDLE_STATE
75618 :
113665| IDLE_STATE
75619 : IDLE_STA
113681|TE
75620 : IDLE_STATE
75621 
113699|: IDLE_STATE
75623 : IDLE_ST
113715|ATE
75624 : IDLE_STATE
756
114737|76599 : RX_STATE

114745|76605 : IDLE_STATE

115767|77493 : IDLE_STATE

115777|77495 : SLEEP_STATE

116787|msg sent 

116798|78293 : TX_STATE

116810|78312 : IDLE_STATE

116825|78314 : IDLE_STATE
78315 : I
116836|DLE_STATE
78316 : IDLE_STATE
116846|
78318 : IDLE_STATE
78319 : 
116859|IDLE_STATE
78320 : IDLE_STAT
116869|E
78321 : IDLE_STATE
78323 :
116881| IDLE_STATE
78324 : IDLE_STA
116893|TE
78325 : IDLE_STATE
78326 
116905|: IDLE_STATE
78328 : IDLE_ST
116916|ATE
78329 : IDLE_STATE
783
117938|79299 : RX_STATE

117948|79305 : IDLE_STATE

117959|79798 : IDLE_STATE

117972|79800 : SLEEP_STATE

119998|msg sent 

120006|80994 : TX_STATE

120022|81014 : IDLE_STATE

120040|81015 : IDLE_STATE
81017 : I
120056|DLE_STATE
81018 : IDLE_STATE
120071|
81019 : IDLE_STATE
81020 : 
120088|IDLE_STATE
81022 : IDLE_STAT
120105|E
81023 : IDLE_STATE
81024 :
120123| IDLE_STATE
81025 : IDLE_STA
120139|TE
81027 : IDLE_STATE
81028 
120155|: IDLE_STATE
81029 : IDLE_ST
120168|ATE
81031 : IDLE_STATE
810
120181|81998 : RX_STATE

120198|82004 : IDLE_STATE

121218|82103 : IDLE_STATE

121228|82104 : SLEEP_STATE

122238|msg sent 

122250|83697 : TX_STATE

122265|83717 : IDLE_STATE

122281|83719 : IDLE_STATE
83720 : I
122295|DLE_STATE
83721 : IDLE_STATE
122307|
83722 : IDLE_STATE
83724 : 
122315|IDLE_STATE
83725 : IDLE_STAT
122331|E
83726 : IDLE_STATE
83727 :
122342| IDLE_STATE
83729 : IDLE_STA
122357|TE
83730 : IDLE_STATE
83731 
122370|: IDLE_STATE
83732 : IDLE_ST
122386|ATE
83734 : IDLE_STATE
837
123408|84407 : IDLE_STATE

123440|84409 : SLEEP_STATE

123467|84702 : RX_STATE

123488|84708 : IDLE_STATE

124518|85980 : RX_STATE

124543|85986 : IDLE_STATE

125578|86293 : RX_STATE

125591|86300 : IDLE_STATE

125614|msg sent 

125634|86394 : TX_STATE

125652|86414 : IDLE_STATE

125668|86415 : IDLE_STATE
86416 : I
125687|DLE_STATE
86417 : IDLE_STATE
125700|
86419 : IDLE_STATE
86420 : 
125716|IDLE_STATE
86421 : IDLE_STAT
125733|E
86422 : IDLE_STATE
86424 :
125747| IDLE_STATE
86425 : IDLE_STA
125761|TE
86426 : IDLE_STATE
86427 
125778|: IDLE_STATE
86429 : IDLE_ST
125791|ATE
86430 : IDLE_STATE
864
125804|86712 : IDLE_STATE

125819|86714 : SLEEP_STATE

126838|87406 : RX_STATE

126850|87412 : IDLE_STATE

127878|88988 : RX_STATE

127894|88994 : IDLE_STATE

127905|89016 : IDLE_STATE

127914|89018 : SLEEP_STATE

127924|msg sent 

127933|89093 : TX_STATE

127939|89113 : IDLE_STATE

127945|89114 : IDLE_STATE
89116 : I
127953|DLE_STATE
89117 : IDLE_STATE
127959|
89118 : IDLE_STATE
89119 : 
127965|IDLE_STATE
89121 : IDLE_STAT
127974|E
89122 : IDLE_STATE
89123 :
127981| IDLE_STATE
89124 : IDLE_STA
127991|TE
89126 : IDLE_STATE
89127 
127999|: IDLE_STATE
89128 : IDLE_ST
128008|ATE
89129 : IDLE_STATE
891
129019|90103 : RX_STATE

129038|90110 : IDLE_STATE

131068|91321 : IDLE_STATE

131081|91323 : SLEEP_STATE

131100|msg sent 

131123|91796 : TX_STATE

131144|91816 : IDLE_STATE

131163|91817 : IDLE_STATE
91819 : I
131181|DLE_STATE
91820 : IDLE_STATE
131198|
91821 : IDLE_STATE
91822 : 
131214|IDLE_STATE
91824 : IDLE_STAT
131225|E
91825 : IDLE_STATE
91826 :
131245| IDLE_STATE
91827 : IDLE_STA
131261|TE
91829 : IDLE_STATE
91830 
131281|: IDLE_STATE
91831 : IDLE_ST
131298|ATE
91832 : IDLE_STATE
918
132319|92812 : RX_STATE

132339|92818 : IDLE_STATE

133361|93626 : IDLE_STATE

133539|93628 : SLEEP_STATE

133607|94388 : RX_STATE

133709|94395 : IDLE_STATE

133789|msg sent 

133862|94501 : TX_STATE

133970|94520 : IDLE_STATE

134031|94522 : IDLE_STATE
94523 : I
134103|DLE_STATE
94524 : IDLE_STATE
134189|
94526 : IDLE_STATE
94527 : 
134375|IDLE_STATE
94528 : IDLE_STAT
134552|E
94529 : IDLE_STATE
94531 :
134659| IDLE_STATE
94532 : IDLE_STA
134799|TE
94533 : IDLE_STATE
94534 
134940|: IDLE_STATE
94536 : IDLE_ST
135099|ATE
94537 : IDLE_STATE
945
135200|95501 : RX_STATE

135237|95507 : IDLE_STATE

135282|95930 : IDLE_STATE

135327|95932 : SLEEP_STATE

137380|97092 : RX_STATE

137418|97099 : IDLE_STATE

137452|msg sent 

137487|97212 : TX_STATE

137516|97232 : IDLE_STATE

137554|97233 : IDLE_STATE
97235 : I
137595|DLE_STATE
97236 : IDLE_STATE
137633|
97237 : IDLE_STATE
97238 : 
137674|IDLE_STATE
97240 : IDLE_STAT
137708|E
97241 : IDLE_STATE
97242 :
137745| IDLE_STATE
97243 : IDLE_STA
137780|TE
97245 : IDLE_STATE
97246 
137815|: IDLE_STATE
97247 : IDLE_ST
137853|ATE
97248 : IDLE_STATE
972
137889|98202 : RX_STATE

137921|98208 : IDLE_STATE

137958|98235 : IDLE_STATE

137997|98237 : SLEEP_STATE

140059|99790 : RX_STATE

140081|99797 : IDLE_STATE

140115|msg sent 

140151|99896 : TX_STATE

140185|99915 : IDLE_STATE

140213|99917 : IDLE_STATE
99918 : I
140258|DLE_STATE
99919 : IDLE_STATE
140295|
99921 : IDLE_STATE
99922 : 
140325|IDLE_STATE
99923 : IDLE_STAT
140360|E
99924 : IDLE_STATE
99926 :
140397| IDLE_STATE
99927 : IDLE_STA
140436|TE
99928 : IDLE_STATE
99929 
140467|: IDLE_STATE
99931 : IDLE_ST
140509|ATE
99932 : IDLE_STATE
999
140558|100540 : IDLE_STATE

140599|100542 : SLEEP_STATE

141639|100902 : RX_STATE

141666|100906 : IDLE_STATE

142700|102500 : RX_STATE

142717|102507 : IDLE_STATE

142766|msg sent 

142825|102596 : TX_STATE

142871|102616 : IDLE_STATE

142893|102618 : IDLE_STATE
102619 :
142922| IDLE_STATE
102621 : IDLE_ST
142963|ATE
102622 : IDLE_STATE
1026
142992|23 : IDLE_STATE
102625 : IDL
143026|E_STATE
102626 : IDLE_STATE

143067|102628 : IDLE_STATE
102629 :
143116| IDLE_STATE
102631 : IDLE_ST
143173|ATE
102632 : IDLE_STATE
1026
143207|33 : IDLE_STATE
102635 : I
143231|102844 : IDLE_STATE

143273|102846 : SLEEP_STATE

144309|103612 : RX_STATE

144327|103617 : IDLE_STATE

145370|105149 : IDLE_STATE

145375|105151 : SLEEP_STATE

146390|msg sent 

146406|105296 : TX_STATE

146430|105316 : IDLE_STATE

146455|105318 : IDLE_STATE
105319 :
146475| IDLE_STATE
105321 : IDLE_ST
146495|ATE
105322 : IDLE_STATE
1053
146512|23 : IDLE_STATE
105325 : IDL
146529|E_STATE
105326 : IDLE_STATE

146549|105328 : IDLE_STATE
105329 :
146565| IDLE_STATE
105331 : IDLE_ST
146583|ATE
105332 : IDLE_STATE
1053
146603|33 : IDLE_STATE
105335 : I
146625|106310 : RX_STATE

146647|106315 : IDLE_STATE

148690|107454 : IDLE_STATE

148701|107456 : SLEEP_STATE

148710|107895 : RX_STATE

148720|107900 : IDLE_STATE

148731|msg sent 

148743|108000 : TX_STATE

148756|108020 : IDLE_STATE

148770|108021 : IDLE_STATE
108022 :
148784| IDLE_STATE
108024 : IDLE_ST
148796|ATE
108025 : IDLE_STATE
1080
148807|27 : IDLE_STATE
108028 : IDL
148820|E_STATE
108030 : IDLE_STATE

148832|108031 : IDLE_STATE
108032 :
148845| IDLE_STATE
108034 : IDLE_ST
148856|ATE
108035 : IDLE_STATE
1080
148872|37 : IDLE_STATE
108038 : I
149890|109006 : RX_STATE

149903|109011 : IDLE_STATE

150920|109758 : IDLE_STATE

150929|109760 : SLEEP_STATE

151950|110595 : RX_STATE

151957|110600 : IDLE_STATE

151964|msg sent 

151973|110706 : TX_STATE

151983|110726 : IDLE_STATE

151991|110727 : IDLE_STATE
110729 :
151998| IDLE_STATE
110730 : IDLE_ST
152005|ATE
110732 : IDLE_STATE
1107
152013|33 : IDLE_STATE
110735 : IDL
152021|E_STATE
110736 : IDLE_STATE

152029|110737 : IDLE_STATE
110739 :
152037| IDLE_STATE
110740 : IDLE_ST
152044|ATE
110742 : IDLE_STATE
1107
152051|43 : IDLE_STATE
110745 : I
153061|111712 : RX_STATE

153078|111717 : IDLE_STATE

153095|112063 : IDLE_STATE

153112|112065 : SLEEP_STATE

155140|msg sent 

155148|113414 : TX_STATE

155158|113434 : IDLE_STATE

155164|113435 : IDLE_STATE
113437 :
155175| IDLE_STATE
113438 : IDLE_ST
155184|ATE
113439 : IDLE_STATE
1134
155193|41 : IDLE_STATE
113442 : IDL
155202|E_STATE
113444 : IDLE_STATE

155211|113445 : IDLE_STATE
113447 :
155222| IDLE_STATE
113448 : IDLE_ST
155232|ATE
113449 : IDLE_STATE
1134
155242|51 : IDLE_STATE
113452 : I
155252|114367 : IDLE_STATE

155264|114369 : SLEEP_STATE

156280|114406 : RX_STATE

156295|114411 : IDLE_STATE

157311|115993 : RX_STATE

157321|115998 : IDLE_STATE

157333|msg sent 

157344|116103 : TX_STATE

157357|116123 : IDLE_STATE

157372|116125 : IDLE_STATE
116126 :
157387| IDLE_STATE
116127 : IDLE_ST
157401|ATE
116129 : IDLE_STATE
1161
157416|30 : IDLE_STATE
116132 : IDL
157434|E_STATE
116133 : IDLE_STATE

157455|116135 : IDLE_STATE
116136 :
157471| IDLE_STATE
116137 : IDLE_ST
157489|ATE
116139 : IDLE_STATE
1161
157505|40 : IDLE_STATE
116142 : I
158531|116672 : IDLE_STATE

158540|116674 : SLEEP_STATE

158556|117111 : RX_STATE

158570|117116 : IDLE_STATE

160601|118694 : RX_STATE

160609|118699 : IDLE_STATE

160621|msg sent 

160634|118803 : TX_STATE

160649|118823 : IDLE_STATE

160665|118824 : IDLE_STATE
118826 :
160677| IDLE_STATE
118827 : IDLE_ST
160691|ATE
118828 : IDLE_STATE
1188
160709|30 : IDLE_STATE
118831 : IDL
160726|E_STATE
118833 : IDLE_STATE

160747|118834 : IDLE_STATE
118836 :
160768| IDLE_STATE
118837 : IDLE_ST
160788|ATE
118838 : IDLE_STATE
1188
160811|40 : IDLE_STATE
118841 : I
160833|118977 : IDLE_STATE

160858|118979 : SLEEP_STATE

161891|119806 : RX_STATE

161908|119811 : IDLE_STATE

162931|121281 : IDLE_STATE

162942|121283 : SLEEP_STATE

162960|121398 : RX_STATE

162976|121403 : IDLE_STATE

162991|msg sent 

163004|121512 : TX_STATE

164022|121532 : IDLE_STATE

164029|121533 : IDLE_STATE
121535 :
164042| IDLE_STATE
121536 : IDLE_ST
164055|ATE
121538 : IDLE_STATE
1215
164064|39 : IDLE_STATE
121541 : IDL
164073|E_STATE
121542 : IDLE_STATE

164085|121543 : IDLE_STATE
121545 :
164095| IDLE_STATE
121546 : IDLE_ST
164108|ATE
121548 : IDLE_STATE
1215
164117|49 : IDLE_STATE
121551 : I
166141|123586 : IDLE_STATE

166153|123588 : SLEEP_STATE

166169|msg sent 

166182|124207 : TX_STATE

166201|124227 : IDLE_STATE

166217|124228 : IDLE_STATE
124230 :
166229| IDLE_STATE
124231 : IDLE_ST
166247|ATE
124233 : IDLE_STATE
1242
166259|34 : IDLE_STATE
124236 : IDL
166277|E_STATE
124237 : IDLE_STATE

166293|124238 : IDLE_STATE
124240 :
166313| IDLE_STATE
124241 : IDLE_ST
166323|ATE
124243 : IDLE_STATE
1242
166334|44 : IDLE_STATE
124246 : I
167362|125210 : RX_STATE

167376|125215 : IDLE_STATE

168391|125891 : IDLE_STATE

168405|125893 : SLEEP_STATE

169432|msg sent 

169466|126909 : TX_STATE

169499|126929 : IDLE_STATE

169535|126930 : IDLE_STATE
126932 :
169568| IDLE_STATE
126933 : IDLE_ST
169605|ATE
126935 : IDLE_STATE
1269
169630|36 : IDLE_STATE
126937 : IDL
169738|E_STATE
126939 : IDLE_STATE

169771|126940 : IDLE_STATE
126942 :
169802| IDLE_STATE
126943 : IDLE_ST
169837|ATE
126945 : IDLE_STATE
1269
169871|46 : IDLE_STATE
126947 : I
170912|127914 : RX_STATE

170931|127919 : IDLE_STATE

170941|128195 : IDLE_STATE

170966|128197 : SLEEP_STATE

171992|msg sent 

171999|129605 : TX_STATE

172008|129625 : IDLE_STATE

172017|129626 : IDLE_STATE
129628 :
172026| IDLE_STATE
129629 : IDLE_ST
172037|ATE
129631 : IDLE_STATE
1296
172046|32 : IDLE_STATE
129633 : IDL
172057|E_STATE
129635 : IDLE_STATE

172066|129636 : IDLE_STATE
129638 :
172075| IDLE_STATE
129639 : IDLE_ST
172085|ATE
129641 : IDLE_STATE
1296
172093|42 : IDLE_STATE
129643 : I
173112|130500 : IDLE_STATE

173125|130502 : SLEEP_STATE

173135|130621 : RX_STATE

173150|130626 : IDLE_STATE

175182|132205 : RX_STATE

175189|132209 : IDLE_STATE

175196|msg sent 

175202|132310 : TX_STATE

175212|132330 : IDLE_STATE

175221|132331 : IDLE_STATE
132333 :
175230| IDLE_STATE
132334 : IDLE_ST
175240|ATE
132335 : IDLE_STATE
1323
175251|37 : IDLE_STATE
132338 : IDL
175259|E_STATE
132340 : IDLE_STATE

175272|132341 : IDLE_STATE
132343 :
175285| IDLE_STATE
132344 : IDLE_ST
175299|ATE
132345 : IDLE_STATE
1323
175310|47 : IDLE_STATE
132348 : I
175319|132805 : IDLE_STATE

175329|132807 : SLEEP_STATE

176343|133320 : RX_STATE

176355|133325 : IDLE_STATE

178382|134912 : RX_STATE

178393|134916 : IDLE_STATE

178404|msg sent 

178414|135029 : TX_STATE

178423|135049 : IDLE_STATE

178431|135050 : IDLE_STATE
135052 :
178443| IDLE_STATE
135053 : IDLE_ST
178451|ATE
135055 : IDLE_STATE
1350
178459|56 : IDLE_STATE
135058 : IDL
178468|E_STATE
135059 : IDLE_STATE

178479|135060 : IDLE_STATE
135062 :
178487| IDLE_STATE
135063 : IDLE_ST
178497|ATE
135065 : IDLE_STATE
1350
178508|66 : IDLE_STATE
135067 : I13
178520|5109 : IDLE_STATE
135111 : S
178532|LEEP_STATE

179553|136014 : RX_STATE

179570|136021 : IDLE_STATE

180592|137414 : IDLE_STATE

180600|137416 : SLEEP_STATE

180610|137603 : RX_STATE

180626|137608 : IDLE_STATE

180639|msg sent 

180651|137713 : TX_STATE

180665|137733 : IDLE_STATE

180678|137735 : IDLE_STATE
137736 :
180691| IDLE_STATE
137738 : IDLE_ST
180706|ATE
137739 : IDLE_STATE
1377
180721|41 : IDLE_STATE
137742 : IDL
180735|E_STATE
137743 : IDLE_STATE

180747|137745 : IDLE_STATE
137746 :
180761| IDLE_STATE
137748 : IDLE_ST
180773|ATE
137749 : IDLE_STATE
1377
180788|51 : IDLE_STATE
137752 : I
182813|139719 : IDLE_STATE

182826|139720 : SLEEP_STATE

183843|140304 : RX_STATE

183853|140308 : IDLE_STATE

183865|msg sent 

183879|140406 : TX_STATE

183895|140426 : IDLE_STATE

183910|140427 : IDLE_STATE
140429 :
183927| IDLE_STATE
140430 : IDLE_ST
183942|ATE
140432 : IDLE_STATE
1404
183959|33 : IDLE_STATE
140435 : IDL
183974|E_STATE
140436 : IDLE_STATE

183989|140437 : IDLE_STATE
140439 :
184006| IDLE_STATE
140440 : IDLE_ST
184022|ATE
140442 : IDLE_STATE
1404
184039|43 : IDLE_STATE
140445 : I
186073|142023 : IDLE_STATE

186085|142025 : SLEEP_STATE

187103|143000 : RX_STATE

187112|143005 : IDLE_STATE

187131|msg sent 

187150|143112 : TX_STATE

187165|143132 : IDLE_STATE

187183|143134 : IDLE_STATE
143135 :
187198| IDLE_STATE
143137 : IDLE_ST
187215|ATE
143138 : IDLE_STATE
1431
187231|40 : IDLE_STATE
143141 : IDL
187250|E_STATE
143142 : IDLE_STATE

187268|143144 : IDLE_STATE
143145 :
187284| IDLE_STATE
143147 : IDLE_ST
187302|ATE
143148 : IDLE_STATE
1431
187319|50 : IDLE_STATE
143151 : I
188343|144328 : IDLE_STATE

188349|144330 : SLEEP_STATE

189364|145568 : RX_STATE

189374|145572 : IDLE_STATE

189385|145703 : RX_STATE

189395|145708 : IDLE_STATE

189405|msg sent 

189413|145807 : TX_STATE

189424|145827 : IDLE_STATE

190433|145828 : IDLE_STATE
145830 :
190448| IDLE_STATE
145831 : IDLE_ST
190465|ATE
145832 : IDLE_STATE
1458
190485|34 : IDLE_STATE
145835 : IDL
190501|E_STATE
145837 : IDLE_STATE

190527|145838 : IDLE_STATE
145840 :
190546| IDLE_STATE
145841 : IDLE_ST
190565|ATE
145842 : IDLE_STATE
1458
190588|44 : IDLE_STATE
145845 : I
190608|146632 : IDLE_STATE

190628|146634 : SLEEP_STATE

190650|146813 : RX_STATE

190671|146818 : IDLE_STATE

192713|148405 : RX_STATE

192725|148410 : IDLE_STATE

192740|msg sent 

192755|148518 : TX_STATE

192777|148539 : IDLE_STATE

192794|148540 : IDLE_STATE
148541 :
192812| IDLE_STATE
148543 : IDLE_ST
192829|ATE
148544 : IDLE_STATE
1485
192846|46 : IDLE_STATE
148547 : IDL
192867|E_STATE
148549 : IDLE_STATE

192887|148550 : IDLE_STATE
148551 :
192901| IDLE_STATE
148553 : IDLE_ST
192915|ATE
148554 : IDLE_STATE
1485
192932|56 : IDLE_STATE
148557 : I
192950|148937 : IDLE_STATE

192959|148939 : SLEEP_STATE

193984|149518 : RX_STATE

194000|149522 : IDLE_STATE

196034|151110 : RX_STATE

196049|151114 : IDLE_STATE

196060|msg sent 

196070|151208 : TX_STATE

196083|151228 : IDLE_STATE

196095|151230 : IDLE_STATE
151231 :
196103| IDLE_STATE
151232 : IDLE_ST
196115|ATE
151234 : IDLE_STATE
1512
196125|35 : IDLE_STATE
151237 : IDL
196134|E_STATE
151238 : IDLE_STATE

196143|151240 : IDLE_STATE
151241 :
196155| IDLE_STATE
151243 : IDLE_ST
196164|ATE
151244 : IDLE_STATE
1512
196178|45 : IDLE_STATE
151247 : I
197194|152217 : RX_STATE

197209|152222 : IDLE_STATE

198235|153624 : IDLE_STATE

198251|153626 : SLEEP_STATE

198269|153808 : RX_STATE

198291|153812 : IDLE_STATE

198310|msg sent 

198323|153914 : TX_STATE

198339|153935 : IDLE_STATE

198350|153936 : IDLE_STATE
153937 :
198362| IDLE_STATE
153939 : IDLE_ST
198381|ATE
153940 : IDLE_STATE
1539
198398|42 : IDLE_STATE
153943 : IDL
198413|E_STATE
153945 : IDLE_STATE

198426|153946 : IDLE_STATE
153947 :
198442| IDLE_STATE
153949 : IDLE_ST
198452|ATE
153950 : IDLE_STATE
1539
198469|52 : IDLE_STATE
153953 : I
199494|154922 : RX_STATE

199517|154927 : IDLE_STATE

200534|155928 : IDLE_STATE

200541|155930 : SLEEP_STATE

201564|156514 : RX_STATE

201602|156518 : IDLE_STATE

201640|msg sent 

201677|156612 : TX_STATE

201715|156631 : IDLE_STATE

201738|156633 : IDLE_STATE
156634 :
201778| IDLE_STATE
156636 : IDLE_ST
201812|ATE
156637 : IDLE_STATE
1566
201853|39 : IDLE_STATE
156640 : IDL
201890|E_STATE
156642 : IDLE_STATE

201933|156643 : IDLE_STATE
156644 :
202042| IDLE_STATE
156646 : IDLE_ST
202074|ATE
156647 : IDLE_STATE
1566
202114|49 : IDLE_STATE
156650 : I
203154|157623 : RX_STATE

203165|157628 : IDLE_STATE

203196|158233 : IDLE_STATE

203228|158235 : SLEEP_STATE

204264|msg sent 

204276|159324 : TX_STATE

204287|159344 : IDLE_STATE

204297|159345 : IDLE_STATE
159347 :
204308| IDLE_STATE
159348 : IDLE_ST
204320|ATE
159350 : IDLE_STATE
1593
204334|51 : IDLE_STATE
159353 : IDL
204345|E_STATE
159354 : IDLE_STATE

204356|159355 : IDLE_STATE
159357 :
204368| IDLE_STATE
159358 : IDLE_ST
204382|ATE
159360 : IDLE_STATE
1593
204392|61 : IDLE_STATE
159363 : I
205405|160320 : RX_STATE

205422|160325 : IDLE_STATE

205444|160538 : IDLE_STATE

205465|160540 : SLEEP_STATE

207505|161909 : RX_STATE

207530|161914 : IDLE_STATE

207554|msg sent 

207567|162017 : TX_STATE

207589|162037 : IDLE_STATE

207615|162038 : IDLE_STATE
162040 :
207641| IDLE_STATE
162041 : IDLE_ST
207668|ATE
162043 : IDLE_STATE
1620
207694|44 : IDLE_STATE
162046 : IDL
207718|E_STATE
162047 : IDLE_STATE

207746|162048 : IDLE_STATE
162050 :
207769| IDLE_STATE
162051 : IDLE_ST
207792|ATE
162053 : IDLE_STATE
1620
207813|54 : IDLE_STATE
162056 : I
207837|162842 : IDLE_STATE

207854|162844 : SLEEP_STATE

208885|163026 : RX_STATE

208894|163030 : IDLE_STATE

209915|164614 : RX_STATE

209923|164619 : IDLE_STATE

209931|msg sent 

209939|164719 : TX_STATE

209946|164739 : IDLE_STATE

209954|164741 : IDLE_STATE
164742 :
209961| IDLE_STATE
164744 : IDLE_ST
209970|ATE
164745 : IDLE_STATE
1647
209976|46 : IDLE_STATE
164748 : IDL
209986|E_STATE
164749 : IDLE_STATE

209993|164751 : IDLE_STATE
164752 :
209999| IDLE_STATE
164753 : IDLE_ST
210005|ATE
164755 : IDLE_STATE
1647
211016|56 : IDLE_STATE
164758 : I
211035|165147 : IDLE_STATE

211060|165149 : SLEEP_STATE

211090|165730 : RX_STATE

211116|165735 : IDLE_STATE

213155|167307 : RX_STATE

213166|167311 : IDLE_STATE

213178|msg sent 

213188|167416 : TX_STATE

213198|167436 : IDLE_STATE

213211|167438 : IDLE_STATE
167439 :
213223| IDLE_STATE
167440 : IDLE_ST
213236|ATE
167442 : IDLE_STATE
1674
213251|43 : IDLE_STATE
167445 : IDL
213267|E_STATE
167446 : IDLE_STATE

213287|167448 : IDLE_STATE
167449 :
213302| IDLE_STATE
167450 : IDLE_ST
213318|ATE
167452 : IDLE_STATE
1674
213329|53 : IDLE_STATE
167455 : I
214355|168365 : RX_STATE

214372|168370 : IDLE_STATE

216395|169765 : IDLE_STATE

216401|169767 : SLEEP_STATE

216409|169947 : RX_STATE

216416|169952 : IDLE_STATE

216422|msg sent 

216428|170051 : TX_STATE

216435|170071 : IDLE_STATE

216441|170073 : IDLE_STATE
170074 :
216448| IDLE_STATE
170076 : IDLE_ST
216454|ATE
170077 : IDLE_STATE
1700
216460|79 : IDLE_STATE
170080 : IDL
216466|E_STATE
170082 : IDLE_STATE

216472|170083 : IDLE_STATE
170084 :
216479| IDLE_STATE
170086 : IDLE_ST
216485|ATE
170087 : IDLE_STATE
1700
216492|89 : IDLE_STATE
170090 : I
217506|171062 : RX_STATE

217518|171066 : IDLE_STATE

218546|172070 : IDLE_STATE

218559|172072 : SLEEP_STATE

218569|172648 : RX_STATE

218581|172653 : IDLE_STATE

219596|msg sent 

219605|172759 : TX_STATE

219615|172779 : IDLE_STATE

219627|172781 : IDLE_STATE
172782 :
219642| IDLE_STATE
172784 : IDLE_ST
219655|ATE
172785 : IDLE_STATE
1727
219664|86 : IDLE_STATE
172788 : IDL
219671|E_STATE
172789 : IDLE_STATE

219683|172791 : IDLE_STATE
172792 :
219694| IDLE_STATE
172794 : IDLE_ST
219707|ATE
172795 : IDLE_STATE
1727
219717|96 : IDLE_STATE
172798 : I
220736|173758 : RX_STATE

220757|173762 : IDLE_STATE

220772|174375 : IDLE_STATE

220788|174377 : SLEEP_STATE

221816|175356 : RX_STATE

221826|175360 : IDLE_STATE

221837|msg sent 

221852|175461 : TX_STATE

221864|175481 : IDLE_STATE

221875|175482 : IDLE_STATE
175484 :
221888| IDLE_STATE
175485 : IDLE_ST
221898|ATE
175487 : IDLE_STATE
1754
221910|88 : IDLE_STATE
175490 : IDL
221923|E_STATE
175491 : IDLE_STATE

221935|175492 : IDLE_STATE
175494 :
221948| IDLE_STATE
175495 : IDLE_ST
221962|ATE
175497 : IDLE_STATE
1754
221974|98 : IDLE_STATE
175500 : I
222996|176679 : IDLE_STATE

223008|176681 : SLEEP_STATE

225036|178051 : RX_STATE

225043|178055 : IDLE_STATE

225049|msg sent 

225056|178154 : TX_STATE

225063|178174 : IDLE_STATE

225070|178175 : IDLE_STATE
178177 :
225077| IDLE_STATE
178178 : IDLE_ST
225087|ATE
178180 : IDLE_STATE
1781
225094|81 : IDLE_STATE
178183 : IDL
225107|E_STATE
178184 : IDLE_STATE

225115|178185 : IDLE_STATE
178187 :
225129| IDLE_STATE
178188 : IDLE_ST
225143|ATE
178190 : IDLE_STATE
1781
225156|91 : IDLE_STATE
178193 : I
226176|178984 : IDLE_STATE

226192|178986 : SLEEP_STATE

226208|179163 : RX_STATE

226223|179167 : IDLE_STATE

228256|180755 : RX_STATE

228308|180759 : IDLE_STATE

228337|msg sent 

228378|180863 : TX_STATE

228410|180883 : IDLE_STATE

228452|180884 : IDLE_STATE
180886 :
228508| IDLE_STATE
180887 : IDLE_ST
228547|ATE
180889 : IDLE_STATE
1808
228573|90 : IDLE_STATE
180891 : IDL
228608|E_STATE
180893 : IDLE_STATE

228643|180894 : IDLE_STATE
180896 :
228670| IDLE_STATE
180897 : IDLE_ST
228715|ATE
180899 : IDLE_STATE
1809
228745|00 : IDLE_STATE
180901 : I
228781|181289 : IDLE_STATE

228806|181291 : SLEEP_STATE

228840|181866 : RX_STATE

228867|181871 : IDLE_STATE

230926|183451 : RX_STATE

230935|183456 : IDLE_STATE

230943|msg sent 

230950|183561 : TX_STATE

230959|183581 : IDLE_STATE

230966|183582 : IDLE_STATE
183584 :
230974| IDLE_STATE
183585 : IDLE_ST
230982|ATE
183587 : IDLE_STATE
1835
230988|88 : IDLE_STATE
183590 : IDL
230994|E_STATE
183591 : IDLE_STATE

231000|183592 : IDLE_STATE
183594 :
231007| IDLE_STATE
183595 : IDLE_ST
231015|ATE
183597 : IDLE_STATE
1835
231022|98 : IDLE_STATE
183600 : I
232037|184566 : RX_STATE

232063|184571 : IDLE_STATE

233097|185976 : IDLE_STATE

233119|185978 : SLEEP_STATE

234137|186158 : RX_STATE

234156|186163 : IDLE_STATE

234175|msg sent 

234183|186260 : TX_STATE

234200|186280 : IDLE_STATE

234224|186281 : IDLE_STATE
186282 :
234248| IDLE_STATE
186284 : IDLE_ST
234270|ATE
186285 : IDLE_STATE
1862
234295|87 : IDLE_STATE
186288 : IDL
234318|E_STATE
186290 : IDLE_STATE

234337|186291 : IDLE_STATE
186292 :
234351| IDLE_STATE
186294 : IDLE_ST
234367|ATE
186295 : IDLE_STATE
1862
234394|97 : IDLE_STATE
186298 : I
234415|187266 : RX_STATE

234442|187271 : IDLE_STATE

236493|188281 : IDLE_STATE

236517|188283 : SLEEP_STATE

236557|188855 : RX_STATE

236594|188860 : IDLE_STATE

236637|msg sent 

236677|188966 : TX_STATE

236714|188986 : IDLE_STATE

236760|188988 : IDLE_STATE
188989 :
236789| IDLE_STATE
188991 : IDLE_ST
236832|ATE
188992 : IDLE_STATE
1889
236876|93 : IDLE_STATE
188995 : IDL
236899|E_STATE
188996 : IDLE_STATE

236951|188998 : IDLE_STATE
188999 :
236988| IDLE_STATE
189001 : IDLE_ST
237009|ATE
189002 : IDLE_STATE
1890
237039|03 : IDLE_STATE
189005 : I
238078|189975 : RX_STATE

238108|189979 : IDLE_STATE

238138|190585 : IDLE_STATE

238170|190587 : SLEEP_STATE

239208|191560 : RX_STATE

239229|191565 : IDLE_STATE

239235|msg sent 

239242|191663 : TX_STATE

239249|191683 : IDLE_STATE

239256|191685 : IDLE_STATE
191686 :
239263| IDLE_STATE
191688 : IDLE_ST
239270|ATE
191689 : IDLE_STATE
1916
239276|91 : IDLE_STATE
191692 : IDL
239283|E_STATE
191693 : IDLE_STATE

239291|191695 : IDLE_STATE
191696 :
239298| IDLE_STATE
191698 : IDLE_ST
240308|ATE
191699 : IDLE_STATE
1917
240325|01 : IDLE_STATE
191702 : I
240347|192662 : RX_STATE

240374|192667 : IDLE_STATE

241408|192890 : IDLE_STATE

241415|192892 : SLEEP_STATE

242427|194255 : RX_STATE

242440|194260 : IDLE_STATE

242450|msg sent 

242465|194358 : TX_STATE

242475|194378 : IDLE_STATE

242492|194379 : IDLE_STATE
194381 :
242505| IDLE_STATE
194382 : IDLE_ST
242520|ATE
194384 : IDLE_STATE
1943
242535|85 : IDLE_STATE
194386 : IDL
242550|E_STATE
194388 : IDLE_STATE

242565|194389 : IDLE_STATE
194391 :
242580| IDLE_STATE
194392 : IDLE_ST
242594|ATE
194394 : IDLE_STATE
1943
242608|95 : IDLE_STATE
194396 : I
243627|195195 : IDLE_STATE

243640|195197 : SLEEP_STATE

243653|195367 : RX_STATE

243667|195372 : IDLE_STATE

245698|196959 : RX_STATE

245710|196964 : IDLE_STATE

245722|msg sent 

245739|197057 : TX_STATE

245754|197077 : IDLE_STATE

245770|197078 : IDLE_STATE
197080 :
245787| IDLE_STATE
197081 : IDLE_ST
245803|ATE
197083 : IDLE_STATE
1970
245818|84 : IDLE_STATE
197086 : IDL
245834|E_STATE
197087 : IDLE_STATE

245849|197088 : IDLE_STATE
197090 :
245865| IDLE_STATE
197091 : IDLE_ST
245881|ATE
197093 : IDLE_STATE
1970
245892|94 : IDLE_STATE
197096 : I
245910|197499 : IDLE_STATE

245926|197501 : SLEEP_STATE

246948|198067 : RX_STATE

246955|198071 : IDLE_STATE

247968|199657 : RX_STATE

247978|199661 : IDLE_STATE

247993|msg sent 

248007|199766 : TX_STATE

249028|199786 : IDLE_STATE

249038|199788 : IDLE_STATE
199789 :
249046| IDLE_STATE
199791 : IDLE_ST
249056|ATE
199792 : IDLE_STATE
1997
249064|93 : IDLE_STATE
199795 : IDL
249074|E_STATE
199796 : IDLE_STATE

249087|199798 : IDLE_STATE
199799 :
249099| IDLE_STATE
199801 : IDLE_ST
249110|ATE
199802 : IDLE_STATE
1998
249125|03 : IDLE_STATE
199805 : I
251158|202182 : IDLE_STATE

251169|202184 : SLEEP_STATE

251183|202352 : RX_STATE

251193|202357 : IDLE_STATE

251203|msg sent 

251216|202462 : TX_STATE

251228|202482 : IDLE_STATE

251243|202484 : IDLE_STATE
202485 :
251256| IDLE_STATE
202486 : IDLE_ST
251267|ATE
202488 : IDLE_STATE
2024
251280|89 : IDLE_STATE
202491 : IDL
251296|E_STATE
202492 : IDLE_STATE

251311|202494 : IDLE_STATE
202495 :
251321| IDLE_STATE
202496 : IDLE_ST
251334|ATE
202498 : IDLE_STATE
2024
251349|99 : IDLE_STATE
202501 : I
252368|203468 : RX_STATE

252378|203473 : IDLE_STATE

253399|204486 : IDLE_STATE

253410|204488 : SLEEP_STATE

254428|205060 : RX_STATE

254434|205065 : IDLE_STATE

254442|msg sent 

254449|205169 : TX_STATE

254458|205189 : IDLE_STATE

254469|205191 : IDLE_STATE
205192 :
254481| IDLE_STATE
205193 : IDLE_ST
254493|ATE
205195 : IDLE_STATE
2051
254506|96 : IDLE_STATE
205198 : IDL
254515|E_STATE
205199 : IDLE_STATE

254526|205201 : IDLE_STATE
205202 :
254536| IDLE_STATE
205203 : IDLE_ST
254549|ATE
205205 : IDLE_STATE
2052
254555|06 : IDLE_STATE
205208 : I
255569|206172 : RX_STATE

255581|206176 : IDLE_STATE

255586|206791 : IDLE_STATE

255596|206793 : SLEEP_STATE

257619|207754 : RX_STATE

257627|207759 : IDLE_STATE

257636|msg sent 

257648|207861 : TX_STATE

257660|207881 : IDLE_STATE

257671|207883 : IDLE_STATE
207884 :
257682| IDLE_STATE
207886 : IDLE_ST
257692|ATE
207887 : IDLE_STATE
2078
257700|89 : IDLE_STATE
207890 : IDL
257708|E_STATE
207891 : IDLE_STATE

257715|207893 : IDLE_STATE
207894 :
257722| IDLE_STATE
207896 : IDLE_ST
257730|ATE
207897 : IDLE_STATE
2078
257737|99 : IDLE_STATE
207900 : I
258749|208868 : RX_STATE

258761|208872 : IDLE_STATE

258775|209096 : IDLE_STATE

258789|209097 : SLEEP_STATE

259809|210458 : RX_STATE

259821|210463 : IDLE_STATE

259838|msg sent 

259854|210559 : TX_STATE

259869|210579 : IDLE_STATE

259884|210581 : IDLE_STATE
210582 :
259903| IDLE_STATE
210584 : IDLE_ST
259919|ATE
210585 : IDLE_STATE
2105
259934|86 : IDLE_STATE
210588 : IDL
259950|E_STATE
210589 : IDLE_STATE

259970|210591 : IDLE_STATE
210592 :
259989| IDLE_STATE
210593 : IDLE_ST
260006|ATE
210595 : IDLE_STATE
2105
260028|96 : IDLE_STATE
210598 : I
261049|211400 : IDLE_STATE

261059|211402 : SLEEP_STATE

261070|211566 : RX_STATE

261081|211570 : IDLE_STATE

263099|213164 : RX_STATE

263194|213169 : IDLE_STATE

263222|msg sent 

263248|213260 : TX_STATE

263288|213280 : IDLE_STATE

263326|213282 : IDLE_STATE
213283 :
263384| IDLE_STATE
213285 : IDLE_ST
263424|ATE
213286 : IDLE_STATE
2132
263469|88 : IDLE_STATE
213289 : IDL
263515|E_STATE
213291 : IDLE_STATE

263568|213292 : IDLE_STATE
213293 :
263623| IDLE_STATE
213295 : IDLE_ST
263659|ATE
213296 : IDLE_STATE
2132
263688|98 : IDLE_STATE
213299 : I
263726|213705 : IDLE_STATE

263760|213707 : SLEEP_STATE

263803|214282 : RX_STATE

263836|214287 : IDLE_STATE

265889|215859 : RX_STATE

265958|215864 : IDLE_STATE

266003|msg sent 

266043|215967 : TX_STATE

266078|215987 : IDLE_STATE

266115|215988 : IDLE_STATE
215990 :
266180| IDLE_STATE
215991 : IDLE_ST
266217|ATE
215993 : IDLE_STATE
2159
266268|94 : IDLE_STATE
215996 : IDL
266321|E_STATE
215997 : IDLE_STATE

266376|215998 : IDLE_STATE
216000 :
266437| IDLE_STATE
216001 : IDLE_ST
266479|ATE
216003 : IDLE_STATE
2160
266527|04 : IDLE_STATE
216006 : I
267590|216901 : RX_STATE

267608|216906 : IDLE_STATE

268700|218316 : IDLE_STATE

268748|218318 : SLEEP_STATE

268809|218494 : RX_STATE

268877|218499 : IDLE_STATE

268946|msg sent 

269009|218598 : TX_STATE

269070|218618 : IDLE_STATE

269111|218619 : IDLE_STATE
218621 :
269169| IDLE_STATE
218622 : IDLE_ST
269247|ATE
218623 : IDLE_STATE
2186
269320|25 : IDLE_STATE
218626 : IDL
269370|E_STATE
218628 : IDLE_STATE

269420|218629 : IDLE_STATE
218631 :
269460| IDLE_STATE
218632 : IDLE_ST
269500|ATE
218633 : IDLE_STATE
2186
269546|35 : IDLE_STATE
218636 : I
269602|219610 : RX_STATE

269652|219614 : IDLE_STATE

270720|220621 : IDLE_STATE

270799|220623 : SLEEP_STATE

271890|221201 : RX_STATE

271904|221205 : IDLE_STATE

271932|msg sent 

271963|221311 : TX_STATE

271998|221331 : IDLE_STATE

272029|221332 : IDLE_STATE
221334 :
272061| IDLE_STATE
221335 : IDLE_ST
272088|ATE
221337 : IDLE_STATE
2213
272117|38 : IDLE_STATE
221340 : IDL
272148|E_STATE
221341 : IDLE_STATE

272178|221342 : IDLE_STATE
221344 :
272211| IDLE_STATE
221345 : IDLE_ST
272242|ATE
221347 : IDLE_STATE
2213
272272|48 : IDLE_STATE
221350 : I
273310|222304 : RX_STATE

273332|222309 : IDLE_STATE

273365|222925 : IDLE_STATE

273398|222927 : SLEEP_STATE

274430|223897 : RX_STATE

274463|223901 : IDLE_STATE

274495|msg sent 

274530|224008 : TX_STATE

274564|224028 : IDLE_STATE

274599|224029 : IDLE_STATE
224031 :
274635| IDLE_STATE
224032 : IDLE_ST
274645|ATE
224033 : IDLE_STATE
2240
274680|35 : IDLE_STATE
224036 : IDL
274713|E_STATE
224038 : IDLE_STATE

274754|224039 : IDLE_STATE
224041 :
274788| IDLE_STATE
224042 : IDLE_ST
274828|ATE
224043 : IDLE_STATE
2240
274861|45 : IDLE_STATE
224046 : I
275910|225013 : RX_STATE

275948|225017 : IDLE_STATE

275970|225230 : IDLE_STATE

276017|225232 : SLEEP_STATE

278070|226599 : RX_STATE

278092|226604 : IDLE_STATE

278124|msg sent 

278168|226701 : TX_STATE

278234|226721 : IDLE_STATE

278275|226723 : IDLE_STATE
226724 :
278314| IDLE_STATE
226725 : IDLE_ST
278354|ATE
226727 : IDLE_STATE
2267
278396|28 : IDLE_STATE
226730 : IDL
278440|E_STATE
226731 : IDLE_STATE

278492|226732 : IDLE_STATE
226734 :
278531| IDLE_STATE
226735 : IDLE_ST
278566|ATE
226737 : IDLE_STATE
2267
278614|38 : IDLE_STATE
226740 : I
278678|227535 : IDLE_STATE

278719|227537 : SLEEP_STATE

278759|227705 : RX_STATE

278796|227709 : IDLE_STATE

280840|229299 : RX_STATE

280847|229303 : IDLE_STATE

280855|msg sent 

280864|229399 : TX_STATE

280871|229419 : IDLE_STATE

280880|229420 : IDLE_STATE
229422 :
280888| IDLE_STATE
229423 : IDLE_ST
280898|ATE
229425 : IDLE_STATE
2294
280905|26 : IDLE_STATE
229428 : IDL
280914|E_STATE
229429 : IDLE_STATE

280925|229430 : IDLE_STATE
229432 :
280932| IDLE_STATE
229433 : IDLE_ST
280940|ATE
229435 : IDLE_STATE
2294
280949|36 : IDLE_STATE
229438 : I
280963|229839 : IDLE_STATE

280976|229841 : SLEEP_STATE

282001|230414 : RX_STATE

282023|230419 : IDLE_STATE

283061|232001 : RX_STATE

283068|232006 : IDLE_STATE

284082|msg sent 

284097|232108 : TX_STATE

284121|232128 : IDLE_STATE

284141|232130 : IDLE_STATE
232131 :
284165| IDLE_STATE
232133 : IDLE_ST
284185|ATE
232134 : IDLE_STATE
2321
284204|36 : IDLE_STATE
232137 : IDL
284229|E_STATE
232138 : IDLE_STATE

284242|232140 : IDLE_STATE
232141 :
284264| IDLE_STATE
232143 : IDLE_ST
284282|ATE
232144 : IDLE_STATE
2321
284305|46 : IDLE_STATE
232147 : I
284322|233108 : RX_STATE

284341|233113 : IDLE_STATE

286371|234523 : IDLE_STATE

286382|234525 : SLEEP_STATE

286391|234702 : RX_STATE

286404|234707 : IDLE_STATE

286418|msg sent 

286431|234802 : TX_STATE

286446|234822 : IDLE_STATE

286457|234824 : IDLE_STATE
234825 :
286471| IDLE_STATE
234827 : IDLE_ST
286483|ATE
234828 : IDLE_STATE
2348
286497|30 : IDLE_STATE
234831 : IDL
286514|E_STATE
234832 : IDLE_STATE

286527|234834 : IDLE_STATE
234835 :
286539| IDLE_STATE
234837 : IDLE_ST
286551|ATE
234838 : IDLE_STATE
2348
286568|40 : IDLE_STATE
234841 : I
287591|235818 : RX_STATE

287608|235823 : IDLE_STATE

288631|236828 : IDLE_STATE

288637|236830 : SLEEP_STATE

289651|237406 : RX_STATE

289665|237411 : IDLE_STATE

289677|msg sent 

289691|237507 : TX_STATE

289706|237527 : IDLE_STATE

289720|237529 : IDLE_STATE
237530 :
289731| IDLE_STATE
237531 : IDLE_ST
289743|ATE
237533 : IDLE_STATE
2375
289754|34 : IDLE_STATE
237536 : IDL
289766|E_STATE
237537 : IDLE_STATE

289782|237539 : IDLE_STATE
237540 :
289795| IDLE_STATE
237541 : IDLE_ST
289809|ATE
237543 : IDLE_STATE
2375
289820|44 : IDLE_STATE
237546 : I
290841|238509 : RX_STATE

290859|238514 : IDLE_STATE

290874|239133 : IDLE_STATE

290894|239135 : SLEEP_STATE

291921|240101 : RX_STATE

291935|240106 : IDLE_STATE

291944|msg sent 

291957|240203 : TX_STATE

291967|240223 : IDLE_STATE

291980|240225 : IDLE_STATE
240226 :
291992| IDLE_STATE
240228 : IDLE_ST
292004|ATE
240229 : IDLE_STATE
2402
292015|30 : IDLE_STATE
240232 : IDL
292027|E_STATE
240233 : IDLE_STATE

292037|240235 : IDLE_STATE
240236 :
292048| IDLE_STATE
240238 : IDLE_ST
292062|ATE
240239 : IDLE_STATE
2402
292076|40 : IDLE_STATE
240242 : I
293091|241209 : RX_STATE

293101|241214 : IDLE_STATE

294122|241437 : IDLE_STATE

294134|241439 : SLEEP_STATE

295152|242808 : RX_STATE

295159|242813 : IDLE_STATE

295170|msg sent 

295178|242912 : TX_STATE

295186|242932 : IDLE_STATE

295196|242933 : IDLE_STATE
242935 :
295204| IDLE_STATE
242936 : IDLE_ST
295213|ATE
242938 : IDLE_STATE
2429
295222|39 : IDLE_STATE
242941 : IDL
295229|E_STATE
242942 : IDLE_STATE

295240|242943 : IDLE_STATE
242945 :
295250| IDLE_STATE
242946 : IDLE_ST
295258|ATE
242948 : IDLE_STATE
2429
295274|49 : IDLE_STATE
242951 : I
296293|243742 : IDLE_STATE

296300|243744 : SLEEP_STATE

296316|243919 : RX_STATE

296336|243924 : IDLE_STATE

298372|245510 : RX_STATE

298394|245514 : IDLE_STATE

298418|msg sent 

298456|245605 : TX_STATE

298479|245625 : IDLE_STATE

298506|245626 : IDLE_STATE
245628 :
298537| IDLE_STATE
245629 : IDLE_ST
298565|ATE
245631 : IDLE_STATE
2456
298608|32 : IDLE_STATE
245634 : IDL
298654|E_STATE
245635 : IDLE_STATE

298674|245636 : IDLE_STATE
245638 :
298703| IDLE_STATE
245639 : IDLE_ST
298710|ATE
245641 : IDLE_STATE
2456
298735|42 : IDLE_STATE
245644 : I
298758|246046 : IDLE_STATE

298787|246048 : SLEEP_STATE

299832|246611 : RX_STATE

299866|246615 : IDLE_STATE

300913|248206 : RX_STATE

300929|248211 : IDLE_STATE

300948|msg sent 

300968|248311 : TX_STATE

300988|248331 : IDLE_STATE

301012|248332 : IDLE_STATE
248334 :
301028| IDLE_STATE
248335 : IDLE_ST
301050|ATE
248337 : IDLE_STATE
2483
301070|38 : IDLE_STATE
248340 : IDL
301090|E_STATE
248341 : IDLE_STATE

301106|248342 : IDLE_STATE
248344 :
301127| IDLE_STATE
248345 : IDLE_ST
301138|ATE
248347 : IDLE_STATE
2483
301150|48 : IDLE_STATE
248350 : I
302172|249321 : RX_STATE

302190|249326 : IDLE_STATE

304222|250726 : IDLE_STATE

304232|250728 : SLEEP_STATE

304264|250910 : RX_STATE

304289|250915 : IDLE_STATE

304312|msg sent 

304335|251009 : TX_STATE

304359|251029 : IDLE_STATE

304387|251030 : IDLE_STATE
251032 :
304413| IDLE_STATE
251033 : IDLE_ST
304441|ATE
251035 : IDLE_STATE
2510
304467|36 : IDLE_STATE
251038 : IDL
304495|E_STATE
251039 : IDLE_STATE

304524|251040 : IDLE_STATE
251042 :
304552| IDLE_STATE
251043 : IDLE_ST
304574|ATE
251045 : IDLE_STATE
2510
304600|46 : IDLE_STATE
251048 : I
305632|252017 : RX_STATE

305643|252022 : IDLE_STATE

306653|253031 : IDLE_STATE

306673|253033 : SLEEP_STATE

306694|253601 : RX_STATE

306717|253606 : IDLE_STATE

306740|msg sent 

306764|253706 : TX_STATE

306790|253726 : IDLE_STATE

306815|253727 : IDLE_STATE
253729 :
306840| IDLE_STATE
253730 : IDLE_ST
306868|ATE
253732 : IDLE_STATE
2537
306891|33 : IDLE_STATE
253735 : IDL
306917|E_STATE
253736 : IDLE_STATE

306943|253737 : IDLE_STATE
253739 :
306969| IDLE_STATE
253740 : IDLE_ST
306990|ATE
253742 : IDLE_STATE
2537
307010|43 : IDLE_STATE
253745 : I
308043|254715 : RX_STATE

308050|254720 : IDLE_STATE

309063|255335 : IDLE_STATE

309077|255337 : SLEEP_STATE

310093|256301 : RX_STATE

310114|256306 : IDLE_STATE

310134|msg sent 

310156|256417 : TX_STATE

310178|256437 : IDLE_STATE

310200|256439 : IDLE_STATE
256440 :
310219| IDLE_STATE
256441 : IDLE_ST
310238|ATE
256443 : IDLE_STATE
2564
310260|44 : IDLE_STATE
256446 : IDL
310282|E_STATE
256447 : IDLE_STATE

310303|256449 : IDLE_STATE
256450 :
310326| IDLE_STATE
256451 : IDLE_ST
310349|ATE
256453 : IDLE_STATE
2564
310368|54 : IDLE_STATE
256456 : I
311393|257421 : RX_STATE

311400|257426 : IDLE_STATE

311410|257640 : IDLE_STATE

311425|257642 : SLEEP_STATE

312443|259001 : RX_STATE

312453|259006 : IDLE_STATE

312470|msg sent 

312493|259116 : TX_STATE

312510|259136 : IDLE_STATE

312533|259138 : IDLE_STATE
259139 :
312551| IDLE_STATE
259140 : IDLE_ST
312573|ATE
259142 : IDLE_STATE
2591
312599|43 : IDLE_STATE
259145 : IDL
312618|E_STATE
259146 : IDLE_STATE

312645|259148 : IDLE_STATE
259149 :
312669| IDLE_STATE
259150 : IDLE_ST
312695|ATE
259152 : IDLE_STATE
2591
312722|53 : IDLE_STATE
259155 : I
313743|259944 : IDLE_STATE

313750|259946 : SLEEP_STATE

313761|260123 : RX_STATE

313770|260127 : IDLE_STATE

315793|261707 : RX_STATE

315807|261712 : IDLE_STATE

315820|msg sent 

315833|261820 : TX_STATE

315844|261840 : IDLE_STATE

315856|261841 : IDLE_STATE
261843 :
315869| IDLE_STATE
261844 : IDLE_ST
315880|ATE
261845 : IDLE_STATE
2618
315893|47 : IDLE_STATE
261848 : IDL
315905|E_STATE
261850 : IDLE_STATE

315919|261851 : IDLE_STATE
261853 :
315935| IDLE_STATE
261854 : IDLE_ST
315953|ATE
261855 : IDLE_STATE
2618
315974|57 : IDLE_STATE
261858 : I
315993|262249 : IDLE_STATE

316010|262251 : SLEEP_STATE

317033|262814 : RX_STATE

317042|262819 : IDLE_STATE

319074|264403 : RX_STATE

319079|264408 : IDLE_STATE

319085|msg sent 

319092|264514 : TX_STATE

319098|264533 : IDLE_STATE

319105|264535 : IDLE_STATE
264536 :
319111| IDLE_STATE
264538 : IDLE_ST
319118|ATE
264539 : IDLE_STATE
2645
319123|41 : IDLE_STATE
264542 : IDL
319130|E_STATE
264544 : IDLE_STATE

319137|264545 : IDLE_STATE
264546 :
319144| IDLE_STATE
264548 : IDLE_ST
319151|ATE
264549 : IDLE_STATE
2645
319160|51 : IDLE_STATE
264552 : I
320174|265520 : RX_STATE

320183|265524 : IDLE_STATE

321204|266929 : IDLE_STATE

321216|266931 : SLEEP_STATE

321229|267113 : RX_STATE

321239|267117 : IDLE_STATE

321251|msg sent 

321264|267216 : TX_STATE

321280|267236 : IDLE_STATE

321291|267238 : IDLE_STATE
267239 :
321304| IDLE_STATE
267241 : IDLE_ST
321313|ATE
267242 : IDLE_STATE
2672
321321|43 : IDLE_STATE
267245 : IDL
321337|E_STATE
267246 : IDLE_STATE

321349|267248 : IDLE_STATE
267249 :
321363| IDLE_STATE
267251 : IDLE_ST
321378|ATE
267252 : IDLE_STATE
2672
321391|53 : IDLE_STATE
267255 : I
322404|268221 : RX_STATE

322411|268226 : IDLE_STATE

323424|269233 : IDLE_STATE

323434|269235 : SLEEP_STATE

324455|269806 : RX_STATE

324463|269811 : IDLE_STATE

324473|msg sent 

324485|269917 : TX_STATE

324494|269937 : IDLE_STATE

324501|269939 : IDLE_STATE
269940 :
324508| IDLE_STATE
269942 : IDLE_ST
324517|ATE
269943 : IDLE_STATE
2699
324524|45 : IDLE_STATE
269946 : IDL
324537|E_STATE
269947 : IDLE_STATE

324545|269949 : IDLE_STATE
269950 :
324555| IDLE_STATE
269952 : IDLE_ST
324563|ATE
269953 : IDLE_STATE
2699
324575|55 : IDLE_STATE
269956 : I
325594|270920 : RX_STATE

325601|270925 : IDLE_STATE

326614|271538 : IDLE_STATE

326633|271540 : SLEEP_STATE

327655|272511 : RX_STATE

327663|272515 : IDLE_STATE

327670|msg sent 

327682|272622 : TX_STATE

327694|272642 : IDLE_STATE

327706|272643 : IDLE_STATE
272645 :
327716| IDLE_STATE
272646 : IDLE_ST
327727|ATE
272648 : IDLE_STATE
2726
327739|49 : IDLE_STATE
272651 : IDL
327750|E_STATE
272652 : IDLE_STATE

327764|272653 : IDLE_STATE
272655 :
327776| IDLE_STATE
272656 : IDLE_ST
327794|ATE
272658 : IDLE_STATE
2726
327809|59 : IDLE_STATE
272660 : I
328824|273621 : RX_STATE

328837|273626 : IDLE_STATE

328859|273843 : IDLE_STATE

328877|273844 : SLEEP_STATE

330904|msg sent 

330911|275323 : TX_STATE

330919|275343 : IDLE_STATE

330929|275344 : IDLE_STATE
275346 :
330938| IDLE_STATE
275347 : IDLE_ST
330947|ATE
275349 : IDLE_STATE
2753
330959|50 : IDLE_STATE
275352 : IDL
330970|E_STATE
275353 : IDLE_STATE

330980|275354 : IDLE_STATE
275356 :
330989| IDLE_STATE
275357 : IDLE_ST
330996|ATE
275359 : IDLE_STATE
2753
331005|60 : IDLE_STATE
275362 : I
331017|276147 : IDLE_STATE

331025|276149 : SLEEP_STATE

332035|276317 : RX_STATE

332048|276322 : IDLE_STATE

333075|277912 : RX_STATE

333102|277917 : IDLE_STATE

333126|msg sent 

333166|278014 : TX_STATE

333183|278033 : IDLE_STATE

333215|278035 : IDLE_STATE
278036 :
333236| IDLE_STATE
278038 : IDLE_ST
333262|ATE
278039 : IDLE_STATE
2780
333288|40 : IDLE_STATE
278042 : IDL
333325|E_STATE
278043 : IDLE_STATE

333341|278045 : IDLE_STATE
278046 :
333382| IDLE_STATE
278048 : IDLE_ST
333407|ATE
278049 : IDLE_STATE
2780
333436|50 : IDLE_STATE
278052 : I
333462|278452 : IDLE_STATE

333486|278454 : SLEEP_STATE

334515|279020 : RX_STATE

334550|279024 : IDLE_STATE

336585|280611 : RX_STATE

336696|280616 : IDLE_STATE

336765|msg sent 

336815|280720 : TX_STATE

336843|280740 : IDLE_STATE

336884|280742 : IDLE_STATE
280743 :
336925| IDLE_STATE
280745 : IDLE_ST
336969|ATE
280746 : IDLE_STATE
2807
337013|47 : IDLE_STATE
280749 : IDL
337047|E_STATE
280750 : IDLE_STATE

337083|280752 : IDLE_STATE
280753 :
337126| IDLE_STATE
280755 : IDLE_ST
337163|ATE
280756 : IDLE_STATE
2807
337201|57 : IDLE_STATE
280759 : I
337229|281658 : RX_STATE

337268|281662 : IDLE_STATE

339315|283095 : IDLE_STATE

339323|283097 : SLEEP_STATE

339331|283247 : RX_STATE

339338|283251 : IDLE_STATE

339347|msg sent 

339353|283350 : TX_STATE

339362|283370 : IDLE_STATE

339368|283371 : IDLE_STATE
283373 :
339374| IDLE_STATE
283374 : IDLE_ST
339381|ATE
283376 : IDLE_STATE
2833
339387|77 : IDLE_STATE
283378 : IDL
339393|E_STATE
283380 : IDLE_STATE

339398|283381 : IDLE_STATE
283383 :
339404| IDLE_STATE
283384 : IDLE_ST
339410|ATE
283386 : IDLE_STATE
2833
339417|87 : IDLE_STATE
283388 : I
341435|285399 : IDLE_STATE

341442|285401 : SLEEP_STATE

342455|285949 : RX_STATE

342482|285954 : IDLE_STATE

342506|msg sent 

342533|286050 : TX_STATE

342560|286070 : IDLE_STATE

342584|286072 : IDLE_STATE
286073 :
342609| IDLE_STATE
286074 : IDLE_ST
342633|ATE
286076 : IDLE_STATE
2860
342660|77 : IDLE_STATE
286079 : IDL
342688|E_STATE
286080 : IDLE_STATE

342717|286082 : IDLE_STATE
286083 :
342739| IDLE_STATE
286084 : IDLE_ST
342762|ATE
286086 : IDLE_STATE
2860
342788|87 : IDLE_STATE
286089 : I
342817|287057 : RX_STATE

342837|287062 : IDLE_STATE

343865|287704 : IDLE_STATE

343875|287706 : SLEEP_STATE

344896|288659 : RX_STATE

344908|288663 : IDLE_STATE

344921|msg sent 

344934|288765 : TX_STATE

344946|288785 : IDLE_STATE

344960|288786 : IDLE_STATE
288788 :
344969| IDLE_STATE
288789 : IDLE_ST
344980|ATE
288791 : IDLE_STATE
2887
344991|92 : IDLE_STATE
288794 : IDL
344999|E_STATE
288795 : IDLE_STATE

345009|288796 : IDLE_STATE
288798 :
345017| IDLE_STATE
288799 : IDLE_ST
345028|ATE
288801 : IDLE_STATE
2888
345037|02 : IDLE_STATE
288803 : I
346056|289765 : RX_STATE

346078|289770 : IDLE_STATE

346101|290008 : IDLE_STATE

346116|290010 : SLEEP_STATE

348146|291362 : RX_STATE

348161|291366 : IDLE_STATE

348174|msg sent 

348182|291459 : TX_STATE

348196|291479 : IDLE_STATE

348213|291480 : IDLE_STATE
291482 :
348230| IDLE_STATE
291483 : IDLE_ST
348245|ATE
291485 : IDLE_STATE
2914
348262|86 : IDLE_STATE
291487 : IDL
348276|E_STATE
291489 : IDLE_STATE

348290|291490 : IDLE_STATE
291492 :
348307| IDLE_STATE
291493 : IDLE_ST
348319|ATE
291495 : IDLE_STATE
2914
348334|96 : IDLE_STATE
291497 : I
349356|292313 : IDLE_STATE

349367|292315 : SLEEP_STATE

349377|292463 : RX_STATE

349391|292468 : IDLE_STATE

350406|294053 : RX_STATE

350416|294057 : IDLE_STATE

351426|msg sent 

351441|294153 : TX_STATE

351456|294173 : IDLE_STATE

351471|294175 : IDLE_STATE
294176 :
351484| IDLE_STATE
294178 : IDLE_ST
351496|ATE
294179 : IDLE_STATE
2941
351509|81 : IDLE_STATE
294182 : IDL
351523|E_STATE
294184 : IDLE_STATE

351537|294185 : IDLE_STATE
294186 :
351550| IDLE_STATE
294188 : IDLE_ST
351563|ATE
294189 : IDLE_STATE
2941
351576|91 : IDLE_STATE
294192 : I
351585|294618 : IDLE_STATE

351598|294620 : SLEEP_STATE

351612|295161 : RX_STATE

351626|295166 : IDLE_STATE

353656|296757 : RX_STATE

353666|296762 : IDLE_STATE

353676|msg sent 

353687|296855 : TX_STATE

353697|296875 : IDLE_STATE

353708|296876 : IDLE_STATE
296878 :
353721| IDLE_STATE
296879 : IDLE_ST
353734|ATE
296881 : IDLE_STATE
2968
353747|82 : IDLE_STATE
296884 : IDL
353762|E_STATE
296885 : IDLE_STATE

353775|296886 : IDLE_STATE
296888 :
353787| IDLE_STATE
296889 : IDLE_ST
353801|ATE
296891 : IDLE_STATE
2968
353813|92 : IDLE_STATE
296894 : I
354837|297869 : RX_STATE

354853|297874 : IDLE_STATE

356887|299227 : IDLE_STATE

356899|299229 : SLEEP_STATE

356912|299454 : RX_STATE

356925|299458 : IDLE_STATE

356942|msg sent 

356957|299566 : TX_STATE

356973|299586 : IDLE_STATE

356989|299588 : IDLE_STATE
299589 :
357007| IDLE_STATE
299590 : IDLE_ST
357025|ATE
299592 : IDLE_STATE
2995
357040|93 : IDLE_STATE
299595 : IDL
357058|E_STATE
299596 : IDLE_STATE

357073|299598 : IDLE_STATE
299599 :
357087| IDLE_STATE
299600 : IDLE_ST
357109|ATE
299602 : IDLE_STATE
2996
357126|03 : IDLE_STATE
299605 : I
358147|300571 : RX_STATE

358155|300576 : IDLE_STATE

359167|301532 : IDLE_STATE

359183|301534 : SLEEP_STATE

359196|302151 : RX_STATE

359211|302155 : IDLE_STATE

360237|msg sent 

360247|302258 : TX_STATE

360263|302278 : IDLE_STATE

360276|302279 : IDLE_STATE
302281 :
360290| IDLE_STATE
302282 : IDLE_ST
360302|ATE
302284 : IDLE_STATE
3022
360313|85 : IDLE_STATE
302286 : IDL
360326|E_STATE
302288 : IDLE_STATE

360342|302289 : IDLE_STATE
302291 :
360356| IDLE_STATE
302292 : IDLE_ST
360370|ATE
302294 : IDLE_STATE
3022
360382|95 : IDLE_STATE
302296 : I
360397|303267 : RX_STATE

360410|303271 : IDLE_STATE

361428|303836 : IDLE_STATE

361438|303838 : SLEEP_STATE

362457|304850 : RX_STATE

362470|304855 : IDLE_STATE

362483|msg sent 

362498|304956 : TX_STATE

362510|304976 : IDLE_STATE

362524|304977 : IDLE_STATE
304979 :
362536| IDLE_STATE
304980 : IDLE_ST
362551|ATE
304982 : IDLE_STATE
3049
362564|83 : IDLE_STATE
304984 : IDL
362577|E_STATE
304986 : IDLE_STATE

362592|304987 : IDLE_STATE
304989 :
362683| IDLE_STATE
304990 : IDLE_ST
362698|ATE
304992 : IDLE_STATE
3049
362713|93 : IDLE_STATE
304994 : I
363728|305969 : RX_STATE

363744|305974 : IDLE_STATE

363758|306141 : IDLE_STATE

363769|306143 : SLEEP_STATE

365797|307556 : RX_STATE

365808|307561 : IDLE_STATE

365819|msg sent 

365826|307663 : TX_STATE

365836|307683 : IDLE_STATE

365848|307684 : IDLE_STATE
307686 :
365858| IDLE_STATE
307687 : IDLE_ST
365871|ATE
307689 : IDLE_STATE
3076
365880|90 : IDLE_STATE
307692 : IDL
365893|E_STATE
307693 : IDLE_STATE

365902|307694 : IDLE_STATE
307696 :
365914| IDLE_STATE
307697 : IDLE_ST
365929|ATE
307699 : IDLE_STATE
3077
365944|00 : IDLE_STATE
307701 : I
366957|308446 : IDLE_STATE

366972|308448 : SLEEP_STATE

366986|308671 : RX_STATE

367000|308676 : IDLE_STATE

