18048|IDLE_STATE
18241|IDLE_STATE
18278|SLEEP_STATE
18326|IDLE_STATE
18374|SLEEP_STATE
18420|IDLE_STATE
18451|SLEEP_STATE
18509|IDLE_STATE
18557|SLEEP_STATE
18612|IDLE_STATE
18669|SLEEP_STATE
18732|IDLE_STATE
18800|SLEEP_STATE
18878|IDLE_STATE
18919|SLEEP_STATE
18993|IDLE_STATE
19114|SLEEP_STATE
19135|IDLE_STATE
19222|SLEEP_STATE
19319|IDLE_STATE
19475|SLEEP_STATE
19578|IDLE_STATE
19679|SLEEP_STATE
19755|IDLE_STATE
19820|SLEEP_STATE
19908|IDLE_STATE
19967|SLEEP_STATE
20134|IDLE_STATE
20184|SLEEP_STATE
20256|IDLE_STATE
20308|SLEEP_STATE
20360|IDLE_STATE
20410|SLEEP_STATE
20457|IDLE_STATE
20519|SLEEP_STATE
20546|IDLE_STATE
20598|SLEEP_STATE
20655|IDLE_STATE
20715|SLEEP_STATE
20790|IDLE_STATE
20922|SLEEP_STATE
21017|IDLE_STATE
21055|SLEEP_STATE
21143|IDLE_STATE
21192|SLEEP_STATE
21237|IDLE_STATE
21298|SLEEP_STATE
21339|IDLE_STATE
21387|SLEEP_STATE
21457|IDLE_STATE
21581|SLEEP_STATE
21711|IDLE_STATE
21760|SLEEP_STATE
21832|IDLE_STATE
21904|SLEEP_STATE
21949|IDLE_STATE
21999|SLEEP_STATE
22072|IDLE_STATE
22112|SLEEP_STATE
22160|IDLE_STATE
22227|SLEEP_STATE
22350|IDLE_STATE
22453|SLEEP_STATE
22491|IDLE_STATE
22523|SLEEP_STATE
24569|IDLE_STATE
24587|SLEEP_STATE
26609|IDLE_STATE
26620|SLEEP_STATE
29659|IDLE_STATE
29713|SLEEP_STATE
31739|IDLE_STATE
31748|SLEEP_STATE
34789|IDLE_STATE
34803|SLEEP_STATE
36830|IDLE_STATE
36836|SLEEP_STATE
39870|IDLE_STATE
39880|SLEEP_STATE
41910|IDLE_STATE
41920|SLEEP_STATE
44950|IDLE_STATE
44963|SLEEP_STATE
46990|IDLE_STATE
47002|SLEEP_STATE
47012|TX_STATE
47024|IDLE_STATE
50061|IDLE_STATE
50068|SLEEP_STATE
52091|IDLE_STATE
52106|SLEEP_STATE
54131|IDLE_STATE
54145|SLEEP_STATE
57181|IDLE_STATE
57195|SLEEP_STATE
59231|IDLE_STATE
59245|SLEEP_STATE
62281|IDLE_STATE
62289|SLEEP_STATE
64312|IDLE_STATE
64322|SLEEP_STATE
67362|IDLE_STATE
67372|SLEEP_STATE
69402|IDLE_STATE
69452|SLEEP_STATE
72492|IDLE_STATE
72500|SLEEP_STATE
74522|IDLE_STATE
74532|SLEEP_STATE
76553|RX_STATE
76559|IDLE_STATE
76566|TX_STATE
76573|IDLE_STATE
76579|RX_STATE
76586|IDLE_STATE
76593|TX_STATE
76603|IDLE_STATE
76611|IDLE_STATE
76618|SLEEP_STATE
79653|IDLE_STATE
79661|SLEEP_STATE
81693|IDLE_STATE
81702|SLEEP_STATE
84733|IDLE_STATE
84745|SLEEP_STATE
86773|IDLE_STATE
86784|SLEEP_STATE
89824|IDLE_STATE
89838|SLEEP_STATE
91874|IDLE_STATE
91935|SLEEP_STATE
95004|IDLE_STATE
95015|SLEEP_STATE
97044|IDLE_STATE
97054|SLEEP_STATE
99074|IDLE_STATE
99086|SLEEP_STATE
102125|IDLE_STATE
102131|SLEEP_STATE
104155|IDLE_STATE
104165|SLEEP_STATE
106195|RX_STATE
106204|IDLE_STATETX_STATE
106216|IDLE_STATE
106229|RX_STATE
106244|IDLE_STATE
106256|TX_STATE
106270|IDLE_STATE
106284|RX_STATE
106296|IDLE_STATE
106310|TX_STATE
106324|IDLE_STATE
107345|IDLE_STATE
107357|SLEEP_STATE
109385|IDLE_STATE
109397|SLEEP_STATE
112435|IDLE_STATE
112444|SLEEP_STATE
114476|IDLE_STATE
114487|SLEEP_STATE
117526|IDLE_STATE
117533|SLEEP_STATE
119556|IDLE_STATE
119562|SLEEP_STATE
121586|IDLE_STATE
121592|SLEEP_STATE
124626|IDLE_STATE
124640|SLEEP_STATE
126666|IDLE_STATE
126682|SLEEP_STATE
129717|IDLE_STATE
129728|SLEEP_STATE
131747|IDLE_STATE
131758|SLEEP_STATE
134797|IDLE_STATE
134803|SLEEP_STATE
134814|RX_STATE
134827|IDLE_STATE
134839|TX_STATE
134852|IDLE_STATE
135867|RX_STATE
135877|IDLE_STATE
135890|TX_STATE
135907|IDLE_STATE
136928|IDLE_STATE
136941|SLEEP_STATE
139978|IDLE_STATE
139987|SLEEP_STATE
142008|IDLE_STATE
142018|SLEEP_STATE
145048|IDLE_STATE
145059|SLEEP_STATE
147098|IDLE_STATE
147115|SLEEP_STATE
149148|IDLE_STATE
149157|SLEEP_STATE
152198|IDLE_STATE
152206|SLEEP_STATE
154229|IDLE_STATE
154236|SLEEP_STATE
157269|IDLE_STATE
157300|SLEEP_STATE
159359|IDLE_STATE
159372|SLEEP_STATE
162409|IDLE_STATE
162421|SLEEP_STATE
164449|RX_STATE
164463|IDLE_STATE
164480|TX_STATE
164496|SLEEP_STATE
164520|IDLE_STATE
164538|RX_STATE
164560|IDLE_STATE
164579|RX_STATE
164599|IDLE_STATE
164615|TX_STATE
164634|IDLE_STATE
166670|IDLE_STATE
166686|SLEEP_STATE
169730|IDLE_STATE
169738|SLEEP_STATE
171760|IDLE_STATE
171767|SLEEP_STATE
174800|IDLE_STATE
174808|SLEEP_STATE
176830|IDLE_STATE
176839|SLEEP_STATE
179871|IDLE_STATE
179884|SLEEP_STATE
181911|IDLE_STATE
181925|SLEEP_STATE
184961|IDLE_STATE
184970|SLEEP_STATE
186991|IDLE_STATE
187000|SLEEP_STATE
190031|IDLE_STATE
190069|SLEEP_STATE
192102|IDLE_STATE
192110|SLEEP_STATE
194142|RX_STATE
194154|IDLE_STATE
194165|TX_STATE
194177|IDLE_STATE
194187|RX_STATE
194197|IDLE_STATETX_STATE
194204|IDLE_STATE
194215|IDLE_STATE
194224|SLEEP_STATE
197262|IDLE_STATE
197275|SLEEP_STATE
199307|IDLE_STATE
199323|SLEEP_STATE
202352|IDLE_STATE
202364|SLEEP_STATE
204383|IDLE_STATE
204391|SLEEP_STATE
207423|IDLE_STATE
207436|SLEEP_STATE
209463|IDLE_STATE
209474|SLEEP_STATE
212513|IDLE_STATE
212525|SLEEP_STATE
214553|IDLE_STATE
214562|SLEEP_STATE
216584|IDLE_STATE
216593|SLEEP_STATE
219624|IDLE_STATE
219633|SLEEP_STATE
221654|IDLE_STATE
221667|SLEEP_STATE
222684|RX_STATE
222693|IDLE_STATE
222701|TX_STATE
222709|IDLE_STATE
223725|RX_STATE
223750|IDLE_STATE
223794|TX_STATE
223844|IDLE_STATE
223881|RX_STATE
223930|IDLE_STATE
223966|TX_STATE
223984|IDLE_STATE
225034|IDLE_STATE
225052|SLEEP_STATE
227084|IDLE_STATE
227097|SLEEP_STATE
229124|IDLE_STATE
229133|SLEEP_STATE
232165|IDLE_STATE
232180|SLEEP_STATE
234205|IDLE_STATE
234212|SLEEP_STATE
237245|IDLE_STATE
237253|SLEEP_STATE
239275|IDLE_STATE
239286|SLEEP_STATE
242326|IDLE_STATE
242339|SLEEP_STATE
244356|IDLE_STATE
244365|SLEEP_STATE
247396|IDLE_STATE
247404|SLEEP_STATE
249426|IDLE_STATE
249436|SLEEP_STATE
252476|IDLE_STATE
252483|SLEEP_STATE
252490|RX_STATE
252496|IDLE_STATE
252502|TX_STATE
252508|IDLE_STATE
252515|RX_STATE
252523|IDLE_STATE
252529|TX_STATE
252535|IDLE_STATE
254556|IDLE_STATE
254568|SLEEP_STATE
256587|IDLE_STATE
256607|SLEEP_STATE
259697|IDLE_STATE
259706|SLEEP_STATE
261727|IDLE_STATE
261734|SLEEP_STATE
264767|IDLE_STATE
264783|SLEEP_STATE
266807|IDLE_STATE
266820|SLEEP_STATE
269858|IDLE_STATE
269877|SLEEP_STATE
271898|IDLE_STATE
271917|SLEEP_STATE
274948|IDLE_STATE
274957|SLEEP_STATE
276988|IDLE_STATE
276996|SLEEP_STATE
280028|IDLE_STATE
280047|SLEEP_STATE
282069|RX_STATE
282079|IDLE_STATE
282091|TX_STATE
282097|IDLE_STATE
282105|RX_STATE
282112|IDLE_STATE
282119|TX_STATE
282125|IDLE_STATE
282134|IDLE_STATE
282144|SLEEP_STATE
284169|IDLE_STATE
284175|SLEEP_STATE
287209|IDLE_STATE
287218|SLEEP_STATE
289239|IDLE_STATE
289254|SLEEP_STATE
292289|IDLE_STATE
292304|SLEEP_STATE
294340|IDLE_STATE
294349|SLEEP_STATE
297390|IDLE_STATE
297398|SLEEP_STATE
299430|IDLE_STATE
299440|SLEEP_STATE
302480|IDLE_STATE
302491|SLEEP_STATE
304520|IDLE_STATE
304528|SLEEP_STATE
307561|IDLE_STATE
307570|SLEEP_STATE
309601|IDLE_STATE
309625|SLEEP_STATE
310641|RX_STATE
310651|IDLE_STATE
310660|TX_STATE
310666|IDLE_STATE
310674|RX_STATE
311681|IDLE_STATE
311694|TX_STATE
311705|IDLE_STATE
311719|IDLE_STATE
311733|SLEEP_STATE
314781|IDLE_STATE
314788|SLEEP_STATE
316811|IDLE_STATE
316822|SLEEP_STATE
319862|IDLE_STATE
319870|SLEEP_STATE
321892|IDLE_STATE
321901|SLEEP_STATE
324942|IDLE_STATE
324959|SLEEP_STATE
326992|IDLE_STATE
327006|SLEEP_STATE
330042|IDLE_STATE
330052|SLEEP_STATE
332082|IDLE_STATE
332092|SLEEP_STATE
334113|IDLE_STATE
334120|SLEEP_STATE
337153|IDLE_STATE
337163|SLEEP_STATE
339183|IDLE_STATE
339191|SLEEP_STATE
340203|RX_STATE
340212|IDLE_STATE
340222|TX_STATE
340235|IDLE_STATE
340246|RX_STATE
340258|IDLE_STATE
342283|IDLE_STATE
342293|SLEEP_STATE
344313|IDLE_STATE
344322|SLEEP_STATE
347364|IDLE_STATE
347372|SLEEP_STATE
349394|IDLE_STATE
349404|SLEEP_STATE
352444|IDLE_STATE
352457|SLEEP_STATE
354474|IDLE_STATE
354484|SLEEP_STATE
357514|IDLE_STATE
357531|SLEEP_STATE
359565|IDLE_STATE
359574|SLEEP_STATE
361595|IDLE_STATE
361603|SLEEP_STATE
364635|IDLE_STATE
364649|SLEEP_STATE
366685|IDLE_STATE
366701|SLEEP_STATE
369735|IDLE_STATE
369748|SLEEP_STATE
369762|RX_STATE
369777|IDLE_STATE
369790|TX_STATEID
369803|LE_STATE
369820|RX_STATEID
369833|LE_STATE
369848|RX_STATEID
369862|LE_STATE
369877|TX_STATEID
371906|LE_STATEID
371915|LE_STATESLE
374956|EP_STATEID
374965|LE_STATESLE
376986|EP_STATEID
376995|LE_STATESLE
380026|EP_STATEID
380037|LE_STATESLE
382056|EP_STATEID
382063|LE_STATESLE
384087|EP_STATEID
384094|LE_STATESLE
387127|EP_STATEID
387141|LE_STATESLE
389167|EP_STATEID
389179|LE_STATESLE
392227|EP_STATEID
392236|LE_STATESLE
394262|EP_STATEID
394270|LE_STATESLE
397298|EP_STATEID
397306|LE_STATESLE
399328|EP_STATE
399340|TX_STATEID
399348|LE_STATE
399356|RX_STATEIDLE_STATE
399364|TX_STATEID
399374|LE_STATEID
399387|LE_STATESLE
402428|EP_STATEID
402434|LE_STATESLE
404458|EP_STATEID
404468|LE_STATESLE
407498|EP_STATEID
407506|LE_STATESLE
409528|EP_STATEID
409543|LE_STATESLE
412579|EP_STATEID
412590|LE_STATESLE
414619|EP_STATEID
414625|LE_STATESLE
416649|EP_STATEID
416657|LE_STATESLE
419689|EP_STATEID
419701|LE_STATESLE
421729|EP_STATEID
421744|LE_STATESLE
424780|EP_STATEID
424800|LE_STATESLE
426830|EP_STATEID
426844|LE_STATESLE
427860|EP_STATE
427869|RX_STATEID
427885|LE_STATE
427898|TX_STATEID
427910|LE_STATE
427921|RX_STATEID
429950|LE_STATEID
429956|LE_STATESLE
431980|EP_STATEID
431988|LE_STATESLE
435020|EP_STATEID
435028|LE_STATESLE
437051|EP_STATEID
437061|LE_STATESLE
439081|EP_STATEID
440091|LE_STATESLE
442121|EP_STATEID
442129|LE_STATESLE
444151|EP_STATEID
444158|LE_STATESLE
447191|EP_STATEID
447203|LE_STATESLE
449222|EP_STATEID
449234|LE_STATESLE
452272|EP_STATEID
452279|LE_STATESLE
454302|EP_STATEID
454346|LE_STATESLE
457382|EP_STATEID
457399|LE_STATESLE
457420|EP_STATE
457443|RX_STATEID
457460|LE_STATE
457478|TX_STATEID
457499|LE_STATE
457517|RX_STATEID
457534|LE_STATE
457551|TX_STATEID
459592|LE_STATEID
459600|LE_STATESLE
461623|EP_STATEID
461630|LE_STATESLE
464663|EP_STATEID
464670|LE_STATESLE
466693|EP_STATEID
466702|LE_STATESLE
469743|EP_STATEID
469758|LE_STATESLE
471783|EP_STATEID
471793|LE_STATESLE
474834|EP_STATEID
474841|LE_STATESLE
476864|EP_STATEID
476872|LE_STATESLE
479914|EP_STATEID
479922|LE_STATESLE
481944|EP_STATEID
481952|LE_STATESLE
484984|EP_STATEID
484995|LE_STATESLE
487025|EP_STATE
487033|RX_STATEID
487044|LE_STATE
487056|TX_STATEID
487063|LE_STATE
487075|RX_STATEID
487086|LE_STATE
487097|TX_STATEID
487108|LE_STATEID
487119|LE_STATESLE
489145|EP_STATEID
489153|LE_STATESLE
492185|EP_STATEID
492205|LE_STATESLE
494245|EP_STATEID
494257|LE_STATESLE
497295|EP_STATEID
497302|LE_STATESLE
499326|EP_STATEID
499331|LE_STATESLE
502366|EP_STATEID
502373|LE_STATESLE
504396|EP_STATEID
504403|LE_STATESLE
507436|EP_STATEID
507449|LE_STATESLE
509476|EP_STATEID
509484|LE_STATESLE
512517|EP_STATEID
512527|LE_STATESLE
514547|EP_STATEID
514555|LE_STATESLE
516577|EP_STATE
516588|RX_STATEIDLE_STATE
516600|TX_STATEID
516612|LE_STATE
516625|RX_STATEID
516636|LE_STATE
516646|TX_STATEID
516658|LE_STATEID
516667|LE_STATESLE
519697|EP_STATEID
519711|LE_STATESLE
521737|EP_STATEID
521749|LE_STATESLE
524787|EP_STATEID
524848|LE_STATESLE
526898|EP_STATEID
526904|LE_STATESLE
529938|EP_STATEID
529946|LE_STATESLE
531968|EP_STATEID
531976|LE_STATESLE
535008|EP_STATEID
535019|LE_STATESLE
537048|EP_STATEID
537060|LE_STATESLE
539089|EP_STATEID
539103|LE_STATESLE
542139|EP_STATEID
542146|LE_STATESLE
544169|EP_STATEID
544177|LE_STATESLE
545189|EP_STATE
545203|RX_STATEID
545216|LE_STATE
545228|TX_STATEID
545239|LE_STATE
545252|RX_STATEIDLE_STATE
545263|TX_STATEID
547289|LE_STATEID
547303|LE_STATESLE
549329|EP_STATEID
549338|LE_STATESLE
552370|EP_STATEID
552380|LE_STATESLE
554400|EP_STATEID
554411|LE_STATESLE
557450|EP_STATEID
557480|LE_STATESLE
559510|EP_STATEID
559522|LE_STATESLE
562560|EP_STATEID
562571|LE_STATESLE
564601|EP_STATEID
564610|LE_STATESLE
566641|EP_STATEID
566652|LE_STATESLE
569691|EP_STATEID
569698|LE_STATESLE
571721|EP_STATEID
571733|LE_STATESLE
574771|EP_STATEID
574781|LE_STATESLE
574793|EP_STATE
574807|RX_STATEID
574820|LE_STATE
574831|TX_STATEID
574843|LE_STATE
574856|RX_STATEID
574870|LE_STATE
574886|TX_STATEID
576912|LE_STATEID
576924|LE_STATESLE
579962|EP_STATEID
579979|LE_STATESLE
582002|EP_STATEID
582009|LE_STATESLE
585042|EP_STATEID
585055|LE_STATESLE
587082|EP_STATEID
587089|LE_STATESLE
589123|EP_STATEID
589131|LE_STATESLE
592163|EP_STATEID
592179|LE_STATESLE
594213|EP_STATEID
594220|LE_STATESLE
597253|EP_STATEID
597268|LE_STATESLE
599303|EP_STATEID
599317|LE_STATESLE
602354|EP_STATEID
602363|LE_STATESLE
604394|EP_STATE
604403|RX_STATEIDLE_STATE
604410|TX_STATEID
604416|LE_STATE
604423|RX_STATEID
604430|LE_STATE
604437|TX_STATEID
604444|LE_STATEID
604453|LE_STATESLE
607484|EP_STATEID
607495|LE_STATESLE
609524|EP_STATEID
609530|LE_STATESLE
612564|EP_STATEID
612574|LE_STATESLE
614595|EP_STATEID
614604|LE_STATESLE
616635|EP_STATEID
616644|LE_STATESLE
619675|EP_STATEID
619685|LE_STATESLE
621705|EP_STATEID
621716|LE_STATESLE
624755|EP_STATEID
624769|LE_STATESLE
626796|EP_STATEID
626811|LE_STATESLE
629846|EP_STATEID
629852|LE_STATESLE
631876|EP_STATEID
631883|LE_STATESLE
632896|EP_STATE
632906|RX_STATEID
632916|LE_STATE
632930|TX_STATEID
632947|LE_STATE
632962|RX_STATEIDLE_STATE
632973|TX_STATEID
635006|LE_STATEID
635018|LE_STATESLE
637046|EP_STATEID
637057|LE_STATESLE
639087|EP_STATEID
640096|LE_STATESLE
642117|EP_STATEID
642124|LE_STATESLE
644147|EP_STATEID
644157|LE_STATESLE
647197|EP_STATEID
647211|LE_STATESLE
649237|EP_STATEID
649248|LE_STATESLE
652288|EP_STATEID
652322|LE_STATESLE
654348|EP_STATEID
654354|LE_STATESLE
657388|EP_STATEID
657404|LE_STATESLE
659428|EP_STATEID
659440|LE_STATESLE
662478|EP_STATEID
662489|LE_STATESLE
662498|EP_STATE
662511|RX_STATEID
662521|LE_STATE
662530|TX_STATEID
662537|LE_STATE
662544|RX_STATEID
662554|LE_STATE
662564|TX_STATEID
664588|LE_STATEID
664608|LE_STATESLE
666629|EP_STATEID
666638|LE_STATESLE
669679|EP_STATEID
669689|LE_STATESLE
671709|EP_STATEID
671722|LE_STATESLE
674759|EP_STATEID
674772|LE_STATESLE
676799|EP_STATEID
676816|LE_STATESLE
679860|EP_STATEID
679866|LE_STATESLE
681890|EP_STATEID
681903|LE_STATESLE
684940|EP_STATEID
684952|LE_STATESLE
686980|EP_STATEID
686989|LE_STATESLE
690020|EP_STATEID
690033|LE_STATESLE
692067|EP_STATE
692081|RX_STATEID
692103|LE_STATE
692131|TX_STATEID
692159|LE_STATE
692180|RX_STATEID
692200|LE_STATEID
692215|LE_STATESLE
694251|EP_STATEID
694267|LE_STATESLE
697301|EP_STATEID
697311|LE_STATESLE
699341|EP_STATEID
699353|LE_STATESLE
702391|EP_STATEID
702400|LE_STATESLE
704421|EP_STATEID
704429|LE_STATESLE
707532|EP_STATEID
707545|LE_STATESLE
709572|EP_STATEID
709581|LE_STATESLE
711612|EP_STATEID
711618|LE_STATESLE
714652|EP_STATEID
714661|LE_STATESLE
716682|EP_STATEID
716692|LE_STATESLE
719723|EP_STATEID
719734|LE_STATESLE
720753|EP_STATE
720771|RX_STATEIDLE_STATE
720780|TX_STATEID
721793|LE_STATE
721808|RX_STATEID
721825|LE_STATE
721839|TX_STATEID
721853|LE_STATEID
721878|LE_STATESLE
724930|EP_STATEID
724951|LE_STATESLE
726993|EP_STATEID
727003|LE_STATESLE
730033|EP_STATEID
730043|LE_STATESLE
732064|EP_STATEID
732071|LE_STATESLE
734094|EP_STATEID
734105|LE_STATESLE
737144|EP_STATEID
737156|LE_STATESLE
739184|EP_STATEID
739198|LE_STATESLE
742234|EP_STATEID
742246|LE_STATESLE
744275|EP_STATEID
744281|LE_STATESLE
747315|EP_STATEID
747329|LE_STATESLE
749355|EP_STATEID
749363|LE_STATESLE
750375|EP_STATE
750387|RX_STATEID
750399|LE_STATE
750408|TX_STATEID
750419|LE_STATE
750429|RX_STATEID
750441|LE_STATE
750454|TX_STATEID
752475|LE_STATEID
752482|LE_STATESLE
754505|EP_STATEID
754511|LE_STATESLE
757546|EP_STATEID
757563|LE_STATESLE
759586|EP_STATEID
759600|LE_STATESLE
761636|EP_STATEID
761647|LE_STATESLE
764686|EP_STATEID
764695|LE_STATESLE
766716|EP_STATEID
766723|LE_STATESLE
769757|EP_STATEID
769771|LE_STATESLE
771797|EP_STATEID
771808|LE_STATESLE
774847|EP_STATEID
774854|LE_STATESLE
776877|EP_STATEID
776886|LE_STATESLE
779917|EP_STATEID
779926|LE_STATESLE
779936|EP_STATE
779947|RX_STATEID
779959|LE_STATE
779973|TX_STATEID
779988|LE_STATE
780000|RX_STATEID
780013|LE_STATE
780028|TX_STATEID
782057|LE_STATEID
782066|LE_STATESLE
784088|EP_STATEID
784098|LE_STATESLE
787128|EP_STATEID
787142|LE_STATESLE
789168|EP_STATEID
789189|LE_STATESLE
792238|EP_STATEID
792252|LE_STATESLE
794278|EP_STATEID
794290|LE_STATESLE
797319|EP_STATEID
797333|LE_STATESLE
799359|EP_STATEID
799371|LE_STATESLE
802409|EP_STATEID
802422|LE_STATESLE
804449|EP_STATEID
804462|LE_STATESLE
807499|EP_STATEID
807512|LE_STATESLE
809540|EP_STATE
809552|RX_STATEIDLE_STATE
809562|TX_STATEID
809571|LE_STATE
809583|RX_STATEID
809592|LE_STATE
809602|TX_STATEID
809613|LE_STATEID
809622|LE_STATESLE
811650|EP_STATEID
811659|LE_STATESLE
814690|EP_STATEID
814703|LE_STATESLE
816730|EP_STATEID
816738|LE_STATESLE
819780|EP_STATEID
819801|LE_STATESLE
821831|EP_STATEID
821839|LE_STATESLE
824881|EP_STATEID
824895|LE_STATESLE
826921|EP_STATEID
826929|LE_STATESLE
829961|EP_STATEID
829969|LE_STATESLE
831991|EP_STATEID
831999|LE_STATESLE
835032|EP_STATEID
835041|LE_STATESLE
837072|EP_STATEID
837085|LE_STATESLE
838102|EP_STATE
838107|RX_STATEID
838115|LE_STATE
838123|TX_STATEID
838131|LE_STATE
838137|RX_STATEID
838143|LE_STATE
838150|TX_STATEID
839162|LE_STATEID
839169|LE_STATESLE
842202|EP_STATEID
842214|LE_STATESLE
844242|EP_STATEID
844251|LE_STATESLE
847283|EP_STATEID
847294|LE_STATESLE
849323|EP_STATEID
849336|LE_STATESLE
852373|EP_STATEID
852380|LE_STATESLE
854403|EP_STATEID
854414|LE_STATESLE
857454|EP_STATEID
857467|LE_STATESLE
859494|EP_STATEID
859506|LE_STATESLE
862544|EP_STATEID
862551|LE_STATESLE
864574|EP_STATEID
864580|LE_STATESLE
866604|EP_STATEID
866617|LE_STATESLE
867634|EP_STATE
867642|RX_STATEID
867654|LE_STATE
867665|TX_STATEID
867675|LE_STATE
867712|RX_STATEID
867726|LE_STATE
867738|TX_STATEID
869764|LE_STATEID
869772|LE_STATESLE
871795|EP_STATEID
871808|LE_STATESLE
874845|EP_STATEID
874855|LE_STATESLE
876885|EP_STATEID
876894|LE_STATESLE
879935|EP_STATEID
879944|LE_STATESLE
881965|EP_STATEID
881977|LE_STATESLE
885016|EP_STATEID
885022|LE_STATESLE
887046|EP_STATEID
887060|LE_STATESLE
890096|EP_STATEID
890108|LE_STATESLE
892136|EP_STATEID
892146|LE_STATESLE
894166|EP_STATEID
894174|LE_STATESLE
897206|EP_STATE
897216|RX_STATEID
897228|LE_STATE
897242|TX_STATEID
897255|LE_STATEID
897269|LE_STATESLE
897284|EP_STATE
897294|RX_STATEID
897302|LE_STATE
897314|TX_STATEID
899347|LE_STATEID
899354|LE_STATESLE
902387|EP_STATEID
902397|LE_STATESLE
904427|EP_STATEID
904439|LE_STATESLE
907477|EP_STATEID
907490|LE_STATESLE
909517|EP_STATEID
909525|LE_STATESLE
912558|EP_STATEID
912568|LE_STATESLE
914598|EP_STATEID
914606|LE_STATESLE
916628|EP_STATEID
916634|LE_STATESLE
919668|EP_STATEID
919689|LE_STATESLE
921718|EP_STATEID
921738|LE_STATESLE
924789|EP_STATEID
924816|LE_STATESLE
925839|EP_STATE
925850|RX_STATEIDLE_STATE
925863|TX_STATEID
926879|LE_STATE
926886|RX_STATEID
926893|LE_STATE
926900|TX_STATEID
926907|LE_STATE
926914|RX_STATEID
926922|LE_STATE
926929|TX_STATEID
926935|LE_STATEID
926942|LE_STATESLE
929980|EP_STATEID
929990|LE_STATESLE
932019|EP_STATEID
932035|LE_STATESLE
935069|EP_STATEID
935078|LE_STATESLE
937100|EP_STATEID
937115|LE_STATESLE
939140|EP_STATEID
939154|LE_STATESLE
942190|EP_STATEID
942207|LE_STATESLE
944230|EP_STATEID
944237|LE_STATESLE
947270|EP_STATEID
947279|LE_STATESLE
949301|EP_STATEID
949307|LE_STATESLE
952341|EP_STATEID
952347|LE_STATESLE
954371|EP_STATEID
954379|LE_STATESLE
955392|EP_STATE
955418|RX_STATEID
955447|LE_STATE
955480|TX_STATEID
955506|LE_STATE
955537|RX_STATEID
955558|LE_STATE
955573|TX_STATEID
956602|LE_STATEID
956621|LE_STATESLE
959661|EP_STATEID
959674|LE_STATESLE
961701|EP_STATEID
961711|LE_STATESLE
964742|EP_STATEID
964748|LE_STATESLE
966772|EP_STATEID
966779|LE_STATESLE
969812|EP_STATEID
969823|LE_STATESLE
971852|EP_STATEID
971863|LE_STATESLE
974902|EP_STATEID
974914|LE_STATESLE
976943|EP_STATEID
976954|LE_STATESLE
979993|EP_STATEID
980001|LE_STATESLE
982023|EP_STATEID
982034|LE_STATESLE
985073|EP_STATEID
985081|LE_STATESLE
985093|EP_STATE
985110|RX_STATEID
985122|LE_STATE
985133|TX_STATEID
985143|LE_STATE
985154|RX_STATEID
985169|LE_STATE
985182|TX_STATEID
987203|LE_STATEID
987213|LE_STATESLE
989244|EP_STATEID
989264|LE_STATESLE
992304|EP_STATEID
992317|LE_STATESLE
994344|EP_STATEID
994356|LE_STATESLE
997394|EP_STATEID
997406|LE_STATESLE
999434|EP_STATEID
999450|LE_STATESLE
1002495|EP_STATEID
1002504|LE_STATESLE
1004525|EP_STATEID
1004535|LE_STATESLE
1007565|EP_STATEID
1007580|LE_STATESLE
1009615|EP_STATEID
1009626|LE_STATESLE
1011655|EP_STATEID
1011666|LE_STATESLE
1013696|EP_STATE
1013709|RX_STATEID
1013719|LE_STATE
1013732|TX_STATEID
1014746|LE_STATE
1014753|RX_STATEID
1014763|LE_STATE
1014775|TX_STATEID
1014788|LE_STATEID
1014797|LE_STATESLE
1016826|EP_STATEID
1016834|LE_STATESLE
1019866|EP_STATEID
1019875|LE_STATESLE
1021896|EP_STATEID
1021903|LE_STATESLE
1024946|EP_STATEID
1024971|LE_STATESLE
1027007|EP_STATEID
1027024|LE_STATESLE
1030057|EP_STATEID
1030069|LE_STATESLE
1032097|EP_STATEID
1032105|LE_STATESLE
1034137|EP_STATEID
1034147|LE_STATESLE
1037187|EP_STATEID
1037196|LE_STATESLE
1039218|EP_STATEID
1039229|LE_STATESLE
1042268|EP_STATEID
1042273|LE_STATESLE
1043289|EP_STATE
1043298|RX_STATEID
1043310|LE_STATE
1043324|TX_STATEID
1043334|LE_STATE
1043345|RX_STATEID
1044358|LE_STATEID
1044367|LE_STATESLE
1047398|EP_STATEID
1047407|LE_STATESLE
1049438|EP_STATEID
1049451|LE_STATESLE
1052489|EP_STATEID
1052496|LE_STATESLE
1054519|EP_STATEID
1054533|LE_STATESLE
1057569|EP_STATEID
1057584|LE_STATESLE
1059609|EP_STATEID
1059619|LE_STATESLE
1061649|EP_STATEID
1061657|LE_STATESLE
1064690|EP_STATEID
1064701|LE_STATESLE
1066730|EP_STATEID
1066739|LE_STATESLE
1069780|EP_STATEID
1069787|LE_STATESLE
1071810|EP_STATEID
1071825|LE_STATESLE
1072850|EP_STATE
1072863|RX_STATEIDLE_STATE
1072871|TX_STATEID
1072893|LE_STATE
1072921|RX_STATEID
1072935|LE_STATETX
1072957|_STATEID
1072981|LE_STATERX_STATEID
1073007|LE_STATETX
1075040|_STATEIDLE
1075048|_STATEIDLE_
1077070|STATESLEEP
1077086|_STATEIDLE_
1079111|STATESLEEP
1079120|_STATEIDLE_
1082151|STATESLEEP
1082162|_STATEIDLE_
1084191|STATESLEEP
1084199|_STATEIDLE_
1087231|STATESLEEP
1087239|_STATEIDLE_
1089261|STATESLEEP
1089276|_STATEIDLE_
1092312|STATESLEEP
1092321|_STATEIDLE_
1094352|STATESLEEP
1094360|_STATEIDLE_
1097392|STATESLEEP
1097406|_STATEIDLE_
1099432|STATESLEEP
1099444|_STATEIDLE_
1102482|STATESLE
1102490|EP_STATERX
1102504|_STATEIDLE
1102514|_STATEIDLE_STATESLE
1102525|EP_STATETX
1102534|_STATEID
1102548|LE_STATERX_STATEID
1102559|LE_STATETX
1104593|_STATEIDLE
1104601|_STATEIDLE_
1106623|STATESLEEP
1106632|_STATEIDLE_
1109663|STATESLEEP
1109671|_STATEIDLE_
1111693|STATESLEEP
1111700|_STATEIDLE_
1114733|STATESLEEP
1114747|_STATEIDLE_
1116774|STATESLEEP
1116784|_STATEIDLE_
1119824|STATESLEEP
1119830|_STATEIDLE_
1121854|STATESLEEP
1121866|_STATEIDLE_
1124904|STATESLEEP
1124913|_STATEIDLE_
1126934|STATESLEEP
1126940|_STATEIDLE_
1129975|STATESLEEP
1129984|_STATEIDLE_
1131005|STATESLE
1131011|EP_STATERX
1131020|_STATEID
1131027|LE_STATETX
1131032|_STATEID
1131039|LE_STATERX
1131047|_STATEID
1131060|LE_STATETX
1131067|_STATEID
1131074|LE_STATERX_STATEID
1131081|LE_STATETX
1132095|_STATEIDLE
1132108|_STATEIDLE_
1134135|STATESLEEP
1134147|_STATEIDLE_
1137185|STATESLEEP
1137193|_STATEIDLE_
1139215|STATESLEEP
1139224|_STATEIDLE_
1142256|STATESLEEP
1142266|_STATEIDLE_
1144296|STATESLEEP
1144303|_STATEIDLE_
1147336|STATESLEEP
1147354|_STATEIDLE_
1149376|STATESLEEP
1149388|_STATEIDLE_
1152426|STATESLEEP
1152432|_STATEIDLE_
1154457|STATESLEEP
1154465|_STATEIDLE_
1157497|STATESLEEP
1157503|_STATEIDLE_
1159527|STATESLEEP
1159537|_STATEIDLE_
1160558|STATESLE
1160573|EP_STATERX
1160584|_STATEID
1160595|LE_STATETX
1160607|_STATEID
1160619|LE_STATERX_STATEID
1160630|LE_STATETX
1161647|_STATEIDLE
1161656|_STATEIDLE_
1164697|STATESLEEP
1164703|_STATEIDLE_
1166727|STATESLEEP
1166736|_STATEIDLE_
1169768|STATESLEEP
1169776|_STATEIDLE_
1171798|STATESLEEP
1171805|_STATEIDLE_
1174838|STATESLEEP
1174854|_STATEIDLE_
1176888|STATESLEEP
1176899|_STATEIDLE_
1179938|STATESLEEP
1179953|_STATEIDLE_
1181979|STATESLEEP
1181989|_STATEIDLE_
1185029|STATESLEEP
1185040|_STATEIDLE_
1187069|STATESLEEP
1187080|_STATEIDLE_
1189109|STATESLEEP
1189121|_STATEIDLE_
1190139|STATESLE
1190147|EP_STATERX
1190160|_STATEID
1190170|LE_STATETX
1190181|_STATEID
1190191|LE_STATERX
1190203|_STATEID
1190213|LE_STATETX
1192239|_STATEIDLE
1192253|_STATEIDLE_
1194290|STATESLEEP
1194298|_STATEIDLE_
1197340|STATESLEEP
1197348|_STATEIDLE_
1199370|STATESLEEP
1199380|_STATEIDLE_
1202410|STATESLEEP
1202420|_STATEIDLE_
1204451|STATESLEEP
1204465|_STATEIDLE_
1207501|STATESLEEP
1207510|_STATEIDLE_
1209531|STATESLEEP
1209539|_STATEIDLE_
1212581|STATESLEEP
1212688|_STATEIDLE_
1214721|STATESLEEP
1214731|_STATEIDLE_
1216751|STATESLEEP
1216762|_STATEIDLE_
1218791|STATESLE
1218800|EP_STATERX
1218808|_STATEID
1218817|LE_STATETX
1219832|_STATEIDLE
1219842|_STATEIDLE_
1221872|STATESLEEP
1221889|_STATEIDLE_
1224932|STATESLEEP
1224941|_STATEIDLE_
1226972|STATESLEEP
1226985|_STATEIDLE_
1230022|STATESLEEP
1230029|_STATEIDLE_
1232052|STATESLEEP
1232069|_STATEIDLE_
1235103|STATESLEEP
1235114|_STATEIDLE_
1237143|STATESLEEP
1237154|_STATEIDLE_
1239183|STATESLEEP
1239196|_STATEIDLE_
1242233|STATESLEEP
1242242|_STATEIDLE_
1244263|STATESLEEP
1244272|_STATEIDLE_
1247304|STATESLEEP
1247313|_STATEIDLE_
1248334|STATESLE
1248347|EP_STATETX
1248365|_STATEID
1248383|LE_STATERX
1248400|_STATEID
1248415|LE_STATETX
1249434|_STATEIDLE
1249441|_STATEIDLE_
1252474|STATESLEEP
1252486|_STATEIDLE_
1254514|STATESLEEP
1254527|_STATEIDLE_
1257567|STATESLEEP
1257593|_STATEIDLE_
1259635|STATESLEEP
1259642|_STATEIDLE_
1261665|STATESLEEP
1261673|_STATEIDLE_
1264705|STATESLEEP
1264716|_STATEIDLE_
1266745|STATESLEEP
1266753|_STATEIDLE_
1269795|STATESLEEP
1269806|_STATEIDLE_
1271836|STATESLEEP
1271847|_STATEIDLE_
1274886|STATESLEEP
1274892|_STATEIDLE_
1276916|STATESLEEP
1276924|_STATEIDLE_
1277937|STATESLE
1277949|EP_STATERX_STATEID
1277959|LE_STATETX
1277975|_STATEID
1277990|LE_STATERX
1278001|_STATEID
1278008|LE_STATETX
1280036|_STATEIDLE
1280052|_STATEIDLE_
1282087|STATESLEEP
1282101|_STATEIDLE_
1284127|STATESLEEP
1284133|_STATEIDLE_
1287167|STATESLEEP
1287172|_STATEIDLE_
1289197|STATESLEEP
1289208|_STATEIDLE_
1292247|STATESLEEP
1292263|_STATEIDLE_
1294307|STATESLEEP
1294322|_STATEIDLE_
1297358|STATESLEEP
1297368|_STATEIDLE_
1299398|STATESLEEP
1299403|_STATEIDLE_
1302438|STATESLEEP
1302449|_STATEIDLE_
1304478|STATESLEEP
1304490|_STATEIDLE_
1307529|STATESLEEP
1307535|_STATEIDLE_
1307544|STATESLE
1307551|EP_STATERX
1307558|_STATEID
1307564|LE_STATETX
1307572|_STATEID
1307578|LE_STATERX
1307587|_STATEID
1307596|LE_STATETX
1309619|_STATEIDLE
1309626|_STATEIDLE_
1311649|STATESLEEP
1311662|_STATEIDLE_
1314699|STATESLEEP
1314705|_STATEIDLE_
1316729|STATESLEEP
1316737|_STATEIDLE_
1319769|STATESLEEP
1319785|_STATEIDLE_
1321819|STATESLEEP
1321835|_STATEIDLE_
1324870|STATESLEEP
1324890|_STATEIDLE_
1326920|STATESLEEP
1326930|_STATEIDLE_
1329970|STATESLEEP
1329981|_STATEIDLE_
1332010|STATESLEEP
1332018|_STATEIDLE_
1335051|STATESLEEP
1335061|_STATEIDLE_
1336071|STATESLE
1336080|EP_STATERX
1336088|_STATEID
1336097|LE_STATETX
1336106|_STATEID
1336113|LE_STATERX
1336121|_STATEID
1337131|LE_STATETX
1337144|_STATEIDLE
1337154|_STATEIDLE_
1339181|STATESLEEP
1339193|_STATEIDLE_
1342231|STATESLEEP
1342240|_STATEIDLE_
1344261|STATESLEEP
1344275|_STATEIDLE_
1347311|STATESLEEP
1347323|_STATEIDLE_
1349352|STATESLEEP
1349359|_STATEIDLE_
1352392|STATESLEEP
1352400|_STATEIDLE_
1354422|STATESLEEP
1354435|_STATEIDLE_
1357462|STATESLEEP
1357474|_STATEIDLE_
1359502|STATESLEEP
1359515|_STATEIDLE_
1362553|STATESLEEP
1362563|_STATEIDLE_
1364583|STATESLEEP
1364589|_STATEIDLE_
1365603|STATESLE
1365610|EP_STATERX
1365621|_STATEID
1365632|LE_STATETX
1365642|_STATEID
1365655|LE_STATERX_STATEID
1365665|LE_STATETX
1366683|_STATEIDLE
1366691|_STATEIDLE_
1369723|STATESLEEP
1369733|_STATEIDLE_
1371763|STATESLEEP
1371780|_STATEIDLE_
1374824|STATESLEEP
1374843|_STATEIDLE_
1376864|STATESLEEP
1376874|_STATEIDLE_
1379904|STATESLEEP
1379913|_STATEIDLE_
1381944|STATESLEEP
1381964|_STATEIDLE_
1385004|STATESLEEP
1385013|_STATEIDLE_
1387035|STATESLEEP
1387047|_STATEIDLE_
1390085|STATESLEEP
1390095|_STATEIDLE_
1392125|STATESLEEP
1392137|_STATEIDLE_
1394165|STATESLEEP
1394175|_STATEIDLE_
1395195|STATESLE
1395205|EP_STATERX
1395212|_STATEID
1395223|LE_STATETX
1395232|_STATEID
1395241|LE_STATERX
1397266|_STATEIDLE
1397276|_STATEIDLE_
1399306|STATESLEEP
1399314|_STATEIDLE_
1402356|STATESLEEP
1402366|_STATEIDLE_
1404386|STATESLEEP
1404395|_STATEIDLE_
1407426|STATESLEEP
1407437|_STATEIDLE_
1409466|STATESLEEP
1409477|_STATEIDLE_
1412517|STATESLEEP
1412525|_STATEIDLE_
1414547|STATESLEEP
1414560|_STATEIDLE_
1417597|STATESLEEP
1417606|_STATEIDLE_
1419637|STATESLEEP
1419648|_STATEIDLE_
1421677|STATESLEEP
1421697|_STATEIDLE_
1424737|STATESLE
1424748|EP_STATERX
1424761|_STATEID
1424772|LE_STATETX
1424784|_STATEID
1424793|LE_STATETX
1424805|_STATEID
1424820|LE_STATERX
1424832|_STATEID
1424845|LE_STATETX
1424855|_STATEIDLE
1424866|_STATEIDLE_
1426889|STATESLEEP
1426901|_STATEIDLE_
1429938|STATESLEEP
1429948|_STATEIDLE_
1431978|STATESLEEP
1431993|_STATEIDLE_
1435030|STATESLEEP
1435043|_STATEIDLE_
1437068|STATESLEEP
1437074|_STATEIDLE_
1440109|STATESLEEP
1440123|_STATEIDLE_
1442149|STATESLEEP
1442160|_STATEIDLE_
1444179|STATESLEEP
1444189|_STATEIDLE_
1447219|STATESLEEP
1447233|_STATEIDLE_
1449259|STATESLEEP
1449270|_STATEIDLE_
1452310|STATESLEEP
1452318|_STATEIDLE_
1453330|STATESLE
1453342|EP_STATERX
1453354|_STATEID
1453368|LE_STATETX
1453382|_STATEID
1453396|LE_STATERX
1453411|_STATEID
1453421|LE_STATETX
1454440|_STATEIDLE
1454451|_STATEIDLE_
1457490|STATESLEEP
1457593|_STATEIDLE_
1459630|STATESLEEP
1459638|_STATEIDLE_
1461660|STATESLEEP
1461667|_STATEIDLE_
1464701|STATESLEEP
1464714|_STATEIDLE_
1466741|STATESLEEP
1466759|_STATEIDLE_
1469791|STATESLEEP
1469798|_STATEIDLE_
1471821|STATESLEEP
1471831|_STATEIDLE_
1474871|STATESLEEP
1474881|_STATEIDLE_
1476902|STATESLEEP
1476915|_STATEIDLE_
1479952|STATESLEEP
1479965|_STATEIDLE_
1481992|STATESLEEP
1482001|_STATEIDLE_
1483022|STATESLE
1483029|EP_STATERX
1483040|_STATEID
1483123|LE_STATETX
1483135|_STATEID
1483147|LE_STATERX
1483156|_STATEID
1483167|LE_STATETX
1484182|_STATEIDLE
1484191|_STATEIDLE_
1487232|STATESLEEP
1487250|_STATEIDLE_
1489273|STATESLEEP
1489281|_STATEIDLE_
1492313|STATESLEEP
1492326|_STATEIDLE_
1494353|STATESLEEP
1494360|_STATEIDLE_
1497393|STATESLEEP
1497403|_STATEIDLE_
1499423|STATESLEEP
1499431|_STATEIDLE_
1502464|STATESLEEP
1502472|_STATEIDLE_
1504494|STATESLEEP
1504501|_STATEIDLE_
1507534|STATESLEEP
1507544|_STATEIDLE_
1509574|STATESLEEP
1509585|_STATEIDLE_
1511614|STATESLEEP
1511627|_STATEIDLE_
1512644|STATESLE
1512655|EP_STATERX
1512663|_STATEID
1512678|LE_STATETX
1512692|_STATEID
1512725|LE_STATERX
1512737|_STATEID
1512748|LE_STATETX
1514774|_STATEIDLE
1514784|_STATEIDLE_
1516805|STATESLEEP
1516812|_STATEIDLE_
1519845|STATESLEEP
1519855|_STATEIDLE_
1521875|STATESLEEP
1521886|_STATEIDLE_
1524915|STATESLEEP
1524926|_STATEIDLE_
1526966|STATESLEEP
1526974|_STATEIDLE_
1530006|STATESLEEP
1530016|_STATEIDLE_
1532046|STATESLEEP
1532059|_STATEIDLE_
1535096|STATESLEEP
1535103|_STATEIDLE_
1537126|STATESLEEP
1537138|_STATEIDLE_
1539166|STATESLEEP
1539180|_STATEIDLE_
1541207|STATESLE
1541221|EP_STATERX
1541237|_STATEID
1541253|LE_STATETX
1541271|_STATEID
1541283|LE_STATERX_STATEID
1541300|LE_STATETX
1542317|_STATEIDLE
1542326|_STATEIDLE_
1544357|STATESLEEP
1544368|_STATEIDLE_
1547407|STATESLEEP
1547419|_STATEIDLE_
1549447|STATESLEEP
1549460|_STATEIDLE_
1552497|STATESLEEP
1552503|_STATEIDLE_
1554528|STATESLEEP
1554539|_STATEIDLE_
1557582|STATESLEEP
1557593|_STATEIDLE_
1559638|STATESLEEP
1559650|_STATEIDLE_
1561678|STATESLEEP
1561686|_STATEIDLE_
1564718|STATESLEEP
1564730|_STATEIDLE_
1566749|STATESLEEP
1566758|_STATEIDLE_
1569789|STATESLEEP
1569805|_STATEIDLE_
1570819|STATESLE
1570826|EP_STATERX_STATEID
1570836|LE_STATETX
1570843|_STATEID
1570852|LE_STATERX_STATEID
1570860|LE_STATETX
1571880|_STATEIDLE
1571891|_STATEIDLE_
1574929|STATESLEEP
1574938|_STATEIDLE_
1576969|STATESLEEP
1576982|_STATEIDLE_
1580020|STATESLEEP
1580029|_STATEIDLE_
1582050|STATESLEEP
1582057|_STATEIDLE_
1585090|STATESLEEP
1585098|_STATEIDLE_
1587120|STATESLEEP
1587131|_STATEIDLE_
1589160|STATESLEEP
1589169|_STATEIDLE_
1592201|STATESLEEP
1592214|_STATEIDLE_
1594241|STATESLEEP
1594251|_STATEIDLE_
1597291|STATESLEEP
1597299|_STATEIDLE_
1599321|STATESLEEP
1599336|_STATEIDLE_
1600351|STATESLE
1600361|EP_STATERX
1600375|_STATEID
1600390|LE_STATETX
1600402|_STATEID
1600419|LE_STATERX
1600433|_STATEID
1600442|LE_STATETX
1600455|_STATEID
1600468|LE_STATERX
1602491|_STATEIDLE
1602505|_STATEIDLE_
1604532|STATESLEEP
1604544|_STATEIDLE_
1607585|STATESLEEP
1607599|_STATEIDLE_
1609632|STATESLEEP
1609643|_STATEIDLE_
1611672|STATESLEEP
1611680|_STATEIDLE_
1614722|STATESLEEP
1614734|_STATEIDLE_
1616762|STATESLEEP
1616774|_STATEIDLE_
1619813|STATESLEEP
1619823|_STATEIDLE_
1621843|STATESLEEP
1621853|_STATEIDLE_
1624893|STATESLEEP
1624905|_STATEIDLE_
1626933|STATESLEEP
1626943|_STATEIDLE_
1628973|STATESLE
1628980|EP_STATERX
1628986|_STATEID
1628997|LE_STATETX
1630014|_STATEID
1630031|LE_STATERX
1630045|_STATEID
1630063|LE_STATETX
1630079|_STATEIDLE
1630094|_STATEIDLE_
1632124|STATESLEEP
1632131|_STATEIDLE_
1634154|STATESLEEP
1634161|_STATEIDLE_
1637194|STATESLEEP
1637203|_STATEIDLE_
1639234|STATESLEEP
1639248|_STATEIDLE_
1642284|STATESLEEP
1642295|_STATEIDLE_
1644315|STATESLEEP
1644324|_STATEIDLE_
1647355|STATESLEEP
1647365|_STATEIDLE_
1649385|STATESLEEP
1649392|_STATEIDLE_
1652425|STATESLEEP
1652431|_STATEIDLE_
1654455|STATESLEEP
1654468|_STATEIDLE_
1657506|STATESLEEP
1657517|_STATEIDLE_
1658536|STATESLE
1658547|EP_STATERX
1658557|_STATEID
1658572|LE_STATETX
1658585|_STATEID
1658598|LE_STATERX
1659616|_STATEIDLE
1659621|_STATEIDLE_
1661646|STATESLEEP
1661653|_STATEIDLE_
1664686|STATESLEEP
1664693|_STATEIDLE_
1666716|STATESLEEP
1666729|_STATEIDLE_
1669767|STATESLEEP
1669774|_STATEIDLE_
1671797|STATESLEEP
1671807|_STATEIDLE_
1674847|STATESLEEP
1674863|_STATEIDLE_
1676887|STATESLEEP
1676898|_STATEIDLE_
1679927|STATESLEEP
1679933|_STATEIDLE_
1681958|STATESLEEP
1681970|_STATEIDLE_
1684998|STATESLEEP
1685010|_STATEIDLE_
1687038|STATESLEEP
1687055|_STATEIDLE_
1688078|STATESLE
1688088|EP_STATERX_STATEID
1688106|LE_STATETX
1688116|_STATEID
1688129|LE_STATERX
1688141|_STATEID
1688151|LE_STATETX
1689168|_STATEIDLE
1689175|_STATEIDLE_
1692208|STATESLEEP
1692220|_STATEIDLE_
1694248|STATESLEEP
1694260|_STATEIDLE_
1697299|STATESLEEP
1697309|_STATEIDLE_
1699329|STATESLEEP
1699337|_STATEIDLE_
1702369|STATESLEEP
1702385|_STATEIDLE_
1704519|STATESLEEP
1704527|_STATEIDLE_
1707560|STATESLEEP
1707572|_STATEIDLE_
1709600|STATESLEEP
1709614|_STATEIDLE_
1711640|STATESLEEP
1711654|_STATEIDLE_
1714690|STATESLEEP
1714698|_STATEIDLE_
1716720|STATESLEEP
1716729|_STATEIDLE_
1717751|STATESLE
1717765|EP_STATERX
1717776|_STATEID
1717787|LE_STATETX
1717796|_STATEID
1717807|LE_STATERX
1717818|_STATEID
1717831|LE_STATETX
1719860|_STATEIDLE
1719867|_STATEIDLE_
1721891|STATESLEEP
1721898|_STATEIDLE_
1724931|STATESLEEP
1724945|_STATEIDLE_
1726971|STATESLEEP
1726985|_STATEIDLE_
1730021|STATESLEEP
1730031|_STATEIDLE_
1732061|STATESLEEP
1732071|_STATEIDLE_
1735112|STATESLEEP
1735126|_STATEIDLE_
1737152|STATESLEEP
1737160|_STATEIDLE_
1739183|STATESLEEP
1739191|_STATEIDLE_
1742222|STATESLEEP
1742231|_STATEIDLE_
1744252|STATESLEEP
1744261|_STATEIDLE_
1746283|STATESLE
1746289|EP_STATERX
1746297|_STATEID
1746307|LE_STATETX
1746316|_STATEID
1746325|LE_STATERX
1746333|_STATEID
1746348|LE_STATETX
1747363|_STATEIDLE
1747369|_STATEIDLE_
1749393|STATESLEEP
1749405|_STATEIDLE_
1752443|STATESLEEP
1752450|_STATEIDLE_
1754473|STATESLEEP
1754484|_STATEIDLE_
1757523|STATESLEEP
1757534|_STATEIDLE_
1759564|STATESLEEP
1759572|_STATEIDLE_
1762604|STATESLEEP
1762617|_STATEIDLE_
1764644|STATESLEEP
1764652|_STATEIDLE_
1766674|STATESLEEP
1766682|_STATEIDLE_
1769714|STATESLEEP
1769724|_STATEIDLE_
1771755|STATESLEEP
1771764|_STATEIDLE_
1774795|STATESLEEP
1774803|_STATEIDLE_
1775815|STATESLE
1775884|EP_STATERX
1775940|_STATEID
1775949|LE_STATETX
1775964|_STATEID
1775977|LE_STATERX
1776033|_STATEID
1776049|LE_STATETX
1777065|_STATEIDLE
1777079|_STATEIDLE_
1780115|STATESLEEP
1780126|_STATEIDLE_
1782145|STATESLEEP
1782154|_STATEIDLE_
1784175|STATESLEEP
1784187|_STATEIDLE_
1787216|STATESLEEP
1787233|_STATEIDLE_
1789266|STATESLEEP
1789283|_STATEIDLE_
1792326|STATESLEEP
1792337|_STATEIDLE_
1794366|STATESLEEP
1794372|_STATEIDLE_
1797407|STATESLEEP
1797416|_STATEIDLE_
1799437|STATESLEEP
1799449|_STATEIDLE_
1802477|STATESLEEP
1802487|_STATEIDLE_
1804537|STATESLEEP
1804604|_STATEIDLE_
1805627|STATESLE
1805646|EP_STATERX
1805657|_STATEID
1805669|LE_STATETX
1805683|_STATEID
1805698|LE_STATERX_STATEID
1805713|LE_STATETX
1806727|_STATEIDLE
1806741|_STATEIDLE_
1809777|STATESLEEP
1809796|_STATEIDLE_
1811818|STATESLEEP
1811828|_STATEIDLE_
1814868|STATESLEEP
1814876|_STATEIDLE_
1816898|STATESLEEP
1816909|_STATEIDLE_
1819948|STATESLEEP
1819985|_STATEIDLE_
1822009|STATESLEEP
1822019|_STATEIDLE_
1825059|STATESLEEP
1825067|_STATEIDLE_
1827099|STATESLEEP
1827107|_STATEIDLE_
1829139|STATESLEEP
1829147|_STATEIDLE_
1832179|STATESLEEP
1832191|_STATEIDLE_
1834209|STATESLE
1834222|EP_STATERX
1834235|_STATEID
1834247|LE_STATETX
1834257|_STATEIDLE
1834266|_STATEIDLE_
1834276|STATESLE
1834287|EP_STATERX
1834296|_STATEID
1834306|LE_STATETX
1837340|_STATEIDLE
1837350|_STATEIDLE_
1839380|STATESLEEP
1839388|_STATEIDLE_
1842420|STATESLEEP
1842455|_STATEIDLE_
1844480|STATESLEEP
1844492|_STATEIDLE_
1847520|STATESLEEP
1847527|_STATEIDLE_
1849551|STATESLEEP
1849558|_STATEIDLE_
1852591|STATESLEEP
1852601|_STATEIDLE_
1854631|STATESLEEP
1854649|_STATEIDLE_
1856677|STATESLEEP
1856688|_STATEIDLE_
1859731|STATESLEEP
1859744|_STATEIDLE_
1861772|STATESLEEP
1861787|_STATEIDLE_
1863822|STATESLE
1863837|EP_STATERX
1863848|_STATEID
1863860|LE_STATETX
1863874|_STATEID
1863887|LE_STATERX
1863897|_STATEID
1863908|LE_STATETX
1864932|_STATEIDLE
1864943|_STATEIDLE_
1866972|STATESLEEP
1866981|_STATEIDLE_
1870026|STATESLEEP
1870036|_STATEIDLE_
1872062|STATESLEEP
1872074|_STATEIDLE_
1875113|STATESLEEP
1875121|_STATEIDLE_
1877143|STATESLEEP
1877155|_STATEIDLE_
1879183|STATESLEEP
1879190|_STATEIDLE_
1882223|STATESLEEP
1882232|_STATEIDLE_
1884253|STATESLEEP
1884267|_STATEIDLE_
1887304|STATESLEEP
1887319|_STATEIDLE_
1889354|STATESLEEP
1889370|_STATEIDLE_
1892414|STATESLEEP
1892422|_STATEIDLE_
1893435|STATESLE
1893446|EP_STATERX
1893455|_STATEID
1893467|LE_STATETX
1893479|_STATEID
1893493|LE_STATERX
1893509|_STATEID
1893525|LE_STATETX
1894544|_STATEIDLE
1894553|_STATEIDLE_
1897584|STATESLEEP
1897596|_STATEIDLE_
1899624|STATESLEEP
1899634|_STATEIDLE_
1901655|STATESLEEP
1901708|_STATEIDLE_
1904745|STATESLEEP
1904756|_STATEIDLE_
1906785|STATESLEEP
1906797|_STATEIDLE_
1909835|STATESLEEP
1909851|_STATEIDLE_
1911875|STATESLEEP
1911891|_STATEIDLE_
1914926|STATESLEEP
1914937|_STATEIDLE_
1916966|STATESLEEP
1916974|_STATEIDLE_
1920016|STATESLEEP
1920037|_STATEIDLE_
1922066|STATESLEEP
1922077|_STATEIDLE_
1922086|STATESLE
1922094|EP_STATERX
1922103|_STATEID
1922109|LE_STATETX
1922122|_STATEID
1922128|LE_STATERX
1922145|_STATEIDLE
1924177|_STATETX_S
1924191|TATEIDLE_ST
1927227|ATEIDLE_ST
1927237|ATESLEEP_ST
1929267|ATEIDLE_ST
1929277|ATESLEEP_ST
1932317|ATEIDLE_ST
1932326|ATESLEEP_ST
1934347|ATEIDLE_ST
1934363|ATESLEEP_ST
1937408|ATEIDLE_ST
1937416|ATESLEEP_ST
1939438|ATEIDLE_ST
1939446|ATESLEEP_ST
1942478|ATEIDLE_ST
1942485|ATESLEEP_ST
1944508|ATEIDLE_ST
1944519|ATESLEEP_ST
1947558|ATEIDLE_ST
1947587|ATESLEEP_ST
1949638|ATEIDLE_ST
1949662|ATESLEEP_ST
1951689|ATEIDLE_
1951697|STATESLEEP
1951713|_STATERX
1951731|_STATEIDLE
1951749|_STATETX
1951763|_STATEIDLE_STATERX
1951781|_STATEIDLE
1951800|_STATETX_S
1951818|TATEIDLE_ST
1954869|ATEIDLE_ST
1954884|ATESLEEP_ST
1956910|ATEIDLE_ST
1956926|ATESLEEP_ST
1959979|ATEIDLE_ST
1959990|ATESLEEP_ST
1962019|ATEIDLE_ST
1962029|ATESLEEP_ST
1965070|ATEIDLE_ST
1965079|ATESLEEP_ST
1967100|ATEIDLE_ST
1967116|ATESLEEP_ST
1969140|ATEIDLE_ST
1969153|ATESLEEP_ST
1972190|ATEIDLE_ST
1972198|ATESLEEP_ST
1974220|ATEIDLE_ST
1974227|ATESLEEP_ST
1977261|ATEIDLE_ST
1977270|ATESLEEP_ST
1979301|ATEIDLE_ST
1979309|ATESLEEP_ST
1981331|ATEIDLE_
1981339|STATESLEEP
1981350|_STATERX
1981363|_STATEIDLE
1981375|_STATETX
1981388|_STATEIDLE
1981404|_STATETX
1981418|_STATEIDLE
1981432|_STATERX
1981443|_STATEIDLE
1982461|_STATETX_S
1982480|TATEIDLE_ST
1984521|ATEIDLE_ST
1984535|ATESLEEP_ST
1987572|ATEIDLE_ST
1987593|ATESLEEP_ST
1989626|ATEIDLE_ST
1989642|ATESLEEP_ST
1991682|ATEIDLE_ST
1991698|ATESLEEP_ST
1994732|ATEIDLE_ST
1994739|ATESLEEP_ST
1996762|ATEIDLE_ST
1996769|ATESLEEP_ST
1999802|ATEIDLE_ST
1999811|ATESLEEP_ST
2001842|ATEIDLE_ST
2001855|ATESLEEP_ST
2004893|ATEIDLE_ST
2004900|ATESLEEP_ST
2006923|ATEIDLE_ST
2006930|ATESLEEP_ST
2009963|ATEIDLE_ST
2009972|ATESLEEP_ST
2009984|ATEIDLE_
2009999|STATESLEEP
2010011|_STATERX
2010027|_STATEIDLE
2010044|_STATETX
2010062|_STATEIDLE
2010081|_STATERX
2010099|_STATEIDLE
2012133|_STATETX_S
2012148|TATEIDLE_ST
2014183|ATEIDLE_ST
2014196|ATESLEEP_ST
2017234|ATEIDLE_ST
2017241|ATESLEEP_ST
2019264|ATEIDLE_ST
2019275|ATESLEEP_ST
2022324|ATEIDLE_ST
2022332|ATESLEEP_ST
2024354|ATEIDLE_ST
2024365|ATESLEEP_ST
2027404|ATEIDLE_ST
2027414|ATESLEEP_ST
2029445|ATEIDLE_ST
2029456|ATESLEEP_ST
2032495|ATEIDLE_ST
2032515|ATESLEEP_ST
2034546|ATEIDLE_ST
2034562|ATESLEEP_ST
2037605|ATEIDLE_ST
2037613|ATESLEEP_ST
2039645|ATEIDLE_
2039657|STATESLEEP_STATERX
2039669|_STATEIDLE
2039683|_STATETX_S
2039698|TATEIDLE_ST
2039708|ATEIDLE_
2039723|STATESLEEP
2039739|_STATERX
2039756|_STATEIDLE
2039773|_STATETX
2039790|_STATEIDLE
2041826|_STATERX_S
2041839|TATEIDLE_ST
2044876|ATEIDLE_ST
2044888|ATESLEEP_ST
2046916|ATEIDLE_ST
2046924|ATESLEEP_ST
2049956|ATEIDLE_ST
2049965|ATESLEEP_ST
2051996|ATEIDLE_ST
2052084|ATESLEEP_ST
2055127|ATEIDLE_ST
2055139|ATESLEEP_ST
2057177|ATEIDLE_ST
2057191|ATESLEEP_ST
2059217|ATEIDLE_ST
2059232|ATESLEEP_ST
2062267|ATEIDLE_ST
2062278|ATESLEEP_ST
2064307|ATEIDLE_ST
2064322|ATESLEEP_ST
2067358|ATEIDLE_ST
2067373|ATESLEEP_ST
2068398|ATEIDLE_
2068406|STATESLEEP
2068418|_STATERX
2068428|_STATEIDLE
2069438|_STATETX
2069453|_STATEIDLE
2069469|_STATERX
2069486|_STATEIDLE
2069504|_STATETX_S
2069518|TATEIDLE_ST
2072568|ATEIDLE_ST
2072600|ATESLEEP_ST
2074618|ATEIDLE_ST
2074629|ATESLEEP_ST
2076658|ATEIDLE_ST
2076666|ATESLEEP_ST
2079699|ATEIDLE_ST
2079706|ATESLEEP_ST
2081739|ATEIDLE_ST
2081750|ATESLEEP_ST
2084789|ATEIDLE_ST
2084797|ATESLEEP_ST
2086829|ATEIDLE_ST
2086852|ATESLEEP_ST
2089889|ATEIDLE_ST
2089898|ATESLEEP_ST
2091929|ATEIDLE_ST
2091944|ATESLEEP_ST
2094980|ATEIDLE_ST
2094987|ATESLEEP_ST
2097010|ATEIDLE_ST
2097033|ATESLEEP_ST
2098051|ATEIDLE_
2098070|STATESLEEP_STATERX
2098082|_STATEIDLE
2098099|_STATETX
2098120|_STATEIDLE
2098135|_STATETX
2098151|_STATEIDLE
2098191|_STATERX
2098210|_STATEIDLE
2099230|_STATETX_S
2099245|TATEIDLE_ST
2102280|ATEIDLE_ST
2102293|ATESLEEP_ST
2104320|ATEIDLE_ST
2104331|ATESLEEP_ST
2107381|ATEIDLE_ST
2107392|ATESLEEP_ST
2109421|ATEIDLE_ST
2109430|ATESLEEP_ST
2112471|ATEIDLE_ST
2112482|ATESLEEP_ST
2114511|ATEIDLE_ST
2114523|ATESLEEP_ST
2117561|ATEIDLE_ST
2117579|ATESLEEP_ST
2119612|ATEIDLE_ST
2119624|ATESLEEP_ST
2121652|ATEIDLE_ST
2121664|ATESLEEP_ST
2124702|ATEIDLE_ST
2124719|ATESLEEP_ST
2126752|ATEIDLE_ST
2126766|ATESLEEP_ST
2127782|ATEIDLE_
2127796|STATESLEEP
2127815|_STATERX
2127832|_STATEIDLE
2127850|_STATETX
2127868|_STATEIDLE_STATERX
2127881|_STATEIDLE
2129912|_STATETX_S
2129928|TATEIDLE_ST
2131963|ATEIDLE_ST
2131979|ATESLEEP_ST
2135023|ATEIDLE_ST
2135037|ATESLEEP_ST
2137063|ATEIDLE_ST
2137075|ATESLEEP_ST
2140113|ATEIDLE_ST
2140121|ATESLEEP_ST
2142143|ATEIDLE_ST
2142152|ATESLEEP_ST
2144173|ATEIDLE_ST
2144182|ATESLEEP_ST
2147224|ATEIDLE_ST
2147241|ATESLEEP_ST
2149264|ATEIDLE_ST
2149278|ATESLEEP_ST
2152314|ATEIDLE_ST
2152325|ATESLEEP_ST
2154344|ATEIDLE_ST
2154362|ATESLEEP_ST
2156394|ATEIDLE_
2156469|STATESLEEP_STATERX
2156480|_STATEIDLE
2156498|_STATETX
2156516|_STATEIDLE
2156535|_STATETX
2156552|_STATEIDLE
2156566|_STATERX
2156581|_STATEIDLE
2157595|_STATETX_S
2157613|TATEIDLE_ST
2159655|ATEIDLE_ST
2159664|ATESLEEP_ST
2161685|ATEIDLE_ST
2161696|ATESLEEP_ST
2164735|ATEIDLE_ST
2164752|ATESLEEP_ST
2166776|ATEIDLE_ST
2166787|ATESLEEP_ST
2169825|ATEIDLE_ST
2169835|ATESLEEP_ST
2171866|ATEIDLE_ST
2171903|ATESLEEP_ST
2174936|ATEIDLE_ST
2174945|ATESLEEP_ST
2176976|ATEIDLE_ST
2176986|ATESLEEP_ST
2180026|ATEIDLE_ST
2180038|ATESLEEP_ST
2182067|ATEIDLE_ST
2182074|ATESLEEP_ST
2185107|ATEIDLE_ST
2185117|ATESLEEP_ST
2186137|ATEIDLE_
2186146|STATESLEEP
2186159|_STATERX
2186171|_STATEIDLE
2186191|_STATETX
2186201|_STATEIDLE
2186218|_STATERX
2186238|_STATEIDLE
2187257|_STATETX_S
2187269|TATEIDLE_ST
2189307|ATEIDLE_ST
2189318|ATESLEEP_ST
2192347|ATEIDLE_ST
2192358|ATESLEEP_ST
2194387|ATEIDLE_ST
2194399|ATESLEEP_ST
2197438|ATEIDLE_ST
2197473|ATESLEEP_ST
2199498|ATEIDLE_ST
2199510|ATESLEEP_ST
2202538|ATEIDLE_ST
2202551|ATESLEEP_ST
2204578|ATEIDLE_ST
2204587|ATESLEEP_ST
2207618|ATEIDLE_ST
2207626|ATESLEEP_ST
2209649|ATEIDLE_ST
2209658|ATESLEEP_ST
2211679|ATEIDLE_ST
2211692|ATESLEEP_ST
2214729|ATEIDLE_ST
2214739|ATESLEEP_ST
2215749|ATEIDLE_
2215764|STATESLEEP
2215774|_STATERX
2215789|_STATEIDLE
2215804|_STATETX
2215821|_STATEIDLE
2215838|_STATERX
2215854|_STATEIDLE
2216879|_STATETX_S
2216893|TATEIDLE_ST
2219929|ATEIDLE_ST
2219949|ATESLEEP_ST
2221980|ATEIDLE_ST
2221988|ATESLEEP_ST
2225030|ATEIDLE_ST
2225046|ATESLEEP_ST
2227070|ATEIDLE_ST
2227080|ATESLEEP_ST
2230120|ATEIDLE_ST
2230127|ATESLEEP_ST
2232151|ATEIDLE_ST
2232158|ATESLEEP_ST
2234181|ATEIDLE_ST
2234190|ATESLEEP_ST
2237231|ATEIDLE_ST
2237247|ATESLEEP_ST
2239281|ATEIDLE_ST
2239292|ATESLEEP_ST
2242331|ATEIDLE_ST
2242340|ATESLEEP_ST
2244361|ATEIDLE_ST
2244376|ATESLEEP_ST
2244391|ATEIDLE_
2244405|STATESLEEP
2244424|_STATERX
2244440|_STATEIDLE
2244457|_STATETX
2244465|_STATEIDLE
2244478|_STATERX
2244497|_STATEIDLE
2247542|_STATETX_S
2247552|TATEIDLE_ST
2249572|ATEIDLE_ST
2249580|ATESLEEP_ST
2252612|ATEIDLE_ST
2252627|ATESLEEP_ST
2254652|ATEIDLE_ST
2254665|ATESLEEP_ST
2256692|ATEIDLE_ST
2256703|ATESLEEP_ST
2259733|ATEIDLE_ST
2259742|ATESLEEP_ST
2261773|ATEIDLE_ST
2261787|ATESLEEP_ST
2264823|ATEIDLE_ST
2264840|ATESLEEP_ST
2266883|ATEIDLE_ST
2266894|ATESLEEP_ST
2269933|ATEIDLE_ST
2269947|ATESLEEP_ST
2271983|ATEIDLE_ST
2271996|ATESLEEP_ST
2274024|ATEIDLE_
2274035|STATESLEEP
2274049|_STATERX
2274063|_STATEIDLE
2274079|_STATETX
2274100|_STATEIDLE
2274116|_STATERX
2274135|_STATEIDLE
2274154|_STATETX
2274169|_STATEIDLE
2274184|_STATERX
2274205|_STATEIDLE
2274221|_STATETX_S
2274235|TATEIDLE_ST
2277274|ATEIDLE_ST
2277284|ATESLEEP_ST
2279304|ATEIDLE_ST
2279317|ATESLEEP_ST
2282354|ATEIDLE_ST
2282365|ATESLEEP_ST
2284394|ATEIDLE_ST
2284427|ATESLEEP_ST
2287455|ATEIDLE_ST
2287463|ATESLEEP_ST
2289495|ATEIDLE_ST
2289506|ATESLEEP_ST
2292545|ATEIDLE_ST
2292559|ATESLEEP_ST
2294585|ATEIDLE_ST
2294602|ATESLEEP_ST
2297645|ATEIDLE_ST
2297665|ATESLEEP_ST
2299706|ATEIDLE_ST
2299720|ATESLEEP_ST
2301746|ATEIDLE_ST
2301755|ATESLEEP_ST
2303776|ATEIDLE_
2303793|STATESLEEP
2303809|_STATETX
2303820|_STATEIDLE
2303835|_STATERX
2303849|_STATEIDLE
2304867|_STATETX_S
2304883|TATEIDLE_ST
2306916|ATEIDLE_ST
2306935|ATESLEEP_ST
2309976|ATEIDLE_ST
2310005|ATESLEEP_ST
2312027|ATEIDLE_ST
2312063|ATESLEEP_ST
2315097|ATEIDLE_ST
2315114|ATESLEEP_ST
2317147|ATEIDLE_ST
2317160|ATESLEEP_ST
2319187|ATEIDLE_ST
2319196|ATESLEEP_ST
2322227|ATEIDLE_ST
2322243|ATESLEEP_ST
2324268|ATEIDLE_ST
2324280|ATESLEEP_ST
2327328|ATEIDLE_ST
2327338|ATESLEEP_ST
2329368|ATEIDLE_ST
2329375|ATESLEEP_ST
2332408|ATEIDLE_ST
2332431|ATESLEEP_ST
2332455|ATEIDLE_
2332509|STATESLEEP_STATERX
2332533|_STATEIDLE
2332566|_STATETX
2332589|_STATEIDLE
2334628|_STATERX_S
2334636|TATEIDLE_ST
2336658|ATEIDLE_ST
2336668|ATESLEEP_ST
2339699|ATEIDLE_ST
2339708|ATESLEEP_ST
2341729|ATEIDLE_ST
2341741|ATESLEEP_ST
2344779|ATEIDLE_ST
2344788|ATESLEEP_ST
2346809|ATEIDLE_ST
2346820|ATESLEEP_ST
2349860|ATEIDLE_ST
2349869|ATESLEEP_ST
2351890|ATEIDLE_ST
2351904|ATESLEEP_ST
2354940|ATEIDLE_ST
2354952|ATESLEEP_ST
2356990|ATEIDLE_ST
2357006|ATESLEEP_ST
2360050|ATEIDLE_ST
2360064|ATESLEEP_ST
2362090|ATEIDLE_
2362100|STATESLEEP
2362115|_STATERX
2362122|_STATEIDLE
2362134|_STATETX
2362147|_STATEIDLE
2362158|_STATERX
2362174|_STATEIDLE
2362192|_STATETX_S
2362205|TATEIDLE_ST
2364301|ATEIDLE_ST
2364314|ATESLEEP_ST
2367351|ATEIDLE_ST
2367368|ATESLEEP_ST
2369421|ATEIDLE_ST
2369437|ATESLEEP_ST
2372471|ATEIDLE_ST
2372484|ATESLEEP_ST
2374511|ATEIDLE_ST
2374534|ATESLEEP_ST
2377572|ATEIDLE_ST
2377581|ATESLEEP_ST
2379602|ATEIDLE_ST
2379614|ATESLEEP_ST
2381642|ATEIDLE_ST
2381656|ATESLEEP_ST
2384692|ATEIDLE_ST
2384702|ATESLEEP_ST
2386732|ATEIDLE_ST
2386748|ATESLEEP_ST
2389783|ATEIDLE_ST
2389805|ATESLEEP_ST
2390823|ATEIDLE_
2390835|STATESLEEP
2390858|_STATETX
2390867|_STATEIDLE_STATERX
2390886|_STATEIDLE
2391903|_STATETX_S
2391913|TATEIDLE_ST
2394953|ATEIDLE_ST
2394964|ATESLEEP_ST
2396983|ATEIDLE_ST
2396995|ATESLEEP_ST
2400034|ATEIDLE_ST
2400051|ATESLEEP_ST
2402074|ATEIDLE_ST
2402086|ATESLEEP_ST
2405124|ATEIDLE_ST
2405134|ATESLEEP_ST
2407164|ATEIDLE_ST
2407179|ATESLEEP_ST
2409204|ATEIDLE_ST
2409213|ATESLEEP_ST
2412244|ATEIDLE_ST
2412256|ATESLEEP_ST
2414295|ATEIDLE_ST
2414307|ATESLEEP_ST
2417345|ATEIDLE_ST
2417355|ATESLEEP_ST
2419375|ATEIDLE_ST
2419388|ATESLEEP_ST
2420405|ATEIDLE_
2420414|STATESLEEP_STATERX
2420424|_STATEIDLE
2420434|_STATETX
2420443|_STATEIDLE
2420451|_STATERX
2420464|_STATEIDLE
2422485|_STATETX_S
2422495|TATEIDLE_ST
2424515|ATEIDLE_ST
2424527|ATESLEEP_ST
2427566|ATEIDLE_ST
2427578|ATESLEEP_ST
2429606|ATEIDLE_ST
2429615|ATESLEEP_ST
2432646|ATEIDLE_ST
2432659|ATESLEEP_ST
2434686|ATEIDLE_ST
2434696|ATESLEEP_ST
2436716|ATEIDLE_ST
2436726|ATESLEEP_ST
2439767|ATEIDLE_ST
2439813|ATESLEEP_ST
2441837|ATEIDLE_ST
2441869|ATESLEEP_ST
2444907|ATEIDLE_ST
2444914|ATESLEEP_ST
2446947|ATEIDLE_ST
2446957|ATESLEEP_ST
2449997|ATEIDLE_ST
2450007|ATESLEEP_ST
2450015|ATEIDLE_
2450022|STATESLEEP_STATERX
2450032|_STATEIDLE
2450040|_STATETX_STATEIDLE
2450048|_STATEIDLE
2450057|_STATETX
2450068|_STATEIDLE
2450078|_STATERX
2450087|_STATEIDLE
2450094|_STATETX
2450104|_STATEIDLE
2450114|_STATERX
2450126|_STATEIDLE
2452148|_STATETX_S
2452161|TATEIDLE_ST
2454188|ATEIDLE_ST
2454198|ATESLEEP_ST
2457248|ATEIDLE_ST
2457264|ATESLEEP_ST
2459288|ATEIDLE_ST
2459299|ATESLEEP_ST
2462338|ATEIDLE_ST
2462349|ATESLEEP_ST
2464368|ATEIDLE_ST
2464381|ATESLEEP_ST
2467419|ATEIDLE_ST
2467443|ATESLEEP_ST
2469469|ATEIDLE_ST
2469480|ATESLEEP_ST
2472519|ATEIDLE_ST
2472539|ATESLEEP_ST
2474579|ATEIDLE_ST
2474587|ATESLEEP_ST
2477619|ATEIDLE_ST
2477627|ATESLEEP_ST
2478640|ATEIDLE_
2478648|STATESLEEP
2479670|_STATETX
2479687|_STATEIDLE
2479699|_STATERX
2479714|_STATEIDLE
2479727|_STATERX
2479743|_STATEIDLE
2479756|_STATETX_S
2479768|TATEIDLE_ST
2481800|ATEIDLE_ST
2481816|ATESLEEP_ST
2484850|ATEIDLE_ST
2484857|ATESLEEP_ST
2486890|ATEIDLE_ST
2486898|ATESLEEP_ST
2489930|ATEIDLE_ST
2489954|ATESLEEP_ST
2491996|ATEIDLE_ST
2492017|ATESLEEP_ST
2495071|ATEIDLE_ST
2495100|ATESLEEP_ST
2497121|ATEIDLE_ST
2497138|ATESLEEP_ST
2499161|ATEIDLE_ST
2499170|ATESLEEP_ST
2502201|ATEIDLE_ST
2502211|ATESLEEP_ST
2504242|ATEIDLE_ST
2504253|ATESLEEP_ST
2507292|ATEIDLE_ST
2507504|ATESLEEP_ST
2508532|ATEIDLE_
2508543|STATESLEEP
2508556|_STATERX
2508566|_STATEIDLE
2508579|_STATETX
2508593|_STATEIDLE_STATERX
2508607|_STATEIDLE
2509622|_STATETX_S
2509631|TATEIDLE_ST
2511652|ATEIDLE_ST
2511663|ATESLEEP_ST
2514702|ATEIDLE_ST
2514750|ATESLEEP_ST
2516773|ATEIDLE_ST
2516790|ATESLEEP_ST
2519833|ATEIDLE_ST
2519848|ATESLEEP_ST
2521883|ATEIDLE_ST
2521891|ATESLEEP_ST
2524923|ATEIDLE_ST
2524946|ATESLEEP_ST
2526983|ATEIDLE_ST
2526998|ATESLEEP_ST
2530044|ATEIDLE_ST
2530053|ATESLEEP_ST
2532074|ATEIDLE_ST
2532111|ATESLEEP_ST
2534154|ATEIDLE_ST
2534164|ATESLEEP_ST
2537194|ATEIDLE_ST
2537239|ATESLEEP_ST
2537270|ATEIDLE_
2537281|STATESLEEP
2537294|_STATERX
2537305|_STATEIDLE
2537322|_STATETX
2537337|_STATEIDLE
2537354|_STATERX
2537369|_STATEIDLE
2539394|_STATETX_S
2539405|TATEIDLE_ST
2542445|ATEIDLE_ST
2542461|ATESLEEP_ST
2544505|ATEIDLE_ST
2544512|ATESLEEP_ST
2547545|ATEIDLE_ST
2547562|ATESLEEP_ST
2549595|ATEIDLE_ST
2549603|ATESLEEP_ST
2552635|ATEIDLE_ST
2552654|ATESLEEP_ST
2554685|ATEIDLE_ST
2554701|ATESLEEP_ST
2556726|ATEIDLE_ST
2556748|ATESLEEP_ST
2559796|ATEIDLE_ST
2559807|ATESLEEP_ST
2561836|ATEIDLE_ST
2561843|ATESLEEP_ST
2564886|ATEIDLE_ST
2564899|ATESLEEP_ST
2566926|ATEIDLE_
2566947|STATESLEEP
2566962|_STATERX
2566974|_STATEIDLE
2566991|_STATETX
2567013|_STATEIDLE
2567029|_STATERX
2567047|_STATEIDLE
2567066|_STATETX_S
2567085|TATEIDLE_ST
2570127|ATEIDLE_ST
2570142|ATESLEEP_ST
2572187|ATEIDLE_ST
2572197|ATESLEEP_ST
2574227|ATEIDLE_ST
2574239|ATESLEEP_ST
2577277|ATEIDLE_ST
2577313|ATESLEEP_ST
2579357|ATEIDLE_ST
2579419|ATESLEEP_ST
2582468|ATEIDLE_ST
2582480|ATESLEEP_ST
2584518|ATEIDLE_ST
2584528|ATESLEEP_ST
2587568|ATEIDLE_ST
2587584|ATESLEEP_ST
2589630|ATEIDLE_ST
2589647|ATESLEEP_ST
2591688|ATEIDLE_ST
2591712|ATESLEEP_ST
2594759|ATEIDLE_ST
2594773|ATESLEEP_ST
2595789|ATEIDLE_
2595801|STATESLEEP
2595812|_STATERX
2595820|_STATEIDLE
2596849|_STATETX
2596904|_STATEIDLE_STATERX
2596921|_STATEIDLE
2596936|_STATETX_S
2596953|TATEIDLE_ST
2599999|ATEIDLE_ST
2600057|ATESLEEP_ST
2602089|ATEIDLE_ST
2602103|ATESLEEP_ST
2605139|ATEIDLE_ST
2605154|ATESLEEP_ST
2607190|ATEIDLE_ST
2607204|ATESLEEP_ST
2609230|ATEIDLE_ST
2609242|ATESLEEP_ST
2612290|ATEIDLE_ST
2612307|ATESLEEP_ST
2614380|ATEIDLE_ST
2614394|ATESLEEP_ST
2617430|ATEIDLE_ST
2617479|ATESLEEP_ST
2619511|ATEIDLE_ST
2619530|ATESLEEP_ST
2622573|ATEIDLE_ST
2622591|ATESLEEP_ST
2624631|ATEIDLE_ST
2624641|ATESLEEP_ST
2625661|ATEIDLE_
2625674|STATESLEEP_STATERX
2625699|_STATEIDLE
2625723|_STATETX
2625736|_STATEIDLE_STATERX
2625751|_STATEIDLE
2626761|_STATETX_S
2626776|TATEIDLE_ST
2629811|ATEIDLE_ST
2629820|ATESLEEP_ST
2631841|ATEIDLE_ST
2631852|ATESLEEP_ST
2634892|ATEIDLE_ST
2634909|ATESLEEP_ST
2636932|ATEIDLE_ST
2636940|ATESLEEP_ST
2639982|ATEIDLE_ST
2639990|ATESLEEP_ST
2642013|ATEIDLE_ST
2642019|ATESLEEP_ST
2645053|ATEIDLE_ST
2645062|ATESLEEP_ST
2647093|ATEIDLE_ST
2647221|ATESLEEP_ST
2649253|ATEIDLE_ST
2649258|ATESLEEP_ST
2652293|ATEIDLE_ST
2652311|ATESLEEP_ST
2654343|ATEIDLE_ST
2654353|ATESLEEP_ST
2654367|ATEIDLE_
2654378|STATESLEEP
2654390|_STATERX
2654397|_STATEIDLE
2655413|_STATETX
2655427|_STATEIDLE
2655440|_STATERX
2655459|_STATEIDLE
2657483|_STATETX_S
2657494|TATEIDLE_ST
2659524|ATEIDLE_ST
2659537|ATESLEEP_ST
2662575|ATEIDLE_ST
2662585|ATESLEEP_ST
2664614|ATEIDLE_ST
2664625|ATESLEEP_ST
2666654|ATEIDLE_ST
2666667|ATESLEEP_ST
2669704|ATEIDLE_ST
2669713|ATESLEEP_ST
2671735|ATEIDLE_ST
2671749|ATESLEEP_ST
2674785|ATEIDLE_ST
2674792|ATESLEEP_ST
2676815|ATEIDLE_ST
2676825|ATESLEEP_ST
2679865|ATEIDLE_ST
2679875|ATESLEEP_ST
2681905|ATEIDLE_ST
2681916|ATESLEEP_ST
2683936|ATEIDLE_
2683948|STATESLEEP_STATERX
2683958|_STATEIDLE
2683966|_STATETX
2683975|_STATEIDLE
2683984|_STATERX
2683994|_STATEIDLE
2685006|_STATETX_S
2685018|TATEIDLE_ST
2687046|ATEIDLE_ST
2687065|ATESLEEP_ST
2690110|ATEIDLE_ST
2690136|ATESLEEP_ST
2692166|ATEIDLE_ST
2692185|ATESLEEP_ST
2694226|ATEIDLE_ST
2694239|ATESLEEP_ST
2697277|ATEIDLE_ST
2697292|ATESLEEP_ST
2699327|ATEIDLE_ST
2699336|ATESLEEP_ST
2702377|ATEIDLE_ST
2702384|ATESLEEP_ST
2704407|ATEIDLE_ST
2704416|ATESLEEP_ST
2707447|ATEIDLE_ST
2707460|ATESLEEP_ST
2709488|ATEIDLE_ST
2709499|ATESLEEP_ST
2712538|ATEIDLE_ST
2712547|ATESLEEP_ST
2713558|ATEIDLE_
2713573|STATESLEEP
2713586|_STATERX
2713598|_STATEIDLE
2713613|_STATETX
2713626|_STATEIDLE
2713635|_STATERX
2713644|_STATEIDLE
2714658|_STATETX_S
2714668|TATEIDLE_ST
2716698|ATEIDLE_ST
2716711|ATESLEEP_ST
2719748|ATEIDLE_ST
2719760|ATESLEEP_ST
2721788|ATEIDLE_ST
2721802|ATESLEEP_ST
2724839|ATEIDLE_ST
2724855|ATESLEEP_ST
2726889|ATEIDLE_ST
2726907|ATESLEEP_ST
2729939|ATEIDLE_ST
2729949|ATESLEEP_ST
2731969|ATEIDLE_ST
2731985|ATESLEEP_ST
2735030|ATEIDLE_ST
2735040|ATESLEEP_ST
2737080|ATEIDLE_ST
2737095|ATESLEEP_ST
2740130|ATEIDLE_ST
2740140|ATESLEEP_ST
2742160|ATEIDLE_ST
2742171|ATESLEEP_ST
2743190|ATEIDLE_
2743199|STATESLEEP_STATERX
2743211|_STATEIDLE
2743229|_STATETX
2743242|_STATEIDLE
2743259|_STATERX
2743274|_STATEIDLE
2744300|_STATETX_S
2744313|TATEIDLE_ST
2747350|ATEIDLE_ST
2747360|ATESLEEP_ST
2749391|ATEIDLE_ST
2749399|ATESLEEP_ST
2752431|ATEIDLE_ST
2752454|ATESLEEP_ST
2754491|ATEIDLE_ST
2754501|ATESLEEP_ST
2757541|ATEIDLE_ST
2757554|ATESLEEP_ST
2759581|ATEIDLE_ST
2759595|ATESLEEP_ST
2762632|ATEIDLE_ST
2762642|ATESLEEP_ST
2764662|ATEIDLE_ST
2764672|ATESLEEP_ST
2766702|ATEIDLE_ST
2766715|ATESLEEP_ST
2769752|ATEIDLE_ST
2769783|ATESLEEP_ST
2771812|ATEIDLE_
2771827|STATESLEEP
2771845|_STATERX
2771859|_STATEIDLE
2771876|_STATETX
2771893|_STATEIDLE
2771910|_STATETX
2771928|_STATEIDLE
2771948|_STATERX
2771962|_STATEIDLE
2771981|_STATETX_S
2771997|TATEIDLE_ST
2772015|ATEIDLE_
2772029|STATESLEEP
2772051|_STATERX
2772065|_STATEIDLE
2775103|_STATETX_S
2775114|TATEIDLE_ST
2777143|ATEIDLE_ST
2777156|ATESLEEP_ST
2779183|ATEIDLE_ST
2779202|ATESLEEP_ST
2782243|ATEIDLE_ST
2782257|ATESLEEP_ST
2784283|ATEIDLE_ST
2784292|ATESLEEP_ST
2787334|ATEIDLE_ST
2787351|ATESLEEP_ST
2789401|ATEIDLE_ST
2789424|ATESLEEP_ST
2792474|ATEIDLE_ST
2792483|ATESLEEP_ST
2794504|ATEIDLE_ST
2794516|ATESLEEP_ST
2797554|ATEIDLE_ST
2797564|ATESLEEP_ST
2799595|ATEIDLE_ST
2799604|ATESLEEP_ST
2801635|ATEIDLE_
2801644|STATESLEEP
2801656|_STATETX
2801672|_STATEIDLE
2801684|_STATERX
2801695|_STATEIDLE
2801708|_STATETX_S
2801720|TATEIDLE_ST
2804755|ATEIDLE_ST
2804773|ATESLEEP_ST
2806805|ATEIDLE_ST
2806813|ATESLEEP_ST
2809865|ATEIDLE_ST
2809874|ATESLEEP_ST
2811906|ATEIDLE_ST
2811918|ATESLEEP_ST
2814956|ATEIDLE_ST
2814969|ATESLEEP_ST
2816996|ATEIDLE_ST
2817008|ATESLEEP_ST
2820051|ATEIDLE_ST
2820068|ATESLEEP_ST
2822097|ATEIDLE_ST
2822185|ATESLEEP_ST
2824217|ATEIDLE_ST
2824230|ATESLEEP_ST
2827267|ATEIDLE_ST
2827276|ATESLEEP_ST
2829297|ATEIDLE_ST
2829310|ATESLEEP_ST
2830327|ATEIDLE_
2830336|STATESLEEP
2830348|_STATERX
2830363|_STATEIDLE
2830379|_STATETX
2830393|_STATEIDLE
2830407|_STATETX
2830422|_STATEIDLE
2830435|_STATERX
2830447|_STATEIDLE
2832477|_STATETX_S
2832492|TATEIDLE_ST
2834517|ATEIDLE_ST
2834528|ATESLEEP_ST
2837567|ATEIDLE_ST
2837588|ATESLEEP_ST
2839618|ATEIDLE_ST
2839628|ATESLEEP_ST
2841658|ATEIDLE_ST
2842668|ATESLEEP_ST
2844698|ATEIDLE_ST
2844708|ATESLEEP_ST
2846738|ATEIDLE_ST
2846751|ATESLEEP_ST
2849788|ATEIDLE_ST
2849799|ATESLEEP_ST
2851829|ATEIDLE_ST
2851836|ATESLEEP_ST
2854869|ATEIDLE_ST
2854879|ATESLEEP_ST
2856909|ATEIDLE_ST
2856926|ATESLEEP_ST
2859969|ATEIDLE_ST
2859983|ATESLEEP_ST
2859999|ATEIDLE_
2860007|STATESLEEP
2860016|_STATERX
2860028|_STATEIDLE
2860040|_STATETX
2860053|_STATEIDLE
2860065|_STATERX
2860077|_STATEIDLE
2860089|_STATETX
2860101|_STATEIDLE
2860114|_STATERX
2860126|_STATEIDLE
2862149|_STATETX_S
2862158|TATEIDLE_ST
2864180|ATEIDLE_ST
2864189|ATESLEEP_ST
2867220|ATEIDLE_ST
2867234|ATESLEEP_ST
2869270|ATEIDLE_ST
2869281|ATESLEEP_ST
2872310|ATEIDLE_ST
2872318|ATESLEEP_ST
2874340|ATEIDLE_ST
2874352|ATESLEEP_ST
2877391|ATEIDLE_ST
2877453|ATESLEEP_ST
2879481|ATEIDLE_ST
2879496|ATESLEEP_ST
2882531|ATEIDLE_ST
2882549|ATESLEEP_ST
2884581|ATEIDLE_ST
2884597|ATESLEEP_ST
2887641|ATEIDLE_ST
2887651|ATESLEEP_ST
2889683|ATEIDLE_
2889702|STATESLEEP
2889722|_STATERX
2889752|_STATEIDLE
2889775|_STATETX
2889802|_STATEIDLE
2889832|_STATETX
2889845|_STATEIDLE
2889872|_STATERX
2889893|_STATEIDLE
2889921|_STATETX
2889938|_STATEIDLE
2889961|_STATERX
2889981|_STATEIDLE
2890012|_STATETX_S
2890050|TATEIDLE_ST
2892092|ATEIDLE_ST
2892170|ATESLEEP_ST
2894212|ATEIDLE_ST
2894223|ATESLEEP_ST
2897262|ATEIDLE_ST
2897274|ATESLEEP_ST
2899302|ATEIDLE_ST
2899313|ATESLEEP_ST
2902353|ATEIDLE_ST
2902362|ATESLEEP_ST
2904393|ATEIDLE_ST
2904401|ATESLEEP_ST
2907433|ATEIDLE_ST
2907453|ATESLEEP_ST
2909473|ATEIDLE_ST
2909489|ATESLEEP_ST
2912523|ATEIDLE_ST
2912531|ATESLEEP_ST
2914554|ATEIDLE_ST
2914565|ATESLEEP_ST
2917604|ATEIDLE_ST
2917611|ATESLEEP_ST
2918625|ATEIDLE_
2918635|STATESLEEP
2918651|_STATERX
2918663|_STATEIDLE
2918681|_STATETX
2918691|_STATEIDLE
2918703|_STATERX
2918713|_STATEIDLE
2919734|_STATETX_S
2919741|TATEIDLE_ST
2921764|ATEIDLE_ST
2921781|ATESLEEP_ST
2924814|ATEIDLE_ST
2924821|ATESLEEP_ST
2926844|ATEIDLE_ST
2926851|ATESLEEP_ST
2929885|ATEIDLE_ST
2929900|ATESLEEP_ST
2931935|ATEIDLE_ST
2931947|ATESLEEP_ST
2934985|ATEIDLE_ST
2935001|ATESLEEP_ST
2937025|ATEIDLE_ST
2937041|ATESLEEP_ST
2940085|ATEIDLE_ST
2940094|ATESLEEP_ST
2942126|ATEIDLE_ST
2942174|ATESLEEP_ST
2944206|ATEIDLE_ST
2944216|ATESLEEP_ST
2947256|ATEIDLE_ST
2947266|ATESLEEP_ST
2948286|ATEIDLE_
2948299|STATESLEEP_STATERX
2948312|_STATEIDLE
2948324|_STATETX
2948335|_STATEIDLE
2948345|_STATETX
2948354|_STATEIDLE
2948364|_STATERX
2948375|_STATEIDLE
2949386|_STATETX_S
2949398|TATEIDLE_ST
2952436|ATEIDLE_ST
2952444|ATESLEEP_ST
2954467|ATEIDLE_ST
2954483|ATESLEEP_ST
2957517|ATEIDLE_ST
2957524|ATESLEEP_ST
2959547|ATEIDLE_ST
2959563|ATESLEEP_ST
2962597|ATEIDLE_ST
2962613|ATESLEEP_ST
2964637|ATEIDLE_ST
2964661|ATESLEEP_ST
2966688|ATEIDLE_ST
2966694|ATESLEEP_ST
2969728|ATEIDLE_ST
2969739|ATESLEEP_ST
2971768|ATEIDLE_ST
2971780|ATESLEEP_ST
2974818|ATEIDLE_ST
2974834|ATESLEEP_ST
2976858|ATEIDLE_
2976871|STATESLEEP
2976884|_STATERX
2976902|_STATEIDLE
2976915|_STATETX_S
2976925|TATEIDLE_ST
2976940|ATEIDLE_
2976950|STATESLEEP
2976963|_STATERX
2976974|_STATEIDLE
2980009|_STATETX_S
2980017|TATEIDLE_ST
2982039|ATEIDLE_ST
2982047|ATESLEEP_ST
2985079|ATEIDLE_ST
2985097|ATESLEEP_ST
2987139|ATEIDLE_ST
2987155|ATESLEEP_ST
2989189|ATEIDLE_ST
2989212|ATESLEEP_ST
2992260|ATEIDLE_ST
2992269|ATESLEEP_ST
2994300|ATEIDLE_ST
2994329|ATESLEEP_ST
2997360|ATEIDLE_ST
2997377|ATESLEEP_ST
2999410|ATEIDLE_ST
2999418|ATESLEEP_ST
3002450|ATEIDLE_ST
3002465|ATESLEEP_ST
3004491|ATEIDLE_ST
3004502|ATESLEEP_ST
3006531|ATEIDLE_
3006541|STATESLEEP
3006551|_STATERX
3006563|_STATEIDLE
3006578|_STATETX
3006592|_STATEIDLE
3006606|_STATERX
3006620|_STATEIDLE
3007641|_STATETX_S
3007652|TATEIDLE_ST
3009681|ATEIDLE_ST
3009692|ATESLEEP_ST
3011721|ATEIDLE_ST
3011733|ATESLEEP_ST
3014771|ATEIDLE_ST
3014782|ATESLEEP_ST
3016803|ATEIDLE_ST
3016815|ATESLEEP_ST
3019842|ATEIDLE_ST
3019852|ATESLEEP_ST
3021882|ATEIDLE_ST
3021896|ATESLEEP_ST
3024922|ATEIDLE_ST
3024956|ATESLEEP_ST
3026983|ATEIDLE_ST
3026997|ATESLEEP_ST
3030032|ATEIDLE_ST
3030046|ATESLEEP_ST
3032073|ATEIDLE_ST
3032083|ATESLEEP_ST
3035123|ATEIDLE_ST
3035141|ATESLEEP_ST
3036163|ATEIDLE_
3036172|STATESLEEP
3036182|_STATERX
3036192|_STATEIDLE
3036200|_STATETX
3036207|_STATEIDLE
3036217|_STATERX
3036228|_STATEIDLE
3037243|_STATETX_S
3037253|TATEIDLE_ST
3039283|ATEIDLE_ST
3039292|ATESLEEP_ST
3042323|ATEIDLE_ST
3042339|ATESLEEP_ST
3044374|ATEIDLE_ST
3044390|ATESLEEP_ST
3047434|ATEIDLE_ST
3047441|ATESLEEP_ST
3049464|ATEIDLE_ST
3049480|ATESLEEP_ST
3052514|ATEIDLE_ST
3052528|ATESLEEP_ST
3054554|ATEIDLE_ST
3054563|ATESLEEP_ST
3057595|ATEIDLE_ST
3057607|ATESLEEP_ST
3059635|ATEIDLE_ST
3059642|ATESLEEP_ST
3061675|ATEIDLE_ST
3061684|ATESLEEP_ST
3063715|ATEIDLE_
3063730|STATESLEEP
3064745|_STATERX_S
3064752|TATEIDLE_ST
3064760|ATEIDLE_
3064767|STATESLEEP
3064776|_STATERX
3064785|_STATEIDLE
3064792|_STATETX_STATEIDLE
3064798|_STATEIDLE
3064805|_STATETX
3064813|_STATEIDLE
3064820|_STATERX
3064828|_STATEIDLE
3066866|_STATETX_S
3066874|TATEIDLE_ST
3069916|ATEIDLE_ST
3069927|ATESLEEP_ST
3071956|ATEIDLE_ST
3071964|ATESLEEP_ST
3074996|ATEIDLE_ST
3075011|ATESLEEP_ST
3077036|ATEIDLE_ST
3077054|ATESLEEP_ST
3080096|ATEIDLE_ST
3080104|ATESLEEP_ST
3082127|ATEIDLE_ST
3082140|ATESLEEP_ST
3084167|ATEIDLE_ST
3084180|ATESLEEP_ST
3087217|ATEIDLE_ST
3087224|ATESLEEP_ST
3089247|ATEIDLE_ST
3089271|ATESLEEP_ST
3092307|ATEIDLE_ST
3092320|ATESLEEP_ST
3094347|ATEIDLE_
3094361|STATESLEEP_STATERX
3094452|_STATEIDLE
3094468|_STATETX
3094484|_STATEIDLE
3094501|_STATERX
3094516|_STATEIDLE
3094530|_STATETX
3094541|_STATEIDLE
3094555|_STATERX
3094567|_STATEIDLE
3094578|_STATETX_S
3094593|TATEIDLE_ST
3097628|ATEIDLE_ST
3097640|ATESLEEP_ST
3099668|ATEIDLE_ST
3099682|ATESLEEP_ST
3101718|ATEIDLE_ST
3101727|ATESLEEP_ST
3104768|ATEIDLE_ST
3104775|ATESLEEP_ST
3106798|ATEIDLE_ST
3106811|ATESLEEP_ST
3109849|ATEIDLE_ST
3109858|ATESLEEP_ST
3111879|ATEIDLE_ST
3111893|ATESLEEP_ST
3114929|ATEIDLE_ST
3114936|ATESLEEP_ST
3116970|ATEIDLE_ST
3116994|ATESLEEP_ST
3120029|ATEIDLE_ST
3120049|ATESLEEP_ST
3122070|ATEIDLE_ST
3122086|ATESLEEP_ST
3123120|ATEIDLE_
3123126|STATESLEEP
3123133|_STATERX
3123144|_STATEIDLE
3124160|_STATETX
3124174|_STATEIDLE
3124189|_STATERX
3124201|_STATEIDLE
3124214|_STATETX_S
3124228|TATEIDLE_ST
3127270|ATEIDLE_ST
3127283|ATESLEEP_ST
3129310|ATEIDLE_ST
3129321|ATESLEEP_ST
3132360|ATEIDLE_ST
3132370|ATESLEEP_ST
3134391|ATEIDLE_ST
3134404|ATESLEEP_ST
3137441|ATEIDLE_ST
3137456|ATESLEEP_ST
3139481|ATEIDLE_ST
3139490|ATESLEEP_ST
3142521|ATEIDLE_ST
3142532|ATESLEEP_ST
3144561|ATEIDLE_ST
3144578|ATESLEEP_ST
3147612|ATEIDLE_ST
3147623|ATESLEEP_ST
3149652|ATEIDLE_ST
3149661|ATESLEEP_ST
3151682|ATEIDLE_ST
3151695|ATESLEEP_ST
3152712|ATEIDLE_
3152723|STATESLEEP_STATERX
3152735|_STATEIDLE
3152746|_STATETX
3152764|_STATEIDLE
3152776|_STATETX
3152789|_STATEIDLE
3152802|_STATERX
3152817|_STATEIDLE
3152838|_STATETX
3152850|_STATEIDLE
3152867|_STATERX
3152878|_STATEIDLE
3154912|_STATETX_S
3154924|TATEIDLE_ST
3156952|ATEIDLE_ST
3156971|ATESLEEP_ST
3160013|ATEIDLE_ST
3160030|ATESLEEP_ST
3162063|ATEIDLE_ST
3162073|ATESLEEP_ST
3165103|ATEIDLE_ST
3165113|ATESLEEP_ST
3167133|ATEIDLE_ST
3167148|ATESLEEP_ST
3169174|ATEIDLE_ST
3170183|ATESLEEP_ST
3172204|ATEIDLE_ST
3172216|ATESLEEP_ST
3174244|ATEIDLE_ST
3174253|ATESLEEP_ST
3177284|ATEIDLE_ST
3177299|ATESLEEP_ST
3179324|ATEIDLE_ST
3179331|ATESLEEP_ST
3182364|ATEIDLE_ST
3182372|ATESLEEP_ST
3182379|ATEIDLE_
3182387|STATESLEEP
3182395|_STATERX
3182402|_STATEIDLE
3182409|_STATETX
3182416|_STATEIDLE
3182425|_STATERX
3182433|_STATEIDLE
3184454|_STATETX_S
3184461|TATEIDLE_ST
3187495|ATEIDLE_ST
3187507|ATESLEEP_ST
3189535|ATEIDLE_ST
3189544|ATESLEEP_ST
3192575|ATEIDLE_ST
3192587|ATESLEEP_ST
3194615|ATEIDLE_ST
3194624|ATESLEEP_ST
3197655|ATEIDLE_ST
3197663|ATESLEEP_ST
3199686|ATEIDLE_ST
3199695|ATESLEEP_ST
3201716|ATEIDLE_ST
3201724|ATESLEEP_ST
3204756|ATEIDLE_ST
3204766|ATESLEEP_ST
3206796|ATEIDLE_ST
3206805|ATESLEEP_ST
3209846|ATEIDLE_ST
3209856|ATESLEEP_ST
3211887|ATEIDLE_
3211907|STATESLEEP
3211927|_STATETX
3211945|_STATEIDLE
3211960|_STATERX
3211977|_STATEIDLE
3211990|_STATETX
3212006|_STATEIDLE
3212020|_STATERX_S
3212027|TATEIDLE_ST
