19516|29 | IDLE_STATE

19768|147 | IDLE_STATE

19810|149 | SLEEP_STATE

19828|262 | IDLE_STATE

19860|264 | SLEEP_STATE

19874|378 | IDLE_STATE

19895|379 | SLEEP_STATE

20956|493 | IDLE_STATE

20974|494 | SLEEP_STATE

20992|608 | IDLE_STATE

21007|610 | SLEEP_STATE

21024|723 | IDLE_STATE

21047|725 | SLEEP_STATE

21072|839 | IDLE_STATE

21102|840 | SLEEP_STATE

21129|954 | IDLE_STATE

21153|955 | SLEEP_STATE

21179|1069 | IDLE_STATE

21207|1071 | SLEEP_STATE

21232|1184 | IDLE_STATE

21262|1186 | SLEEP_STATE

21295|1300 | IDLE_STATE

21323|1301 | SLEEP_STATE

21356|1415 | IDLE_STATE

21385|1416 | SLEEP_STATE

21411|1530 | IDLE_STATE

21436|1532 | SLEEP_STATE

21457|1645 | IDLE_STATE

21477|1647 | SLEEP_STATE

21487|1761 | IDLE_STATE

21526|1762 | SLEEP_STATE

21576|1876 | IDLE_STATE

21596|1877 | SLEEP_STATE

21624|1991 | IDLE_STATE

21650|1993 | SLEEP_STATE

22686|2106 | IDLE_STATE

22727|2108 | SLEEP_STATE

22766|2221 | IDLE_STATE

22818|2223 | SLEEP_STATE

22925|2337 | IDLE_STATE

22956|2338 | SLEEP_STATE

22988|2452 | IDLE_STATE

23024|2454 | SLEEP_STATE

23055|2567 | IDLE_STATE

23090|2569 | SLEEP_STATE

23122|2682 | IDLE_STATE

23152|2684 | SLEEP_STATE

23188|2798 | IDLE_STATE

23217|2799 | SLEEP_STATE

23250|2913 | IDLE_STATE

23275|2914 | SLEEP_STATE

23301|3028 | IDLE_STATE

23325|3030 | SLEEP_STATE

23346|3143 | IDLE_STATE

23367|3145 | SLEEP_STATE

23384|3259 | IDLE_STATE

23398|3260 | SLEEP_STATE

23416|3374 | IDLE_STATE

23430|3375 | SLEEP_STATE

23447|3489 | IDLE_STATE

23460|3491 | SLEEP_STATE

23474|3604 | IDLE_STATE

23484|3606 | SLEEP_STATE

23496|3719 | IDLE_STATE

23508|3721 | SLEEP_STATE

26546|6024 | IDLE_STATE

26562|6026 | SLEEP_STATE

28596|8329 | IDLE_STATE

28602|8330 | SLEEP_STATE

31636|10633 | IDLE_STATE

31654|10635 | SLEEP_STATE

33686|12938 | IDLE_STATE

33698|12940 | SLEEP_STATE

36736|15243 | IDLE_STATE

36749|15244 | SLEEP_STATE

38777|17547 | IDLE_STATE

38784|17549 | SLEEP_STATE

41817|19852 | IDLE_STATE

41830|19854 | SLEEP_STATE

43857|22157 | IDLE_STATE

43871|22158 | SLEEP_STATE

46907|24461 | IDLE_STATE

46919|24463 | SLEEP_STATE

48947|26766 | IDLE_STATE

48958|26768 | SLEEP_STATE

48968|27046 | TX_STATE

48980|27066 | IDLE_STATE

48989|27067 | IDLE_STATE
27068 | I
48999|DLE_STATE
27070 | IDLE_STATE
49010|
27071 | IDLE_STATE
27072 | 
49021|IDLE_STATE
27073 | IDLE_STAT
49034|E
27075 | IDLE_STATE
27076 |
49043| IDLE_STATE
27077 | IDLE_STA
49054|TE
27078 | IDLE_STATE
27080 
49063|| IDLE_STATE
27081 | IDLE_ST
49073|ATE
27082 | IDLE_STATE
270
51098|29070 | IDLE_STATE

51106|29072 | SLEEP_STATE

54148|31375 | IDLE_STATE

54164|31377 | SLEEP_STATE

56188|33680 | IDLE_STATE

56195|33682 | SLEEP_STATE

59228|35984 | IDLE_STATE

59240|35986 | SLEEP_STATE

61268|38289 | IDLE_STATE

61279|38291 | SLEEP_STATE

64319|40594 | IDLE_STATE

64329|40595 | SLEEP_STATE

66349|42898 | IDLE_STATE

66359|42900 | SLEEP_STATE

69399|45203 | IDLE_STATE

69408|45205 | SLEEP_STATE

71439|47508 | IDLE_STATE

71448|47509 | SLEEP_STATE

73469|49812 | IDLE_STATE

74479|49814 | SLEEP_STATE

76510|52117 | IDLE_STATE

76517|52119 | SLEEP_STATE

78540|54056 | TX_STATE

78557|54076 | IDLE_STATE

78577|54078 | IDLE_STATE
54079 | I
78592|DLE_STATE
54080 | IDLE_STATE
78609|
54082 | IDLE_STATE
54083 | 
78625|IDLE_STATE
54084 | IDLE_STAT
78641|E
54085 | IDLE_STATE
54087 |
78659| IDLE_STATE
54088 | IDLE_STA
78678|TE
54089 | IDLE_STATE
54090 
78695|| IDLE_STATE
54092 | IDLE_ST
78716|ATE
54093 | IDLE_STATE
540
78737|54422 | IDLE_STATE

78752|54423 | SLEEP_STATE

79780|55114 | RX_STATE

79789|55120 | IDLE_STATE

81810|56726 | IDLE_STATE

81818|56728 | SLEEP_STATE

83841|59031 | IDLE_STATE

83849|59033 | SLEEP_STATE

86880|61335 | IDLE_STATE

86888|61337 | SLEEP_STATE

88911|63640 | IDLE_STATE

88941|63642 | SLEEP_STATE

91031|65945 | IDLE_STATE

91052|65946 | SLEEP_STATE

94111|68249 | IDLE_STATE

94132|68251 | SLEEP_STATE

96182|70554 | IDLE_STATE

96199|70556 | SLEEP_STATE

99252|72859 | IDLE_STATE

99259|72860 | SLEEP_STATE

101282|75163 | IDLE_STATE

101300|75165 | SLEEP_STATE

104332|77468 | IDLE_STATE

104338|77470 | SLEEP_STATE

106362|79773 | IDLE_STATE

106369|79774 | SLEEP_STATE

107382|81034 | RX_STATE

107394|81041 | IDLE_STATE

107406|81059 | TX_STATE

108422|81079 | IDLE_STATE

108442|81080 | IDLE_STATE
81081 | I
108459|DLE_STATE
81083 | IDLE_STATE
108472|
81084 | IDLE_STATE
81085 | 
108491|IDLE_STATE
81086 | IDLE_STAT
108513|E
81088 | IDLE_STATE
81089 |
108537| IDLE_STATE
81090 | IDLE_STA
108557|TE
81091 | IDLE_STATE
81093 
108580|| IDLE_STATE
81094 | IDLE_ST
108605|ATE
81095 | IDLE_STATE
810
108632|82077 | IDLE_STATE

108656|82079 | SLEEP_STATE

108683|82124 | RX_STATE

108711|82131 | IDLE_STATE

111762|84382 | IDLE_STATE

111769|84384 | SLEEP_STATE

113793|86686 | IDLE_STATE

113801|86688 | SLEEP_STATE

116833|88991 | IDLE_STATE

116842|88993 | SLEEP_STATE

118863|91296 | IDLE_STATE

118879|91298 | SLEEP_STATE

121923|93600 | IDLE_STATE

121945|93602 | SLEEP_STATE

124034|95905 | IDLE_STATE

124065|95907 | SLEEP_STATE

126114|98210 | IDLE_STATE

126122|98211 | SLEEP_STATE

129164|100514 | IDLE_STATE

129174|100516 | SLEEP_STATE

131194|102819 | IDLE_STATE

131201|102821 | SLEEP_STATE

134234|105124 | IDLE_STATE

134259|105126 | SLEEP_STATE

136294|107428 | IDLE_STATE

136304|107430 | SLEEP_STATE

137325|108034 | RX_STATE

137332|108039 | IDLE_STATE

137339|108076 | TX_STATE

137345|108096 | IDLE_STATE

137352|108097 | IDLE_STATE
108099 |
137357| IDLE_STATE
108100 | IDLE_ST
137363|ATE
108102 | IDLE_STATE
1081
137370|03 | IDLE_STATE
108104 | IDL
137377|E_STATE
108106 | IDLE_STATE

137383|108107 | IDLE_STATE
108109 |
137391| IDLE_STATE
108110 | IDLE_ST
137398|ATE
108112 | IDLE_STATE
1081
137405|13 | IDLE_STATE
108114 | I
138425|109123 | RX_STATE

138438|109128 | IDLE_STATE

139455|109733 | IDLE_STATE

139463|109735 | SLEEP_STATE

141485|112037 | IDLE_STATE

141500|112039 | SLEEP_STATE

143525|114342 | IDLE_STATE

143533|114344 | SLEEP_STATE

146565|116647 | IDLE_STATE

146577|116649 | SLEEP_STATE

148605|118951 | IDLE_STATE

148611|118953 | SLEEP_STATE

151646|121256 | IDLE_STATE

151654|121258 | SLEEP_STATE

153676|123561 | IDLE_STATE

153686|123563 | SLEEP_STATE

156726|125865 | IDLE_STATE

156742|125867 | SLEEP_STATE

158786|128170 | IDLE_STATE

158798|128172 | SLEEP_STATE

161847|130475 | IDLE_STATE

161854|130477 | SLEEP_STATE

163877|132779 | IDLE_STATE

163885|132781 | SLEEP_STATE

166927|135042 | RX_STATE

166936|135046 | IDLE_STATE

166947|135072 | TX_STATE

166953|135084 | SLEEP_STATE

166962|135092 | IDLE_STATE
135093 |
166973| IDLE_STATE
135095 | IDLE_ST
166983|ATE
135096 | IDLE_STATE
1350
166997|98 | IDLE_STATE
135099 | IDL
167010|E_STATE
135100 | IDLE_STATE

167021|135102 | IDLE_STATE
135103 |
167038| IDLE_STATE
135105 | IDLE_ST
167052|ATE
135106 | IDLE_STATE
1351
167065|07 | IDLE_STATE
135109 | I
168087|136131 | RX_STATE

168099|136135 | IDLE_STATE

169118|137441 | IDLE_STATE

169125|137443 | SLEEP_STATE

171147|139745 | IDLE_STATE

171154|139747 | SLEEP_STATE

174188|142050 | IDLE_STATE

174199|142052 | SLEEP_STATE

176238|144355 | IDLE_STATE

176245|144357 | SLEEP_STATE

179278|146659 | IDLE_STATE

179287|146661 | SLEEP_STATE

181308|148964 | IDLE_STATE

181317|148966 | SLEEP_STATE

184358|151269 | IDLE_STATE

184370|151271 | SLEEP_STATE

186399|153573 | IDLE_STATE

186408|153575 | SLEEP_STATE

189440|155878 | IDLE_STATE

189459|155880 | SLEEP_STATE

191519|158182 | IDLE_STATE

191527|158184 | SLEEP_STATE

193549|160487 | IDLE_STATE

193558|160489 | SLEEP_STATE

195589|162057 | RX_STATE

195609|162061 | IDLE_STATE

195633|162083 | TX_STATE

195658|162103 | IDLE_STATE

195678|162104 | IDLE_STATE
162106 |
195700| IDLE_STATE
162107 | IDLE_ST
195722|ATE
162109 | IDLE_STATE
1621
195743|10 | IDLE_STATE
162111 | IDL
195760|E_STATE
162113 | IDLE_STATE

195782|162114 | IDLE_STATE
162116 |
195807| IDLE_STATE
162117 | IDLE_ST
195838|ATE
162118 | IDLE_STATE
1621
195869|20 | IDLE_STATE
162121 | I
196899|162792 | IDLE_STATE

196914|162794 | SLEEP_STATE

196928|163154 | RX_STATE

196955|163159 | IDLE_STATE

199000|165096 | IDLE_STATE

199008|165098 | SLEEP_STATE

201040|167401 | IDLE_STATE

201055|167403 | SLEEP_STATE

204090|169706 | IDLE_STATE

204100|169708 | SLEEP_STATE

206120|172010 | IDLE_STATE

206125|172012 | SLEEP_STATE

209160|174315 | IDLE_STATE

209169|174317 | SLEEP_STATE

211201|176620 | IDLE_STATE

211207|176622 | SLEEP_STATE

214241|178924 | IDLE_STATE

214247|178926 | SLEEP_STATE

216271|181229 | IDLE_STATE

216281|181231 | SLEEP_STATE

219321|183534 | IDLE_STATE

219329|183535 | SLEEP_STATE

221351|185838 | IDLE_STATE

221395|185840 | SLEEP_STATE

224432|188143 | IDLE_STATE

224456|188145 | SLEEP_STATE

225502|189070 | RX_STATE

225519|189074 | IDLE_STATE

225535|189093 | TX_STATE

225546|189113 | IDLE_STATE

225554|189115 | IDLE_STATE
189116 |
225565| IDLE_STATE
189117 | IDLE_ST
225578|ATE
189119 | IDLE_STATE
1891
225584|20 | IDLE_STATE
189122 | IDL
225592|E_STATE
189123 | IDLE_STATE

225601|189125 | IDLE_STATE
189126 |
225608| IDLE_STATE
189127 | IDLE_ST
225620|ATE
189129 | IDLE_STATE
1891
225626|30 | IDLE_STATE
189132 | I
226642|190153 | RX_STATE

226649|190158 | IDLE_STATE

226666|190447 | IDLE_STATE

226685|190449 | SLEEP_STATE

228722|192752 | IDLE_STATE

228742|192754 | SLEEP_STATE

231792|195057 | IDLE_STATE

231809|195059 | SLEEP_STATE

233842|197361 | IDLE_STATE

233860|197363 | SLEEP_STATE

236903|199666 | IDLE_STATE

236934|199668 | SLEEP_STATE

238973|201971 | IDLE_STATE

238987|201973 | SLEEP_STATE

242023|204275 | IDLE_STATE

242044|204277 | SLEEP_STATE

244073|206580 | IDLE_STATE

244082|206582 | SLEEP_STATE

246103|208885 | IDLE_STATE

246116|208886 | SLEEP_STATE

249154|211189 | IDLE_STATE

249161|211191 | SLEEP_STATE

251184|213494 | IDLE_STATE

251195|213496 | SLEEP_STATE

254234|215798 | IDLE_STATE

254255|215800 | SLEEP_STATE

254277|216069 | RX_STATE

254301|216074 | IDLE_STATE

254320|216102 | TX_STATE

254339|216122 | IDLE_STATE

254350|216123 | IDLE_STATE
216125 |
254374| IDLE_STATE
216126 | IDLE_ST
254395|ATE
216127 | IDLE_STATE
2161
254416|29 | IDLE_STATE
216130 | IDL
254438|E_STATE
216132 | IDLE_STATE

254462|216133 | IDLE_STATE
216135 |
254483| IDLE_STATE
216136 | IDLE_ST
254502|ATE
216137 | IDLE_STATE
2161
254523|39 | IDLE_STATE
216140 | I
255554|217156 | RX_STATE

255571|217161 | IDLE_STATE

256584|218103 | IDLE_STATE

256610|218105 | SLEEP_STATE

258634|220408 | IDLE_STATE

258651|220410 | SLEEP_STATE

261703|222712 | IDLE_STATE

261723|222714 | SLEEP_STATE

263755|225017 | IDLE_STATE

263760|225019 | SLEEP_STATE

266795|227322 | IDLE_STATE

266804|227324 | SLEEP_STATE

268825|229626 | IDLE_STATE

268835|229628 | SLEEP_STATE

271865|231931 | IDLE_STATE

271882|231933 | SLEEP_STATE

273916|234236 | IDLE_STATE

273928|234238 | SLEEP_STATE

276966|236540 | IDLE_STATE

276977|236542 | SLEEP_STATE

279006|238845 | IDLE_STATE

279013|238847 | SLEEP_STATE

281036|241149 | IDLE_STATE

282047|241151 | SLEEP_STATE

284066|243078 | RX_STATE

284076|243082 | IDLE_STATE

284088|243102 | TX_STATE

284097|243122 | IDLE_STATE

284106|243124 | IDLE_STATE
243125 |
284114| IDLE_STATE
243126 | IDLE_ST
284121|ATE
243128 | IDLE_STATE
2431
284128|29 | IDLE_STATE
243131 | IDL
284135|E_STATE
243132 | IDLE_STATE

284142|243134 | IDLE_STATE
243135 |
284149| IDLE_STATE
243137 | IDLE_ST
284156|ATE
243138 | IDLE_STATE
2431
284162|39 | IDLE_STATE
243141 | I
284168|243454 | IDLE_STATE

284178|243456 | SLEEP_STATE

285196|244169 | RX_STATE

285213|244173 | IDLE_STATE

286237|245759 | IDLE_STATE

286246|245761 | SLEEP_STATE

289277|248063 | IDLE_STATE

289292|248065 | SLEEP_STATE

291327|250368 | IDLE_STATE

291334|250370 | SLEEP_STATE

294367|252673 | IDLE_STATE

294378|252675 | SLEEP_STATE

296407|254977 | IDLE_STATE

296415|254979 | SLEEP_STATE

299448|257282 | IDLE_STATE

299459|257284 | SLEEP_STATE

301488|259587 | IDLE_STATE

301498|259589 | SLEEP_STATE

304528|261891 | IDLE_STATE

304540|261893 | SLEEP_STATE

306568|264196 | IDLE_STATE

306577|264198 | SLEEP_STATE

308598|266501 | IDLE_STATE

308610|266502 | SLEEP_STATE

311649|268805 | IDLE_STATE

311666|268807 | SLEEP_STATE

312679|270113 | TX_STATE

312691|270133 | IDLE_STATE

312723|270135 | IDLE_STATE
270136 |
312754| IDLE_STATE
270137 | IDLE_ST
312787|ATE
270139 | IDLE_STATE
2701
312814|40 | IDLE_STATE
270142 | IDL
312846|E_STATE
270143 | IDLE_STATE

312874|270145 | IDLE_STATE
270146 |
312900| IDLE_STATE
270147 | IDLE_ST
312920|ATE
270149 | IDLE_STATE
2701
312929|50 | IDLE_STATE
270152 | I
313959|271110 | IDLE_STATE

313968|271112 | SLEEP_STATE

313980|271174 | RX_STATE

313992|271179 | IDLE_STATE

317029|273414 | IDLE_STATE

317045|273416 | SLEEP_STATE

319079|275719 | IDLE_STATE

319086|275721 | SLEEP_STATE

321109|278024 | IDLE_STATE

321128|278026 | SLEEP_STATE

324170|280328 | IDLE_STATE

324181|280330 | SLEEP_STATE

326220|282633 | IDLE_STATE

326227|282635 | SLEEP_STATE

329260|284938 | IDLE_STATE

329272|284940 | SLEEP_STATE

331300|287242 | IDLE_STATE

331311|287244 | SLEEP_STATE

334340|289547 | IDLE_STATE

334348|289549 | SLEEP_STATE

336371|291852 | IDLE_STATE

336386|291853 | SLEEP_STATE

339431|294156 | IDLE_STATE

339445|294158 | SLEEP_STATE

341481|296461 | IDLE_STATE

341492|296463 | SLEEP_STATE

342501|297093 | RX_STATE

342519|297098 | IDLE_STATE

342536|297115 | TX_STATE

342551|297136 | IDLE_STATE

342569|297137 | IDLE_STATE
297139 |
342589| IDLE_STATE
297140 | IDLE_ST
342609|ATE
297142 | IDLE_STATE
2971
342629|43 | IDLE_STATE
297144 | IDL
342651|E_STATE
297146 | IDLE_STATE

342668|297147 | IDLE_STATE
297149 |
342686| IDLE_STATE
297150 | IDLE_ST
342704|ATE
297152 | IDLE_STATE
2971
342719|53 | IDLE_STATE
297154 | I
343731|298177 | RX_STATE

343739|298181 | IDLE_STATE

343750|298765 | IDLE_STATE

343764|298767 | SLEEP_STATE

346801|301070 | IDLE_STATE

346809|301072 | SLEEP_STATE

348832|303375 | IDLE_STATE

348840|303377 | SLEEP_STATE

351872|305679 | IDLE_STATE

351881|305681 | SLEEP_STATE

353902|307984 | IDLE_STATE

353917|307986 | SLEEP_STATE

356957|310289 | IDLE_STATE

356973|310291 | SLEEP_STATE

359022|312593 | IDLE_STATE

359032|312595 | SLEEP_STATE

361053|314898 | IDLE_STATE

361067|314900 | SLEEP_STATE

364113|317203 | IDLE_STATE

364125|317205 | SLEEP_STATE

366153|319507 | IDLE_STATE

366163|319509 | SLEEP_STATE

369203|321812 | IDLE_STATE

369210|321814 | SLEEP_STATE

371233|324109 | RX_STATE

371247|324114 | IDLE_STATE
324117 |
371265| IDLE_STATE
324119 | SLEEP_S
371280|TATE
324128 | TX_STATE

371288|324148 | IDLE_STATE

371301|324150 | IDLE_STATE
324151 |
371316| IDLE_STATE
324153 | IDLE_ST
371334|ATE
324154 | IDLE_STATE
3241
371345|56 | IDLE_STATE
324157 | IDL
371352|E_STATE
324158 | IDLE_STATE

371365|324160 | IDLE_STATE
324161 |
371383| IDLE_STATE
324163 | IDLE_ST
371399|ATE
324164 | IDLE_STATE
3241
371415|65 | IDLE_STATE
324167 | I
372433|325186 | RX_STATE

372442|325191 | IDLE_STATE

374464|326421 | IDLE_STATE

374473|326423 | SLEEP_STATE

376494|328726 | IDLE_STATE

376505|328728 | SLEEP_STATE

378534|331030 | IDLE_STATE

379545|331032 | SLEEP_STATE

381584|333335 | IDLE_STATE

381601|333337 | SLEEP_STATE

383624|335640 | IDLE_STATE

383640|335642 | SLEEP_STATE

386675|337944 | IDLE_STATE

386689|337946 | SLEEP_STATE

388715|340249 | IDLE_STATE

388731|340251 | SLEEP_STATE

391775|342554 | IDLE_STATE

391783|342556 | SLEEP_STATE

393805|344858 | IDLE_STATE

393818|344860 | SLEEP_STATE

396855|347163 | IDLE_STATE

396863|347165 | SLEEP_STATE

398886|349467 | IDLE_STATE

398901|349469 | SLEEP_STATE

400936|351112 | RX_STATE

400950|351117 | IDLE_STATE

400965|351131 | TX_STATE

400978|351151 | IDLE_STATE

400991|351152 | IDLE_STATE
351154 |
401005| IDLE_STATE
351155 | IDLE_ST
401018|ATE
351156 | IDLE_STATE
3511
401028|58 | IDLE_STATE
351159 | IDL
401044|E_STATE
351161 | IDLE_STATE

401059|351162 | IDLE_STATE
351164 |
401071| IDLE_STATE
351165 | IDLE_ST
401085|ATE
351166 | IDLE_STATE
3511
401101|68 | IDLE_STATE
351169 | I
401113|351772 | IDLE_STATE

401127|351774 | SLEEP_STATE

402136|352202 | RX_STATE

402150|352207 | IDLE_STATE

404186|354077 | IDLE_STATE

404200|354079 | SLEEP_STATE

406226|356381 | IDLE_STATE

406234|356383 | SLEEP_STATE

409266|358686 | IDLE_STATE

409277|358688 | SLEEP_STATE

411307|360991 | IDLE_STATE

411315|360993 | SLEEP_STATE

414347|363295 | IDLE_STATE

414463|363297 | SLEEP_STATE

416507|365600 | IDLE_STATE

416527|365602 | SLEEP_STATE

418547|367905 | IDLE_STATE

418555|367907 | SLEEP_STATE

421587|370209 | IDLE_STATE

421625|370211 | SLEEP_STATE

423658|372514 | IDLE_STATE

423666|372516 | SLEEP_STATE

426708|374819 | IDLE_STATE

426720|374821 | SLEEP_STATE

428748|377123 | IDLE_STATE

428758|377125 | SLEEP_STATE

429768|378111 | RX_STATE

429775|378116 | IDLE_STATE

429780|378146 | TX_STATE

429787|378166 | IDLE_STATE

429796|378167 | IDLE_STATE
378169 |
429804| IDLE_STATE
378170 | IDLE_ST
429810|ATE
378172 | IDLE_STATE
3781
429817|73 | IDLE_STATE
378174 | IDL
429822|E_STATE
378176 | IDLE_STATE

429829|378177 | IDLE_STATE
378179 |
429835| IDLE_STATE
378180 | IDLE_ST
429841|ATE
378182 | IDLE_STATE
3781
429847|83 | IDLE_STATE
378184 | I
430858|379216 | RX_STATE

430872|379221 | IDLE_STATE

431889|379428 | IDLE_STATE

431901|379430 | SLEEP_STATE

433928|381732 | IDLE_STATE

433940|381734 | SLEEP_STATE

436979|384037 | IDLE_STATE

436995|384039 | SLEEP_STATE

439019|386342 | IDLE_STATE

439029|386344 | SLEEP_STATE

441049|388646 | IDLE_STATE

441059|388648 | SLEEP_STATE

444089|390951 | IDLE_STATE

444099|390953 | SLEEP_STATE

446129|393256 | IDLE_STATE

446138|393258 | SLEEP_STATE

449170|395560 | IDLE_STATE

449178|395562 | SLEEP_STATE

451210|397865 | IDLE_STATE

451217|397867 | SLEEP_STATE

454250|400170 | IDLE_STATE

454284|400172 | SLEEP_STATE

456340|402474 | IDLE_STATE

456376|402476 | SLEEP_STATE

459421|404779 | IDLE_STATE

459449|404781 | SLEEP_STATE

459471|405117 | RX_STATE

459492|405122 | IDLE_STATE

459515|405154 | TX_STATE

459541|405174 | IDLE_STATE

459567|405175 | IDLE_STATE
405177 |
459595| IDLE_STATE
405178 | IDLE_ST
459616|ATE
405180 | IDLE_STATE
4051
459643|81 | IDLE_STATE
405183 | IDL
459672|E_STATE
405184 | IDLE_STATE

459693|405185 | IDLE_STATE
405187 |
459716| IDLE_STATE
405188 | IDLE_ST
459742|ATE
405190 | IDLE_STATE
4051
459771|91 | IDLE_STATE
405193 | I
460831|406205 | RX_STATE

460842|406209 | IDLE_STATE

461871|407083 | IDLE_STATE

461885|407085 | SLEEP_STATE

463911|409388 | IDLE_STATE

463924|409390 | SLEEP_STATE

466961|411693 | IDLE_STATE

466969|411695 | SLEEP_STATE

468992|413997 | IDLE_STATE

468998|413999 | SLEEP_STATE

472032|416302 | IDLE_STATE

472039|416304 | SLEEP_STATE

474062|418607 | IDLE_STATE

474075|418609 | SLEEP_STATE

476102|420911 | IDLE_STATE

476109|420913 | SLEEP_STATE

479142|423216 | IDLE_STATE

479152|423218 | SLEEP_STATE

481172|425521 | IDLE_STATE

481183|425523 | SLEEP_STATE

484223|427825 | IDLE_STATE

484230|427827 | SLEEP_STATE

486264|430130 | IDLE_STATE

486273|430132 | SLEEP_STATE

488293|432124 | RX_STATE

488316|432128 | IDLE_STATE

488345|432158 | TX_STATE

488381|432178 | IDLE_STATE

488414|432179 | IDLE_STATE
432181 |
488441| IDLE_STATE
432182 | IDLE_ST
488457|ATE
432183 | IDLE_STATE
4321
488486|85 | IDLE_STATE
432186 | IDL
488512|E_STATE
432188 | IDLE_STATE

488529|432189 | IDLE_STATE
432191 |
488554| IDLE_STATE
432192 | IDLE_ST
488586|ATE
432193 | IDLE_STATE
4321
488619|95 | IDLE_STATE
432196 | I
488650|432434 | IDLE_STATE

488670|432436 | SLEEP_STATE

489703|433218 | RX_STATE

489733|433223 | IDLE_STATE

491783|434739 | IDLE_STATE

491797|434741 | SLEEP_STATE

493823|437044 | IDLE_STATE

493839|437046 | SLEEP_STATE

496883|439348 | IDLE_STATE

496894|439350 | SLEEP_STATE

498924|441653 | IDLE_STATE

498935|441655 | SLEEP_STATE

501974|443958 | IDLE_STATE

501981|443960 | SLEEP_STATE

504004|446262 | IDLE_STATE

504013|446264 | SLEEP_STATE

506044|448567 | IDLE_STATE

506057|448569 | SLEEP_STATE

509094|450872 | IDLE_STATE

509111|450874 | SLEEP_STATE

511135|453176 | IDLE_STATE

511144|453178 | SLEEP_STATE

514185|455481 | IDLE_STATE

514197|455483 | SLEEP_STATE

516225|457786 | IDLE_STATE

516239|457788 | SLEEP_STATE

518265|459141 | RX_STATE

518278|459145 | IDLE_STATE

518293|459167 | TX_STATE

518308|459187 | IDLE_STATE

518321|459188 | IDLE_STATE
459190 |
518336| IDLE_STATE
459191 | IDLE_ST
518348|ATE
459192 | IDLE_STATE
4591
518359|94 | IDLE_STATE
459195 | IDL
518370|E_STATE
459197 | IDLE_STATE

518382|459198 | IDLE_STATE
459200 |
518396| IDLE_STATE
459201 | IDLE_ST
518407|ATE
459202 | IDLE_STATE
4592
518417|04 | IDLE_STATE
459205 | I
519435|460090 | IDLE_STATE

519460|460092 | SLEEP_STATE

519511|460225 | RX_STATE

519549|460230 | IDLE_STATE

521616|462395 | IDLE_STATE

521628|462397 | SLEEP_STATE

523656|464699 | IDLE_STATE

523686|464701 | SLEEP_STATE

526756|467004 | IDLE_STATE

526765|467006 | SLEEP_STATE

528786|469309 | IDLE_STATE

528800|469311 | SLEEP_STATE

531836|471613 | IDLE_STATE

531850|471615 | SLEEP_STATE

533876|473918 | IDLE_STATE

533889|473920 | SLEEP_STATE

536927|476223 | IDLE_STATE

536937|476225 | SLEEP_STATE

538967|478527 | IDLE_STATE

538976|478529 | SLEEP_STATE

542017|480832 | IDLE_STATE

542029|480834 | SLEEP_STATE

544057|483137 | IDLE_STATE

544065|483139 | SLEEP_STATE

546087|485441 | IDLE_STATE

546101|485443 | SLEEP_STATE

547118|486158 | RX_STATE

547131|486163 | IDLE_STATE
486167 |
547142| TX_STATE

547154|486187 | IDLE_STATE
486189 |
547166| IDLE_STATE
486190 | IDLE_ST
547178|ATE
486191 | IDLE_STATE
4861
547188|93 | IDLE_STATE
486194 | IDL
547198|E_STATE
486196 | IDLE_STATE

547210|486197 | IDLE_STATE
486199 |
547220| IDLE_STATE
486200 | IDLE_ST
547233|ATE
486202 | IDLE_STATE
4862
547242|03 | IDLE_STATE
486204 | I
548258|487229 | RX_STATE

548265|487234 | IDLE_STATE

549278|487746 | IDLE_STATE

549294|487748 | SLEEP_STATE

551318|490050 | IDLE_STATE

551327|490052 | SLEEP_STATE

554358|492355 | IDLE_STATE

554432|492357 | SLEEP_STATE

556488|494660 | IDLE_STATE

556504|494662 | SLEEP_STATE

558559|496964 | IDLE_STATE

558580|496966 | SLEEP_STATE

561649|499269 | IDLE_STATE

561656|499271 | SLEEP_STATE

563679|501574 | IDLE_STATE

563695|501576 | SLEEP_STATE

566739|503878 | IDLE_STATE

566747|503880 | SLEEP_STATE

568769|506183 | IDLE_STATE

568777|506185 | SLEEP_STATE

571810|508488 | IDLE_STATE

571817|508490 | SLEEP_STATE

573840|510792 | IDLE_STATE

573856|510794 | SLEEP_STATE

576900|513097 | IDLE_STATE

576915|513099 | SLEEP_STATE

576937|513153 | RX_STATE

576957|513158 | IDLE_STATE

576974|513182 | TX_STATE

576989|513202 | IDLE_STATE

577011|513204 | IDLE_STATE
513205 |
577029| IDLE_STATE
513207 | IDLE_ST
577050|ATE
513208 | IDLE_STATE
5132
577071|10 | IDLE_STATE
513211 | IDL
577088|E_STATE
513212 | IDLE_STATE

577108|513214 | IDLE_STATE
513215 |
577127| IDLE_STATE
513217 | IDLE_ST
577147|ATE
513218 | IDLE_STATE
5132
577165|20 | IDLE_STATE
513221 | I
578190|514236 | RX_STATE

578199|514240 | IDLE_STATE

579220|515401 | IDLE_STATE

579241|515403 | SLEEP_STATE

581270|517706 | IDLE_STATE

581278|517708 | SLEEP_STATE

584311|520011 | IDLE_STATE

584325|520013 | SLEEP_STATE

586351|522315 | IDLE_STATE

586361|522317 | SLEEP_STATE

589391|524620 | IDLE_STATE

589409|524622 | SLEEP_STATE

591451|526925 | IDLE_STATE

591501|526927 | SLEEP_STATE

593562|529229 | IDLE_STATE

593575|529231 | SLEEP_STATE

596612|531534 | IDLE_STATE

596618|531536 | SLEEP_STATE

598642|533839 | IDLE_STATE

598649|533841 | SLEEP_STATE

601682|536143 | IDLE_STATE

601694|536145 | SLEEP_STATE

603722|538448 | IDLE_STATE

603735|538450 | SLEEP_STATE

605762|540190 | TX_STATE

605770|540210 | IDLE_STATE

605780|540212 | IDLE_STATE
540213 |
605791| IDLE_STATE
540215 | IDLE_ST
605802|ATE
540216 | IDLE_STATE
5402
605812|18 | IDLE_STATE
540219 | IDL
605822|E_STATE
540220 | IDLE_STATE

605832|540222 | IDLE_STATE
540223 |
605842| IDLE_STATE
540225 | IDLE_ST
605852|ATE
540226 | IDLE_STATE
5402
605868|28 | IDLE_STATE
540229 | I
606882|540753 | IDLE_STATE

606897|540754 | SLEEP_STATE

606909|541249 | RX_STATE

606927|541254 | IDLE_STATE

608963|543057 | IDLE_STATE

608972|543059 | SLEEP_STATE

612003|545362 | IDLE_STATE

612014|545364 | SLEEP_STATE

614043|547666 | IDLE_STATE

614057|547668 | SLEEP_STATE

616083|549971 | IDLE_STATE

616091|549973 | SLEEP_STATE

619123|552276 | IDLE_STATE

619134|552278 | SLEEP_STATE

621164|554580 | IDLE_STATE

621179|554582 | SLEEP_STATE

624214|556885 | IDLE_STATE

624498|556887 | SLEEP_STATE

626594|559190 | IDLE_STATE

626613|559192 | SLEEP_STATE

628664|561494 | IDLE_STATE

628680|561496 | SLEEP_STATE

631724|563799 | IDLE_STATE

631737|563801 | SLEEP_STATE

633765|566104 | IDLE_STATE

633783|566106 | SLEEP_STATE

634805|567168 | RX_STATE

634812|567173 | IDLE_STATE

634818|567199 | TX_STATE

634825|567219 | IDLE_STATE

634832|567221 | IDLE_STATE
567222 |
634839| IDLE_STATE
567224 | IDLE_ST
634846|ATE
567225 | IDLE_STATE
5672
634852|26 | IDLE_STATE
567228 | IDL
634859|E_STATE
567229 | IDLE_STATE

634866|567231 | IDLE_STATE
567232 |
634873| IDLE_STATE
567234 | IDLE_ST
634879|ATE
567235 | IDLE_STATE
5672
634886|36 | IDLE_STATE
567238 | I
635895|568246 | RX_STATE

635905|568251 | IDLE_STATE

636925|568408 | IDLE_STATE

636933|568410 | SLEEP_STATE

638955|570713 | IDLE_STATE

638961|570715 | SLEEP_STATE

641995|573017 | IDLE_STATE

642001|573019 | SLEEP_STATE

644025|575322 | IDLE_STATE

644038|575324 | SLEEP_STATE

646066|577627 | IDLE_STATE

646078|577629 | SLEEP_STATE

649116|579931 | IDLE_STATE

649128|579933 | SLEEP_STATE

651146|582236 | IDLE_STATE

651153|582238 | SLEEP_STATE

654186|584541 | IDLE_STATE

654199|584543 | SLEEP_STATE

656226|586845 | IDLE_STATE

656239|586847 | SLEEP_STATE

659277|589150 | IDLE_STATE

659501|589152 | SLEEP_STATE

661557|591455 | IDLE_STATE

661578|591457 | SLEEP_STATE

663607|593759 | IDLE_STATE

663616|593761 | SLEEP_STATE

664637|594172 | RX_STATE

664649|594177 | IDLE_STATE

664661|594204 | TX_STATE

664674|594224 | IDLE_STATE

664687|594226 | IDLE_STATE
594227 |
664699| IDLE_STATE
594229 | IDLE_ST
664710|ATE
594230 | IDLE_STATE
5942
664720|32 | IDLE_STATE
594233 | IDL
664734|E_STATE
594234 | IDLE_STATE

664748|594236 | IDLE_STATE
594237 |
664758| IDLE_STATE
594239 | IDLE_ST
664768|ATE
594240 | IDLE_STATE
5942
664781|42 | IDLE_STATE
594243 | I
666807|596064 | IDLE_STATE

666816|596066 | SLEEP_STATE

668837|598368 | IDLE_STATE

671878|600673 | IDLE_STATE

671886|600675 | SLEEP_STATE

673918|602978 | IDLE_STATE

673930|602980 | SLEEP_STATE

676968|605282 | IDLE_STATE

676976|605284 | SLEEP_STATE

678998|607587 | IDLE_STATE

679010|607589 | SLEEP_STATE

682048|609892 | IDLE_STATE

682061|609894 | SLEEP_STATE

684089|612196 | IDLE_STATE

684097|612198 | SLEEP_STATE

686119|614501 | IDLE_STATE

686129|614503 | SLEEP_STATE

689169|616806 | IDLE_STATE

689187|616808 | SLEEP_STATE

691219|619110 | IDLE_STATE

691244|619112 | SLEEP_STATE

694289|621184 | RX_STATE

694386|621189 | IDLE_STATE

694407|621208 | TX_STATE

694428|621228 | IDLE_STATE

694443|621229 | IDLE_STATE
621231 |
694486| IDLE_STATE
621232 | IDLE_ST
694505|ATE
621234 | IDLE_STATE
6212
694525|35 | IDLE_STATE
621237 | IDL
694539|E_STATE
621238 | IDLE_STATE

694572|621239 | IDLE_STATE
621241 |
694589| IDLE_STATE
621242 | IDLE_ST
694624|ATE
621244 | IDLE_STATE
6212
694642|45 | IDLE_STATE
621247 | I
694665|621415 | IDLE_STATE

694692|621417 | SLEEP_STATE

694718|622268 | RX_STATE

694762|622273 | IDLE_STATE

696810|623720 | IDLE_STATE

696816|623721 | SLEEP_STATE

698840|626024 | IDLE_STATE

698848|626026 | SLEEP_STATE

701890|628329 | IDLE_STATE

701896|628331 | SLEEP_STATE

703920|630633 | IDLE_STATE

703941|630635 | SLEEP_STATE

706980|632938 | IDLE_STATE

706990|632940 | SLEEP_STATE

709021|635243 | IDLE_STATE

709031|635245 | SLEEP_STATE

711061|637547 | IDLE_STATE

711067|637549 | SLEEP_STATE

714101|639852 | IDLE_STATE

714108|639854 | SLEEP_STATE

716131|642157 | IDLE_STATE

716142|642159 | SLEEP_STATE

719181|644461 | IDLE_STATE

719189|644463 | SLEEP_STATE

721222|646766 | IDLE_STATE

721239|646768 | SLEEP_STATE

723272|648193 | RX_STATE

723283|648197 | IDLE_STATE

723298|648220 | TX_STATE

723311|648240 | IDLE_STATE

723323|648241 | IDLE_STATE
648243 |
723337| IDLE_STATE
648244 | IDLE_ST
723351|ATE
648245 | IDLE_STATE
6482
723364|47 | IDLE_STATE
648248 | IDL
723380|E_STATE
648250 | IDLE_STATE

723398|648251 | IDLE_STATE
648253 |
723415| IDLE_STATE
648254 | IDLE_ST
723433|ATE
648255 | IDLE_STATE
6482
723449|57 | IDLE_STATE
648258 | I
724472|649071 | IDLE_STATE

724503|649073 | SLEEP_STATE

724522|649268 | RX_STATE

724572|649272 | IDLE_STATE

726642|651375 | IDLE_STATE

726655|651377 | SLEEP_STATE

728682|653680 | IDLE_STATE

728692|653682 | SLEEP_STATE

731732|655984 | IDLE_STATE

731740|655986 | SLEEP_STATE

733763|658289 | IDLE_STATE

733769|658291 | SLEEP_STATE

736803|660594 | IDLE_STATE

736816|660596 | SLEEP_STATE

738843|662898 | IDLE_STATE

738850|662900 | SLEEP_STATE

741883|665203 | IDLE_STATE

741890|665205 | SLEEP_STATE

743913|667508 | IDLE_STATE

743919|667510 | SLEEP_STATE

746954|669812 | IDLE_STATE

746960|669814 | SLEEP_STATE

748984|672117 | IDLE_STATE

748995|672119 | SLEEP_STATE

752034|674422 | IDLE_STATE

752043|674424 | SLEEP_STATE

752050|675195 | RX_STATE

752057|675199 | IDLE_STATE

752065|675221 | TX_STATE

752074|675241 | IDLE_STATE

752082|675243 | IDLE_STATE
675244 |
752090| IDLE_STATE
675246 | IDLE_ST
752098|ATE
675247 | IDLE_STATE
6752
752108|48 | IDLE_STATE
675250 | IDL
752115|E_STATE
675251 | IDLE_STATE

752120|675253 | IDLE_STATE
675254 |
752127| IDLE_STATE
675256 | IDLE_ST
752134|ATE
675257 | IDLE_STATE
6752
752142|58 | IDLE_STATE
675260 | I
753164|676279 | RX_STATE

753174|676284 | IDLE_STATE

754194|676726 | IDLE_STATE

754208|676728 | SLEEP_STATE

756234|679031 | IDLE_STATE

756248|679033 | SLEEP_STATE

759295|681335 | IDLE_STATE

759306|681337 | SLEEP_STATE

761335|683640 | IDLE_STATE

761349|683642 | SLEEP_STATE

764385|685945 | IDLE_STATE

764463|685947 | SLEEP_STATE

766515|688249 | IDLE_STATE

766527|688251 | SLEEP_STATE

768555|690554 | IDLE_STATE

768568|690556 | SLEEP_STATE

771606|692859 | IDLE_STATE

771615|692861 | SLEEP_STATE

773646|695163 | IDLE_STATE

773654|695165 | SLEEP_STATE

776686|697468 | IDLE_STATE

776693|697470 | SLEEP_STATE

778716|699773 | IDLE_STATE

778730|699775 | SLEEP_STATE

781776|702077 | IDLE_STATE

781784|702079 | SLEEP_STATE

781797|702213 | RX_STATE

781811|702217 | IDLE_STATE

781821|702233 | TX_STATE

781835|702253 | IDLE_STATE

781852|702254 | IDLE_STATE
702256 |
781865| IDLE_STATE
702257 | IDLE_ST
781883|ATE
702259 | IDLE_STATE
7022
781897|60 | IDLE_STATE
702262 | IDL
781912|E_STATE
702263 | IDLE_STATE

781928|702264 | IDLE_STATE
702266 |
781949| IDLE_STATE
702267 | IDLE_ST
781968|ATE
702269 | IDLE_STATE
7022
781991|70 | IDLE_STATE
702272 | I
783017|703286 | RX_STATE

783027|703290 | IDLE_STATE

784047|704382 | IDLE_STATE

784066|704384 | SLEEP_STATE

786099|706686 | IDLE_STATE

786121|706688 | SLEEP_STATE

789167|708991 | IDLE_STATE

789186|708993 | SLEEP_STATE

791217|711296 | IDLE_STATE

791226|711298 | SLEEP_STATE

794257|713600 | IDLE_STATE

794274|713602 | SLEEP_STATE

796308|715905 | IDLE_STATE

796315|715907 | SLEEP_STATE

799348|718210 | IDLE_STATE

799399|718212 | SLEEP_STATE

801468|720514 | IDLE_STATE

801475|720516 | SLEEP_STATE

804508|722819 | IDLE_STATE

804514|722821 | SLEEP_STATE

806538|725124 | IDLE_STATE

806547|725126 | SLEEP_STATE

808569|727428 | IDLE_STATE

808586|727430 | SLEEP_STATE

810619|729214 | RX_STATE

810626|729219 | IDLE_STATE

810635|729240 | TX_STATE

810648|729261 | IDLE_STATE

810661|729262 | IDLE_STATE
729264 |
810673| IDLE_STATE
729265 | IDLE_ST
810684|ATE
729266 | IDLE_STATE
7292
810697|68 | IDLE_STATE
729269 | IDL
810710|E_STATE
729271 | IDLE_STATE

810721|729272 | IDLE_STATE
729274 |
810735| IDLE_STATE
729275 | IDLE_ST
810748|ATE
729276 | IDLE_STATE
7292
810758|78 | IDLE_STATE
729279 | I
811779|729733 | IDLE_STATE

811799|729735 | SLEEP_STATE

811815|730291 | RX_STATE

811836|730295 | IDLE_STATE

813869|732038 | IDLE_STATE

813891|732039 | SLEEP_STATE

816939|734342 | IDLE_STATE

816947|734344 | SLEEP_STATE

818969|736647 | IDLE_STATE

818977|736649 | SLEEP_STATE

822010|738951 | IDLE_STATE

822022|738953 | SLEEP_STATE

824050|741256 | IDLE_STATE

824062|741258 | SLEEP_STATE

826090|743561 | IDLE_STATE

826106|743563 | SLEEP_STATE

829150|745865 | IDLE_STATE

829166|745867 | SLEEP_STATE

831190|748170 | IDLE_STATE

831204|748172 | SLEEP_STATE

834241|750475 | IDLE_STATE

834340|750477 | SLEEP_STATE

836381|752779 | IDLE_STATE

836399|752781 | SLEEP_STATE

839441|755084 | IDLE_STATE

839453|755086 | SLEEP_STATE

840471|756214 | RX_STATE

840486|756219 | IDLE_STATE

840500|756253 | TX_STATE

840515|756273 | IDLE_STATE

840530|756275 | IDLE_STATE
756276 |
840542| IDLE_STATE
756278 | IDLE_ST
840554|ATE
756279 | IDLE_STATE
7562
840565|81 | IDLE_STATE
756282 | IDL
840580|E_STATE
756284 | IDLE_STATE

840595|756285 | IDLE_STATE
756286 |
840609| IDLE_STATE
756288 | IDLE_ST
840692|ATE
756289 | IDLE_STATE
7562
840702|91 | IDLE_STATE
756292 | I
841722|757389 | IDLE_STATE

841735|757391 | SLEEP_STATE

843761|759693 | IDLE_STATE

843773|759695 | SLEEP_STATE

846812|761998 | IDLE_STATE

846825|762000 | SLEEP_STATE

848852|764302 | IDLE_STATE

848861|764304 | SLEEP_STATE

851902|766607 | IDLE_STATE

851913|766609 | SLEEP_STATE

853942|768912 | IDLE_STATE

853950|768914 | SLEEP_STATE

856993|771216 | IDLE_STATE

857010|771218 | SLEEP_STATE

859033|773521 | IDLE_STATE

859044|773523 | SLEEP_STATE

861073|775826 | IDLE_STATE

861085|775828 | SLEEP_STATE

864123|778130 | IDLE_STATE

864130|778132 | SLEEP_STATE

866153|780435 | IDLE_STATE

866165|780437 | SLEEP_STATE

869204|782740 | IDLE_STATE

869320|782742 | SLEEP_STATE

869339|783224 | RX_STATE

869379|783229 | IDLE_STATE

869399|783262 | TX_STATE

869472|783282 | IDLE_STATE

869515|783283 | IDLE_STATE
783285 |
869606| IDLE_STATE
783286 | IDLE_ST
869655|ATE
783288 | IDLE_STATE
7832
869675|89 | IDLE_STATE
783291 | IDL
869712|E_STATE
783292 | IDLE_STATE

869741|783294 | IDLE_STATE
783295 |
869765| IDLE_STATE
783296 | IDLE_ST
869794|ATE
783298 | IDLE_STATE
7832
869824|99 | IDLE_STATE
783301 | I
870854|784312 | RX_STATE

870870|784317 | IDLE_STATE

871904|785044 | IDLE_STATE

871927|785046 | SLEEP_STATE

873964|787349 | IDLE_STATE

873972|787351 | SLEEP_STATE

877017|789654 | IDLE_STATE

877045|789655 | SLEEP_STATE

879094|791958 | IDLE_STATE

879107|791960 | SLEEP_STATE

881134|794263 | IDLE_STATE

881142|794265 | SLEEP_STATE

884175|796567 | IDLE_STATE

884183|796569 | SLEEP_STATE

886205|798872 | IDLE_STATE

886217|798874 | SLEEP_STATE

889255|801177 | IDLE_STATE

889264|801179 | SLEEP_STATE

891285|803481 | IDLE_STATE

891305|803483 | SLEEP_STATE

894355|805786 | IDLE_STATE

894364|805788 | SLEEP_STATE

896386|808091 | IDLE_STATE

896393|808093 | SLEEP_STATE

898416|810230 | RX_STATE

898424|810234 | IDLE_STATE

898432|810264 | TX_STATE

899448|810284 | IDLE_STATE

899462|810286 | IDLE_STATE
810287 |
899475| IDLE_STATE
810288 | IDLE_ST
899492|ATE
810290 | IDLE_STATE
8102
899508|91 | IDLE_STATE
810293 | IDL
899524|E_STATE
810294 | IDLE_STATE

899541|810296 | IDLE_STATE
810297 |
899559| IDLE_STATE
810298 | IDLE_ST
899574|ATE
810300 | IDLE_STATE
8103
899588|01 | IDLE_STATE
810303 | I81
899605|0395 | IDLE_STATE
810398 | S
899622|LEEP_STATE

899638|811316 | RX_STATE

899654|811321 | IDLE_STATE

901686|812700 | IDLE_STATE

901696|812702 | SLEEP_STATE

903716|815005 | IDLE_STATE

903723|815007 | SLEEP_STATE

906757|817309 | IDLE_STATE

906774|817311 | SLEEP_STATE

908797|819614 | IDLE_STATE

908804|819616 | SLEEP_STATE

911837|821918 | IDLE_STATE

911847|821920 | SLEEP_STATE

913867|824223 | IDLE_STATE

913878|824225 | SLEEP_STATE

916917|826528 | IDLE_STATE

916932|826530 | SLEEP_STATE

918957|828832 | IDLE_STATE

918973|828834 | SLEEP_STATE

922018|831137 | IDLE_STATE

922031|831139 | SLEEP_STATE

924058|833442 | IDLE_STATE

924073|833444 | SLEEP_STATE

926108|835746 | IDLE_STATE

926117|835748 | SLEEP_STATE

928138|837240 | RX_STATE

928147|837244 | IDLE_STATE

928157|837272 | TX_STATE

928163|837292 | IDLE_STATE

928170|837294 | IDLE_STATE
837295 |
928178| IDLE_STATE
837297 | IDLE_ST
928185|ATE
837298 | IDLE_STATE
8372
928193|99 | IDLE_STATE
837301 | IDL
928200|E_STATE
837302 | IDLE_STATE

928208|837304 | IDLE_STATE
837305 |
928215| IDLE_STATE
837307 | IDLE_ST
928221|ATE
837308 | IDLE_STATE
8373
928227|09 | IDLE_STATE
837311 | I
929238|838051 | IDLE_STATE

929257|838053 | SLEEP_STATE

929275|838324 | RX_STATE

929291|838329 | IDLE_STATE

931328|840356 | IDLE_STATE

931337|840358 | SLEEP_STATE

934379|842660 | IDLE_STATE

934387|842662 | SLEEP_STATE

936409|844965 | IDLE_STATE

936421|844967 | SLEEP_STATE

939459|847269 | IDLE_STATE

939479|847271 | SLEEP_STATE

941529|849574 | IDLE_STATE

941539|849576 | SLEEP_STATE

943579|851879 | IDLE_STATE

943599|851881 | SLEEP_STATE

946640|854183 | IDLE_STATE

946657|854185 | SLEEP_STATE

948690|856488 | IDLE_STATE

948697|856490 | SLEEP_STATE

951730|858793 | IDLE_STATE

951737|858795 | SLEEP_STATE

953760|861097 | IDLE_STATE

953769|861099 | SLEEP_STATE

956801|863402 | IDLE_STATE

956806|863404 | SLEEP_STATE

957821|864245 | RX_STATE

957829|864250 | IDLE_STATE

957841|864275 | TX_STATE

957853|864295 | IDLE_STATE

957863|864297 | IDLE_STATE
864298 |
957874| IDLE_STATE
864300 | IDLE_ST
957887|ATE
864301 | IDLE_STATE
8643
957898|03 | IDLE_STATE
864304 | IDL
957906|E_STATE
864305 | IDLE_STATE

957920|864307 | IDLE_STATE
864308 |
957928| IDLE_STATE
864310 | IDLE_ST
957941|ATE
864311 | IDLE_STATE
8643
957952|13 | IDLE_STATE
864314 | I
958971|865326 | RX_STATE

959003|865330 | IDLE_STATE

959041|865707 | IDLE_STATE

961091|868011 | IDLE_STATE

961104|868013 | SLEEP_STATE

964141|870316 | IDLE_STATE

964150|870318 | SLEEP_STATE

966171|872621 | IDLE_STATE

966184|872622 | SLEEP_STATE

969222|874925 | IDLE_STATE

969231|874927 | SLEEP_STATE

971262|877230 | IDLE_STATE

971271|877232 | SLEEP_STATE

974302|879534 | IDLE_STATE

974330|879536 | SLEEP_STATE

976372|881839 | IDLE_STATE

976390|881841 | SLEEP_STATE

979442|884144 | IDLE_STATE

979458|884146 | SLEEP_STATE

981493|886448 | IDLE_STATE

981513|886450 | SLEEP_STATE

983553|888753 | IDLE_STATE

984563|888755 | SLEEP_STATE

986603|891058 | IDLE_STATE

986643|891060 | SLEEP_STATE

986658|891251 | RX_STATE

986672|891256 | IDLE_STATE

986686|891304 | TX_STATE

986703|891324 | IDLE_STATE

986721|891326 | IDLE_STATE
891327 |
986740| IDLE_STATE
891329 | IDLE_ST
986759|ATE
891330 | IDLE_STATE
8913
986779|31 | IDLE_STATE
891333 | IDL
986795|E_STATE
891334 | IDLE_STATE

986809|891336 | IDLE_STATE
891337 |
986824| IDLE_STATE
891339 | IDLE_ST
986844|ATE
891340 | IDLE_STATE
8913
986862|41 | IDLE_STATE
891343 | I
987883|892334 | RX_STATE

987899|892339 | IDLE_STATE

988933|893362 | IDLE_STATE

988957|893364 | SLEEP_STATE

992013|895667 | IDLE_STATE

992025|895669 | SLEEP_STATE

994054|897972 | IDLE_STATE

994070|897974 | SLEEP_STATE

996094|900276 | IDLE_STATE

996100|900278 | SLEEP_STATE

999134|902581 | IDLE_STATE

999146|902583 | SLEEP_STATE

1001174|904885 | IDLE_STATE

1001185|904887 | SLEEP_STATE

1004224|907190 | IDLE_STATE

1004240|907192 | SLEEP_STATE

1006275|909495 | IDLE_STATE

1006288|909497 | SLEEP_STATE

1009325|911799 | IDLE_STATE

1009348|911801 | SLEEP_STATE

1011405|914104 | IDLE_STATE

1011424|914106 | SLEEP_STATE

1014475|916409 | IDLE_STATE

1014491|916411 | SLEEP_STATE

1016525|918259 | RX_STATE

1016545|918264 | IDLE_STATE

1016562|918299 | TX_STATE

1016577|918319 | IDLE_STATE

1016595|918321 | IDLE_STATE
918322 |
1016613| IDLE_STATE
918324 | IDLE_ST
1016630|ATE
918325 | IDLE_STATE
9183
1016651|27 | IDLE_STATE
918328 | IDL
1016670|E_STATE
918329 | IDLE_STATE

1016686|918331 | IDLE_STATE
918332 |
1016700| IDLE_STATE
918334 | IDLE_ST
1016713|ATE
918335 | IDLE_STATE
9183
1016726|37 | IDLE_STATE
918338 | I
1016740|918713 | IDLE_STATE

1016754|918715 | SLEEP_STATE

1016770|919344 | RX_STATE

1016784|919349 | IDLE_STATE

1018816|921018 | IDLE_STATE

1018824|921020 | SLEEP_STATE

1021856|923323 | IDLE_STATE

1021863|923325 | SLEEP_STATE

1023886|925627 | IDLE_STATE

1023896|925629 | SLEEP_STATE

1026926|927932 | IDLE_STATE

1026936|927934 | SLEEP_STATE

1028966|930236 | IDLE_STATE

1028975|930238 | SLEEP_STATE

1032007|932541 | IDLE_STATE

1032016|932543 | SLEEP_STATE

1034037|934846 | IDLE_STATE

1034044|934848 | SLEEP_STATE

1036067|937150 | IDLE_STATE

1036076|937152 | SLEEP_STATE

1039107|939455 | IDLE_STATE

1039120|939457 | SLEEP_STATE

1041147|941760 | IDLE_STATE

1041159|941762 | SLEEP_STATE

1044198|944064 | IDLE_STATE

1044271|944066 | SLEEP_STATE

1045298|945269 | RX_STATE

1045328|945273 | IDLE_STATE

1045356|945296 | TX_STATE

1045383|945316 | IDLE_STATE

1045410|945318 | IDLE_STATE
945319 |
1045434| IDLE_STATE
945320 | IDLE_ST
1045459|ATE
945322 | IDLE_STATE
9453
1045481|23 | IDLE_STATE
945325 | IDL
1045508|E_STATE
945326 | IDLE_STATE

1045531|945328 | IDLE_STATE
945329 |
1045556| IDLE_STATE
945330 | IDLE_ST
1045580|ATE
945332 | IDLE_STATE
9453
1045601|33 | IDLE_STATE
945335 | I
1046628|946348 | RX_STATE

1046642|946353 | IDLE_STATE

1046659|946369 | IDLE_STATE

1046672|946371 | SLEEP_STATE

1048698|948674 | IDLE_STATE

1048729|948676 | SLEEP_STATE

1051778|950978 | IDLE_STATE

1051793|950980 | SLEEP_STATE

1053818|953283 | IDLE_STATE

1053827|953285 | SLEEP_STATE

1056869|955587 | IDLE_STATE

1056878|955589 | SLEEP_STATE

1058899|957892 | IDLE_STATE

1058908|957894 | SLEEP_STATE

1061949|960197 | IDLE_STATE

1061957|960199 | SLEEP_STATE

1063979|962501 | IDLE_STATE

1063990|962503 | SLEEP_STATE

1067029|964806 | IDLE_STATE

1067043|964808 | SLEEP_STATE

1069070|967111 | IDLE_STATE

1069082|967113 | SLEEP_STATE

1071110|969415 | IDLE_STATE

1071117|969417 | SLEEP_STATE

1074150|971720 | IDLE_STATE

1074157|971722 | SLEEP_STATE

1074163|972277 | RX_STATE

1075170|972281 | IDLE_STATE

1075180|972309 | TX_STATE

1075196|972329 | IDLE_STATE

1075209|972330 | IDLE_STATE
972332 |
1075224| IDLE_STATE
972333 | IDLE_ST
1075237|ATE
972334 | IDLE_STATE
9723
1075246|36 | IDLE_STATE
972337 | IDL
1075256|E_STATE
972339 | IDLE_STATE

1075269|972340 | IDLE_STATE
972342 |
1075284| IDLE_STATE
972343 | IDLE_ST
1075296|ATE
972344 | IDLE_STATE
9723
1075309|46 | IDLE_STATE
972347 | I
1076330|973360 | RX_STATE

1076338|973365 | IDLE_STATE

1076352|974025 | IDLE_STATE

1076367|974027 | SLEEP_STATE

1079410|976329 | IDLE_STATE

1079454|976331 | SLEEP_STATE

1081501|978634 | IDLE_STATE

1081510|978636 | SLEEP_STATE

1084551|980939 | IDLE_STATE

1084560|980940 | SLEEP_STATE

1086581|983243 | IDLE_STATE

1086595|983245 | SLEEP_STATE

1088631|985548 | IDLE_STATE

1088657|985550 | SLEEP_STATE

1091711|987852 | IDLE_STATE

1091737|987854 | SLEEP_STATE

1093772|990157 | IDLE_STATE

1093785|990159 | SLEEP_STATE

1096822|992462 | IDLE_STATE

1096833|992464 | SLEEP_STATE

1098852|994766 | IDLE_STATE

1098859|994768 | SLEEP_STATE

1101892|997071 | IDLE_STATE

1101899|997073 | SLEEP_STATE

1103922|999316 | TX_STATE

1103931|999336 | IDLE_STATE

1103946|999337 | IDLE_STATE
999339 |
1103959| IDLE_STATE
999340 | IDLE_ST
1103972|ATE
999342 | IDLE_STATE
9993
1103987|43 | IDLE_STATE
999345 | IDL
1104002|E_STATE
999346 | IDLE_STATE

1104017|999347 | IDLE_STATE
999349 |
1104029| IDLE_STATE
999350 | IDLE_ST
1104041|ATE
999352 | IDLE_STATE
9993
1104057|53 | IDLE_STATE
999355 | I
1105072|1000301 | RX_STATE

1105083|1000306 | IDLE_STATE

1107113|1001666 | IDLE_STATE

1107122|1001668 | SLEEP_STATE

1109153|1003971 | IDLE_STATE

1109160|1003973 | SLEEP_STATE

1111183|1006275 | IDLE_STATE

1111191|1006277 | SLEEP_STATE

1114223|1008580 | IDLE_STATE

1114240|1008582 | SLEEP_STATE

1116273|1010885 | IDLE_STATE

1116281|1010887 | SLEEP_STATE

1119314|1013189 | IDLE_STATE

1119325|1013191 | SLEEP_STATE

1121354|1015494 | IDLE_STATE

1121369|1015496 | SLEEP_STATE

1124424|1017799 | IDLE_STATE

1124443|1017801 | SLEEP_STATE

1126474|1020103 | IDLE_STATE

1126485|1020105 | SLEEP_STATE

1129514|1022408 | IDLE_STATE

1129527|1022410 | SLEEP_STATE

1131555|1024712 | IDLE_STATE

1131567|1024715 | SLEEP_STATE

1133595|1026223 | RX_STATE

1133607|1026227 | IDLE_STATE

1133621|1026260 | TX_STATE

1133632|1026280 | IDLE_STATE

1133642|1026282 | IDLE_STATE
1026283
1133652| | IDLE_STATE
1026285 | IDLE
1133661|_STATE
1026287 | IDLE_STATE

1133671|1026288 | IDLE_STATE
1026290
1133683| | IDLE_STATE
1026291 | IDLE
1133692|_STATE
1026293 | IDLE_STATE

1133706|1026295 | IDLE_STATE
1026296
1133722| | IDLE_STATE
1026298 | IDLE
1133737|_STATE
1026299 | IDLE_STAT
1133752|1027017 | IDLE_STATE

1133767|1027019 | SLEEP_STATE

1134785|1027307 | RX_STATE

1134795|1027311 | IDLE_STATE

1136825|1029322 | IDLE_STATE

1136837|1029324 | SLEEP_STATE

1138865|1031626 | IDLE_STATE

1138875|1031628 | SLEEP_STATE

1141915|1033931 | IDLE_STATE

1141928|1033933 | SLEEP_STATE

1143956|1036236 | IDLE_STATE

1143967|1036238 | SLEEP_STATE

1147006|1038540 | IDLE_STATE

1147016|1038542 | SLEEP_STATE

1149036|1040845 | IDLE_STATE

1149050|1040847 | SLEEP_STATE

1152086|1043150 | IDLE_STATE

1152102|1043152 | SLEEP_STATE

1154146|1045454 | IDLE_STATE

1154155|1045456 | SLEEP_STATE

1156177|1047759 | IDLE_STATE

1156188|1047761 | SLEEP_STATE

1159227|1050063 | IDLE_STATE

1159242|1050066 | SLEEP_STATE

1161267|1052368 | IDLE_STATE

1161278|1052370 | SLEEP_STATE

1162297|1053232 | RX_STATE

1162305|1053237 | IDLE_STATE

1162315|1053263 | TX_STATE

1162328|1053283 | IDLE_STATE

1162340|1053284 | IDLE_STATE
1053286
1162352| | IDLE_STATE
1053288 | IDLE
1162364|_STATE
1053289 | IDLE_STATE

1162375|1053291 | IDLE_STATE
1053292
1162387| | IDLE_STATE
1053294 | IDLE
1162399|_STATE
1053296 | IDLE_STATE

1162409|1053297 | IDLE_STATE
1053299
1162419| | IDLE_STATE
1053300 | IDLE
1162429|_STATE
1053302 | IDLE_STAT
1163447|1054312 | RX_STATE

1163461|1054317 | IDLE_STATE

1164477|1054673 | IDLE_STATE

1164489|1054675 | SLEEP_STATE

1166518|1056977 | IDLE_STATE

1166528|1056980 | SLEEP_STATE

1169568|1059282 | IDLE_STATE

1169578|1059284 | SLEEP_STATE

1171608|1061587 | IDLE_STATE

1171616|1061589 | SLEEP_STATE

1173638|1063891 | IDLE_STATE

1173652|1063893 | SLEEP_STATE

