31202|29 | IDLE_STATE

31237|147 | IDLE_STATE

31263|149 | SLEEP_STATE

31291|263 | IDLE_STATE

31332|264 | SLEEP_STATE

31377|378 | IDLE_STATE

31411|379 | SLEEP_STATE

31448|493 | IDLE_STATE

31482|494 | SLEEP_STATE

31517|608 | IDLE_STATE

31560|610 | SLEEP_STATE

31599|723 | IDLE_STATE

31639|725 | SLEEP_STATE

31673|839 | IDLE_STATE

31714|840 | SLEEP_STATE

31762|954 | IDLE_STATE

31807|955 | SLEEP_STATE

31861|1069 | IDLE_STATE

31901|1071 | SLEEP_STATE

31947|1184 | IDLE_STATE

31983|1186 | SLEEP_STATE

32022|1300 | IDLE_STATE

32059|1301 | SLEEP_STATE

32094|1415 | IDLE_STATE

32132|1416 | SLEEP_STATE

32175|1530 | IDLE_STATE

32214|1532 | SLEEP_STATE

32253|1645 | IDLE_STATE

32319|1647 | SLEEP_STATE

32371|1761 | IDLE_STATE

32450|1762 | SLEEP_STATE

32489|1876 | IDLE_STATE

32532|1877 | SLEEP_STATE

32571|1991 | IDLE_STATE

32615|1993 | SLEEP_STATE

32744|2106 | IDLE_STATE

32788|2108 | SLEEP_STATE

32833|2221 | IDLE_STATE

32872|2223 | SLEEP_STATE

32924|2337 | IDLE_STATE

32962|2338 | SLEEP_STATE

32998|2452 | IDLE_STATE

33059|2454 | SLEEP_STATE

33095|2567 | IDLE_STATE

33138|2569 | SLEEP_STATE

33176|2682 | IDLE_STATE

33209|2684 | SLEEP_STATE

33245|2798 | IDLE_STATE

33286|2799 | SLEEP_STATE

34333|2913 | IDLE_STATE

34341|2914 | SLEEP_STATE

34352|3028 | IDLE_STATE

34365|3030 | SLEEP_STATE

34379|3143 | IDLE_STATE

34391|3145 | SLEEP_STATE

34403|3259 | IDLE_STATE

34413|3260 | SLEEP_STATE

34426|3374 | IDLE_STATE

34437|3375 | SLEEP_STATE

34450|3489 | IDLE_STATE

34464|3491 | SLEEP_STATE

34477|3604 | IDLE_STATE

34491|3606 | SLEEP_STATE

34504|3719 | IDLE_STATE

34517|3721 | SLEEP_STATE

37553|6024 | IDLE_STATE

37561|6026 | SLEEP_STATE

39583|8329 | IDLE_STATE

39591|8330 | SLEEP_STATE

42624|10633 | IDLE_STATE

42635|10635 | SLEEP_STATE

44663|12938 | IDLE_STATE

44671|12940 | SLEEP_STATE

47704|15243 | IDLE_STATE

47711|15244 | SLEEP_STATE

49734|17547 | IDLE_STATE

49747|17549 | SLEEP_STATE

51774|19852 | IDLE_STATE

51788|19854 | SLEEP_STATE

54824|22157 | IDLE_STATE

54830|22158 | SLEEP_STATE

56854|24461 | IDLE_STATE

56869|24463 | SLEEP_STATE

59905|26766 | IDLE_STATE

59915|26768 | SLEEP_STATE

59922|27047 | TX_STATE

59934|27067 | IDLE_STATE

59943|27068 | IDLE_STATE
27069 | I
59953|DLE_STATE
27071 | IDLE_STATE
59962|
27072 | IDLE_STATE
27073 | 
59974|IDLE_STATE
27074 | IDLE_STAT
59983|E
27076 | IDLE_STATE
27077 |
59993| IDLE_STATE
27078 | IDLE_STA
60001|TE
27080 | IDLE_STATE
27081 
60007|| IDLE_STATE
27082 | IDLE_ST
60015|ATE
27083 | IDLE_STATE
270
62035|29070 | IDLE_STATE

62045|29072 | SLEEP_STATE

65085|31375 | IDLE_STATE

65095|31377 | SLEEP_STATE

67125|33680 | IDLE_STATE

67134|33682 | SLEEP_STATE

70165|35984 | IDLE_STATE

70178|35986 | SLEEP_STATE

72206|38289 | IDLE_STATE

72215|38291 | SLEEP_STATE

74246|40594 | IDLE_STATE

75256|40595 | SLEEP_STATE

77276|42898 | IDLE_STATE

77293|42900 | SLEEP_STATE

79316|45203 | IDLE_STATE

79332|45205 | SLEEP_STATE

82366|47508 | IDLE_STATE

82378|47509 | SLEEP_STATE

84407|49812 | IDLE_STATE

84424|49814 | SLEEP_STATE

87467|52117 | IDLE_STATE

87481|52119 | SLEEP_STATE

89508|53934 | RX_STATE

89517|53941 | IDLE_STATE

89526|54045 | RX_STATE

89534|54051 | IDLE_STATE

89542|54057 | TX_STATE

89550|54077 | IDLE_STATE

89558|54078 | IDLE_STATE
54079 | I
89567|DLE_STATE
54081 | IDLE_STATE
89576|
54082 | IDLE_STATE
54083 | 
89585|IDLE_STATE
54084 | IDLE_STAT
89594|E
54086 | IDLE_STATE
54087 |
89602| IDLE_STATE
54088 | IDLE_STA
89609|TE
54089 | IDLE_STATE
54091 
89618|| IDLE_STATE
54092 | IDLE_ST
89625|ATE
54093 | IDLE_STATE
540
89634|54422 | IDLE_STATE

89644|54423 | SLEEP_STATE

92677|56726 | IDLE_STATE

92686|56728 | SLEEP_STATE

94717|59031 | IDLE_STATE

94726|59033 | SLEEP_STATE

96748|61335 | IDLE_STATE

97758|61337 | SLEEP_STATE

99788|63640 | IDLE_STATE

99838|63642 | SLEEP_STATE

101898|65945 | IDLE_STATE

101909|65947 | SLEEP_STATE

104948|68249 | IDLE_STATE

104961|68251 | SLEEP_STATE

106988|70554 | IDLE_STATE

107001|70556 | SLEEP_STATE

110039|72859 | IDLE_STATE

110048|72860 | SLEEP_STATE

112069|75163 | IDLE_STATE

112077|75165 | SLEEP_STATE

115119|77468 | IDLE_STATE

115126|77470 | SLEEP_STATE

117149|79773 | IDLE_STATE

117157|79774 | SLEEP_STATE

118169|80945 | RX_STATE

118177|80951 | IDLE_STATE

118185|81051 | RX_STATE

118192|81058 | IDLE_STATE

118201|81064 | TX_STATE

119210|81083 | IDLE_STATE

119222|81085 | IDLE_STATE
81086 | I
119235|DLE_STATE
81087 | IDLE_STATE
119246|
81089 | IDLE_STATE
81090 | 
119257|IDLE_STATE
81091 | IDLE_STAT
119270|E
81092 | IDLE_STATE
81094 |
119283| IDLE_STATE
81095 | IDLE_STA
119297|TE
81096 | IDLE_STATE
81097 
119309|| IDLE_STATE
81099 | IDLE_ST
119321|ATE
81100 | IDLE_STATE
811
119334|82077 | IDLE_STATE

119350|82079 | SLEEP_STATE

122390|84382 | IDLE_STATE

122403|84384 | SLEEP_STATE

124430|86686 | IDLE_STATE

124438|86688 | SLEEP_STATE

127470|88991 | IDLE_STATE

127479|88993 | SLEEP_STATE

129500|91296 | IDLE_STATE

129509|91298 | SLEEP_STATE

132541|93600 | IDLE_STATE

132591|93602 | SLEEP_STATE

134681|95905 | IDLE_STATE

134688|95907 | SLEEP_STATE

137721|98210 | IDLE_STATE

137734|98211 | SLEEP_STATE

139761|100514 | IDLE_STATE

139776|100516 | SLEEP_STATE

141801|102819 | IDLE_STATE

141811|102821 | SLEEP_STATE

144851|105124 | IDLE_STATE

144859|105126 | SLEEP_STATE

146882|107428 | IDLE_STATE

146891|107430 | SLEEP_STATE

147912|107952 | RX_STATE

147920|107957 | IDLE_STATE

147934|108060 | RX_STATE

147949|108065 | IDLE_STATE

147958|108081 | TX_STATE

147965|108101 | IDLE_STATE

147975|108102 | IDLE_STATE
108104 |
147984| IDLE_STATE
108105 | IDLE_ST
147994|ATE
108107 | IDLE_STATE
1081
148004|08 | IDLE_STATE
108109 | IDL
148016|E_STATE
108111 | IDLE_STATE

148024|108112 | IDLE_STATE
108114 |
148035| IDLE_STATE
108115 | IDLE_ST
148043|ATE
108117 | IDLE_STATE
1081
148053|18 | IDLE_STATE
108119 | I
150082|109733 | IDLE_STATE

150098|109735 | SLEEP_STATE

152122|112037 | IDLE_STATE

152131|112039 | SLEEP_STATE

155162|114342 | IDLE_STATE

155179|114344 | SLEEP_STATE

157202|116647 | IDLE_STATE

157213|116649 | SLEEP_STATE

160253|118951 | IDLE_STATE

160272|118953 | SLEEP_STATE

162303|121256 | IDLE_STATE

162311|121258 | SLEEP_STATE

164333|123561 | IDLE_STATE

164343|123563 | SLEEP_STATE

167373|125865 | IDLE_STATE

167393|125867 | SLEEP_STATE

169433|128170 | IDLE_STATE

169439|128172 | SLEEP_STATE

172474|130475 | IDLE_STATE

172485|130477 | SLEEP_STATE

174514|132779 | IDLE_STATE

174527|132781 | SLEEP_STATE

177564|134961 | RX_STATE

177577|134965 | IDLE_STATE

177590|135068 | RX_STATE

177602|135072 | IDLE_STATE
135078 |
177617| TX_STATE
135084 | SLEEP_STA
177633|TE

177645|135098 | IDLE_STATE
135100 |
177660| IDLE_STATE
135101 | IDLE_ST
177678|ATE
135103 | IDLE_STATE
1351
177690|04 | IDLE_STATE
135105 | IDL
177706|E_STATE
135107 | IDLE_STATE

177718|135108 | IDLE_STATE
135110 |
177731| IDLE_STATE
135111 | IDLE_ST
177744|ATE
135113 | IDLE_STATE
1351
177756|14 | IDLE_STATE
135115 | I
179784|137447 | IDLE_STATE

179794|137449 | SLEEP_STATE

181814|139752 | IDLE_STATE

182824|139754 | SLEEP_STATE

184845|142056 | IDLE_STATE

184856|142058 | SLEEP_STATE

186885|144361 | IDLE_STATE

186895|144363 | SLEEP_STATE

189935|146666 | IDLE_STATE

189951|146668 | SLEEP_STATE

191985|148970 | IDLE_STATE

191996|148972 | SLEEP_STATE

195035|151275 | IDLE_STATE

195045|151277 | SLEEP_STATE

197076|153580 | IDLE_STATE

197083|153581 | SLEEP_STATE

200116|155884 | IDLE_STATE

200153|155886 | SLEEP_STATE

202196|158189 | IDLE_STATE

202205|158191 | SLEEP_STATE

205236|160493 | IDLE_STATE

205244|160495 | SLEEP_STATE

206256|161964 | RX_STATE

206269|161969 | IDLE_STATE

206281|162084 | RX_STATE

206292|162088 | IDLE_STATE
162091 |
206309| TX_STATE

206321|162111 | IDLE_STATE
162113 |
206332| IDLE_STATE
162114 | IDLE_ST
206341|ATE
162116 | IDLE_STATE
1621
206351|17 | IDLE_STATE
162118 | IDL
206361|E_STATE
162120 | IDLE_STATE

206371|162121 | IDLE_STATE
162123 |
206378| IDLE_STATE
162124 | IDLE_ST
206386|ATE
162126 | IDLE_STATE
1621
206396|27 | IDLE_STATE
162128 | I
207406|162798 | IDLE_STATE

207418|162800 | SLEEP_STATE

209437|165103 | IDLE_STATE

209444|165105 | SLEEP_STATE

212477|167407 | IDLE_STATE

212492|167409 | SLEEP_STATE

214517|169712 | IDLE_STATE

214522|169714 | SLEEP_STATE

217557|172017 | IDLE_STATE

217574|172019 | SLEEP_STATE

219607|174321 | IDLE_STATE

219620|174323 | SLEEP_STATE

222658|176626 | IDLE_STATE

222664|176628 | SLEEP_STATE

224688|178931 | IDLE_STATE

224694|178933 | SLEEP_STATE

227728|181235 | IDLE_STATE

227737|181237 | SLEEP_STATE

229768|183540 | IDLE_STATE

229788|183542 | SLEEP_STATE

231819|185844 | IDLE_STATE

231833|185846 | SLEEP_STATE

234869|188149 | IDLE_STATE

234888|188151 | SLEEP_STATE

235909|188978 | RX_STATE

235923|188983 | IDLE_STATE

235936|189079 | RX_STATE

235947|189083 | IDLE_STATE
189085 |
235965| TX_STATE

235979|189106 | IDLE_STATE
189107 |
235994| IDLE_STATE
189108 | IDLE_ST
236010|ATE
189110 | IDLE_STATE
1891
236026|11 | IDLE_STATE
189113 | IDL
236042|E_STATE
189114 | IDLE_STATE

236057|189116 | IDLE_STATE
189117 |
236070| IDLE_STATE
189118 | IDLE_ST
236083|ATE
189120 | IDLE_STATE
1891
236097|21 | IDLE_STATE
189123 | I
237119|190454 | IDLE_STATE

237134|190456 | SLEEP_STATE

240169|192758 | IDLE_STATE

240177|192760 | SLEEP_STATE

242199|195063 | IDLE_STATE

242205|195065 | SLEEP_STATE

245239|197368 | IDLE_STATE

245246|197370 | SLEEP_STATE

247270|199672 | IDLE_STATE

247284|199674 | SLEEP_STATE

250320|201977 | IDLE_STATE

250327|201979 | SLEEP_STATE

252350|204282 | IDLE_STATE

252357|204284 | SLEEP_STATE

254380|206586 | IDLE_STATE

254387|206588 | SLEEP_STATE

257421|208891 | IDLE_STATE

257432|208893 | SLEEP_STATE

259461|211195 | IDLE_STATE

259471|211197 | SLEEP_STATE

262501|213500 | IDLE_STATE

262508|213502 | SLEEP_STATE

264531|215805 | IDLE_STATE

264541|215807 | SLEEP_STATE

264551|215986 | RX_STATE

264558|215991 | IDLE_STATE

265571|216094 | RX_STATE

265584|216099 | IDLE_STATE
216101 |
265617| TX_STATE

265654|216121 | IDLE_STATE
216122 |
265695| IDLE_STATE
216124 | IDLE_ST
265737|ATE
216125 | IDLE_STATE
2161
265805|26 | IDLE_STATE
216128 | IDL
265861|E_STATE
216129 | IDLE_STATE

265911|216131 | IDLE_STATE
216132 |
265968| IDLE_STATE
216134 | IDLE_ST
266050|ATE
216135 | IDLE_STATE
2161
266111|36 | IDLE_STATE
216138 | I
267202|218109 | IDLE_STATE

267222|218111 | SLEEP_STATE

270262|220414 | IDLE_STATE

270268|220416 | SLEEP_STATE

272292|222719 | IDLE_STATE

272300|222721 | SLEEP_STATE

274322|225023 | IDLE_STATE

274329|225025 | SLEEP_STATE

277362|227328 | IDLE_STATE

277372|227330 | SLEEP_STATE

279402|229633 | IDLE_STATE

279413|229635 | SLEEP_STATE

282453|231937 | IDLE_STATE

282461|231939 | SLEEP_STATE

284483|234242 | IDLE_STATE

284491|234244 | SLEEP_STATE

287533|236547 | IDLE_STATE

287541|236548 | SLEEP_STATE

289563|238851 | IDLE_STATE

289569|238853 | SLEEP_STATE

292603|241156 | IDLE_STATE

292619|241158 | SLEEP_STATE

294653|242984 | RX_STATE

294663|242988 | IDLE_STATE

294673|243105 | RX_STATE

294683|243110 | IDLE_STATE
243113 |
294697| TX_STATE

294709|243133 | IDLE_STATE
243134 |
294720| IDLE_STATE
243136 | IDLE_ST
294730|ATE
243137 | IDLE_STATE
2431
294741|38 | IDLE_STATE
243140 | IDL
294753|E_STATE
243141 | IDLE_STATE

294765|243143 | IDLE_STATE
243144 |
294778| IDLE_STATE
243146 | IDLE_ST
294792|ATE
243147 | IDLE_STATE
2431
294805|48 | IDLE_STATE
243150 | I
294817|243460 | IDLE_STATE

294829|243462 | SLEEP_STATE

296864|245765 | IDLE_STATE

296872|245767 | SLEEP_STATE

299904|248070 | IDLE_STATE

299914|248072 | SLEEP_STATE

301944|250374 | IDLE_STATE

301969|250376 | SLEEP_STATE

305004|252679 | IDLE_STATE

305015|252681 | SLEEP_STATE

307044|254984 | IDLE_STATE

307054|254986 | SLEEP_STATE

310095|257288 | IDLE_STATE

310104|257290 | SLEEP_STATE

312125|259593 | IDLE_STATE

312134|259595 | SLEEP_STATE

315165|261898 | IDLE_STATE

315176|261899 | SLEEP_STATE

317205|264202 | IDLE_STATE

317217|264204 | SLEEP_STATE

320256|266507 | IDLE_STATE

320265|266509 | SLEEP_STATE

322296|268811 | IDLE_STATE

322304|268813 | SLEEP_STATE

323316|270000 | RX_STATE

323331|270004 | IDLE_STATE

323344|270104 | RX_STATE

323360|270109 | IDLE_STATE
270113 |
323377| TX_STATE

323389|270133 | IDLE_STATE
270134 |
323404| IDLE_STATE
270136 | IDLE_ST
323419|ATE
270137 | IDLE_STATE
2701
323432|38 | IDLE_STATE
270140 | IDL
323445|E_STATE
270141 | IDLE_STATE

323461|270143 | IDLE_STATE
270144 |
323476| IDLE_STATE
270146 | IDLE_ST
323494|ATE
270147 | IDLE_STATE
2701
323510|48 | IDLE_STATE
270150 | I
324536|271116 | IDLE_STATE

324542|271118 | SLEEP_STATE

327576|273421 | IDLE_STATE

327588|273423 | SLEEP_STATE

329616|275725 | IDLE_STATE

329624|275727 | SLEEP_STATE

332657|278030 | IDLE_STATE

332665|278032 | SLEEP_STATE

334687|280335 | IDLE_STATE

334708|280337 | SLEEP_STATE

337747|282639 | IDLE_STATE

337755|282641 | SLEEP_STATE

339787|284944 | IDLE_STATE

339794|284946 | SLEEP_STATE

341817|287249 | IDLE_STATE

342827|287251 | SLEEP_STATE

344858|289553 | IDLE_STATE

344865|289555 | SLEEP_STATE

346888|291858 | IDLE_STATE

346894|291860 | SLEEP_STATE

349928|294162 | IDLE_STATE

349942|294164 | SLEEP_STATE

351968|296467 | IDLE_STATE

351976|296469 | SLEEP_STATE

352988|297008 | RX_STATE

353002|297013 | IDLE_STATE

353010|297123 | RX_STATE

353022|297128 | IDLE_STATE
297130 |
353040| TX_STATE

353052|297150 | IDLE_STATE
297152 |
353066| IDLE_STATE
297153 | IDLE_ST
353081|ATE
297155 | IDLE_STATE
2971
353095|56 | IDLE_STATE
297157 | IDL
353107|E_STATE
297159 | IDLE_STATE

353121|297160 | IDLE_STATE
297162 |
353135| IDLE_STATE
297163 | IDLE_ST
353149|ATE
297165 | IDLE_STATE
2971
353162|66 | IDLE_STATE
297167 | I
355188|298773 | IDLE_STATE

355196|298775 | SLEEP_STATE

357219|301077 | IDLE_STATE

357225|301079 | SLEEP_STATE

360259|303382 | IDLE_STATE

360266|303384 | SLEEP_STATE

362289|305687 | IDLE_STATE

362297|305689 | SLEEP_STATE

364319|307991 | IDLE_STATE

364330|307993 | SLEEP_STATE

367369|310296 | IDLE_STATE

367383|310298 | SLEEP_STATE

369420|312601 | IDLE_STATE

369432|312602 | SLEEP_STATE

372470|314905 | IDLE_STATE

372485|314907 | SLEEP_STATE

374510|317210 | IDLE_STATE

374523|317212 | SLEEP_STATE

377560|319514 | IDLE_STATE

377569|319516 | SLEEP_STATE

379600|321819 | IDLE_STATE

379611|321821 | SLEEP_STATE

382651|324015 | RX_STATE

382661|324020 | IDLE_STATE

382672|324117 | RX_STATE

382683|324121 | IDLE_STATE
324125 |
382696| IDLE_STATE
324127 | SLEEP_S
382708|TATE
324136 | TX_STATE

382723|324156 | IDLE_STATE

382737|324158 | IDLE_STATE
324159 |
382753| IDLE_STATE
324160 | IDLE_ST
382770|ATE
324162 | IDLE_STATE
3241
382784|63 | IDLE_STATE
324165 | IDL
382805|E_STATE
324166 | IDLE_STATE

382823|324168 | IDLE_STATE
324169 |
382838| IDLE_STATE
324170 | IDLE_ST
382850|ATE
324172 | IDLE_STATE
3241
382870|73 | IDLE_STATE
324175 | I
384901|326429 | IDLE_STATE

384909|326431 | SLEEP_STATE

386941|328734 | IDLE_STATE

386953|328736 | SLEEP_STATE

389991|331039 | IDLE_STATE

390001|331040 | SLEEP_STATE

392031|333343 | IDLE_STATE

392040|333345 | SLEEP_STATE

395072|335648 | IDLE_STATE

395082|335650 | SLEEP_STATE

397112|337952 | IDLE_STATE

397124|337954 | SLEEP_STATE

400162|340257 | IDLE_STATE

400200|340259 | SLEEP_STATE

402272|342562 | IDLE_STATE

402288|342564 | SLEEP_STATE

404322|344866 | IDLE_STATE

404334|344868 | SLEEP_STATE

407363|347171 | IDLE_STATE

407370|347173 | SLEEP_STATE

409393|349476 | IDLE_STATE

409401|349478 | SLEEP_STATE

411483|351015 | RX_STATE

411499|351020 | IDLE_STATE

411511|351121 | RX_STATE

411525|351126 | IDLE_STATE
351131 |
411537| TX_STATE

411551|351151 | IDLE_STATE

411564|351153 | IDLE_STATE
351154 |
411576| IDLE_STATE
351156 | IDLE_ST
411588|ATE
351157 | IDLE_STATE
3511
411601|59 | IDLE_STATE
351160 | IDL
411616|E_STATE
351162 | IDLE_STATE

411628|351163 | IDLE_STATE
351164 |
411640| IDLE_STATE
351166 | IDLE_ST
411653|ATE
351167 | IDLE_STATE
3511
411665|69 | IDLE_STATE
351170 | I
412683|351780 | IDLE_STATE

412698|351782 | SLEEP_STATE

414723|354085 | IDLE_STATE

414740|354087 | SLEEP_STATE

417783|356390 | IDLE_STATE

417795|356392 | SLEEP_STATE

419814|358694 | IDLE_STATE

419825|358696 | SLEEP_STATE

421854|360999 | IDLE_STATE

421872|361001 | SLEEP_STATE

424914|363303 | IDLE_STATE

424925|363305 | SLEEP_STATE

426954|365608 | IDLE_STATE

426964|365610 | SLEEP_STATE

429994|367913 | IDLE_STATE

430011|367915 | SLEEP_STATE

432045|370217 | IDLE_STATE

432054|370219 | SLEEP_STATE

435085|372522 | IDLE_STATE

435105|372524 | SLEEP_STATE

437155|374827 | IDLE_STATE

437162|374829 | SLEEP_STATE

440195|377131 | IDLE_STATE

440256|377133 | SLEEP_STATE

441276|378135 | RX_STATE

441295|378139 | IDLE_STATE

441316|378146 | TX_STATE

441336|378166 | IDLE_STATE

441353|378168 | IDLE_STATE
378169 |
441372| IDLE_STATE
378170 | IDLE_ST
441392|ATE
378172 | IDLE_STATE
3781
441409|73 | IDLE_STATE
378175 | IDL
441428|E_STATE
378176 | IDLE_STATE

441437|378178 | IDLE_STATE
378179 |
441454| IDLE_STATE
378180 | IDLE_ST
441471|ATE
378182 | IDLE_STATE
3781
441490|83 | IDLE_STATE
378185 | I
442515|379436 | IDLE_STATE

442524|379438 | SLEEP_STATE

444546|381741 | IDLE_STATE

444555|381743 | SLEEP_STATE

447586|384045 | IDLE_STATE

447595|384047 | SLEEP_STATE

449616|386350 | IDLE_STATE

449625|386352 | SLEEP_STATE

452656|388654 | IDLE_STATE

452672|388656 | SLEEP_STATE

454697|390959 | IDLE_STATE

454702|390961 | SLEEP_STATE

457737|393264 | IDLE_STATE

457749|393266 | SLEEP_STATE

459777|395568 | IDLE_STATE

462807|397873 | IDLE_STATE

462814|397875 | SLEEP_STATE

464837|400178 | IDLE_STATE

464848|400180 | SLEEP_STATE

466882|402482 | IDLE_STATE

466919|402484 | SLEEP_STATE

469998|404787 | IDLE_STATE

470013|404789 | SLEEP_STATE

470028|405037 | RX_STATE

470042|405042 | IDLE_STATE

470056|405144 | RX_STATE

470069|405149 | IDLE_STATE

470080|405159 | TX_STATE

470092|405179 | IDLE_STATE

470106|405181 | IDLE_STATE
405182 |
470120| IDLE_STATE
405184 | IDLE_ST
470133|ATE
405185 | IDLE_STATE
4051
470145|86 | IDLE_STATE
405188 | IDL
470159|E_STATE
405189 | IDLE_STATE

470173|405191 | IDLE_STATE
405192 |
470258| IDLE_STATE
405194 | IDLE_ST
470274|ATE
405195 | IDLE_STATE
4051
470291|96 | IDLE_STATE
405198 | I
472318|407092 | IDLE_STATE

472324|407094 | SLEEP_STATE

474348|409396 | IDLE_STATE

474356|409398 | SLEEP_STATE

477398|411701 | IDLE_STATE

477406|411703 | SLEEP_STATE

479428|414005 | IDLE_STATE

479434|414007 | SLEEP_STATE

482469|416310 | IDLE_STATE

482485|416312 | SLEEP_STATE

484509|418615 | IDLE_STATE

484518|418617 | SLEEP_STATE

487559|420919 | IDLE_STATE

487565|420921 | SLEEP_STATE

489589|423224 | IDLE_STATE

489596|423226 | SLEEP_STATE

492629|425529 | IDLE_STATE

492641|425531 | SLEEP_STATE

494670|427833 | IDLE_STATE

494683|427835 | SLEEP_STATE

497720|430138 | IDLE_STATE

497734|430140 | SLEEP_STATE

499770|432041 | RX_STATE

499791|432045 | IDLE_STATE

499812|432158 | TX_STATE

499841|432178 | IDLE_STATE

499861|432180 | IDLE_STATE
432181 |
499876| IDLE_STATE
432183 | IDLE_ST
499897|ATE
432184 | IDLE_STATE
4321
499923|86 | IDLE_STATE
432187 | IDL
499946|E_STATE
432188 | IDLE_STATE

499973|432190 | IDLE_STATE
432191 |
499999| IDLE_STATE
432193 | IDLE_ST
500024|ATE
432194 | IDLE_STATE
4321
500049|96 | IDLE_STATE
432197 | I
500076|432443 | IDLE_STATE

500103|432445 | SLEEP_STATE

502150|434747 | IDLE_STATE

502161|434749 | SLEEP_STATE

505210|437052 | IDLE_STATE

505218|437054 | SLEEP_STATE

507241|439357 | IDLE_STATE

507251|439359 | SLEEP_STATE

510281|441661 | IDLE_STATE

510316|441663 | SLEEP_STATE

512341|443966 | IDLE_STATE

512468|443968 | SLEEP_STATE

514491|446270 | IDLE_STATE

514500|446272 | SLEEP_STATE

517531|448575 | IDLE_STATE

517543|448577 | SLEEP_STATE

519572|450880 | IDLE_STATE

519582|450882 | SLEEP_STATE

522622|453184 | IDLE_STATE

522629|453186 | SLEEP_STATE

524652|455489 | IDLE_STATE

524664|455491 | SLEEP_STATE

527702|457794 | IDLE_STATE

527716|457796 | SLEEP_STATE

528733|459046 | RX_STATE

528740|459051 | IDLE_STATE

528748|459159 | RX_STATE

528754|459163 | IDLE_STATE

528760|459175 | TX_STATE

528769|459194 | IDLE_STATE

528777|459195 | IDLE_STATE
459197 |
528786| IDLE_STATE
459198 | IDLE_ST
528795|ATE
459200 | IDLE_STATE
4592
528803|01 | IDLE_STATE
459202 | IDL
528811|E_STATE
459204 | IDLE_STATE

528817|459205 | IDLE_STATE
459207 |
528824| IDLE_STATE
459208 | IDLE_ST
528831|ATE
459210 | IDLE_STATE
4592
528839|11 | IDLE_STATE
459212 | I
529852|460098 | IDLE_STATE

529868|460100 | SLEEP_STATE

531903|462403 | IDLE_STATE

531913|462405 | SLEEP_STATE

534953|464708 | IDLE_STATE

534970|464710 | SLEEP_STATE

536993|467012 | IDLE_STATE

537001|467014 | SLEEP_STATE

540033|469317 | IDLE_STATE

540048|469319 | SLEEP_STATE

542074|471621 | IDLE_STATE

542089|471623 | SLEEP_STATE

545134|473926 | IDLE_STATE

545170|473928 | SLEEP_STATE

547204|476231 | IDLE_STATE

547215|476233 | SLEEP_STATE

550254|478535 | IDLE_STATE

550263|478537 | SLEEP_STATE

552284|480840 | IDLE_STATE

552291|480842 | SLEEP_STATE

555324|483145 | IDLE_STATE

555336|483147 | SLEEP_STATE

557365|485449 | IDLE_STATE

557375|485451 | SLEEP_STATE

558395|486057 | RX_STATE

558405|486061 | IDLE_STATE

558413|486159 | RX_STATE

558423|486164 | IDLE_STATE

558433|486175 | TX_STATE

558444|486195 | IDLE_STATE

558455|486196 | IDLE_STATE
486198 |
558467| IDLE_STATE
486199 | IDLE_ST
558479|ATE
486200 | IDLE_STATE
4862
558492|02 | IDLE_STATE
486203 | IDL
558504|E_STATE
486205 | IDLE_STATE

558515|486206 | IDLE_STATE
486208 |
558529| IDLE_STATE
486209 | IDLE_ST
558542|ATE
486210 | IDLE_STATE
4862
558555|12 | IDLE_STATE
486213 | I
559575|487754 | IDLE_STATE

559585|487756 | SLEEP_STATE

562625|490059 | IDLE_STATE

562639|490061 | SLEEP_STATE

564665|492363 | IDLE_STATE

564681|492365 | SLEEP_STATE

567716|494668 | IDLE_STATE

567740|494670 | SLEEP_STATE

569766|496973 | IDLE_STATE

569773|496974 | SLEEP_STATE

572806|499277 | IDLE_STATE

572814|499279 | SLEEP_STATE

574836|501582 | IDLE_STATE

574848|501584 | SLEEP_STATE

576876|503886 | IDLE_STATE

576888|503888 | SLEEP_STATE

579926|506191 | IDLE_STATE

579940|506193 | SLEEP_STATE

581967|508496 | IDLE_STATE

581974|508498 | SLEEP_STATE

585007|510800 | IDLE_STATE

585014|510802 | SLEEP_STATE

587037|513064 | RX_STATE

587045|513068 | IDLE_STATE

587055|513105 | IDLE_STATE

587067|513107 | SLEEP_STATE

587075|513173 | RX_STATE

587082|513178 | IDLE_STATE
513180 |
587090| TX_STATE

587096|513200 | IDLE_STATE
513201 |
587104| IDLE_STATE
513203 | IDLE_ST
587111|ATE
513204 | IDLE_STATE
5132
587120|06 | IDLE_STATE
513207 | IDL
587127|E_STATE
513208 | IDLE_STATE

587135|513210 | IDLE_STATE
513211 |
587143| IDLE_STATE
513213 | IDLE_ST
587150|ATE
513214 | IDLE_STATE
5132
587158|16 | IDLE_STATE
513217 | I
590187|515410 | IDLE_STATE

590198|515412 | SLEEP_STATE

592227|517714 | IDLE_STATE

592234|517716 | SLEEP_STATE

595268|520019 | IDLE_STATE

595280|520021 | SLEEP_STATE

597308|522324 | IDLE_STATE

597324|522325 | SLEEP_STATE

599348|524628 | IDLE_STATE

599367|524630 | SLEEP_STATE

602408|526933 | IDLE_STATE

602419|526935 | SLEEP_STATE

604448|529237 | IDLE_STATE

604457|529239 | SLEEP_STATE

607499|531542 | IDLE_STATE

607515|531544 | SLEEP_STATE

609539|533847 | IDLE_STATE

609545|533849 | SLEEP_STATE

612579|536151 | IDLE_STATE

612588|536153 | SLEEP_STATE

614619|538456 | IDLE_STATE

614629|538458 | SLEEP_STATE

616659|540073 | RX_STATE

616667|540078 | IDLE_STATE

616674|540181 | RX_STATE

616681|540186 | IDLE_STATE

616688|540192 | TX_STATE

616694|540212 | IDLE_STATE

616700|540214 | IDLE_STATE
540215 |
616706| IDLE_STATE
540217 | IDLE_ST
616712|ATE
540218 | IDLE_STATE
5402
616719|20 | IDLE_STATE
540221 | IDL
616725|E_STATE
540223 | IDLE_STATE

616733|540224 | IDLE_STATE
540225 |
616740| IDLE_STATE
540227 | IDLE_ST
616746|ATE
540228 | IDLE_STATE
5402
616753|30 | IDLE_STATE
540231 | I
617771|540761 | IDLE_STATE

617779|540763 | SLEEP_STATE

619800|543065 | IDLE_STATE

619809|543067 | SLEEP_STATE

621830|545370 | IDLE_STATE

622840|545372 | SLEEP_STATE

624860|547675 | IDLE_STATE

624870|547677 | SLEEP_STATE

626890|549979 | IDLE_STATE

626898|549981 | SLEEP_STATE

629930|552284 | IDLE_STATE

629944|552286 | SLEEP_STATE

631971|554588 | IDLE_STATE

631979|554590 | SLEEP_STATE

635011|556893 | IDLE_STATE

635024|556895 | SLEEP_STATE

637061|559198 | IDLE_STATE

637068|559200 | SLEEP_STATE

640101|561502 | IDLE_STATE

640114|561504 | SLEEP_STATE

642141|563807 | IDLE_STATE

642154|563809 | SLEEP_STATE

645192|566112 | IDLE_STATE

645199|566114 | SLEEP_STATE

646212|567082 | RX_STATE

646227|567086 | IDLE_STATE

646242|567179 | RX_STATE

646257|567183 | IDLE_STATE

646276|567197 | TX_STATE

646289|567217 | IDLE_STATE

646301|567219 | IDLE_STATE
567220 |
646318| IDLE_STATE
567222 | IDLE_ST
646338|ATE
567223 | IDLE_STATE
5672
646356|25 | IDLE_STATE
567226 | IDL
646374|E_STATE
567228 | IDLE_STATE

646392|567229 | IDLE_STATE
567230 |
646411| IDLE_STATE
567232 | IDLE_ST
646427|ATE
567233 | IDLE_STATE
5672
646447|35 | IDLE_STATE
567236 | I
647473|568416 | IDLE_STATE

647479|568418 | SLEEP_STATE

649502|570721 | IDLE_STATE

649509|570723 | SLEEP_STATE

652542|573026 | IDLE_STATE

652548|573028 | SLEEP_STATE

654572|575330 | IDLE_STATE

654580|575332 | SLEEP_STATE

657613|577635 | IDLE_STATE

657624|577637 | SLEEP_STATE

659643|579939 | IDLE_STATE

659657|579941 | SLEEP_STATE

662693|582244 | IDLE_STATE

662699|582246 | SLEEP_STATE

664723|584549 | IDLE_STATE

664730|584551 | SLEEP_STATE

667764|586853 | IDLE_STATE

667775|586855 | SLEEP_STATE

669804|589158 | IDLE_STATE

669815|589160 | SLEEP_STATE

671844|591463 | IDLE_STATE

671850|591465 | SLEEP_STATE

674884|593767 | IDLE_STATE

674892|593769 | SLEEP_STATE

674899|594090 | RX_STATE

674908|594095 | IDLE_STATE

674915|594198 | RX_STATE

674920|594202 | IDLE_STATE
594207 |
674928| TX_STATE

674935|594227 | IDLE_STATE

674941|594228 | IDLE_STATE
594230 |
674949| IDLE_STATE
594231 | IDLE_ST
674956|ATE
594232 | IDLE_STATE
5942
674962|34 | IDLE_STATE
594235 | IDL
674975|E_STATE
594237 | IDLE_STATE

674982|594238 | IDLE_STATE
594240 |
674989| IDLE_STATE
594241 | IDLE_ST
674997|ATE
594242 | IDLE_STATE
5942
675004|44 | IDLE_STATE
594245 | I
677024|596072 | IDLE_STATE

677042|596074 | SLEEP_STATE

680075|598377 | IDLE_STATE

680085|598379 | SLEEP_STATE

682115|600681 | IDLE_STATE

682122|600683 | SLEEP_STATE

685155|602986 | IDLE_STATE

685179|602988 | SLEEP_STATE

687215|605291 | IDLE_STATE

687221|605292 | SLEEP_STATE

690255|607595 | IDLE_STATE

690262|607597 | SLEEP_STATE

692286|609900 | IDLE_STATE

692295|609902 | SLEEP_STATE

695326|612204 | IDLE_STATE

695335|612206 | SLEEP_STATE

697356|614509 | IDLE_STATE

697367|614511 | SLEEP_STATE

699396|616814 | IDLE_STATE

699407|616816 | SLEEP_STATE

702446|619118 | IDLE_STATE

702462|619120 | SLEEP_STATE

704506|621091 | RX_STATE

704518|621096 | IDLE_STATE

704528|621198 | RX_STATE

704541|621203 | IDLE_STATE

704548|621212 | TX_STATE

704556|621232 | IDLE_STATE

704565|621233 | IDLE_STATE
621235 |
704574| IDLE_STATE
621236 | IDLE_ST
704584|ATE
621238 | IDLE_STATE
6212
704596|39 | IDLE_STATE
621241 | IDL
704608|E_STATE
621242 | IDLE_STATE

704619|621243 | IDLE_STATE
621245 |
704629| IDLE_STATE
621246 | IDLE_ST
704642|ATE
621248 | IDLE_STATE
6212
704653|49 | IDLE_STATE
621251 | I
704668|621423 | IDLE_STATE

704680|621425 | SLEEP_STATE

707717|623728 | IDLE_STATE

707732|623730 | SLEEP_STATE

709767|626032 | IDLE_STATE

709777|626034 | SLEEP_STATE

712817|628337 | IDLE_STATE

712825|628339 | SLEEP_STATE

714847|630642 | IDLE_STATE

714860|630644 | SLEEP_STATE

716887|632946 | IDLE_STATE

716894|632948 | SLEEP_STATE

719928|635251 | IDLE_STATE

719941|635253 | SLEEP_STATE

721968|637555 | IDLE_STATE

721976|637557 | SLEEP_STATE

725008|639860 | IDLE_STATE

725017|639862 | SLEEP_STATE

727038|642165 | IDLE_STATE

727049|642167 | SLEEP_STATE

730093|644469 | IDLE_STATE

730100|644471 | SLEEP_STATE

732139|646774 | IDLE_STATE

732154|646776 | SLEEP_STATE

734179|648102 | RX_STATE

734209|648107 | IDLE_STATE

734239|648205 | RX_STATE

734269|648209 | IDLE_STATE

734291|648226 | TX_STATE

734323|648246 | IDLE_STATE

734359|648247 | IDLE_STATE
648249 |
734381| IDLE_STATE
648250 | IDLE_ST
734409|ATE
648252 | IDLE_STATE
6482
734550|53 | IDLE_STATE
648255 | IDL
734573|E_STATE
648256 | IDLE_STATE

734590|648257 | IDLE_STATE
648259 |
734608| IDLE_STATE
648260 | IDLE_ST
734623|ATE
648262 | IDLE_STATE
6482
734643|63 | IDLE_STATE
648265 | I
734654|649079 | IDLE_STATE

734672|649081 | SLEEP_STATE

737709|651383 | IDLE_STATE

737719|651385 | SLEEP_STATE

739739|653688 | IDLE_STATE

739750|653690 | SLEEP_STATE

742790|655993 | IDLE_STATE

742801|655995 | SLEEP_STATE

744830|658297 | IDLE_STATE

744841|658299 | SLEEP_STATE

746870|660602 | IDLE_STATE

746878|660604 | SLEEP_STATE

749910|662907 | IDLE_STATE

749916|662908 | SLEEP_STATE

751940|665211 | IDLE_STATE

751952|665213 | SLEEP_STATE

754991|667516 | IDLE_STATE

755118|667518 | SLEEP_STATE

757141|669820 | IDLE_STATE

757150|669822 | SLEEP_STATE

760191|672125 | IDLE_STATE

760200|672127 | SLEEP_STATE

762221|674430 | IDLE_STATE

762234|674432 | SLEEP_STATE

763251|675102 | RX_STATE

763270|675106 | IDLE_STATE

763289|675214 | RX_STATE

763306|675219 | IDLE_STATE
675224 |
763324| TX_STATE

763339|675244 | IDLE_STATE

763355|675245 | IDLE_STATE
675247 |
763371| IDLE_STATE
675248 | IDLE_ST
763382|ATE
675249 | IDLE_STATE
6752
763398|51 | IDLE_STATE
675252 | IDL
763413|E_STATE
675254 | IDLE_STATE

763430|675255 | IDLE_STATE
675257 |
763448| IDLE_STATE
675258 | IDLE_ST
763463|ATE
675259 | IDLE_STATE
6752
763478|61 | IDLE_STATE
675262 | I
764501|676734 | IDLE_STATE

764514|676736 | SLEEP_STATE

767562|679039 | IDLE_STATE

767575|679041 | SLEEP_STATE

769602|681344 | IDLE_STATE

769626|681346 | SLEEP_STATE

772672|683648 | IDLE_STATE

772681|683650 | SLEEP_STATE

774702|685953 | IDLE_STATE

774715|685955 | SLEEP_STATE

777752|688258 | IDLE_STATE

777767|688260 | SLEEP_STATE

779793|690562 | IDLE_STATE

779806|690564 | SLEEP_STATE

781833|692867 | IDLE_STATE

782843|692869 | SLEEP_STATE

784863|695171 | IDLE_STATE

784870|695173 | SLEEP_STATE

786893|697476 | IDLE_STATE

786902|697478 | SLEEP_STATE

789933|699781 | IDLE_STATE

789950|699783 | SLEEP_STATE

791984|702085 | IDLE_STATE

791990|702087 | SLEEP_STATE

791998|702118 | RX_STATE

792005|702122 | IDLE_STATE

792012|702219 | RX_STATE

792019|702224 | IDLE_STATE

792026|702232 | TX_STATE

793034|702252 | IDLE_STATE

793044|702253 | IDLE_STATE
702255 |
793059| IDLE_STATE
702256 | IDLE_ST
793072|ATE
702258 | IDLE_STATE
7022
793085|59 | IDLE_STATE
702260 | IDL
793101|E_STATE
702262 | IDLE_STATE

793112|702263 | IDLE_STATE
702265 |
793125| IDLE_STATE
702266 | IDLE_ST
793138|ATE
702268 | IDLE_STATE
7022
793150|69 | IDLE_STATE
702270 | I
795186|704390 | IDLE_STATE

795208|704392 | SLEEP_STATE

797244|706695 | IDLE_STATE

797256|706697 | SLEEP_STATE

800294|708999 | IDLE_STATE

800301|709001 | SLEEP_STATE

802324|711304 | IDLE_STATE

802344|711306 | SLEEP_STATE

804375|713609 | IDLE_STATE

804383|713611 | SLEEP_STATE

807415|715913 | IDLE_STATE

807428|715915 | SLEEP_STATE

809455|718218 | IDLE_STATE

809463|718220 | SLEEP_STATE

812505|720522 | IDLE_STATE

812511|720524 | SLEEP_STATE

814535|722827 | IDLE_STATE

814545|722829 | SLEEP_STATE

817576|725132 | IDLE_STATE

817588|725134 | SLEEP_STATE

819617|727436 | IDLE_STATE

819628|727438 | SLEEP_STATE

821656|729124 | RX_STATE

821669|729128 | IDLE_STATE

821683|729223 | RX_STATE

821696|729228 | IDLE_STATE

821711|729240 | TX_STATE

821726|729260 | IDLE_STATE

821744|729262 | IDLE_STATE
729263 |
821756| IDLE_STATE
729265 | IDLE_ST
821770|ATE
729266 | IDLE_STATE
7292
821782|68 | IDLE_STATE
729269 | IDL
821796|E_STATE
729270 | IDLE_STATE

821809|729272 | IDLE_STATE
729273 |
821822| IDLE_STATE
729275 | IDLE_ST
821837|ATE
729276 | IDLE_STATE
7292
821849|78 | IDLE_STATE
729279 | I
821861|729741 | IDLE_STATE

821878|729743 | SLEEP_STATE

824916|732046 | IDLE_STATE

824924|732048 | SLEEP_STATE

826946|734350 | IDLE_STATE

826953|734352 | SLEEP_STATE

829987|736655 | IDLE_STATE

829994|736657 | SLEEP_STATE

832017|738960 | IDLE_STATE

832024|738962 | SLEEP_STATE

835060|741264 | IDLE_STATE

835077|741266 | SLEEP_STATE

837127|743569 | IDLE_STATE

837137|743571 | SLEEP_STATE

840167|745873 | IDLE_STATE

840177|745875 | SLEEP_STATE

842198|748178 | IDLE_STATE

842207|748180 | SLEEP_STATE

845248|750483 | IDLE_STATE

845264|750485 | SLEEP_STATE

847288|752787 | IDLE_STATE

847302|752789 | SLEEP_STATE

850338|755092 | IDLE_STATE

850348|755094 | SLEEP_STATE

851368|756127 | RX_STATE

851377|756131 | IDLE_STATE

851390|756235 | RX_STATE

851410|756240 | IDLE_STATE
756245 |
851424| TX_STATE

851438|756265 | IDLE_STATE

851451|756267 | IDLE_STATE
756268 |
851460| IDLE_STATE
756269 | IDLE_ST
851469|ATE
756271 | IDLE_STATE
7562
851478|72 | IDLE_STATE
756274 | IDL
851487|E_STATE
756275 | IDLE_STATE

851498|756277 | IDLE_STATE
756278 |
851509| IDLE_STATE
756280 | IDLE_ST
851517|ATE
756281 | IDLE_STATE
7562
851525|82 | IDLE_STATE
756284 | I
852538|757397 | IDLE_STATE

852548|757399 | SLEEP_STATE

854569|759701 | IDLE_STATE

854580|759703 | SLEEP_STATE

857619|762006 | IDLE_STATE

857629|762008 | SLEEP_STATE

859660|764311 | IDLE_STATE

859666|764313 | SLEEP_STATE

862699|766615 | IDLE_STATE

862718|766617 | SLEEP_STATE

864740|768920 | IDLE_STATE

864750|768922 | SLEEP_STATE

867790|771225 | IDLE_STATE

867811|771226 | SLEEP_STATE

869850|773529 | IDLE_STATE

869859|773531 | SLEEP_STATE

871890|775834 | IDLE_STATE

871902|775836 | SLEEP_STATE

874940|778138 | IDLE_STATE

874949|778140 | SLEEP_STATE

876970|780443 | IDLE_STATE

876977|780445 | SLEEP_STATE

880011|782748 | IDLE_STATE

880027|782750 | SLEEP_STATE

880045|783142 | RX_STATE

880055|783147 | IDLE_STATE

880064|783244 | RX_STATE

880078|783249 | IDLE_STATE

880094|783266 | TX_STATE

880110|783286 | IDLE_STATE

880126|783287 | IDLE_STATE
783289 |
880140| IDLE_STATE
783290 | IDLE_ST
880156|ATE
783292 | IDLE_STATE
7832
880173|93 | IDLE_STATE
783295 | IDL
880192|E_STATE
783296 | IDLE_STATE

880207|783297 | IDLE_STATE
783299 |
880214| IDLE_STATE
783300 | IDLE_ST
880228|ATE
783302 | IDLE_STATE
7833
880245|03 | IDLE_STATE
783305 | I
882281|785052 | IDLE_STATE

882287|785054 | SLEEP_STATE

885321|787357 | IDLE_STATE

885336|787359 | SLEEP_STATE

887371|789662 | IDLE_STATE

887387|789664 | SLEEP_STATE

889421|791966 | IDLE_STATE

889430|791968 | SLEEP_STATE

892462|794271 | IDLE_STATE

892472|794273 | SLEEP_STATE

894492|796576 | IDLE_STATE

894499|796578 | SLEEP_STATE

897532|798880 | IDLE_STATE

897542|798882 | SLEEP_STATE

899562|801185 | IDLE_STATE

899574|801187 | SLEEP_STATE

902612|803489 | IDLE_STATE

902625|803491 | SLEEP_STATE

904653|805794 | IDLE_STATE

904660|805796 | SLEEP_STATE

907693|808099 | IDLE_STATE

907703|808101 | SLEEP_STATE

909723|810149 | RX_STATE

909734|810154 | IDLE_STATE

909747|810253 | RX_STATE

909758|810258 | IDLE_STATE
810261 |
909770| TX_STATE

909778|810281 | IDLE_STATE
810282 |
909789| IDLE_STATE
810283 | IDLE_ST
909801|ATE
810285 | IDLE_STATE
8102
909813|86 | IDLE_STATE
810288 | IDL
909825|E_STATE
810289 | IDLE_STATE

909835|810291 | IDLE_STATE
810292 |
909844| IDLE_STATE
810293 | IDLE_ST
909852|ATE
810295 | IDLE_STATE
8102
909863|96 | IDLE_STATE
810298 | I
909872|810403 | IDLE_STATE

909883|810405 | SLEEP_STATE

911903|812708 | IDLE_STATE

911910|812710 | SLEEP_STATE

914943|815013 | IDLE_STATE

914952|815015 | SLEEP_STATE

916974|817317 | IDLE_STATE

916980|817319 | SLEEP_STATE

920014|819622 | IDLE_STATE

920023|819624 | SLEEP_STATE

922044|821927 | IDLE_STATE

922052|821929 | SLEEP_STATE

925084|824231 | IDLE_STATE

925097|824233 | SLEEP_STATE

927124|826536 | IDLE_STATE

927134|826538 | SLEEP_STATE

930175|828840 | IDLE_STATE

930193|828842 | SLEEP_STATE

932235|831145 | IDLE_STATE

932242|831147 | SLEEP_STATE

935276|833450 | IDLE_STATE

935286|833452 | SLEEP_STATE

937305|835754 | IDLE_STATE

937313|835756 | SLEEP_STATE

939335|837261 | RX_STATE

939344|837266 | IDLE_STATE
837269 |
939355| TX_STATE

939368|837289 | IDLE_STATE
837291 |
939382| IDLE_STATE
837292 | IDLE_ST
939395|ATE
837293 | IDLE_STATE
8372
939405|95 | IDLE_STATE
837296 | IDL
939414|E_STATE
837298 | IDLE_STATE

939428|837299 | IDLE_STATE
837301 |
939442| IDLE_STATE
837302 | IDLE_ST
939454|ATE
837303 | IDLE_STATE
8373
939467|05 | IDLE_STATE
837306 | I
939480|838059 | IDLE_STATE

939492|838061 | SLEEP_STATE

942536|840364 | IDLE_STATE

942546|840366 | SLEEP_STATE

944576|842668 | IDLE_STATE

944586|842670 | SLEEP_STATE

947626|844973 | IDLE_STATE

947634|844975 | SLEEP_STATE

949656|847278 | IDLE_STATE

949690|847280 | SLEEP_STATE

952726|849582 | IDLE_STATE

952735|849584 | SLEEP_STATE

954757|851887 | IDLE_STATE

954764|851889 | SLEEP_STATE

957807|854191 | IDLE_STATE

957815|854193 | SLEEP_STATE

959837|856496 | IDLE_STATE

959842|856498 | SLEEP_STATE

961867|858801 | IDLE_STATE

961879|858803 | SLEEP_STATE

964907|861105 | IDLE_STATE

964916|861107 | SLEEP_STATE

967108|863410 | IDLE_STATE

967686|863412 | SLEEP_STATE

967844|864260 | RX_STATE

967861|864265 | IDLE_STATE

967874|864273 | TX_STATE

967897|864294 | IDLE_STATE

967913|864295 | IDLE_STATE
864297 |
967934| IDLE_STATE
864298 | IDLE_ST
967944|ATE
864299 | IDLE_STATE
8643
967970|01 | IDLE_STATE
864302 | IDL
967991|E_STATE
864304 | IDLE_STATE

968002|864305 | IDLE_STATE
864307 |
968027| IDLE_STATE
864308 | IDLE_ST
968057|ATE
864309 | IDLE_STATE
8643
968082|11 | IDLE_STATE
864312 | I
970118|865715 | IDLE_STATE

970135|865717 | SLEEP_STATE

972168|868019 | IDLE_STATE

972178|868021 | SLEEP_STATE

975208|870324 | IDLE_STATE

975215|870326 | SLEEP_STATE

977238|872629 | IDLE_STATE

977246|872631 | SLEEP_STATE

980279|874933 | IDLE_STATE

980288|874935 | SLEEP_STATE

982309|877238 | IDLE_STATE

982317|877240 | SLEEP_STATE

984339|879543 | IDLE_STATE

984352|879545 | SLEEP_STATE

987389|881847 | IDLE_STATE

987404|881849 | SLEEP_STATE

989429|884152 | IDLE_STATE

989438|884154 | SLEEP_STATE

992470|886456 | IDLE_STATE

992489|886458 | SLEEP_STATE

994530|888761 | IDLE_STATE

994539|888763 | SLEEP_STATE

997580|891066 | IDLE_STATE

997589|891068 | SLEEP_STATE

997600|891163 | RX_STATE

997612|891167 | IDLE_STATE

997621|891267 | RX_STATE

997631|891272 | IDLE_STATE

997640|891283 | TX_STATE

997654|891303 | IDLE_STATE

997668|891305 | IDLE_STATE
891306 |
997679| IDLE_STATE
891308 | IDLE_ST
997694|ATE
891309 | IDLE_STATE
8913
997706|10 | IDLE_STATE
891312 | IDL
997718|E_STATE
891313 | IDLE_STATE

997729|891315 | IDLE_STATE
891316 |
997743| IDLE_STATE
891318 | IDLE_ST
997758|ATE
891319 | IDLE_STATE
8913
997771|21 | IDLE_STATE
891322 | I
999800|893370 | IDLE_STATE

999812|893372 | SLEEP_STATE

1001841|895675 | IDLE_STATE

1002851|895677 | SLEEP_STATE

1004891|897980 | IDLE_STATE

1004900|897982 | SLEEP_STATE

1006921|900284 | IDLE_STATE

1006935|900286 | SLEEP_STATE

1009971|902589 | IDLE_STATE

1009981|902591 | SLEEP_STATE

1012011|904894 | IDLE_STATE

1012029|904896 | SLEEP_STATE

1015072|907198 | IDLE_STATE

1015079|907200 | SLEEP_STATE

1017102|909503 | IDLE_STATE

1017113|909505 | SLEEP_STATE

1020152|911807 | IDLE_STATE

1020162|911809 | SLEEP_STATE

1022192|914112 | IDLE_STATE

1022201|914114 | SLEEP_STATE

1025232|916417 | IDLE_STATE

1025243|916419 | SLEEP_STATE

1027263|918274 | RX_STATE

1027273|918279 | IDLE_STATE

1027287|918317 | TX_STATE

1027297|918338 | IDLE_STATE

1027307|918339 | IDLE_STATE
918340 |
1027319| IDLE_STATE
918342 | IDLE_ST
1027330|ATE
918343 | IDLE_STATE
9183
1027343|45 | IDLE_STATE
918346 | IDL
1027357|E_STATE
918348 | IDLE_STATE

1027369|918349 | IDLE_STATE
918351 |
1027384| IDLE_STATE
918352 | IDLE_ST
1027398|ATE
918353 | IDLE_STATE
9183
1027410|55 | IDLE_STATE
918356 | I
1027424|918721 | IDLE_STATE

1027436|918723 | SLEEP_STATE

1029464|921026 | IDLE_STATE

1029476|921028 | SLEEP_STATE

1032513|923331 | IDLE_STATE

1032524|923333 | SLEEP_STATE

1034553|925635 | IDLE_STATE

1034563|925637 | SLEEP_STATE

1037604|927940 | IDLE_STATE

1037615|927942 | SLEEP_STATE

1039643|930245 | IDLE_STATE

1039655|930247 | SLEEP_STATE

1042694|932549 | IDLE_STATE

1042701|932551 | SLEEP_STATE

1044724|934854 | IDLE_STATE

1044741|934856 | SLEEP_STATE

1047774|937159 | IDLE_STATE

1047787|937160 | SLEEP_STATE

1049815|939463 | IDLE_STATE

1049832|939465 | SLEEP_STATE

1051865|941768 | IDLE_STATE

1051874|941770 | SLEEP_STATE

1054915|944072 | IDLE_STATE

1054922|944074 | SLEEP_STATE

1055935|945291 | RX_STATE

1055948|945295 | IDLE_STATE
945301 |
1055964| TX_STATE

1055980|945321 | IDLE_STATE

1055998|945323 | IDLE_STATE
945324 |
1056017| IDLE_STATE
945326 | IDLE_ST
1056033|ATE
945327 | IDLE_STATE
9453
1056049|29 | IDLE_STATE
945330 | IDL
1056063|E_STATE
945331 | IDLE_STATE

1056075|945333 | IDLE_STATE
945334 |
1056092| IDLE_STATE
945336 | IDLE_ST
1056107|ATE
945337 | IDLE_STATE
9453
1056121|39 | IDLE_STATE
945340 | I
1057145|946377 | IDLE_STATE

1057158|946379 | SLEEP_STATE

1060205|948682 | IDLE_STATE

1060216|948684 | SLEEP_STATE

1062246|950986 | IDLE_STATE

1062259|950988 | SLEEP_STATE

1065296|953291 | IDLE_STATE

1065309|953293 | SLEEP_STATE

1067336|955596 | IDLE_STATE

1067342|955598 | SLEEP_STATE

1069366|957900 | IDLE_STATE

1069378|957902 | SLEEP_STATE

1072416|960205 | IDLE_STATE

1072425|960207 | SLEEP_STATE

1074456|962510 | IDLE_STATE

1074469|962511 | SLEEP_STATE

1077507|964814 | IDLE_STATE

1077518|964816 | SLEEP_STATE

1079547|967119 | IDLE_STATE

1079556|967121 | SLEEP_STATE

1082597|969423 | IDLE_STATE

1082604|969425 | SLEEP_STATE

1084627|971728 | IDLE_STATE

1084637|971730 | SLEEP_STATE

1085647|972187 | RX_STATE

1085656|972192 | IDLE_STATE

1085677|972295 | RX_STATE

1085693|972300 | IDLE_STATE

1085707|972318 | TX_STATE

1085722|972338 | IDLE_STATE

1085735|972339 | IDLE_STATE
972341 |
1085745| IDLE_STATE
972342 | IDLE_ST
1085759|ATE
972343 | IDLE_STATE
9723
1085771|45 | IDLE_STATE
972346 | IDL
1085786|E_STATE
972348 | IDLE_STATE

1085799|972349 | IDLE_STATE
972351 |
1085811| IDLE_STATE
972352 | IDLE_ST
1085823|ATE
972353 | IDLE_STATE
9723
1085836|55 | IDLE_STATE
972356 | I
1086857|974033 | IDLE_STATE

1086864|974035 | SLEEP_STATE

1089898|976337 | IDLE_STATE

1089910|976339 | SLEEP_STATE

1091938|978642 | IDLE_STATE

1091945|978644 | SLEEP_STATE

1094978|980947 | IDLE_STATE

1094985|980949 | SLEEP_STATE

1097008|983251 | IDLE_STATE

1097015|983253 | SLEEP_STATE

1100048|985556 | IDLE_STATE

1100059|985558 | SLEEP_STATE

1102089|987861 | IDLE_STATE

1102108|987863 | SLEEP_STATE

1105149|990165 | IDLE_STATE

1105173|990167 | SLEEP_STATE

1107199|992470 | IDLE_STATE

1107208|992472 | SLEEP_STATE

1110249|994774 | IDLE_STATE

1110256|994776 | SLEEP_STATE

1112279|997079 | IDLE_STATE

1112288|997081 | SLEEP_STATE

1114310|999196 | RX_STATE

1114317|999201 | IDLE_STATE

1114324|999299 | RX_STATE

1114330|999304 | IDLE_STATE

1114336|999321 | TX_STATE

1115350|999341 | IDLE_STATE

1115364|999342 | IDLE_STATE
999344 |
1115381| IDLE_STATE
999345 | IDLE_ST
1115395|ATE
999346 | IDLE_STATE
9993
1115412|48 | IDLE_STATE
999349 | IDL
1115428|E_STATE
999351 | IDLE_STATE

1115445|999352 | IDLE_STATE
999354 |
1115459| IDLE_STATE
999355 | IDLE_ST
1115477|ATE
999356 | IDLE_STATE
9993
1115494|58 | IDLE_STATE
999359 | I
1117530|1001671 | IDLE_STATE

1117539|1001673 | SLEEP_STATE

1119560|1003975 | IDLE_STATE

1119573|1003977 | SLEEP_STATE

1122610|1006280 | IDLE_STATE

1122621|1006282 | SLEEP_STATE

1124661|1008584 | IDLE_STATE

1124676|1008587 | SLEEP_STATE

1127711|1010889 | IDLE_STATE

1127721|1010891 | SLEEP_STATE

1129741|1013194 | IDLE_STATE

1129775|1013196 | SLEEP_STATE

1132811|1015498 | IDLE_STATE

1132826|1015501 | SLEEP_STATE

1134851|1017803 | IDLE_STATE

1134870|1017805 | SLEEP_STATE

1136911|1020108 | IDLE_STATE

1136927|1020110 | SLEEP_STATE

1139972|1022412 | IDLE_STATE

1140062|1022414 | SLEEP_STATE

1142092|1024717 | IDLE_STATE

1142105|1024719 | SLEEP_STATE

1144132|1026163 | RX_STATE

1144142|1026168 | IDLE_STATE

1144153|1026241 | RX_STATE

1144165|1026246 | IDLE_STATE

1144175|1026259 | TX_STATE

1144185|1026279 | IDLE_STATE

1144200|1026280 | IDLE_STATE
1026282
1144211| | IDLE_STATE
1026284 | IDLE
1144223|_STATE
1026285 | IDLE_STATE

1144236|1026287 | IDLE_STATE
1026288
1144247| | IDLE_STATE
1026290 | IDLE
1144255|_STATE
1026292 | IDLE_STATE

1144268|1026293 | IDLE_STATE
1026295
1144280| | IDLE_STATE
1026296 | IDLE
1144293|_STATE
1026298 | IDLE_STAT
1145312|1027022 | IDLE_STATE

1145326|1027024 | SLEEP_STATE

1147352|1029326 | IDLE_STATE

1147361|1029328 | SLEEP_STATE

1150392|1031631 | IDLE_STATE

1150407|1031633 | SLEEP_STATE

1152433|1033935 | IDLE_STATE

1152448|1033938 | SLEEP_STATE

1154473|1036240 | IDLE_STATE

1154480|1036242 | SLEEP_STATE

1157513|1038545 | IDLE_STATE

1157522|1038547 | SLEEP_STATE

1159553|1040849 | IDLE_STATE

1159568|1040852 | SLEEP_STATE

1162603|1043154 | IDLE_STATE

1162613|1043156 | SLEEP_STATE

1164634|1045459 | IDLE_STATE

1164640|1045461 | SLEEP_STATE

1167674|1047763 | IDLE_STATE

1167688|1047765 | SLEEP_STATE

1169714|1050068 | IDLE_STATE

1169728|1050070 | SLEEP_STATE

1172764|1052373 | IDLE_STATE

1172773|1052375 | SLEEP_STATE

1172790|1053140 | RX_STATE

1172805|1053145 | IDLE_STATE

1173824|1053251 | RX_STATE

1173830|1053256 | IDLE_STATE

1173837|1053267 | TX_STATE

1173843|1053287 | IDLE_STATE

1173850|1053288 | IDLE_STATE
1053290
1173856| | IDLE_STATE
1053292 | IDLE
1173863|_STATE
1053293 | IDLE_STATE

1173869|1053295 | IDLE_STATE
1053296
1173877| | IDLE_STATE
1053298 | IDLE
1173884|_STATE
1053299 | IDLE_STATE

1173893|1053301 | IDLE_STATE
1053303
1173900| | IDLE_STATE
1053304 | IDLE
1173911|_STATE
1053306 | IDLE_STAT
1174924|1054677 | IDLE_STATE

1174964|1054679 | SLEEP_STATE

1177005|1056982 | IDLE_STATE

1177011|1056984 | SLEEP_STATE

1180045|1059287 | IDLE_STATE

1180057|1059289 | SLEEP_STATE

1182085|1061591 | IDLE_STATE

1182101|1061593 | SLEEP_STATE

