25730|29 | IDLE_STATE

26760|147 | IDLE_STATE

26780|149 | SLEEP_STATE

26795|262 | IDLE_STATE

26825|264 | SLEEP_STATE

26886|378 | IDLE_STATE

26911|379 | SLEEP_STATE

26943|493 | IDLE_STATE

26996|494 | SLEEP_STATE

27041|608 | IDLE_STATE

27070|610 | SLEEP_STATE

27133|723 | IDLE_STATE

27182|725 | SLEEP_STATE

27222|839 | IDLE_STATE

27261|840 | SLEEP_STATE

27309|954 | IDLE_STATE

27352|955 | SLEEP_STATE

27389|1069 | IDLE_STATE

27452|1071 | SLEEP_STATE

27522|1184 | IDLE_STATE

27562|1186 | SLEEP_STATE

27606|1300 | IDLE_STATE

27662|1301 | SLEEP_STATE

27710|1415 | IDLE_STATE

27754|1416 | SLEEP_STATE

27788|1530 | IDLE_STATE

27831|1532 | SLEEP_STATE

27881|1645 | IDLE_STATE

27934|1647 | SLEEP_STATE

28001|1761 | IDLE_STATE

28044|1762 | SLEEP_STATE

28088|1876 | IDLE_STATE

28138|1877 | SLEEP_STATE

28186|1991 | IDLE_STATE

28231|1993 | SLEEP_STATE

28274|2106 | IDLE_STATE

28322|2108 | SLEEP_STATE

28364|2221 | IDLE_STATE

28411|2223 | SLEEP_STATE

28466|2337 | IDLE_STATE

28507|2338 | SLEEP_STATE

28551|2452 | IDLE_STATE

28589|2454 | SLEEP_STATE

28642|2567 | IDLE_STATE

28688|2569 | SLEEP_STATE

28736|2682 | IDLE_STATE

28798|2684 | SLEEP_STATE

28848|2798 | IDLE_STATE

28909|2799 | SLEEP_STATE

28947|2913 | IDLE_STATE

28985|2914 | SLEEP_STATE

29014|3028 | IDLE_STATE

29046|3030 | SLEEP_STATE

29074|3143 | IDLE_STATE

29111|3145 | SLEEP_STATE

30140|3259 | IDLE_STATE

30154|3260 | SLEEP_STATE

30168|3374 | IDLE_STATE

30179|3375 | SLEEP_STATE

30190|3489 | IDLE_STATE

30206|3491 | SLEEP_STATE

30223|3604 | IDLE_STATE

30246|3606 | SLEEP_STATE

30271|3719 | IDLE_STATE

30296|3721 | SLEEP_STATE

32330|6024 | IDLE_STATE

32338|6026 | SLEEP_STATE

35370|8329 | IDLE_STATE

35395|8330 | SLEEP_STATE

37440|10633 | IDLE_STATE

37448|10635 | SLEEP_STATE

40481|12938 | IDLE_STATE

40491|12940 | SLEEP_STATE

42521|15243 | IDLE_STATE

42534|15244 | SLEEP_STATE

45591|17547 | IDLE_STATE

45597|17549 | SLEEP_STATE

47621|19852 | IDLE_STATE

47632|19854 | SLEEP_STATE

49662|22157 | IDLE_STATE

49682|22158 | SLEEP_STATE

52722|24461 | IDLE_STATE

52739|24463 | SLEEP_STATE

54772|26766 | IDLE_STATE

54779|26768 | SLEEP_STATE

57812|29070 | IDLE_STATE

57821|29072 | SLEEP_STATE

59842|31375 | IDLE_STATE

59855|31377 | SLEEP_STATE

62884|33680 | IDLE_STATE

62892|33682 | SLEEP_STATE

64913|35984 | IDLE_STATE

64920|35986 | SLEEP_STATE

67953|38289 | IDLE_STATE

67961|38291 | SLEEP_STATE

69983|40594 | IDLE_STATE

69995|40595 | SLEEP_STATE

73033|42898 | IDLE_STATE

73045|42900 | SLEEP_STATE

75074|45203 | IDLE_STATE

75083|45205 | SLEEP_STATE

78124|47508 | IDLE_STATE

78133|47509 | SLEEP_STATE

80174|49812 | IDLE_STATE

80183|49814 | SLEEP_STATE

82204|52117 | IDLE_STATE

82212|52119 | SLEEP_STATE

84234|53954 | RX_STATE

84248|53960 | IDLE_STATE

85264|54056 | TX_STATE

85272|54077 | IDLE_STATE

85281|54078 | IDLE_STATE
54079 | I
85290|DLE_STATE
54080 | IDLE_STATE
85299|
54082 | IDLE_STATE
54083 | 
85307|IDLE_STATE
54084 | IDLE_STAT
85316|E
54085 | IDLE_STATE
54087 |
85325| IDLE_STATE
54088 | IDLE_STA
85333|TE
54089 | IDLE_STATE
54091 
85346|| IDLE_STATE
54092 | IDLE_ST
85355|ATE
54093 | IDLE_STATE
540
85366|54422 | IDLE_STATE

85378|54423 | SLEEP_STATE

87405|56726 | IDLE_STATE

87415|56728 | SLEEP_STATE

90455|59031 | IDLE_STATE

90469|59033 | SLEEP_STATE

92495|61335 | IDLE_STATE

92506|61337 | SLEEP_STATE

95535|63640 | IDLE_STATE

95579|63642 | SLEEP_STATE

97665|65945 | IDLE_STATE

97689|65947 | SLEEP_STATE

99726|68249 | IDLE_STATE

99747|68251 | SLEEP_STATE

102786|70554 | IDLE_STATE

102798|70556 | SLEEP_STATE

104826|72859 | IDLE_STATE

104840|72860 | SLEEP_STATE

107876|75163 | IDLE_STATE

107893|75165 | SLEEP_STATE

109926|77468 | IDLE_STATE

109936|77470 | SLEEP_STATE

112977|79773 | IDLE_STATE

112987|79774 | SLEEP_STATE

115017|82077 | IDLE_STATE

115026|82079 | SLEEP_STATE

118067|84382 | IDLE_STATE

118083|84384 | SLEEP_STATE

120117|86686 | IDLE_STATE

120132|86688 | SLEEP_STATE

122168|88991 | IDLE_STATE

122178|88993 | SLEEP_STATE

125218|91296 | IDLE_STATE

125227|91298 | SLEEP_STATE

127248|93600 | IDLE_STATE

127333|93602 | SLEEP_STATE

130418|95905 | IDLE_STATE

130441|95907 | SLEEP_STATE

132488|98210 | IDLE_STATE

132508|98211 | SLEEP_STATE

135568|100514 | IDLE_STATE

135577|100516 | SLEEP_STATE

137599|102819 | IDLE_STATE

137607|102821 | SLEEP_STATE

140639|105124 | IDLE_STATE

140651|105126 | SLEEP_STATE

142679|107428 | IDLE_STATE

142694|107430 | SLEEP_STATE

143719|107965 | RX_STATE

143732|107970 | IDLE_STATE

143746|108066 | TX_STATE

143762|108086 | IDLE_STATE

143778|108087 | IDLE_STATE
108089 |
143790| IDLE_STATE
108090 | IDLE_ST
143807|ATE
108091 | IDLE_STATE
1080
143823|93 | IDLE_STATE
108094 | IDL
143837|E_STATE
108096 | IDLE_STATE

143854|108097 | IDLE_STATE
108099 |
143870| IDLE_STATE
108100 | IDLE_ST
143883|ATE
108101 | IDLE_STATE
1081
143894|03 | IDLE_STATE
108104 | I
144909|109733 | IDLE_STATE

144917|109735 | SLEEP_STATE

147959|112038 | IDLE_STATE

147968|112039 | SLEEP_STATE

149990|114342 | IDLE_STATE

150001|114344 | SLEEP_STATE

153040|116647 | IDLE_STATE

153059|116649 | SLEEP_STATE

155080|118951 | IDLE_STATE

155086|118953 | SLEEP_STATE

158120|121256 | IDLE_STATE

158129|121258 | SLEEP_STATE

160150|123561 | IDLE_STATE

160159|123563 | SLEEP_STATE

162181|125865 | IDLE_STATE

162211|125867 | SLEEP_STATE

165311|128170 | IDLE_STATE

165332|128172 | SLEEP_STATE

167371|130475 | IDLE_STATE

167383|130477 | SLEEP_STATE

170421|132779 | IDLE_STATE

170441|132781 | SLEEP_STATE

172482|135084 | IDLE_STATE

172489|135086 | SLEEP_STATE

175522|137389 | IDLE_STATE

175535|137390 | SLEEP_STATE

177562|139693 | IDLE_STATE

177569|139695 | SLEEP_STATE

180602|141998 | IDLE_STATE

180615|142000 | SLEEP_STATE

182642|144302 | IDLE_STATE

182671|144304 | SLEEP_STATE

184712|146607 | IDLE_STATE

184730|146609 | SLEEP_STATE

187773|148912 | IDLE_STATE

187791|148914 | SLEEP_STATE

189823|151216 | IDLE_STATE

189836|151218 | SLEEP_STATE

192873|153521 | IDLE_STATE

192889|153523 | SLEEP_STATE

194923|155826 | IDLE_STATE

194957|155828 | SLEEP_STATE

198053|158130 | IDLE_STATE

198062|158132 | SLEEP_STATE

200084|160435 | IDLE_STATE

200103|160437 | SLEEP_STATE

202134|161982 | RX_STATE

202141|161986 | IDLE_STATE

202150|162084 | TX_STATE

202162|162104 | IDLE_STATE

202173|162105 | IDLE_STATE
162107 |
202187| IDLE_STATE
162108 | IDLE_ST
202197|ATE
162110 | IDLE_STATE
1621
202203|11 | IDLE_STATE
162112 | IDL
202215|E_STATE
162114 | IDLE_STATE

202227|162115 | IDLE_STATE
162117 |
202239| IDLE_STATE
162118 | IDLE_ST
202254|ATE
162120 | IDLE_STATE
1621
202268|21 | IDLE_STATE
162122 | I
202277|162740 | IDLE_STATE

202287|162742 | SLEEP_STATE

205324|165044 | IDLE_STATE

205331|165046 | SLEEP_STATE

207354|167349 | IDLE_STATE

207361|167351 | SLEEP_STATE

210394|169653 | IDLE_STATE

210405|169655 | SLEEP_STATE

212425|171958 | IDLE_STATE

212439|171960 | SLEEP_STATE

215485|174263 | IDLE_STATE

215495|174265 | SLEEP_STATE

217525|176567 | IDLE_STATE

217532|176569 | SLEEP_STATE

220565|178872 | IDLE_STATE

220574|178874 | SLEEP_STATE

222595|181177 | IDLE_STATE

222607|181179 | SLEEP_STATE

225646|183481 | IDLE_STATE

225659|183483 | SLEEP_STATE

227686|185786 | IDLE_STATE

227696|185788 | SLEEP_STATE

229726|188091 | IDLE_STATE

229762|188093 | SLEEP_STATE

232826|190395 | IDLE_STATE

232835|190397 | SLEEP_STATE

234856|192700 | IDLE_STATE

234871|192702 | SLEEP_STATE

237907|195004 | IDLE_STATE

237924|195006 | SLEEP_STATE

239957|197309 | IDLE_STATE

239965|197311 | SLEEP_STATE

242997|199614 | IDLE_STATE

243029|199616 | SLEEP_STATE

245047|201918 | IDLE_STATE

245061|201920 | SLEEP_STATE

248097|204223 | IDLE_STATE

248111|204225 | SLEEP_STATE

250138|206528 | IDLE_STATE

250148|206530 | SLEEP_STATE

252178|208832 | IDLE_STATE

252192|208834 | SLEEP_STATE

255238|211137 | IDLE_STATE

255254|211139 | SLEEP_STATE

257288|213442 | IDLE_STATE

257303|213444 | SLEEP_STATE

260348|215746 | IDLE_STATE

260368|215748 | SLEEP_STATE

260387|215997 | RX_STATE

260412|216002 | IDLE_STATE

260434|216104 | TX_STATE

260449|216124 | IDLE_STATE

260460|216126 | IDLE_STATE
216127 |
260473| IDLE_STATE
216128 | IDLE_ST
260493|ATE
216130 | IDLE_STATE
2161
260502|31 | IDLE_STATE
216133 | IDL
260516|E_STATE
216134 | IDLE_STATE

260527|216136 | IDLE_STATE
216137 |
260535| IDLE_STATE
216138 | IDLE_ST
260547|ATE
216140 | IDLE_STATE
2161
260558|41 | IDLE_STATE
216143 | I
262579|218051 | IDLE_STATE

262616|218053 | SLEEP_STATE

265649|220356 | IDLE_STATE

265660|220357 | SLEEP_STATE

267689|222660 | IDLE_STATE

267708|222662 | SLEEP_STATE

269739|224965 | IDLE_STATE

269749|224967 | SLEEP_STATE

272779|227269 | IDLE_STATE

272787|227271 | SLEEP_STATE

274810|229574 | IDLE_STATE

274818|229576 | SLEEP_STATE

277850|231879 | IDLE_STATE

277857|231881 | SLEEP_STATE

279880|234183 | IDLE_STATE

279896|234185 | SLEEP_STATE

282930|236488 | IDLE_STATE

282942|236490 | SLEEP_STATE

284970|238793 | IDLE_STATE

284977|238795 | SLEEP_STATE

288011|241097 | IDLE_STATE

288020|241099 | SLEEP_STATE

290041|243402 | IDLE_STATE

290051|243404 | SLEEP_STATE

293081|245707 | IDLE_STATE

293093|245709 | SLEEP_STATE

295121|248011 | IDLE_STATE

295128|248013 | SLEEP_STATE

298161|250316 | IDLE_STATE

298169|250318 | SLEEP_STATE

300192|252620 | IDLE_STATE

300200|252622 | SLEEP_STATE

302222|254925 | IDLE_STATE

302239|254927 | SLEEP_STATE

305282|257230 | IDLE_STATE

305291|257232 | SLEEP_STATE

307322|259534 | IDLE_STATE

307328|259536 | SLEEP_STATE

310363|261839 | IDLE_STATE

310376|261841 | SLEEP_STATE

312403|264144 | IDLE_STATE

312416|264146 | SLEEP_STATE

315453|266448 | IDLE_STATE

315468|266450 | SLEEP_STATE

317503|268753 | IDLE_STATE

317515|268755 | SLEEP_STATE

318533|270005 | RX_STATE

319543|270010 | IDLE_STATE

319567|270119 | TX_STATE

319582|270139 | IDLE_STATE

319596|270140 | IDLE_STATE
270142 |
319612| IDLE_STATE
270143 | IDLE_ST
319628|ATE
270145 | IDLE_STATE
2701
319642|46 | IDLE_STATE
270148 | IDL
319657|E_STATE
270149 | IDLE_STATE

319672|270150 | IDLE_STATE
270152 |
319686| IDLE_STATE
270153 | IDLE_ST
319701|ATE
270155 | IDLE_STATE
2701
319715|56 | IDLE_STATE
270158 | I
319730|271058 | IDLE_STATE

319745|271060 | SLEEP_STATE

322783|273362 | IDLE_STATE

322790|273364 | SLEEP_STATE

324814|275667 | IDLE_STATE

324830|275669 | SLEEP_STATE

327874|277971 | IDLE_STATE

327892|277973 | SLEEP_STATE

329924|280276 | IDLE_STATE

329961|280278 | SLEEP_STATE

333024|282581 | IDLE_STATE

333033|282583 | SLEEP_STATE

335054|284885 | IDLE_STATE

335060|284887 | SLEEP_STATE

338095|287190 | IDLE_STATE

338107|287192 | SLEEP_STATE

340135|289495 | IDLE_STATE

340142|289497 | SLEEP_STATE

343175|291799 | IDLE_STATE

343183|291801 | SLEEP_STATE

345206|294104 | IDLE_STATE

345213|294106 | SLEEP_STATE

347235|296409 | IDLE_STATE

347248|296411 | SLEEP_STATE

350286|298713 | IDLE_STATE

350293|298715 | SLEEP_STATE

352316|301018 | IDLE_STATE

352323|301020 | SLEEP_STATE

355356|303323 | IDLE_STATE

355364|303324 | SLEEP_STATE

357386|305627 | IDLE_STATE

357407|305629 | SLEEP_STATE

360457|307932 | IDLE_STATE

360482|307934 | SLEEP_STATE

362527|310236 | IDLE_STATE

362541|310238 | SLEEP_STATE

365587|312541 | IDLE_STATE

365597|312543 | SLEEP_STATE

367627|314846 | IDLE_STATE

367636|314848 | SLEEP_STATE

370667|317150 | IDLE_STATE

370675|317152 | SLEEP_STATE

372697|319455 | IDLE_STATE

372704|319457 | SLEEP_STATE

374728|321760 | IDLE_STATE

374799|321762 | SLEEP_STATE

377838|324022 | RX_STATE

377852|324026 | IDLE_STATE

377865|324064 | IDLE_STATE

377886|324066 | SLEEP_STATE

377907|324127 | TX_STATE

377929|324148 | IDLE_STATE

377952|324149 | IDLE_STATE
324150 |
377970| IDLE_STATE
324152 | IDLE_ST
377988|ATE
324153 | IDLE_STATE
3241
378007|55 | IDLE_STATE
324156 | IDL
378028|E_STATE
324158 | IDLE_STATE

378051|324159 | IDLE_STATE
324160 |
378075| IDLE_STATE
324162 | IDLE_ST
378096|ATE
324163 | IDLE_STATE
3241
378118|65 | IDLE_STATE
324166 | I
380158|326369 | IDLE_STATE

380176|326371 | SLEEP_STATE

382209|328674 | IDLE_STATE

382218|328676 | SLEEP_STATE

385258|330978 | IDLE_STATE

385266|330980 | SLEEP_STATE

387289|333283 | IDLE_STATE

387298|333285 | SLEEP_STATE

390329|335587 | IDLE_STATE

390344|335589 | SLEEP_STATE

392369|337892 | IDLE_STATE

392382|337894 | SLEEP_STATE

395419|340197 | IDLE_STATE

395438|340199 | SLEEP_STATE

397500|342501 | IDLE_STATE

397529|342503 | SLEEP_STATE

400600|344806 | IDLE_STATE

400607|344808 | SLEEP_STATE

402630|347111 | IDLE_STATE

402640|347113 | SLEEP_STATE

405680|349415 | IDLE_STATE

405688|349417 | SLEEP_STATE

407711|351720 | IDLE_STATE

407721|351722 | SLEEP_STATE

409750|354025 | IDLE_STATE

409757|354027 | SLEEP_STATE

412791|356329 | IDLE_STATE

412799|356331 | SLEEP_STATE

414831|358634 | IDLE_STATE

414845|358636 | SLEEP_STATE

417881|360938 | IDLE_STATE

417890|360940 | SLEEP_STATE

419921|363243 | IDLE_STATE

419929|363245 | SLEEP_STATE

422961|365548 | IDLE_STATE

422968|365550 | SLEEP_STATE

424992|367852 | IDLE_STATE

425006|367854 | SLEEP_STATE

428042|370157 | IDLE_STATE

428062|370159 | SLEEP_STATE

430152|372462 | IDLE_STATE

430225|372464 | SLEEP_STATE

432312|374766 | IDLE_STATE

432335|374768 | SLEEP_STATE

435392|377071 | IDLE_STATE

435398|377073 | SLEEP_STATE

436413|378052 | RX_STATE

436428|378057 | IDLE_STATE

436451|378147 | TX_STATE

436474|378167 | IDLE_STATE

436501|378169 | IDLE_STATE
378170 |
436525| IDLE_STATE
378171 | IDLE_ST
436553|ATE
378173 | IDLE_STATE
3781
436580|74 | IDLE_STATE
378176 | IDL
436603|E_STATE
378177 | IDLE_STATE

436626|378179 | IDLE_STATE
378180 |
436648| IDLE_STATE
378181 | IDLE_ST
436680|ATE
378183 | IDLE_STATE
3781
436703|84 | IDLE_STATE
378186 | I
437723|379376 | IDLE_STATE

437730|379378 | SLEEP_STATE

439753|381680 | IDLE_STATE

439766|381682 | SLEEP_STATE

442803|383985 | IDLE_STATE

442816|383987 | SLEEP_STATE

444843|386290 | IDLE_STATE

444856|386291 | SLEEP_STATE

447894|388594 | IDLE_STATE

447903|388596 | SLEEP_STATE

449924|390899 | IDLE_STATE

449933|390901 | SLEEP_STATE

452964|393203 | IDLE_STATE

452974|393205 | SLEEP_STATE

455004|395508 | IDLE_STATE

455018|395510 | SLEEP_STATE

458054|397813 | IDLE_STATE

458062|397815 | SLEEP_STATE

460088|400117 | IDLE_STATE

460104|400119 | SLEEP_STATE

463166|402422 | IDLE_STATE

463197|402424 | SLEEP_STATE

465225|404727 | IDLE_STATE

465240|404729 | SLEEP_STATE

467275|407031 | IDLE_STATE

467284|407033 | SLEEP_STATE

470315|409336 | IDLE_STATE

470326|409338 | SLEEP_STATE

472345|411641 | IDLE_STATE

472356|411643 | SLEEP_STATE

475396|413945 | IDLE_STATE

475407|413947 | SLEEP_STATE

477436|416250 | IDLE_STATE

477453|416252 | SLEEP_STATE

480496|418554 | IDLE_STATE

480505|418556 | SLEEP_STATE

482526|420859 | IDLE_STATE

482532|420861 | SLEEP_STATE

485567|423164 | IDLE_STATE

485578|423166 | SLEEP_STATE

487607|425468 | IDLE_STATE

487615|425470 | SLEEP_STATE

490647|427773 | IDLE_STATE

490663|427775 | SLEEP_STATE

492697|430078 | IDLE_STATE

492710|430080 | SLEEP_STATE

494737|432058 | RX_STATE

494744|432063 | IDLE_STATE

494761|432153 | TX_STATE

494779|432173 | IDLE_STATE

494798|432174 | IDLE_STATE
432176 |
494818| IDLE_STATE
432177 | IDLE_ST
494836|ATE
432178 | IDLE_STATE
4321
494858|80 | IDLE_STATE
432181 | IDL
494875|E_STATE
432183 | IDLE_STATE

494895|432184 | IDLE_STATE
432186 |
494914| IDLE_STATE
432187 | IDLE_ST
494933|ATE
432188 | IDLE_STATE
4321
494954|90 | IDLE_STATE
432191 | I
494970|432382 | IDLE_STATE

494987|432384 | SLEEP_STATE

498028|434687 | IDLE_STATE

498058|434689 | SLEEP_STATE

500108|436992 | IDLE_STATE

500118|436994 | SLEEP_STATE

503158|439296 | IDLE_STATE

503176|439298 | SLEEP_STATE

505208|441601 | IDLE_STATE

505220|441603 | SLEEP_STATE

507248|443905 | IDLE_STATE

507262|443907 | SLEEP_STATE

510299|446210 | IDLE_STATE

510306|446212 | SLEEP_STATE

512329|448515 | IDLE_STATE

512337|448517 | SLEEP_STATE

515369|450819 | IDLE_STATE

515378|450821 | SLEEP_STATE

517399|453124 | IDLE_STATE

517412|453126 | SLEEP_STATE

520449|455429 | IDLE_STATE

520458|455431 | SLEEP_STATE

522490|457733 | IDLE_STATE

522502|457735 | SLEEP_STATE

525540|460038 | IDLE_STATE

525556|460040 | SLEEP_STATE

527580|462343 | IDLE_STATE

527602|462345 | SLEEP_STATE

530640|464647 | IDLE_STATE

530656|464649 | SLEEP_STATE

532700|466952 | IDLE_STATE

532716|466954 | SLEEP_STATE

534750|469257 | IDLE_STATE

534760|469258 | SLEEP_STATE

537791|471561 | IDLE_STATE

537801|471563 | SLEEP_STATE

539831|473866 | IDLE_STATE

539837|473868 | SLEEP_STATE

542871|476170 | IDLE_STATE

542878|476172 | SLEEP_STATE

544901|478475 | IDLE_STATE

544909|478477 | SLEEP_STATE

547942|480780 | IDLE_STATE

547950|480782 | SLEEP_STATE

549972|483084 | IDLE_STATE

549987|483086 | SLEEP_STATE

553022|485389 | IDLE_STATE

553037|485391 | SLEEP_STATE

553053|486066 | RX_STATE

553068|486070 | IDLE_STATE

553083|486176 | TX_STATE

554102|486197 | IDLE_STATE

554119|486198 | IDLE_STATE
486200 |
554139| IDLE_STATE
486201 | IDLE_ST
554161|ATE
486202 | IDLE_STATE
4862
554179|04 | IDLE_STATE
486205 | IDL
554199|E_STATE
486207 | IDLE_STATE

554219|486208 | IDLE_STATE
486210 |
554238| IDLE_STATE
486211 | IDLE_ST
554260|ATE
486212 | IDLE_STATE
4862
554276|14 | IDLE_STATE
486215 | I
555302|487694 | IDLE_STATE

555311|487696 | SLEEP_STATE

557332|489998 | IDLE_STATE

557338|490000 | SLEEP_STATE

560373|492303 | IDLE_STATE

560379|492305 | SLEEP_STATE

562403|494608 | IDLE_STATE

562411|494610 | SLEEP_STATE

565443|496912 | IDLE_STATE

565455|496914 | SLEEP_STATE

567493|499217 | IDLE_STATE

567503|499219 | SLEEP_STATE

570603|501521 | IDLE_STATE

570612|501523 | SLEEP_STATE

572634|503826 | IDLE_STATE

572642|503828 | SLEEP_STATE

575674|506131 | IDLE_STATE

575680|506133 | SLEEP_STATE

577704|508435 | IDLE_STATE

577713|508437 | SLEEP_STATE

579734|510740 | IDLE_STATE

579744|510742 | SLEEP_STATE

582784|513045 | IDLE_STATE

582793|513047 | SLEEP_STATE

584815|515349 | IDLE_STATE

584828|515351 | SLEEP_STATE

587865|517654 | IDLE_STATE

587872|517656 | SLEEP_STATE

589895|519959 | IDLE_STATE

589907|519961 | SLEEP_STATE

592952|522263 | IDLE_STATE

592965|522265 | SLEEP_STATE

594986|524568 | IDLE_STATE

594997|524570 | SLEEP_STATE

598036|526872 | IDLE_STATE

598056|526874 | SLEEP_STATE

600086|529177 | IDLE_STATE

600096|529179 | SLEEP_STATE

603136|531482 | IDLE_STATE

603145|531484 | SLEEP_STATE

605176|533786 | IDLE_STATE

605183|533788 | SLEEP_STATE

607207|536091 | IDLE_STATE

607221|536093 | SLEEP_STATE

610257|538396 | IDLE_STATE

610262|538398 | SLEEP_STATE

612287|540084 | RX_STATE

612304|540089 | IDLE_STATE

612321|540185 | TX_STATE

612342|540205 | IDLE_STATE

612363|540206 | IDLE_STATE
540208 |
612384| IDLE_STATE
540209 | IDLE_ST
612408|ATE
540210 | IDLE_STATE
5402
612433|12 | IDLE_STATE
540213 | IDL
612455|E_STATE
540215 | IDLE_STATE

612482|540216 | IDLE_STATE
540218 |
612509| IDLE_STATE
540219 | IDLE_ST
612534|ATE
540220 | IDLE_STATE
5402
612583|22 | IDLE_STATE
540223 | I
612613|540700 | IDLE_STATE

612647|540702 | SLEEP_STATE

614697|543005 | IDLE_STATE

614707|543007 | SLEEP_STATE

617737|545310 | IDLE_STATE

617745|545312 | SLEEP_STATE

619767|547614 | IDLE_STATE

619781|547616 | SLEEP_STATE

622818|549919 | IDLE_STATE

622825|549921 | SLEEP_STATE

624848|552224 | IDLE_STATE

624860|552225 | SLEEP_STATE

627898|554528 | IDLE_STATE

627919|554530 | SLEEP_STATE

629958|556833 | IDLE_STATE

629979|556835 | SLEEP_STATE

633018|559137 | IDLE_STATE

633031|559139 | SLEEP_STATE

635059|561442 | IDLE_STATE

635071|561444 | SLEEP_STATE

638119|563747 | IDLE_STATE

638129|563749 | SLEEP_STATE

640149|566051 | IDLE_STATE

640166|566053 | SLEEP_STATE

642199|568356 | IDLE_STATE

642210|568358 | SLEEP_STATE

645249|570661 | IDLE_STATE

645269|570663 | SLEEP_STATE

647310|572965 | IDLE_STATE

647320|572967 | SLEEP_STATE

650350|575270 | IDLE_STATE

650362|575272 | SLEEP_STATE

652390|577575 | IDLE_STATE

652400|577577 | SLEEP_STATE

655440|579879 | IDLE_STATE

655450|579881 | SLEEP_STATE

657470|582184 | IDLE_STATE

657479|582186 | SLEEP_STATE

660521|584488 | IDLE_STATE

660532|584490 | SLEEP_STATE

662581|586793 | IDLE_STATE

662594|586795 | SLEEP_STATE

665631|589098 | IDLE_STATE

665640|589100 | SLEEP_STATE

667661|591402 | IDLE_STATE

667674|591404 | SLEEP_STATE

669701|593707 | IDLE_STATE

669710|593709 | SLEEP_STATE

670732|594101 | RX_STATE

670741|594106 | IDLE_STATE

670755|594207 | TX_STATE

670769|594227 | IDLE_STATE

670784|594229 | IDLE_STATE
594230 |
670801| IDLE_STATE
594232 | IDLE_ST
670816|ATE
594233 | IDLE_STATE
5942
670831|35 | IDLE_STATE
594236 | IDL
670852|E_STATE
594238 | IDLE_STATE

670870|594239 | IDLE_STATE
594240 |
670889| IDLE_STATE
594242 | IDLE_ST
671075|ATE
594243 | IDLE_STATE
5942
671084|45 | IDLE_STATE
594246 | I
673122|596012 | IDLE_STATE

673130|596014 | SLEEP_STATE

675152|598316 | IDLE_STATE

675164|598318 | SLEEP_STATE

677202|600621 | IDLE_STATE

677218|600623 | SLEEP_STATE

680262|602926 | IDLE_STATE

680281|602928 | SLEEP_STATE

682312|605230 | IDLE_STATE

682320|605232 | SLEEP_STATE

685353|607535 | IDLE_STATE

685364|607537 | SLEEP_STATE

687393|609839 | IDLE_STATE

687402|609841 | SLEEP_STATE

690443|612144 | IDLE_STATE

690459|612146 | SLEEP_STATE

692493|614449 | IDLE_STATE

692508|614451 | SLEEP_STATE

695543|616753 | IDLE_STATE

695553|616755 | SLEEP_STATE

697584|619058 | IDLE_STATE

697597|619060 | SLEEP_STATE

700634|621363 | IDLE_STATE

700641|621365 | SLEEP_STATE

702664|623667 | IDLE_STATE

702672|623669 | SLEEP_STATE

704694|625972 | IDLE_STATE

704706|625974 | SLEEP_STATE

707744|628277 | IDLE_STATE

707758|628279 | SLEEP_STATE

709785|630581 | IDLE_STATE

709792|630583 | SLEEP_STATE

712825|632886 | IDLE_STATE

712832|632888 | SLEEP_STATE

714855|635191 | IDLE_STATE

714865|635192 | SLEEP_STATE

717905|637495 | IDLE_STATE

717915|637497 | SLEEP_STATE

719945|639800 | IDLE_STATE

719956|639802 | SLEEP_STATE

722996|642104 | IDLE_STATE

723005|642106 | SLEEP_STATE

725036|644409 | IDLE_STATE

725045|644411 | SLEEP_STATE

728076|646714 | IDLE_STATE

728087|646716 | SLEEP_STATE

729097|648119 | RX_STATE

729118|648124 | IDLE_STATE

729139|648222 | TX_STATE

729157|648242 | IDLE_STATE

729175|648243 | IDLE_STATE
648245 |
729195| IDLE_STATE
648246 | IDLE_ST
729237|ATE
648248 | IDLE_STATE
6482
729257|49 | IDLE_STATE
648250 | IDL
729278|E_STATE
648252 | IDLE_STATE

729292|648253 | IDLE_STATE
648255 |
729311| IDLE_STATE
648256 | IDLE_ST
729329|ATE
648258 | IDLE_STATE
6482
729346|59 | IDLE_STATE
648260 | I
730366|649018 | IDLE_STATE

730382|649020 | SLEEP_STATE

732417|651323 | IDLE_STATE

732429|651325 | SLEEP_STATE

735467|653628 | IDLE_STATE

735479|653630 | SLEEP_STATE

737507|655932 | IDLE_STATE

737517|655934 | SLEEP_STATE

740557|658237 | IDLE_STATE

740567|658239 | SLEEP_STATE

742587|660542 | IDLE_STATE

742595|660544 | SLEEP_STATE

745627|662846 | IDLE_STATE

745638|662848 | SLEEP_STATE

747668|665151 | IDLE_STATE

747680|665153 | SLEEP_STATE

749708|667455 | IDLE_STATE

749725|667457 | SLEEP_STATE

752768|669760 | IDLE_STATE

752778|669762 | SLEEP_STATE

754808|672065 | IDLE_STATE

754815|672067 | SLEEP_STATE

757848|674369 | IDLE_STATE

757857|674371 | SLEEP_STATE

759879|676674 | IDLE_STATE

759886|676676 | SLEEP_STATE

762919|678979 | IDLE_STATE

762929|678981 | SLEEP_STATE

764949|681283 | IDLE_STATE

764969|681285 | SLEEP_STATE

768009|683588 | IDLE_STATE

768015|683590 | SLEEP_STATE

770040|685893 | IDLE_STATE

770047|685895 | SLEEP_STATE

773080|688197 | IDLE_STATE

773088|688199 | SLEEP_STATE

775110|690502 | IDLE_STATE

775120|690504 | SLEEP_STATE

778160|692806 | IDLE_STATE

778175|692808 | SLEEP_STATE

780210|695111 | IDLE_STATE

780222|695113 | SLEEP_STATE

782251|697416 | IDLE_STATE

782260|697418 | SLEEP_STATE

785301|699720 | IDLE_STATE

785312|699722 | SLEEP_STATE

787331|702025 | IDLE_STATE

787339|702027 | SLEEP_STATE

787347|702126 | RX_STATE

787357|702130 | IDLE_STATE

788371|702233 | TX_STATE

788385|702253 | IDLE_STATE

788400|702255 | IDLE_STATE
702256 |
788420| IDLE_STATE
702258 | IDLE_ST
788439|ATE
702259 | IDLE_STATE
7022
788458|61 | IDLE_STATE
702262 | IDL
788477|E_STATE
702264 | IDLE_STATE

788497|702265 | IDLE_STATE
702266 |
788516| IDLE_STATE
702268 | IDLE_ST
788538|ATE
702269 | IDLE_STATE
7022
788554|71 | IDLE_STATE
702272 | I
790591|704330 | IDLE_STATE

790603|704332 | SLEEP_STATE

792631|706634 | IDLE_STATE

792643|706636 | SLEEP_STATE

795672|708939 | IDLE_STATE

795682|708941 | SLEEP_STATE

797712|711244 | IDLE_STATE

797734|711246 | SLEEP_STATE

799772|713548 | IDLE_STATE

799782|713550 | SLEEP_STATE

802822|715853 | IDLE_STATE

802830|715855 | SLEEP_STATE

804852|718157 | IDLE_STATE

804858|718159 | SLEEP_STATE

807892|720462 | IDLE_STATE

807902|720464 | SLEEP_STATE

809923|722767 | IDLE_STATE

809933|722769 | SLEEP_STATE

812973|725071 | IDLE_STATE

812987|725073 | SLEEP_STATE

815013|727376 | IDLE_STATE

815020|727378 | SLEEP_STATE

818053|729681 | IDLE_STATE

818062|729683 | SLEEP_STATE

820083|731985 | IDLE_STATE

820181|731987 | SLEEP_STATE

822204|734290 | IDLE_STATE

822220|734292 | SLEEP_STATE

825264|736595 | IDLE_STATE

825274|736597 | SLEEP_STATE

827304|738899 | IDLE_STATE

827316|738901 | SLEEP_STATE

830354|741204 | IDLE_STATE

830371|741206 | SLEEP_STATE

832404|743509 | IDLE_STATE

832419|743511 | SLEEP_STATE

835455|745813 | IDLE_STATE

835465|745815 | SLEEP_STATE

837495|748118 | IDLE_STATE

837506|748120 | SLEEP_STATE

840545|750422 | IDLE_STATE

840556|750424 | SLEEP_STATE

842585|752727 | IDLE_STATE

842598|752729 | SLEEP_STATE

845636|755032 | IDLE_STATE

845645|755034 | SLEEP_STATE

846656|756139 | RX_STATE

846677|756143 | IDLE_STATE

846702|756243 | TX_STATE

846718|756263 | IDLE_STATE

846744|756265 | IDLE_STATE
756266 |
846776| IDLE_STATE
756268 | IDLE_ST
846809|ATE
756269 | IDLE_STATE
7562
846837|70 | IDLE_STATE
756272 | IDL
846865|E_STATE
756273 | IDLE_STATE

846892|756275 | IDLE_STATE
756276 |
846905| IDLE_STATE
756278 | IDLE_ST
846934|ATE
756279 | IDLE_STATE
7562
846965|80 | IDLE_STATE
756282 | I
848006|757336 | IDLE_STATE

848030|757338 | SLEEP_STATE

850076|759641 | IDLE_STATE

850089|759643 | SLEEP_STATE

853126|761946 | IDLE_STATE

853142|761948 | SLEEP_STATE

855176|764250 | IDLE_STATE

855190|764252 | SLEEP_STATE

857216|766555 | IDLE_STATE

857225|766557 | SLEEP_STATE

860268|768860 | IDLE_STATE

860287|768862 | SLEEP_STATE

862307|771164 | IDLE_STATE

862318|771166 | SLEEP_STATE

865357|773469 | IDLE_STATE

865367|773471 | SLEEP_STATE

867397|775773 | IDLE_STATE

867408|775775 | SLEEP_STATE

870447|778078 | IDLE_STATE

870460|778080 | SLEEP_STATE

872488|780383 | IDLE_STATE

872499|780385 | SLEEP_STATE

875538|782687 | IDLE_STATE

875546|782689 | SLEEP_STATE

877568|784992 | IDLE_STATE

877579|784994 | SLEEP_STATE

880618|787297 | IDLE_STATE

880630|787299 | SLEEP_STATE

882658|789601 | IDLE_STATE

882667|789603 | SLEEP_STATE

884689|791906 | IDLE_STATE

884702|791908 | SLEEP_STATE

887739|794211 | IDLE_STATE

887746|794213 | SLEEP_STATE

889769|796515 | IDLE_STATE

889784|796517 | SLEEP_STATE

892820|798820 | IDLE_STATE

892836|798822 | SLEEP_STATE

894869|801125 | IDLE_STATE

894885|801126 | SLEEP_STATE

897930|803429 | IDLE_STATE

897948|803431 | SLEEP_STATE

899980|805734 | IDLE_STATE

899988|805736 | SLEEP_STATE

903020|808038 | IDLE_STATE

903032|808040 | SLEEP_STATE

905060|810152 | RX_STATE

905073|810157 | IDLE_STATE

905093|810266 | TX_STATE

905108|810286 | IDLE_STATE

905127|810288 | IDLE_STATE
810289 |
905145| IDLE_STATE
810291 | IDLE_ST
905162|ATE
810292 | IDLE_STATE
8102
905183|94 | IDLE_STATE
810295 | IDL
905206|E_STATE
810296 | IDLE_STATE

905229|810298 | IDLE_STATE
810299 |
905247| IDLE_STATE
810301 | IDLE_ST
905270|ATE
810302 | IDLE_STATE
8103
905293|04 | IDLE_STATE
810305 | I81
905315|0343 | IDLE_STATE
810346 |
907350|812648 | IDLE_STATE

907361|812650 | SLEEP_STATE

910401|814952 | IDLE_STATE

910412|814954 | SLEEP_STATE

912441|817257 | IDLE_STATE

912451|817259 | SLEEP_STATE

915491|819562 | IDLE_STATE

915504|819564 | SLEEP_STATE

917531|821866 | IDLE_STATE

917540|821868 | SLEEP_STATE

920582|824171 | IDLE_STATE

920602|824173 | SLEEP_STATE

922642|826476 | IDLE_STATE

922653|826477 | SLEEP_STATE

925692|828780 | IDLE_STATE

925703|828782 | SLEEP_STATE

927732|831085 | IDLE_STATE

927746|831087 | SLEEP_STATE

929772|833389 | IDLE_STATE

929788|833391 | SLEEP_STATE

932833|835694 | IDLE_STATE

932840|835696 | SLEEP_STATE

934863|837999 | IDLE_STATE

934870|838001 | SLEEP_STATE

937903|840303 | IDLE_STATE

937914|840305 | SLEEP_STATE

939943|842608 | IDLE_STATE

939954|842610 | SLEEP_STATE

942993|844913 | IDLE_STATE

943002|844915 | SLEEP_STATE

945023|847217 | IDLE_STATE

945030|847219 | SLEEP_STATE

948064|849522 | IDLE_STATE

948075|849524 | SLEEP_STATE

950094|851827 | IDLE_STATE

950102|851829 | SLEEP_STATE

953134|854131 | IDLE_STATE

953141|854133 | SLEEP_STATE

955164|856436 | IDLE_STATE

955171|856438 | SLEEP_STATE

957195|858740 | IDLE_STATE

957209|858742 | SLEEP_STATE

960255|861045 | IDLE_STATE

960271|861047 | SLEEP_STATE

962295|863350 | IDLE_STATE

962302|863352 | SLEEP_STATE

963325|864177 | RX_STATE

963337|864182 | IDLE_STATE

963348|864284 | TX_STATE

963358|864304 | IDLE_STATE

963371|864306 | IDLE_STATE
864307 |
963390| IDLE_STATE
864308 | IDLE_ST
963402|ATE
864310 | IDLE_STATE
8643
963416|11 | IDLE_STATE
864313 | IDL
963427|E_STATE
864314 | IDLE_STATE

963443|864316 | IDLE_STATE
864317 |
963454| IDLE_STATE
864318 | IDLE_ST
963468|ATE
864320 | IDLE_STATE
8643
963485|21 | IDLE_STATE
864323 | I
965515|865654 | IDLE_STATE

965544|865656 | SLEEP_STATE

967595|867959 | IDLE_STATE

967609|867961 | SLEEP_STATE

970646|870264 | IDLE_STATE

970659|870266 | SLEEP_STATE

972686|872568 | IDLE_STATE

972694|872570 | SLEEP_STATE

974716|874873 | IDLE_STATE

974733|874875 | SLEEP_STATE

977776|877178 | IDLE_STATE

977787|877180 | SLEEP_STATE

979816|879482 | IDLE_STATE

979823|879484 | SLEEP_STATE

982857|881787 | IDLE_STATE

982867|881789 | SLEEP_STATE

984887|884091 | IDLE_STATE

984896|884093 | SLEEP_STATE

987937|886396 | IDLE_STATE

987955|886398 | SLEEP_STATE

989987|888701 | IDLE_STATE

989997|888703 | SLEEP_STATE

993027|891005 | IDLE_STATE

993038|891007 | SLEEP_STATE

995058|893310 | IDLE_STATE

995073|893312 | SLEEP_STATE

998108|895615 | IDLE_STATE

998117|895617 | SLEEP_STATE

1000158|897919 | IDLE_STATE

1000175|897921 | SLEEP_STATE

1002208|900224 | IDLE_STATE

1002216|900226 | SLEEP_STATE

1005248|902529 | IDLE_STATE

1005256|902531 | SLEEP_STATE

1007279|904833 | IDLE_STATE

1007290|904835 | SLEEP_STATE

1010319|907138 | IDLE_STATE

1010326|907140 | SLEEP_STATE

1012359|909443 | IDLE_STATE

1012369|909444 | SLEEP_STATE

1015409|911747 | IDLE_STATE

1015415|911749 | SLEEP_STATE

1017439|914052 | IDLE_STATE

1017447|914054 | SLEEP_STATE

1020480|916356 | IDLE_STATE

1020489|916358 | SLEEP_STATE

1022520|918187 | RX_STATE

1022527|918192 | IDLE_STATE

1022532|918289 | TX_STATE

1022543|918309 | IDLE_STATE

1022549|918311 | IDLE_STATE
918312 |
1022561| IDLE_STATE
918314 | IDLE_ST
1022573|ATE
918315 | IDLE_STATE
9183
1022584|17 | IDLE_STATE
918318 | IDL
1022595|E_STATE
918320 | IDLE_STATE

1022607|918321 | IDLE_STATE
918322 |
1022617| IDLE_STATE
918324 | IDLE_ST
1022628|ATE
918325 | IDLE_STATE
9183
1022644|27 | IDLE_STATE
918328 | I
1022656|918661 | IDLE_STATE

1022667|918663 | SLEEP_STATE

1024700|920966 | IDLE_STATE

1024708|920968 | SLEEP_STATE

1027740|923270 | IDLE_STATE

1027750|923272 | SLEEP_STATE

1029791|925575 | IDLE_STATE

1029798|925577 | SLEEP_STATE

1032841|927880 | IDLE_STATE

1032860|927882 | SLEEP_STATE

1034891|930184 | IDLE_STATE

1034903|930186 | SLEEP_STATE

1037941|932489 | IDLE_STATE

1037948|932491 | SLEEP_STATE

1039971|934794 | IDLE_STATE

1039982|934796 | SLEEP_STATE

1043021|937098 | IDLE_STATE

1043031|937100 | SLEEP_STATE

1045062|939403 | IDLE_STATE

1045070|939405 | SLEEP_STATE

1048102|941707 | IDLE_STATE

1048113|941709 | SLEEP_STATE

1050142|944012 | IDLE_STATE

1050153|944014 | SLEEP_STATE

1053192|946317 | IDLE_STATE

1053202|946319 | SLEEP_STATE

1055232|948621 | IDLE_STATE

1055242|948623 | SLEEP_STATE

1057273|950926 | IDLE_STATE

1057282|950928 | SLEEP_STATE

1060323|953231 | IDLE_STATE

1060339|953233 | SLEEP_STATE

1062363|955535 | IDLE_STATE

1062378|955537 | SLEEP_STATE

1065423|957840 | IDLE_STATE

1065443|957842 | SLEEP_STATE

1067463|960145 | IDLE_STATE

1067475|960147 | SLEEP_STATE

1070514|962449 | IDLE_STATE

1070529|962451 | SLEEP_STATE

1072554|964754 | IDLE_STATE

1072560|964756 | SLEEP_STATE

1075594|967058 | IDLE_STATE

1075602|967060 | SLEEP_STATE

1077624|969363 | IDLE_STATE

1077644|969365 | SLEEP_STATE

1080694|971668 | IDLE_STATE

1080706|971670 | SLEEP_STATE

1080722|972202 | RX_STATE

1080736|972207 | IDLE_STATE

1080754|972305 | TX_STATE

1080765|972325 | IDLE_STATE

1080780|972327 | IDLE_STATE
972328 |
1080792| IDLE_STATE
972330 | IDLE_ST
1080810|ATE
972331 | IDLE_STATE
9723
1080825|33 | IDLE_STATE
972334 | IDL
1080844|E_STATE
972335 | IDLE_STATE

1080860|972337 | IDLE_STATE
972338 |
1080877| IDLE_STATE
972340 | IDLE_ST
1080890|ATE
972341 | IDLE_STATE
9723
1080904|43 | IDLE_STATE
972344 | I
1082935|973972 | IDLE_STATE

1082943|973974 | SLEEP_STATE

1084965|976277 | IDLE_STATE

1084980|976279 | SLEEP_STATE

1088025|978582 | IDLE_STATE

1088037|978584 | SLEEP_STATE

1090065|980886 | IDLE_STATE

1090073|980888 | SLEEP_STATE

1093105|983191 | IDLE_STATE

1093114|983193 | SLEEP_STATE

1095136|985496 | IDLE_STATE

1095154|985498 | SLEEP_STATE

1097196|987800 | IDLE_STATE

1097211|987802 | SLEEP_STATE

1100246|990105 | IDLE_STATE

1100257|990107 | SLEEP_STATE

1102286|992410 | IDLE_STATE

1102294|992411 | SLEEP_STATE

1105326|994714 | IDLE_STATE

1105346|994716 | SLEEP_STATE

1107377|997019 | IDLE_STATE

1107387|997021 | SLEEP_STATE

1110417|999323 | IDLE_STATE

1110425|999325 | SLEEP_STATE

1112448|1001628 | IDLE_STATE

1112456|1001630 | SLEEP_STATE

1115487|1003933 | IDLE_STATE

1115498|1003935 | SLEEP_STATE

1117524|1006237 | IDLE_STATE

1117545|1006240 | SLEEP_STATE

1120578|1008542 | IDLE_STATE

1120587|1008544 | SLEEP_STATE

1122618|1010847 | IDLE_STATE

1122625|1010849 | SLEEP_STATE

1125658|1013151 | IDLE_STATE

1125665|1013153 | SLEEP_STATE

1127688|1015456 | IDLE_STATE

1127697|1015458 | SLEEP_STATE

1129729|1017761 | IDLE_STATE

1129741|1017763 | SLEEP_STATE

1132779|1020065 | IDLE_STATE

1132795|1020067 | SLEEP_STATE

1134829|1022370 | IDLE_STATE

1134836|1022372 | SLEEP_STATE

1137869|1024674 | IDLE_STATE

1137882|1024677 | SLEEP_STATE

1138899|1026217 | RX_STATE

1138911|1026222 | IDLE_STATE

1139929|1026322 | TX_STATE

1139941|1026343 | IDLE_STATE

1139958|1026344 | IDLE_STATE
1026346
1139975| | IDLE_STATE
1026347 | IDLE
1139996|_STATE
1026349 | IDLE_STATE

1140017|1026351 | IDLE_STATE
1026352
1140033| | IDLE_STATE
1026354 | IDLE
1140057|_STATE
1026355 | IDLE_STATE

1140075|1026357 | IDLE_STATE
1026359
1140093| | IDLE_STATE
1026360 | IDLE
1140113|_STATE
1026362 | IDLE_STAT
1140136|1026979 | IDLE_STATE

1140152|1026981 | SLEEP_STATE

1143199|1029284 | IDLE_STATE

1143214|1029286 | SLEEP_STATE

1145240|1031588 | IDLE_STATE

1145248|1031590 | SLEEP_STATE

1147280|1033893 | IDLE_STATE

1147288|1033895 | SLEEP_STATE

1150320|1036198 | IDLE_STATE

1150331|1036200 | SLEEP_STATE

1152360|1038502 | IDLE_STATE

1152369|1038504 | SLEEP_STATE

1155400|1040807 | IDLE_STATE

1155412|1040809 | SLEEP_STATE

1157431|1043112 | IDLE_STATE

1157440|1043114 | SLEEP_STATE

1160481|1045416 | IDLE_STATE

1160491|1045418 | SLEEP_STATE

1162512|1047721 | IDLE_STATE

1162544|1047723 | SLEEP_STATE

1165601|1050025 | IDLE_STATE

1165619|1050028 | SLEEP_STATE

1167651|1052330 | IDLE_STATE

1167663|1052332 | SLEEP_STATE

1170702|1054635 | IDLE_STATE

1170708|1054637 | SLEEP_STATE

1172732|1056939 | IDLE_STATE

1172744|1056942 | SLEEP_STATE

1174772|1059244 | IDLE_STATE

1174779|1059246 | SLEEP_STATE

1177812|1061549 | IDLE_STATE

1177820|1061551 | SLEEP_STATE

