33805|29 | IDLE_STATE

33821|147 | IDLE_STATE

33868|149 | SLEEP_STATE

33971|262 | IDLE_STATE

34012|264 | SLEEP_STATE

34057|378 | IDLE_STATE

34105|379 | SLEEP_STATE

34136|493 | IDLE_STATE

34173|494 | SLEEP_STATE

34209|608 | IDLE_STATE

34253|610 | SLEEP_STATE

34313|723 | IDLE_STATE

34344|725 | SLEEP_STATE

34377|839 | IDLE_STATE

34430|840 | SLEEP_STATE

34473|954 | IDLE_STATE

34513|955 | SLEEP_STATE

34556|1069 | IDLE_STATE

34601|1071 | SLEEP_STATE

34643|1184 | IDLE_STATE

34684|1186 | SLEEP_STATE

34728|1300 | IDLE_STATE

34767|1301 | SLEEP_STATE

34822|1415 | IDLE_STATE

34883|1416 | SLEEP_STATE

34908|1530 | IDLE_STATE

34952|1532 | SLEEP_STATE

35008|1645 | IDLE_STATE

35050|1647 | SLEEP_STATE

35130|1761 | IDLE_STATE

35199|1762 | SLEEP_STATE

35268|1876 | IDLE_STATE

35329|1877 | SLEEP_STATE

35402|1991 | IDLE_STATE

35452|1993 | SLEEP_STATE

35519|2106 | IDLE_STATE

35565|2108 | SLEEP_STATE

35625|2221 | IDLE_STATE

35675|2223 | SLEEP_STATE

35766|2337 | IDLE_STATE

35831|2338 | SLEEP_STATE

35888|2452 | IDLE_STATE

35916|2454 | SLEEP_STATE

35973|2567 | IDLE_STATE

36032|2569 | SLEEP_STATE

36095|2682 | IDLE_STATE

36167|2684 | SLEEP_STATE

36225|2798 | IDLE_STATE

36297|2799 | SLEEP_STATE

36352|2913 | IDLE_STATE

36423|2914 | SLEEP_STATE

36491|3028 | IDLE_STATE

36543|3030 | SLEEP_STATE

36610|3143 | IDLE_STATE

36666|3145 | SLEEP_STATE

36726|3259 | IDLE_STATE

36781|3260 | SLEEP_STATE

36856|3374 | IDLE_STATE

36904|3375 | SLEEP_STATE

36962|3489 | IDLE_STATE

37025|3491 | SLEEP_STATE

37069|3604 | IDLE_STATE

37121|3606 | SLEEP_STATE

37169|3719 | IDLE_STATE

37211|3721 | SLEEP_STATE

40295|6024 | IDLE_STATE

40302|6026 | SLEEP_STATE

42325|8329 | IDLE_STATE

42335|8330 | SLEEP_STATE

44356|10633 | IDLE_STATE

44366|10635 | SLEEP_STATE

47405|12938 | IDLE_STATE

47419|12940 | SLEEP_STATE

49446|15243 | IDLE_STATE

49453|15244 | SLEEP_STATE

52486|17547 | IDLE_STATE

52494|17549 | SLEEP_STATE

54516|19852 | IDLE_STATE

54524|19854 | SLEEP_STATE

57556|22157 | IDLE_STATE

57567|22158 | SLEEP_STATE

59597|24461 | IDLE_STATE

59609|24463 | SLEEP_STATE

62647|26766 | IDLE_STATE

62660|26768 | SLEEP_STATE

64687|29071 | IDLE_STATE

64701|29072 | SLEEP_STATE

67737|31375 | IDLE_STATE

67748|31377 | SLEEP_STATE

69777|33680 | IDLE_STATE

69784|33682 | SLEEP_STATE

72818|35984 | IDLE_STATE

72823|35986 | SLEEP_STATE

74848|38289 | IDLE_STATE

74865|38291 | SLEEP_STATE

76888|40594 | IDLE_STATE

76896|40595 | SLEEP_STATE

79938|42898 | IDLE_STATE

79947|42900 | SLEEP_STATE

81978|45203 | IDLE_STATE

81986|45205 | SLEEP_STATE

85019|47508 | IDLE_STATE

85032|47509 | SLEEP_STATE

87059|49812 | IDLE_STATE

87065|49814 | SLEEP_STATE

90099|52117 | IDLE_STATE

90106|52119 | SLEEP_STATE

92129|53900 | RX_STATE

92137|53907 | IDLE_STATE

92145|54050 | TX_STATE

92152|54070 | IDLE_STATE

92158|54072 | IDLE_STATE
54073 | I
92165|DLE_STATE
54074 | IDLE_STATE
92171|
54075 | IDLE_STATE
54077 | 
92179|IDLE_STATE
54078 | IDLE_STAT
92190|E
54079 | IDLE_STATE
54080 |
92200| IDLE_STATE
54082 | IDLE_STA
92209|TE
54083 | IDLE_STATE
54084 
92217|| IDLE_STATE
54086 | IDLE_ST
92225|ATE
54087 | IDLE_STATE
540
92232|54422 | IDLE_STATE

92239|54423 | SLEEP_STATE

95269|56726 | IDLE_STATE

95276|56728 | SLEEP_STATE

97300|59031 | IDLE_STATE

97310|59033 | SLEEP_STATE

100350|61335 | IDLE_STATE

100367|61337 | SLEEP_STATE

102390|63640 | IDLE_STATE

102487|63642 | SLEEP_STATE

104510|65945 | IDLE_STATE

104522|65947 | SLEEP_STATE

107561|68249 | IDLE_STATE

107572|68251 | SLEEP_STATE

109601|70554 | IDLE_STATE

109610|70556 | SLEEP_STATE

112641|72859 | IDLE_STATE

112648|72860 | SLEEP_STATE

114672|75163 | IDLE_STATE

114681|75165 | SLEEP_STATE

117711|77468 | IDLE_STATE

117721|77470 | SLEEP_STATE

119752|79773 | IDLE_STATE

119768|79774 | SLEEP_STATE

122802|82077 | IDLE_STATE

122809|82079 | SLEEP_STATE

124832|84382 | IDLE_STATE

124838|84384 | SLEEP_STATE

126862|86686 | IDLE_STATE

127873|86688 | SLEEP_STATE

129892|88991 | IDLE_STATE

129903|88993 | SLEEP_STATE

131922|91296 | IDLE_STATE

131930|91298 | SLEEP_STATE

134963|93600 | IDLE_STATE

135013|93602 | SLEEP_STATE

137073|95905 | IDLE_STATE

137083|95907 | SLEEP_STATE

140113|98210 | IDLE_STATE

140123|98211 | SLEEP_STATE

142143|100514 | IDLE_STATE

142153|100516 | SLEEP_STATE

145184|102819 | IDLE_STATE

145190|102821 | SLEEP_STATE

147214|105124 | IDLE_STATE

147220|105126 | SLEEP_STATE

150254|107428 | IDLE_STATE

150261|107430 | SLEEP_STATE

150268|107909 | RX_STATE

150276|107914 | IDLE_STATE

150284|108076 | TX_STATE

150294|108096 | IDLE_STATE

150305|108098 | IDLE_STATE
108099 |
150314| IDLE_STATE
108100 | IDLE_ST
150325|ATE
108102 | IDLE_STATE
1081
150336|03 | IDLE_STATE
108105 | IDL
150348|E_STATE
108106 | IDLE_STATE

150357|108108 | IDLE_STATE
108109 |
150369| IDLE_STATE
108110 | IDLE_ST
150376|ATE
108112 | IDLE_STATE
1081
150385|13 | IDLE_STATE
108115 | I
152414|109733 | IDLE_STATE

154444|112038 | IDLE_STATE

154457|112039 | SLEEP_STATE

157494|114342 | IDLE_STATE

157506|114344 | SLEEP_STATE

159535|116647 | IDLE_STATE

159550|116649 | SLEEP_STATE

162585|118951 | IDLE_STATE

162594|118953 | SLEEP_STATE

164615|121256 | IDLE_STATE

164621|121258 | SLEEP_STATE

167655|123561 | IDLE_STATE

167664|123563 | SLEEP_STATE

169685|125865 | IDLE_STATE

169706|125867 | SLEEP_STATE

172776|128170 | IDLE_STATE

172792|128172 | SLEEP_STATE

174816|130475 | IDLE_STATE

174827|130477 | SLEEP_STATE

177856|132779 | IDLE_STATE

177866|132781 | SLEEP_STATE

179896|135084 | IDLE_STATE

179906|135086 | SLEEP_STATE

181937|137389 | IDLE_STATE

181954|137391 | SLEEP_STATE

184987|139693 | IDLE_STATE

184995|139695 | SLEEP_STATE

187017|141998 | IDLE_STATE

187028|142000 | SLEEP_STATE

190067|144302 | IDLE_STATE

190079|144304 | SLEEP_STATE

192107|146607 | IDLE_STATE

192129|146609 | SLEEP_STATE

195167|148912 | IDLE_STATE

195181|148914 | SLEEP_STATE

197208|151216 | IDLE_STATE

197214|151218 | SLEEP_STATE

200248|153521 | IDLE_STATE

200259|153523 | SLEEP_STATE

202288|155826 | IDLE_STATE

202312|155828 | SLEEP_STATE

205368|158130 | IDLE_STATE

205384|158132 | SLEEP_STATE

207408|160435 | IDLE_STATE

207421|160437 | SLEEP_STATE

209449|161926 | RX_STATE

209462|161931 | IDLE_STATE

209472|162079 | RX_STATE

209482|162084 | IDLE_STATE

209495|162091 | TX_STATE

209505|162111 | IDLE_STATE

209519|162112 | IDLE_STATE
162114 |
209531| IDLE_STATE
162115 | IDLE_ST
209550|ATE
162117 | IDLE_STATE
1621
209567|18 | IDLE_STATE
162119 | IDL
209583|E_STATE
162121 | IDLE_STATE

209597|162122 | IDLE_STATE
162124 |
209612| IDLE_STATE
162125 | IDLE_ST
209630|ATE
162127 | IDLE_STATE
1621
209649|28 | IDLE_STATE
162129 | I
209666|162740 | IDLE_STATE

209685|162742 | SLEEP_STATE

212729|165044 | IDLE_STATE

212742|165046 | SLEEP_STATE

214769|167349 | IDLE_STATE

214781|167351 | SLEEP_STATE

217820|169653 | IDLE_STATE

217826|169655 | SLEEP_STATE

219849|171958 | IDLE_STATE

219856|171960 | SLEEP_STATE

221880|174263 | IDLE_STATE

221887|174265 | SLEEP_STATE

224920|176567 | IDLE_STATE

224927|176569 | SLEEP_STATE

226950|178872 | IDLE_STATE

226963|178874 | SLEEP_STATE

230000|181177 | IDLE_STATE

230012|181179 | SLEEP_STATE

232040|183481 | IDLE_STATE

232050|183483 | SLEEP_STATE

235091|185786 | IDLE_STATE

235102|185788 | SLEEP_STATE

237131|188091 | IDLE_STATE

237143|188093 | SLEEP_STATE

240181|190395 | IDLE_STATE

240190|190397 | SLEEP_STATE

242211|192700 | IDLE_STATE

242218|192702 | SLEEP_STATE

245251|195004 | IDLE_STATE

245259|195006 | SLEEP_STATE

247282|197309 | IDLE_STATE

247291|197311 | SLEEP_STATE

250322|199614 | IDLE_STATE

250332|199616 | SLEEP_STATE

252352|201918 | IDLE_STATE

252362|201920 | SLEEP_STATE

254382|204223 | IDLE_STATE

254396|204225 | SLEEP_STATE

257432|206528 | IDLE_STATE

257440|206530 | SLEEP_STATE

259463|208832 | IDLE_STATE

259469|208834 | SLEEP_STATE

262503|211137 | IDLE_STATE

262513|211139 | SLEEP_STATE

264543|213442 | IDLE_STATE

264550|213444 | SLEEP_STATE

267583|215746 | IDLE_STATE

267615|215748 | SLEEP_STATE

267630|215947 | RX_STATE

267642|215951 | IDLE_STATE

267654|216095 | RX_STATE

267664|216099 | IDLE_STATE
216102 |
267674| TX_STATE

267689|216122 | IDLE_STATE
216124 |
267701| IDLE_STATE
216125 | IDLE_ST
267710|ATE
216126 | IDLE_STATE
2161
267722|28 | IDLE_STATE
216129 | IDL
267729|E_STATE
216131 | IDLE_STATE

267737|216132 | IDLE_STATE
216133 |
267746| IDLE_STATE
216135 | IDLE_ST
267754|ATE
216136 | IDLE_STATE
2161
267765|38 | IDLE_STATE
216139 | I
269793|218051 | IDLE_STATE

269806|218053 | SLEEP_STATE

272844|220356 | IDLE_STATE

272852|220358 | SLEEP_STATE

274874|222660 | IDLE_STATE

274882|222662 | SLEEP_STATE

276914|224965 | IDLE_STATE

276923|224967 | SLEEP_STATE

279954|227269 | IDLE_STATE

279962|227271 | SLEEP_STATE

281984|229574 | IDLE_STATE

281990|229576 | SLEEP_STATE

285025|231879 | IDLE_STATE

285032|231881 | SLEEP_STATE

287055|234183 | IDLE_STATE

287073|234185 | SLEEP_STATE

290105|236488 | IDLE_STATE

290115|236490 | SLEEP_STATE

292145|238793 | IDLE_STATE

292151|238795 | SLEEP_STATE

295185|241097 | IDLE_STATE

295194|241099 | SLEEP_STATE

297216|243402 | IDLE_STATE

297224|243404 | SLEEP_STATE

300256|245707 | IDLE_STATE

300267|245709 | SLEEP_STATE

302296|248011 | IDLE_STATE

302305|248013 | SLEEP_STATE

305346|250316 | IDLE_STATE

305353|250318 | SLEEP_STATE

307377|252620 | IDLE_STATE

307385|252622 | SLEEP_STATE

309407|254925 | IDLE_STATE

309420|254927 | SLEEP_STATE

312457|257230 | IDLE_STATE

312471|257232 | SLEEP_STATE

314497|259534 | IDLE_STATE

314515|259536 | SLEEP_STATE

317547|261839 | IDLE_STATE

317555|261841 | SLEEP_STATE

319577|264144 | IDLE_STATE

319589|264146 | SLEEP_STATE

322628|266448 | IDLE_STATE

322637|266450 | SLEEP_STATE

324658|268753 | IDLE_STATE

324669|268755 | SLEEP_STATE

325678|269950 | RX_STATE

325689|269955 | IDLE_STATE

326699|270104 | RX_STATE

326710|270108 | IDLE_STATE
270110 |
326719| TX_STATE

326730|270131 | IDLE_STATE
270132 |
326737| IDLE_STATE
270133 | IDLE_ST
326745|ATE
270135 | IDLE_STATE
2701
326753|36 | IDLE_STATE
270138 | IDL
326763|E_STATE
270139 | IDLE_STATE

326773|270141 | IDLE_STATE
270142 |
326782| IDLE_STATE
270143 | IDLE_ST
326789|ATE
270145 | IDLE_STATE
2701
326798|46 | IDLE_STATE
270148 | I
327818|271058 | IDLE_STATE

327831|271060 | SLEEP_STATE

329858|273362 | IDLE_STATE

329868|273364 | SLEEP_STATE

331889|275667 | IDLE_STATE

331899|275669 | SLEEP_STATE

334939|277972 | IDLE_STATE

334947|277973 | SLEEP_STATE

336979|280276 | IDLE_STATE

336992|280278 | SLEEP_STATE

340029|282581 | IDLE_STATE

340050|282583 | SLEEP_STATE

342089|284885 | IDLE_STATE

342098|284887 | SLEEP_STATE

345130|287190 | IDLE_STATE

345137|287192 | SLEEP_STATE

347160|289495 | IDLE_STATE

347169|289497 | SLEEP_STATE

350200|291799 | IDLE_STATE

350209|291801 | SLEEP_STATE

352230|294104 | IDLE_STATE

352238|294106 | SLEEP_STATE

355270|296409 | IDLE_STATE

355276|296411 | SLEEP_STATE

357301|298713 | IDLE_STATE

357314|298715 | SLEEP_STATE

360351|301018 | IDLE_STATE

360359|301020 | SLEEP_STATE

362381|303323 | IDLE_STATE

362389|303324 | SLEEP_STATE

364411|305627 | IDLE_STATE

364421|305629 | SLEEP_STATE

367451|307932 | IDLE_STATE

367464|307934 | SLEEP_STATE

369491|310236 | IDLE_STATE

369501|310238 | SLEEP_STATE

372532|312541 | IDLE_STATE

372539|312543 | SLEEP_STATE

374562|314846 | IDLE_STATE

374571|314848 | SLEEP_STATE

377612|317150 | IDLE_STATE

377619|317152 | SLEEP_STATE

379642|319455 | IDLE_STATE

379655|319457 | SLEEP_STATE

382693|321760 | IDLE_STATE

382706|321762 | SLEEP_STATE

384733|323973 | RX_STATE

384740|323978 | IDLE_STATE

384747|324064 | IDLE_STATE

384754|324066 | SLEEP_STATE

384761|324120 | RX_STATE

384771|324124 | IDLE_STATE

384780|324133 | TX_STATE

384787|324152 | IDLE_STATE

384795|324154 | IDLE_STATE
324155 |
384802| IDLE_STATE
324157 | IDLE_ST
384809|ATE
324158 | IDLE_STATE
3241
384816|60 | IDLE_STATE
324161 | IDL
384823|E_STATE
324163 | IDLE_STATE

384830|324164 | IDLE_STATE
324165 |
384837| IDLE_STATE
324167 | IDLE_ST
384847|ATE
324168 | IDLE_STATE
3241
384855|70 | IDLE_STATE
324171 | I
386873|326369 | IDLE_STATE

387883|326371 | SLEEP_STATE

389903|328674 | IDLE_STATE

389912|328676 | SLEEP_STATE

391933|330978 | IDLE_STATE

391945|330980 | SLEEP_STATE

394984|333283 | IDLE_STATE

394995|333285 | SLEEP_STATE

397024|335587 | IDLE_STATE

397030|335589 | SLEEP_STATE

400064|337892 | IDLE_STATE

400071|337894 | SLEEP_STATE

402094|340197 | IDLE_STATE

402107|340199 | SLEEP_STATE

405153|342501 | IDLE_STATE

405175|342503 | SLEEP_STATE

407215|344806 | IDLE_STATE

407221|344808 | SLEEP_STATE

410255|347111 | IDLE_STATE

410261|347113 | SLEEP_STATE

412285|349415 | IDLE_STATE

412294|349417 | SLEEP_STATE

415335|351720 | IDLE_STATE

415343|351722 | SLEEP_STATE

417365|354025 | IDLE_STATE

417377|354027 | SLEEP_STATE

419395|356329 | IDLE_STATE

419407|356331 | SLEEP_STATE

422436|358634 | IDLE_STATE

422444|358636 | SLEEP_STATE

424466|360938 | IDLE_STATE

424474|360940 | SLEEP_STATE

427506|363243 | IDLE_STATE

427522|363245 | SLEEP_STATE

429546|365548 | IDLE_STATE

429552|365550 | SLEEP_STATE

432587|367852 | IDLE_STATE

432595|367854 | SLEEP_STATE

434617|370157 | IDLE_STATE

434628|370159 | SLEEP_STATE

437657|372462 | IDLE_STATE

437671|372464 | SLEEP_STATE

439697|374766 | IDLE_STATE

439705|374768 | SLEEP_STATE

442737|377071 | IDLE_STATE

442745|377073 | SLEEP_STATE

443758|378137 | RX_STATE

443769|378142 | IDLE_STATE

443779|378150 | TX_STATE

443789|378170 | IDLE_STATE

443799|378171 | IDLE_STATE
378173 |
443808| IDLE_STATE
378174 | IDLE_ST
443820|ATE
378176 | IDLE_STATE
3781
443832|77 | IDLE_STATE
378179 | IDL
443844|E_STATE
378180 | IDLE_STATE

443856|378181 | IDLE_STATE
378183 |
443873| IDLE_STATE
378184 | IDLE_ST
443886|ATE
378186 | IDLE_STATE
3781
443895|87 | IDLE_STATE
378189 | I
444918|379376 | IDLE_STATE

444942|379378 | SLEEP_STATE

446968|381680 | IDLE_STATE

446976|381682 | SLEEP_STATE

450018|383985 | IDLE_STATE

450034|383987 | SLEEP_STATE

452058|386290 | IDLE_STATE

452071|386292 | SLEEP_STATE

455108|388594 | IDLE_STATE

455124|388596 | SLEEP_STATE

457159|390899 | IDLE_STATE

457166|390901 | SLEEP_STATE

460199|393203 | IDLE_STATE

460206|393205 | SLEEP_STATE

462229|395508 | IDLE_STATE

462237|395510 | SLEEP_STATE

465269|397813 | IDLE_STATE

465281|397815 | SLEEP_STATE

467309|400117 | IDLE_STATE

467330|400119 | SLEEP_STATE

470378|402422 | IDLE_STATE

470400|402424 | SLEEP_STATE

472440|404727 | IDLE_STATE

472447|404729 | SLEEP_STATE

474470|407031 | IDLE_STATE

474480|407033 | SLEEP_STATE

477510|409336 | IDLE_STATE

477517|409338 | SLEEP_STATE

479540|411641 | IDLE_STATE

479553|411643 | SLEEP_STATE

482591|413945 | IDLE_STATE

482598|413947 | SLEEP_STATE

484621|416250 | IDLE_STATE

484630|416252 | SLEEP_STATE

487661|418554 | IDLE_STATE

487668|418556 | SLEEP_STATE

489691|420859 | IDLE_STATE

489698|420861 | SLEEP_STATE

492731|423164 | IDLE_STATE

492738|423166 | SLEEP_STATE

494762|425468 | IDLE_STATE

494767|425470 | SLEEP_STATE

497802|427773 | IDLE_STATE

497811|427775 | SLEEP_STATE

499832|430078 | IDLE_STATE

499848|430080 | SLEEP_STATE

501872|432012 | RX_STATE

501886|432016 | IDLE_STATE

501898|432147 | RX_STATE

501905|432151 | IDLE_STATE

501918|432166 | TX_STATE

501931|432186 | IDLE_STATE

501945|432187 | IDLE_STATE
432189 |
501963| IDLE_STATE
432190 | IDLE_ST
501974|ATE
432192 | IDLE_STATE
4321
501988|93 | IDLE_STATE
432194 | IDL
502003|E_STATE
432196 | IDLE_STATE

502015|432197 | IDLE_STATE
432199 |
502027| IDLE_STATE
432200 | IDLE_ST
502042|ATE
432202 | IDLE_STATE
4322
502056|03 | IDLE_STATE
432204 | I
502069|432382 | IDLE_STATE

502092|432384 | SLEEP_STATE

505132|434687 | IDLE_STATE

505143|434689 | SLEEP_STATE

507173|436992 | IDLE_STATE

507200|436994 | SLEEP_STATE

510233|439296 | IDLE_STATE

510240|439298 | SLEEP_STATE

512263|441601 | IDLE_STATE

512274|441603 | SLEEP_STATE

515313|443905 | IDLE_STATE

515322|443907 | SLEEP_STATE

517343|446210 | IDLE_STATE

517351|446212 | SLEEP_STATE

519384|448515 | IDLE_STATE

519400|448517 | SLEEP_STATE

522444|450819 | IDLE_STATE

522456|450821 | SLEEP_STATE

524484|453124 | IDLE_STATE

524492|453126 | SLEEP_STATE

527524|455429 | IDLE_STATE

527535|455431 | SLEEP_STATE

529554|457733 | IDLE_STATE

529573|457735 | SLEEP_STATE

532605|460038 | IDLE_STATE

532612|460040 | SLEEP_STATE

534645|462343 | IDLE_STATE

534659|462345 | SLEEP_STATE

537705|464647 | IDLE_STATE

537711|464649 | SLEEP_STATE

539735|466952 | IDLE_STATE

539744|466954 | SLEEP_STATE

542775|469257 | IDLE_STATE

542785|469258 | SLEEP_STATE

544806|471561 | IDLE_STATE

544813|471563 | SLEEP_STATE

547846|473866 | IDLE_STATE

547854|473868 | SLEEP_STATE

549876|476170 | IDLE_STATE

549883|476172 | SLEEP_STATE

551906|478475 | IDLE_STATE

551914|478477 | SLEEP_STATE

554946|480780 | IDLE_STATE

554954|480782 | SLEEP_STATE

556977|483084 | IDLE_STATE

556985|483086 | SLEEP_STATE

560017|485389 | IDLE_STATE

560025|485391 | SLEEP_STATE

561037|486164 | RX_STATE

561045|486169 | IDLE_STATE
486173 |
561053| TX_STATE

561062|486193 | IDLE_STATE
486194 |
561071| IDLE_STATE
486196 | IDLE_ST
561080|ATE
486197 | IDLE_STATE
4861
561089|99 | IDLE_STATE
486200 | IDL
561100|E_STATE
486201 | IDLE_STATE

561113|486203 | IDLE_STATE
486204 |
561126| IDLE_STATE
486206 | IDLE_ST
561138|ATE
486207 | IDLE_STATE
4862
561151|09 | IDLE_STATE
486210 | I
562167|487694 | IDLE_STATE

562174|487696 | SLEEP_STATE

565207|489998 | IDLE_STATE

565214|490000 | SLEEP_STATE

567327|492303 | IDLE_STATE

567339|492305 | SLEEP_STATE

570378|494608 | IDLE_STATE

570383|494610 | SLEEP_STATE

572408|496912 | IDLE_STATE

572420|496914 | SLEEP_STATE

574448|499217 | IDLE_STATE

574455|499219 | SLEEP_STATE

577488|501521 | IDLE_STATE

577497|501523 | SLEEP_STATE

579518|503826 | IDLE_STATE

579525|503828 | SLEEP_STATE

582559|506131 | IDLE_STATE

582565|506133 | SLEEP_STATE

584589|508435 | IDLE_STATE

584595|508437 | SLEEP_STATE

587629|510740 | IDLE_STATE

587635|510742 | SLEEP_STATE

589659|513045 | IDLE_STATE

589669|513047 | SLEEP_STATE

592699|515349 | IDLE_STATE

592713|515351 | SLEEP_STATE

594740|517654 | IDLE_STATE

594746|517656 | SLEEP_STATE

597780|519959 | IDLE_STATE

597792|519961 | SLEEP_STATE

599820|522263 | IDLE_STATE

599827|522265 | SLEEP_STATE

602860|524568 | IDLE_STATE

602872|524570 | SLEEP_STATE

604900|526873 | IDLE_STATE

604910|526874 | SLEEP_STATE

606931|529177 | IDLE_STATE

606938|529179 | SLEEP_STATE

609971|531482 | IDLE_STATE

609981|531484 | SLEEP_STATE

612011|533786 | IDLE_STATE

612018|533788 | SLEEP_STATE

615051|536091 | IDLE_STATE

615059|536093 | SLEEP_STATE

617081|538396 | IDLE_STATE

617091|538398 | SLEEP_STATE

619112|540034 | RX_STATE

619121|540038 | IDLE_STATE

619134|540181 | RX_STATE

619145|540186 | IDLE_STATE
540189 |
619160| TX_STATE

619172|540209 | IDLE_STATE
540211 |
619184| IDLE_STATE
540212 | IDLE_ST
619195|ATE
540213 | IDLE_STATE
5402
619205|15 | IDLE_STATE
540216 | IDL
619214|E_STATE
540218 | IDLE_STATE

619224|540219 | IDLE_STATE
540221 |
619235| IDLE_STATE
540222 | IDLE_ST
619245|ATE
540223 | IDLE_STATE
5402
619251|25 | IDLE_STATE
540226 | I
620272|540700 | IDLE_STATE

620280|540702 | SLEEP_STATE

622302|543005 | IDLE_STATE

622308|543007 | SLEEP_STATE

625342|545310 | IDLE_STATE

625363|545312 | SLEEP_STATE

627382|547614 | IDLE_STATE

627388|547616 | SLEEP_STATE

629412|549919 | IDLE_STATE

629420|549921 | SLEEP_STATE

632453|552224 | IDLE_STATE

632459|552226 | SLEEP_STATE

634483|554528 | IDLE_STATE

634490|554530 | SLEEP_STATE

637523|556833 | IDLE_STATE

637534|556835 | SLEEP_STATE

639553|559137 | IDLE_STATE

639562|559139 | SLEEP_STATE

642593|561442 | IDLE_STATE

642603|561444 | SLEEP_STATE

644624|563747 | IDLE_STATE

644631|563749 | SLEEP_STATE

647664|566051 | IDLE_STATE

647673|566053 | SLEEP_STATE

649694|568356 | IDLE_STATE

649701|568358 | SLEEP_STATE

652734|570661 | IDLE_STATE

652741|570663 | SLEEP_STATE

654764|572965 | IDLE_STATE

654775|572967 | SLEEP_STATE

657815|575270 | IDLE_STATE

657822|575272 | SLEEP_STATE

659845|577575 | IDLE_STATE

659851|577577 | SLEEP_STATE

661875|579879 | IDLE_STATE

661886|579881 | SLEEP_STATE

664925|582184 | IDLE_STATE

664931|582186 | SLEEP_STATE

666955|584488 | IDLE_STATE

666967|584490 | SLEEP_STATE

670006|586793 | IDLE_STATE

670014|586795 | SLEEP_STATE

672046|589098 | IDLE_STATE

672059|589100 | SLEEP_STATE

675096|591402 | IDLE_STATE

675103|591404 | SLEEP_STATE

677126|593707 | IDLE_STATE

677134|593709 | SLEEP_STATE

678146|594050 | RX_STATE

678153|594055 | IDLE_STATE

678164|594196 | RX_STATE

678176|594200 | IDLE_STATE
594204 |
678187| TX_STATE

678200|594224 | IDLE_STATE
594225 |
678211| IDLE_STATE
594227 | IDLE_ST
678224|ATE
594228 | IDLE_STATE
5942
678240|30 | IDLE_STATE
594231 | IDL
678255|E_STATE
594232 | IDLE_STATE

678272|594234 | IDLE_STATE
594235 |
678286| IDLE_STATE
594237 | IDLE_ST
678305|ATE
594238 | IDLE_STATE
5942
678326|40 | IDLE_STATE
594241 | I
680357|596012 | IDLE_STATE

680371|596014 | SLEEP_STATE

682397|598316 | IDLE_STATE

682406|598318 | SLEEP_STATE

684427|600621 | IDLE_STATE

684434|600623 | SLEEP_STATE

687467|602926 | IDLE_STATE

687475|602928 | SLEEP_STATE

689497|605230 | IDLE_STATE

689509|605232 | SLEEP_STATE

692537|607535 | IDLE_STATE

692544|607537 | SLEEP_STATE

694568|609839 | IDLE_STATE

694579|609841 | SLEEP_STATE

697618|612144 | IDLE_STATE

697623|612146 | SLEEP_STATE

699648|614449 | IDLE_STATE

699656|614451 | SLEEP_STATE

702688|616753 | IDLE_STATE

702769|616755 | SLEEP_STATE

704809|619058 | IDLE_STATE

704814|619060 | SLEEP_STATE

707849|621363 | IDLE_STATE

707855|621365 | SLEEP_STATE

709879|623667 | IDLE_STATE

709889|623669 | SLEEP_STATE

711909|625972 | IDLE_STATE

711916|625974 | SLEEP_STATE

714949|628277 | IDLE_STATE

714956|628279 | SLEEP_STATE

716979|630581 | IDLE_STATE

716992|630583 | SLEEP_STATE

720030|632886 | IDLE_STATE

720039|632888 | SLEEP_STATE

722070|635191 | IDLE_STATE

722076|635193 | SLEEP_STATE

725110|637495 | IDLE_STATE

725117|637497 | SLEEP_STATE

727140|639800 | IDLE_STATE

727153|639802 | SLEEP_STATE

730191|642104 | IDLE_STATE

730198|642106 | SLEEP_STATE

732221|644409 | IDLE_STATE

732236|644411 | SLEEP_STATE

735271|646714 | IDLE_STATE

735281|646716 | SLEEP_STATE

736301|648063 | RX_STATE

736316|648068 | IDLE_STATE

736332|648217 | TX_STATE

736347|648237 | IDLE_STATE

736367|648239 | IDLE_STATE
648240 |
736381| IDLE_STATE
648242 | IDLE_ST
736392|ATE
648243 | IDLE_STATE
6482
736407|45 | IDLE_STATE
648246 | IDL
736421|E_STATE
648247 | IDLE_STATE

736434|648249 | IDLE_STATE
648250 |
736449| IDLE_STATE
648252 | IDLE_ST
736473|ATE
648253 | IDLE_STATE
6482
736489|55 | IDLE_STATE
648256 | I
737511|649018 | IDLE_STATE

737518|649020 | SLEEP_STATE

739542|651323 | IDLE_STATE

739547|651325 | SLEEP_STATE

742582|653628 | IDLE_STATE

742590|653630 | SLEEP_STATE

744612|655932 | IDLE_STATE

744619|655934 | SLEEP_STATE

747652|658237 | IDLE_STATE

747659|658239 | SLEEP_STATE

749682|660542 | IDLE_STATE

749690|660544 | SLEEP_STATE

752722|662846 | IDLE_STATE

752731|662848 | SLEEP_STATE

754753|665151 | IDLE_STATE

754761|665153 | SLEEP_STATE

757803|667455 | IDLE_STATE

757814|667457 | SLEEP_STATE

759843|669760 | IDLE_STATE

759850|669762 | SLEEP_STATE

762883|672065 | IDLE_STATE

762890|672067 | SLEEP_STATE

764913|674369 | IDLE_STATE

764919|674371 | SLEEP_STATE

766944|676674 | IDLE_STATE

766951|676676 | SLEEP_STATE

769984|678979 | IDLE_STATE

769991|678981 | SLEEP_STATE

772014|681283 | IDLE_STATE

772026|681285 | SLEEP_STATE

775064|683588 | IDLE_STATE

775072|683590 | SLEEP_STATE

777094|685893 | IDLE_STATE

777102|685895 | SLEEP_STATE

780135|688197 | IDLE_STATE

780143|688199 | SLEEP_STATE

782165|690502 | IDLE_STATE

782174|690504 | SLEEP_STATE

785205|692806 | IDLE_STATE

785217|692808 | SLEEP_STATE

787245|695111 | IDLE_STATE

787256|695113 | SLEEP_STATE

790295|697416 | IDLE_STATE

790304|697418 | SLEEP_STATE

792326|699720 | IDLE_STATE

792336|699722 | SLEEP_STATE

795366|702025 | IDLE_STATE

795380|702027 | SLEEP_STATE

795397|702070 | RX_STATE

795414|702075 | IDLE_STATE

795427|702219 | RX_STATE

795441|702223 | IDLE_STATE
702229 |
795453| TX_STATE

795470|702249 | IDLE_STATE

795484|702251 | IDLE_STATE
702252 |
795498| IDLE_STATE
702253 | IDLE_ST
795508|ATE
702255 | IDLE_STATE
7022
795523|56 | IDLE_STATE
702258 | IDL
795537|E_STATE
702259 | IDLE_STATE

795555|702261 | IDLE_STATE
702262 |
795572| IDLE_STATE
702264 | IDLE_ST
795587|ATE
702265 | IDLE_STATE
7022
795602|66 | IDLE_STATE
702268 | I
797636|704330 | IDLE_STATE

797657|704332 | SLEEP_STATE

799696|706634 | IDLE_STATE

799709|706636 | SLEEP_STATE

802746|708939 | IDLE_STATE

802757|708941 | SLEEP_STATE

804777|711244 | IDLE_STATE

804783|711246 | SLEEP_STATE

807817|713548 | IDLE_STATE

807856|713550 | SLEEP_STATE

809877|715853 | IDLE_STATE

809889|715855 | SLEEP_STATE

811917|718158 | IDLE_STATE

811933|718159 | SLEEP_STATE

814967|720462 | IDLE_STATE

814979|720464 | SLEEP_STATE

817008|722767 | IDLE_STATE

817020|722769 | SLEEP_STATE

820048|725071 | IDLE_STATE

820055|725073 | SLEEP_STATE

822078|727376 | IDLE_STATE

822087|727378 | SLEEP_STATE

825118|729681 | IDLE_STATE

825135|729683 | SLEEP_STATE

827158|731985 | IDLE_STATE

827165|731987 | SLEEP_STATE

830199|734290 | IDLE_STATE

830205|734292 | SLEEP_STATE

832229|736595 | IDLE_STATE

832239|736597 | SLEEP_STATE

835269|738899 | IDLE_STATE

835281|738901 | SLEEP_STATE

837309|741204 | IDLE_STATE

837319|741206 | SLEEP_STATE

840359|743509 | IDLE_STATE

840385|743511 | SLEEP_STATE

842410|745813 | IDLE_STATE

842420|745815 | SLEEP_STATE

844450|748118 | IDLE_STATE

844458|748120 | SLEEP_STATE

847490|750422 | IDLE_STATE

847498|750424 | SLEEP_STATE

849520|752727 | IDLE_STATE

849527|752729 | SLEEP_STATE

852560|755032 | IDLE_STATE

852567|755034 | SLEEP_STATE

853580|756084 | RX_STATE

853588|756089 | IDLE_STATE

853598|756242 | RX_STATE

853610|756247 | IDLE_STATE

853618|756254 | TX_STATE

853630|756274 | IDLE_STATE

853637|756276 | IDLE_STATE
756277 |
853645| IDLE_STATE
756279 | IDLE_ST
853654|ATE
756280 | IDLE_STATE
7562
853666|81 | IDLE_STATE
756283 | IDL
853680|E_STATE
756284 | IDLE_STATE

853691|756286 | IDLE_STATE
756287 |
853700| IDLE_STATE
756289 | IDLE_ST
853710|ATE
756290 | IDLE_STATE
7562
853718|92 | IDLE_STATE
756293 | I
854731|757336 | IDLE_STATE

854738|757338 | SLEEP_STATE

857771|759641 | IDLE_STATE

857779|759643 | SLEEP_STATE

859801|761946 | IDLE_STATE

859808|761948 | SLEEP_STATE

862841|764250 | IDLE_STATE

862848|764252 | SLEEP_STATE

864871|766555 | IDLE_STATE

864880|766557 | SLEEP_STATE

866902|768860 | IDLE_STATE

866909|768862 | SLEEP_STATE

869942|771164 | IDLE_STATE

869952|771166 | SLEEP_STATE

871982|773469 | IDLE_STATE

871988|773471 | SLEEP_STATE

875022|775773 | IDLE_STATE

875031|775775 | SLEEP_STATE

877052|778078 | IDLE_STATE

877063|778080 | SLEEP_STATE

880103|780383 | IDLE_STATE

880110|780385 | SLEEP_STATE

882133|782687 | IDLE_STATE

882147|782689 | SLEEP_STATE

885183|784992 | IDLE_STATE

885190|784994 | SLEEP_STATE

887213|787297 | IDLE_STATE

887223|787299 | SLEEP_STATE

890253|789601 | IDLE_STATE

890264|789603 | SLEEP_STATE

892284|791906 | IDLE_STATE

892295|791908 | SLEEP_STATE

895334|794211 | IDLE_STATE

895344|794213 | SLEEP_STATE

897374|796515 | IDLE_STATE

897384|796517 | SLEEP_STATE

899414|798820 | IDLE_STATE

899426|798822 | SLEEP_STATE

902464|801125 | IDLE_STATE

902477|801126 | SLEEP_STATE

904515|803429 | IDLE_STATE

904522|803431 | SLEEP_STATE

907555|805734 | IDLE_STATE

907563|805736 | SLEEP_STATE

909585|808038 | IDLE_STATE

909595|808040 | SLEEP_STATE

912635|810109 | RX_STATE

912641|810114 | IDLE_STATE

912651|810247 | RX_STATE

912663|810252 | IDLE_STATE
810258 |
912671| TX_STATE

912684|810278 | IDLE_STATE

912696|810279 | IDLE_STATE
810281 |
912708| IDLE_STATE
810282 | IDLE_ST
912719|ATE
810284 | IDLE_STATE
8102
912730|85 | IDLE_STATE
810287 | IDL
912741|E_STATE
810288 | IDLE_STATE

912754|810289 | IDLE_STATE
810291 |
912767| IDLE_STATE
810292 | IDLE_ST
912781|ATE
810294 | IDLE_STATE
8102
912792|95 | IDLE_STATE
810297 | I81
912803|0343 | IDLE_STATE
810346 | S
912817|LEEP_STATE

914845|812648 | IDLE_STATE

914856|812650 | SLEEP_STATE

917886|814952 | IDLE_STATE

917894|814954 | SLEEP_STATE

919916|817257 | IDLE_STATE

919928|817259 | SLEEP_STATE

921956|819562 | IDLE_STATE

921966|819564 | SLEEP_STATE

924996|821866 | IDLE_STATE

925003|821868 | SLEEP_STATE

927026|824171 | IDLE_STATE

927033|824173 | SLEEP_STATE

930067|826476 | IDLE_STATE

930074|826478 | SLEEP_STATE

932097|828780 | IDLE_STATE

932108|828782 | SLEEP_STATE

935147|831085 | IDLE_STATE

935167|831087 | SLEEP_STATE

937197|833389 | IDLE_STATE

937208|833391 | SLEEP_STATE

940247|835694 | IDLE_STATE

940253|835696 | SLEEP_STATE

942278|837999 | IDLE_STATE

942287|838001 | SLEEP_STATE

945318|840303 | IDLE_STATE

945329|840305 | SLEEP_STATE

947358|842608 | IDLE_STATE

947366|842610 | SLEEP_STATE

949388|844913 | IDLE_STATE

950398|844915 | SLEEP_STATE

952418|847217 | IDLE_STATE

952429|847219 | SLEEP_STATE

954459|849522 | IDLE_STATE

954467|849524 | SLEEP_STATE

957499|851827 | IDLE_STATE

957510|851829 | SLEEP_STATE

959539|854131 | IDLE_STATE

959549|854133 | SLEEP_STATE

962579|856436 | IDLE_STATE

962588|856438 | SLEEP_STATE

964609|858740 | IDLE_STATE

964619|858742 | SLEEP_STATE

967650|861045 | IDLE_STATE

967659|861047 | SLEEP_STATE

969690|863350 | IDLE_STATE

969707|863352 | SLEEP_STATE

970730|864119 | RX_STATE

970736|864123 | IDLE_STATE

970752|864265 | RX_STATE

970762|864269 | IDLE_STATE

970773|864281 | TX_STATE

970779|864302 | IDLE_STATE

970786|864303 | IDLE_STATE
864305 |
970797| IDLE_STATE
864306 | IDLE_ST
970809|ATE
864307 | IDLE_STATE
8643
970823|09 | IDLE_STATE
864310 | IDL
970831|E_STATE
864312 | IDLE_STATE

970841|864313 | IDLE_STATE
864315 |
970852| IDLE_STATE
864316 | IDLE_ST
970861|ATE
864317 | IDLE_STATE
8643
970871|19 | IDLE_STATE
864320 | I
972890|865654 | IDLE_STATE

972902|865656 | SLEEP_STATE

974930|867959 | IDLE_STATE

974936|867961 | SLEEP_STATE

976960|870264 | IDLE_STATE

976968|870266 | SLEEP_STATE

980001|872568 | IDLE_STATE

980013|872570 | SLEEP_STATE

982041|874873 | IDLE_STATE

982054|874875 | SLEEP_STATE

985091|877178 | IDLE_STATE

985101|877180 | SLEEP_STATE

987121|879482 | IDLE_STATE

987127|879484 | SLEEP_STATE

990161|881787 | IDLE_STATE

990167|881789 | SLEEP_STATE

992192|884092 | IDLE_STATE

992199|884093 | SLEEP_STATE

995234|886396 | IDLE_STATE

995241|886398 | SLEEP_STATE

997272|888701 | IDLE_STATE

997278|888703 | SLEEP_STATE

1000312|891005 | IDLE_STATE

1000324|891007 | SLEEP_STATE

1002353|893310 | IDLE_STATE

1002360|893312 | SLEEP_STATE

1005393|895615 | IDLE_STATE

1005404|895617 | SLEEP_STATE

1007433|897919 | IDLE_STATE

1007440|897921 | SLEEP_STATE

1009463|900224 | IDLE_STATE

1009473|900226 | SLEEP_STATE

1012503|902529 | IDLE_STATE

1012511|902531 | SLEEP_STATE

1014533|904833 | IDLE_STATE

1014543|904835 | SLEEP_STATE

1017574|907138 | IDLE_STATE

1017582|907140 | SLEEP_STATE

1019604|909443 | IDLE_STATE

1019611|909444 | SLEEP_STATE

1022644|911747 | IDLE_STATE

1022655|911749 | SLEEP_STATE

1024674|914052 | IDLE_STATE

1024684|914054 | SLEEP_STATE

1027725|916356 | IDLE_STATE

1027733|916358 | SLEEP_STATE

1029755|918133 | RX_STATE

1029764|918137 | IDLE_STATE

1029779|918278 | RX_STATE

1029788|918283 | IDLE_STATE

1029798|918309 | TX_STATE

1029809|918329 | IDLE_STATE

1029820|918330 | IDLE_STATE
918332 |
1029832| IDLE_STATE
918333 | IDLE_ST
1029843|ATE
918334 | IDLE_STATE
9183
1029857|36 | IDLE_STATE
918337 | IDL
1029867|E_STATE
918339 | IDLE_STATE

1029878|918340 | IDLE_STATE
918342 |
1029887| IDLE_STATE
918343 | IDLE_ST
1029894|ATE
918345 | IDLE_STATE
9183
1029904|46 | IDLE_STATE
918347 | I
1029915|918661 | IDLE_STATE

1029924|918663 | SLEEP_STATE

1031955|920966 | IDLE_STATE

1031964|920968 | SLEEP_STATE

1034999|923270 | IDLE_STATE

1035025|923272 | SLEEP_STATE

1037055|925575 | IDLE_STATE

1037065|925577 | SLEEP_STATE

1040105|927880 | IDLE_STATE

1040113|927882 | SLEEP_STATE

1042136|930184 | IDLE_STATE

1042146|930186 | SLEEP_STATE

1045186|932489 | IDLE_STATE

1045195|932491 | SLEEP_STATE

1047216|934794 | IDLE_STATE

1047224|934796 | SLEEP_STATE

1050256|937098 | IDLE_STATE

1050263|937100 | SLEEP_STATE

1052286|939403 | IDLE_STATE

1052294|939405 | SLEEP_STATE

1055327|941707 | IDLE_STATE

1055336|941709 | SLEEP_STATE

1057357|944012 | IDLE_STATE

1057364|944014 | SLEEP_STATE

1059397|946317 | IDLE_STATE

1059405|946319 | SLEEP_STATE

1062437|948621 | IDLE_STATE

1062447|948623 | SLEEP_STATE

1064478|950926 | IDLE_STATE

1064486|950928 | SLEEP_STATE

1067528|953231 | IDLE_STATE

1067539|953233 | SLEEP_STATE

1069568|955535 | IDLE_STATE

1069577|955537 | SLEEP_STATE

1072608|957840 | IDLE_STATE

1072617|957842 | SLEEP_STATE

1074638|960145 | IDLE_STATE

1074644|960147 | SLEEP_STATE

1077678|962449 | IDLE_STATE

1077686|962451 | SLEEP_STATE

1079709|964754 | IDLE_STATE

1079714|964756 | SLEEP_STATE

1082749|967058 | IDLE_STATE

1082756|967060 | SLEEP_STATE

1084779|969363 | IDLE_STATE

1084789|969365 | SLEEP_STATE

1087819|971668 | IDLE_STATE

1087829|971670 | SLEEP_STATE

1087835|972149 | RX_STATE

1087842|972154 | IDLE_STATE

1087847|972301 | RX_STATE

1087854|972306 | IDLE_STATE

1087859|972316 | TX_STATE

1087866|972336 | IDLE_STATE

1087872|972338 | IDLE_STATE
972339 |
1087878| IDLE_STATE
972340 | IDLE_ST
1087885|ATE
972342 | IDLE_STATE
9723
1087891|43 | IDLE_STATE
972345 | IDL
1087898|E_STATE
972346 | IDLE_STATE

1087905|972348 | IDLE_STATE
972349 |
1087911| IDLE_STATE
972350 | IDLE_ST
1087918|ATE
972352 | IDLE_STATE
9723
1087926|53 | IDLE_STATE
972355 | I
1089950|973972 | IDLE_STATE

1089964|973974 | SLEEP_STATE

1091990|976277 | IDLE_STATE

1091997|976279 | SLEEP_STATE

1095030|978582 | IDLE_STATE

1095039|978584 | SLEEP_STATE

1097070|980886 | IDLE_STATE

1097078|980888 | SLEEP_STATE

1100110|983191 | IDLE_STATE

1100118|983193 | SLEEP_STATE

1102140|985496 | IDLE_STATE

1102150|985498 | SLEEP_STATE

1105181|987800 | IDLE_STATE

1105188|987802 | SLEEP_STATE

1107211|990105 | IDLE_STATE

1107218|990107 | SLEEP_STATE

1110251|992410 | IDLE_STATE

1110260|992411 | SLEEP_STATE

1112291|994714 | IDLE_STATE

1112298|994716 | SLEEP_STATE

1115332|997019 | IDLE_STATE

1115340|997021 | SLEEP_STATE

1117362|999323 | IDLE_STATE

1117370|999325 | SLEEP_STATE

1119392|1001628 | IDLE_STATE

1120402|1001630 | SLEEP_STATE

